[2025-09-25T16:10:52.513+0000] {processor.py:157} INFO - Started process (PID=122) to work on /home/airflow/.local/lib/python3.8/site-packages/airflow/example_dags/example_external_task_marker_dag.py
[2025-09-25T16:10:52.517+0000] {processor.py:829} INFO - Processing file /home/airflow/.local/lib/python3.8/site-packages/airflow/example_dags/example_external_task_marker_dag.py for tasks to queue
[2025-09-25T16:10:52.527+0000] {logging_mixin.py:154} INFO - [2025-09-25T16:10:52.522+0000] {dagbag.py:536} INFO - Filling up the DagBag from /home/airflow/.local/lib/python3.8/site-packages/airflow/example_dags/example_external_task_marker_dag.py
[2025-09-25T16:10:52.551+0000] {processor.py:839} INFO - DAG(s) dict_keys(['example_external_task_marker_parent', 'example_external_task_marker_child']) retrieved from /home/airflow/.local/lib/python3.8/site-packages/airflow/example_dags/example_external_task_marker_dag.py
[2025-09-25T16:10:52.600+0000] {logging_mixin.py:154} INFO - [2025-09-25T16:10:52.600+0000] {dag.py:2941} INFO - Sync 2 DAGs
[2025-09-25T16:10:52.624+0000] {logging_mixin.py:154} INFO - [2025-09-25T16:10:52.623+0000] {dag.py:3722} INFO - Setting next_dagrun for example_external_task_marker_child to None, run_after=None
[2025-09-25T16:10:52.633+0000] {logging_mixin.py:154} INFO - [2025-09-25T16:10:52.632+0000] {dag.py:3722} INFO - Setting next_dagrun for example_external_task_marker_parent to None, run_after=None
[2025-09-25T16:10:52.681+0000] {processor.py:179} INFO - Processing /home/airflow/.local/lib/python3.8/site-packages/airflow/example_dags/example_external_task_marker_dag.py took 0.177 seconds
[2025-09-25T16:11:23.597+0000] {processor.py:157} INFO - Started process (PID=176) to work on /home/airflow/.local/lib/python3.8/site-packages/airflow/example_dags/example_external_task_marker_dag.py
[2025-09-25T16:11:23.601+0000] {processor.py:829} INFO - Processing file /home/airflow/.local/lib/python3.8/site-packages/airflow/example_dags/example_external_task_marker_dag.py for tasks to queue
[2025-09-25T16:11:23.608+0000] {logging_mixin.py:154} INFO - [2025-09-25T16:11:23.607+0000] {dagbag.py:536} INFO - Filling up the DagBag from /home/airflow/.local/lib/python3.8/site-packages/airflow/example_dags/example_external_task_marker_dag.py
[2025-09-25T16:11:23.621+0000] {processor.py:839} INFO - DAG(s) dict_keys(['example_external_task_marker_child', 'example_external_task_marker_parent']) retrieved from /home/airflow/.local/lib/python3.8/site-packages/airflow/example_dags/example_external_task_marker_dag.py
[2025-09-25T16:11:23.677+0000] {logging_mixin.py:154} INFO - [2025-09-25T16:11:23.677+0000] {dag.py:2941} INFO - Sync 2 DAGs
[2025-09-25T16:11:23.702+0000] {logging_mixin.py:154} INFO - [2025-09-25T16:11:23.701+0000] {dag.py:3722} INFO - Setting next_dagrun for example_external_task_marker_child to None, run_after=None
[2025-09-25T16:11:23.708+0000] {logging_mixin.py:154} INFO - [2025-09-25T16:11:23.707+0000] {dag.py:3722} INFO - Setting next_dagrun for example_external_task_marker_parent to None, run_after=None
[2025-09-25T16:11:23.739+0000] {processor.py:179} INFO - Processing /home/airflow/.local/lib/python3.8/site-packages/airflow/example_dags/example_external_task_marker_dag.py took 0.149 seconds
[2025-09-25T16:11:54.711+0000] {processor.py:157} INFO - Started process (PID=230) to work on /home/airflow/.local/lib/python3.8/site-packages/airflow/example_dags/example_external_task_marker_dag.py
[2025-09-25T16:11:54.713+0000] {processor.py:829} INFO - Processing file /home/airflow/.local/lib/python3.8/site-packages/airflow/example_dags/example_external_task_marker_dag.py for tasks to queue
[2025-09-25T16:11:54.717+0000] {logging_mixin.py:154} INFO - [2025-09-25T16:11:54.717+0000] {dagbag.py:536} INFO - Filling up the DagBag from /home/airflow/.local/lib/python3.8/site-packages/airflow/example_dags/example_external_task_marker_dag.py
[2025-09-25T16:11:54.726+0000] {processor.py:839} INFO - DAG(s) dict_keys(['example_external_task_marker_parent', 'example_external_task_marker_child']) retrieved from /home/airflow/.local/lib/python3.8/site-packages/airflow/example_dags/example_external_task_marker_dag.py
[2025-09-25T16:11:54.764+0000] {logging_mixin.py:154} INFO - [2025-09-25T16:11:54.764+0000] {dag.py:2941} INFO - Sync 2 DAGs
[2025-09-25T16:11:54.782+0000] {logging_mixin.py:154} INFO - [2025-09-25T16:11:54.782+0000] {dag.py:3722} INFO - Setting next_dagrun for example_external_task_marker_child to None, run_after=None
[2025-09-25T16:11:54.788+0000] {logging_mixin.py:154} INFO - [2025-09-25T16:11:54.787+0000] {dag.py:3722} INFO - Setting next_dagrun for example_external_task_marker_parent to None, run_after=None
[2025-09-25T16:11:54.811+0000] {processor.py:179} INFO - Processing /home/airflow/.local/lib/python3.8/site-packages/airflow/example_dags/example_external_task_marker_dag.py took 0.106 seconds
[2025-09-25T16:12:24.971+0000] {processor.py:157} INFO - Started process (PID=284) to work on /home/airflow/.local/lib/python3.8/site-packages/airflow/example_dags/example_external_task_marker_dag.py
[2025-09-25T16:12:24.972+0000] {processor.py:829} INFO - Processing file /home/airflow/.local/lib/python3.8/site-packages/airflow/example_dags/example_external_task_marker_dag.py for tasks to queue
[2025-09-25T16:12:24.976+0000] {logging_mixin.py:154} INFO - [2025-09-25T16:12:24.976+0000] {dagbag.py:536} INFO - Filling up the DagBag from /home/airflow/.local/lib/python3.8/site-packages/airflow/example_dags/example_external_task_marker_dag.py
[2025-09-25T16:12:24.984+0000] {processor.py:839} INFO - DAG(s) dict_keys(['example_external_task_marker_parent', 'example_external_task_marker_child']) retrieved from /home/airflow/.local/lib/python3.8/site-packages/airflow/example_dags/example_external_task_marker_dag.py
[2025-09-25T16:12:25.023+0000] {logging_mixin.py:154} INFO - [2025-09-25T16:12:25.023+0000] {dag.py:2941} INFO - Sync 2 DAGs
[2025-09-25T16:12:25.039+0000] {logging_mixin.py:154} INFO - [2025-09-25T16:12:25.039+0000] {dag.py:3722} INFO - Setting next_dagrun for example_external_task_marker_child to None, run_after=None
[2025-09-25T16:12:25.043+0000] {logging_mixin.py:154} INFO - [2025-09-25T16:12:25.043+0000] {dag.py:3722} INFO - Setting next_dagrun for example_external_task_marker_parent to None, run_after=None
[2025-09-25T16:12:25.068+0000] {processor.py:179} INFO - Processing /home/airflow/.local/lib/python3.8/site-packages/airflow/example_dags/example_external_task_marker_dag.py took 0.102 seconds
[2025-09-25T16:12:55.836+0000] {processor.py:157} INFO - Started process (PID=338) to work on /home/airflow/.local/lib/python3.8/site-packages/airflow/example_dags/example_external_task_marker_dag.py
[2025-09-25T16:12:55.837+0000] {processor.py:829} INFO - Processing file /home/airflow/.local/lib/python3.8/site-packages/airflow/example_dags/example_external_task_marker_dag.py for tasks to queue
[2025-09-25T16:12:55.841+0000] {logging_mixin.py:154} INFO - [2025-09-25T16:12:55.841+0000] {dagbag.py:536} INFO - Filling up the DagBag from /home/airflow/.local/lib/python3.8/site-packages/airflow/example_dags/example_external_task_marker_dag.py
[2025-09-25T16:12:55.849+0000] {processor.py:839} INFO - DAG(s) dict_keys(['example_external_task_marker_child', 'example_external_task_marker_parent']) retrieved from /home/airflow/.local/lib/python3.8/site-packages/airflow/example_dags/example_external_task_marker_dag.py
[2025-09-25T16:12:55.880+0000] {logging_mixin.py:154} INFO - [2025-09-25T16:12:55.880+0000] {dag.py:2941} INFO - Sync 2 DAGs
[2025-09-25T16:12:55.896+0000] {logging_mixin.py:154} INFO - [2025-09-25T16:12:55.896+0000] {dag.py:3722} INFO - Setting next_dagrun for example_external_task_marker_child to None, run_after=None
[2025-09-25T16:12:55.900+0000] {logging_mixin.py:154} INFO - [2025-09-25T16:12:55.900+0000] {dag.py:3722} INFO - Setting next_dagrun for example_external_task_marker_parent to None, run_after=None
[2025-09-25T16:12:55.924+0000] {processor.py:179} INFO - Processing /home/airflow/.local/lib/python3.8/site-packages/airflow/example_dags/example_external_task_marker_dag.py took 0.093 seconds
[2025-09-25T16:13:26.500+0000] {processor.py:157} INFO - Started process (PID=392) to work on /home/airflow/.local/lib/python3.8/site-packages/airflow/example_dags/example_external_task_marker_dag.py
[2025-09-25T16:13:26.501+0000] {processor.py:829} INFO - Processing file /home/airflow/.local/lib/python3.8/site-packages/airflow/example_dags/example_external_task_marker_dag.py for tasks to queue
[2025-09-25T16:13:26.505+0000] {logging_mixin.py:154} INFO - [2025-09-25T16:13:26.505+0000] {dagbag.py:536} INFO - Filling up the DagBag from /home/airflow/.local/lib/python3.8/site-packages/airflow/example_dags/example_external_task_marker_dag.py
[2025-09-25T16:13:26.515+0000] {processor.py:839} INFO - DAG(s) dict_keys(['example_external_task_marker_parent', 'example_external_task_marker_child']) retrieved from /home/airflow/.local/lib/python3.8/site-packages/airflow/example_dags/example_external_task_marker_dag.py
[2025-09-25T16:13:26.547+0000] {logging_mixin.py:154} INFO - [2025-09-25T16:13:26.546+0000] {dag.py:2941} INFO - Sync 2 DAGs
[2025-09-25T16:13:26.565+0000] {logging_mixin.py:154} INFO - [2025-09-25T16:13:26.565+0000] {dag.py:3722} INFO - Setting next_dagrun for example_external_task_marker_child to None, run_after=None
[2025-09-25T16:13:26.571+0000] {logging_mixin.py:154} INFO - [2025-09-25T16:13:26.571+0000] {dag.py:3722} INFO - Setting next_dagrun for example_external_task_marker_parent to None, run_after=None
[2025-09-25T16:13:26.597+0000] {processor.py:179} INFO - Processing /home/airflow/.local/lib/python3.8/site-packages/airflow/example_dags/example_external_task_marker_dag.py took 0.102 seconds
[2025-09-25T16:13:57.945+0000] {processor.py:157} INFO - Started process (PID=446) to work on /home/airflow/.local/lib/python3.8/site-packages/airflow/example_dags/example_external_task_marker_dag.py
[2025-09-25T16:13:57.947+0000] {processor.py:829} INFO - Processing file /home/airflow/.local/lib/python3.8/site-packages/airflow/example_dags/example_external_task_marker_dag.py for tasks to queue
[2025-09-25T16:13:57.954+0000] {logging_mixin.py:154} INFO - [2025-09-25T16:13:57.953+0000] {dagbag.py:536} INFO - Filling up the DagBag from /home/airflow/.local/lib/python3.8/site-packages/airflow/example_dags/example_external_task_marker_dag.py
[2025-09-25T16:13:57.966+0000] {processor.py:839} INFO - DAG(s) dict_keys(['example_external_task_marker_child', 'example_external_task_marker_parent']) retrieved from /home/airflow/.local/lib/python3.8/site-packages/airflow/example_dags/example_external_task_marker_dag.py
[2025-09-25T16:13:58.008+0000] {logging_mixin.py:154} INFO - [2025-09-25T16:13:58.008+0000] {dag.py:2941} INFO - Sync 2 DAGs
[2025-09-25T16:13:58.032+0000] {logging_mixin.py:154} INFO - [2025-09-25T16:13:58.031+0000] {dag.py:3722} INFO - Setting next_dagrun for example_external_task_marker_child to None, run_after=None
[2025-09-25T16:13:58.039+0000] {logging_mixin.py:154} INFO - [2025-09-25T16:13:58.039+0000] {dag.py:3722} INFO - Setting next_dagrun for example_external_task_marker_parent to None, run_after=None
[2025-09-25T16:13:58.066+0000] {processor.py:179} INFO - Processing /home/airflow/.local/lib/python3.8/site-packages/airflow/example_dags/example_external_task_marker_dag.py took 0.126 seconds
[2025-09-25T16:14:28.247+0000] {processor.py:157} INFO - Started process (PID=500) to work on /home/airflow/.local/lib/python3.8/site-packages/airflow/example_dags/example_external_task_marker_dag.py
[2025-09-25T16:14:28.250+0000] {processor.py:829} INFO - Processing file /home/airflow/.local/lib/python3.8/site-packages/airflow/example_dags/example_external_task_marker_dag.py for tasks to queue
[2025-09-25T16:14:28.256+0000] {logging_mixin.py:154} INFO - [2025-09-25T16:14:28.256+0000] {dagbag.py:536} INFO - Filling up the DagBag from /home/airflow/.local/lib/python3.8/site-packages/airflow/example_dags/example_external_task_marker_dag.py
[2025-09-25T16:14:28.271+0000] {processor.py:839} INFO - DAG(s) dict_keys(['example_external_task_marker_child', 'example_external_task_marker_parent']) retrieved from /home/airflow/.local/lib/python3.8/site-packages/airflow/example_dags/example_external_task_marker_dag.py
[2025-09-25T16:14:28.320+0000] {logging_mixin.py:154} INFO - [2025-09-25T16:14:28.320+0000] {dag.py:2941} INFO - Sync 2 DAGs
[2025-09-25T16:14:28.337+0000] {logging_mixin.py:154} INFO - [2025-09-25T16:14:28.337+0000] {dag.py:3722} INFO - Setting next_dagrun for example_external_task_marker_child to None, run_after=None
[2025-09-25T16:14:28.342+0000] {logging_mixin.py:154} INFO - [2025-09-25T16:14:28.342+0000] {dag.py:3722} INFO - Setting next_dagrun for example_external_task_marker_parent to None, run_after=None
[2025-09-25T16:14:28.365+0000] {processor.py:179} INFO - Processing /home/airflow/.local/lib/python3.8/site-packages/airflow/example_dags/example_external_task_marker_dag.py took 0.128 seconds
[2025-09-25T16:14:58.806+0000] {processor.py:157} INFO - Started process (PID=554) to work on /home/airflow/.local/lib/python3.8/site-packages/airflow/example_dags/example_external_task_marker_dag.py
[2025-09-25T16:14:58.808+0000] {processor.py:829} INFO - Processing file /home/airflow/.local/lib/python3.8/site-packages/airflow/example_dags/example_external_task_marker_dag.py for tasks to queue
[2025-09-25T16:14:58.812+0000] {logging_mixin.py:154} INFO - [2025-09-25T16:14:58.812+0000] {dagbag.py:536} INFO - Filling up the DagBag from /home/airflow/.local/lib/python3.8/site-packages/airflow/example_dags/example_external_task_marker_dag.py
[2025-09-25T16:14:58.820+0000] {processor.py:839} INFO - DAG(s) dict_keys(['example_external_task_marker_parent', 'example_external_task_marker_child']) retrieved from /home/airflow/.local/lib/python3.8/site-packages/airflow/example_dags/example_external_task_marker_dag.py
[2025-09-25T16:14:58.852+0000] {logging_mixin.py:154} INFO - [2025-09-25T16:14:58.852+0000] {dag.py:2941} INFO - Sync 2 DAGs
[2025-09-25T16:14:58.867+0000] {logging_mixin.py:154} INFO - [2025-09-25T16:14:58.867+0000] {dag.py:3722} INFO - Setting next_dagrun for example_external_task_marker_child to None, run_after=None
[2025-09-25T16:14:58.872+0000] {logging_mixin.py:154} INFO - [2025-09-25T16:14:58.872+0000] {dag.py:3722} INFO - Setting next_dagrun for example_external_task_marker_parent to None, run_after=None
[2025-09-25T16:14:58.897+0000] {processor.py:179} INFO - Processing /home/airflow/.local/lib/python3.8/site-packages/airflow/example_dags/example_external_task_marker_dag.py took 0.096 seconds
[2025-09-25T16:15:29.317+0000] {processor.py:157} INFO - Started process (PID=608) to work on /home/airflow/.local/lib/python3.8/site-packages/airflow/example_dags/example_external_task_marker_dag.py
[2025-09-25T16:15:29.319+0000] {processor.py:829} INFO - Processing file /home/airflow/.local/lib/python3.8/site-packages/airflow/example_dags/example_external_task_marker_dag.py for tasks to queue
[2025-09-25T16:15:29.322+0000] {logging_mixin.py:154} INFO - [2025-09-25T16:15:29.322+0000] {dagbag.py:536} INFO - Filling up the DagBag from /home/airflow/.local/lib/python3.8/site-packages/airflow/example_dags/example_external_task_marker_dag.py
[2025-09-25T16:15:29.330+0000] {processor.py:839} INFO - DAG(s) dict_keys(['example_external_task_marker_parent', 'example_external_task_marker_child']) retrieved from /home/airflow/.local/lib/python3.8/site-packages/airflow/example_dags/example_external_task_marker_dag.py
[2025-09-25T16:15:29.363+0000] {logging_mixin.py:154} INFO - [2025-09-25T16:15:29.363+0000] {dag.py:2941} INFO - Sync 2 DAGs
[2025-09-25T16:15:29.380+0000] {logging_mixin.py:154} INFO - [2025-09-25T16:15:29.380+0000] {dag.py:3722} INFO - Setting next_dagrun for example_external_task_marker_child to None, run_after=None
[2025-09-25T16:15:29.385+0000] {logging_mixin.py:154} INFO - [2025-09-25T16:15:29.384+0000] {dag.py:3722} INFO - Setting next_dagrun for example_external_task_marker_parent to None, run_after=None
[2025-09-25T16:15:29.410+0000] {processor.py:179} INFO - Processing /home/airflow/.local/lib/python3.8/site-packages/airflow/example_dags/example_external_task_marker_dag.py took 0.097 seconds
[2025-09-25T16:16:00.202+0000] {processor.py:157} INFO - Started process (PID=662) to work on /home/airflow/.local/lib/python3.8/site-packages/airflow/example_dags/example_external_task_marker_dag.py
[2025-09-25T16:16:00.204+0000] {processor.py:829} INFO - Processing file /home/airflow/.local/lib/python3.8/site-packages/airflow/example_dags/example_external_task_marker_dag.py for tasks to queue
[2025-09-25T16:16:00.208+0000] {logging_mixin.py:154} INFO - [2025-09-25T16:16:00.208+0000] {dagbag.py:536} INFO - Filling up the DagBag from /home/airflow/.local/lib/python3.8/site-packages/airflow/example_dags/example_external_task_marker_dag.py
[2025-09-25T16:16:00.217+0000] {processor.py:839} INFO - DAG(s) dict_keys(['example_external_task_marker_parent', 'example_external_task_marker_child']) retrieved from /home/airflow/.local/lib/python3.8/site-packages/airflow/example_dags/example_external_task_marker_dag.py
[2025-09-25T16:16:00.262+0000] {logging_mixin.py:154} INFO - [2025-09-25T16:16:00.262+0000] {dag.py:2941} INFO - Sync 2 DAGs
[2025-09-25T16:16:00.280+0000] {logging_mixin.py:154} INFO - [2025-09-25T16:16:00.280+0000] {dag.py:3722} INFO - Setting next_dagrun for example_external_task_marker_child to None, run_after=None
[2025-09-25T16:16:00.286+0000] {logging_mixin.py:154} INFO - [2025-09-25T16:16:00.285+0000] {dag.py:3722} INFO - Setting next_dagrun for example_external_task_marker_parent to None, run_after=None
[2025-09-25T16:16:00.307+0000] {processor.py:179} INFO - Processing /home/airflow/.local/lib/python3.8/site-packages/airflow/example_dags/example_external_task_marker_dag.py took 0.111 seconds
[2025-09-25T16:16:30.396+0000] {processor.py:157} INFO - Started process (PID=716) to work on /home/airflow/.local/lib/python3.8/site-packages/airflow/example_dags/example_external_task_marker_dag.py
[2025-09-25T16:16:30.397+0000] {processor.py:829} INFO - Processing file /home/airflow/.local/lib/python3.8/site-packages/airflow/example_dags/example_external_task_marker_dag.py for tasks to queue
[2025-09-25T16:16:30.401+0000] {logging_mixin.py:154} INFO - [2025-09-25T16:16:30.400+0000] {dagbag.py:536} INFO - Filling up the DagBag from /home/airflow/.local/lib/python3.8/site-packages/airflow/example_dags/example_external_task_marker_dag.py
[2025-09-25T16:16:30.408+0000] {processor.py:839} INFO - DAG(s) dict_keys(['example_external_task_marker_child', 'example_external_task_marker_parent']) retrieved from /home/airflow/.local/lib/python3.8/site-packages/airflow/example_dags/example_external_task_marker_dag.py
[2025-09-25T16:16:30.441+0000] {logging_mixin.py:154} INFO - [2025-09-25T16:16:30.440+0000] {dag.py:2941} INFO - Sync 2 DAGs
[2025-09-25T16:16:30.455+0000] {logging_mixin.py:154} INFO - [2025-09-25T16:16:30.455+0000] {dag.py:3722} INFO - Setting next_dagrun for example_external_task_marker_child to None, run_after=None
[2025-09-25T16:16:30.460+0000] {logging_mixin.py:154} INFO - [2025-09-25T16:16:30.460+0000] {dag.py:3722} INFO - Setting next_dagrun for example_external_task_marker_parent to None, run_after=None
[2025-09-25T16:16:30.483+0000] {processor.py:179} INFO - Processing /home/airflow/.local/lib/python3.8/site-packages/airflow/example_dags/example_external_task_marker_dag.py took 0.091 seconds
[2025-09-25T16:17:01.187+0000] {processor.py:157} INFO - Started process (PID=770) to work on /home/airflow/.local/lib/python3.8/site-packages/airflow/example_dags/example_external_task_marker_dag.py
[2025-09-25T16:17:01.189+0000] {processor.py:829} INFO - Processing file /home/airflow/.local/lib/python3.8/site-packages/airflow/example_dags/example_external_task_marker_dag.py for tasks to queue
[2025-09-25T16:17:01.194+0000] {logging_mixin.py:154} INFO - [2025-09-25T16:17:01.193+0000] {dagbag.py:536} INFO - Filling up the DagBag from /home/airflow/.local/lib/python3.8/site-packages/airflow/example_dags/example_external_task_marker_dag.py
[2025-09-25T16:17:01.205+0000] {processor.py:839} INFO - DAG(s) dict_keys(['example_external_task_marker_child', 'example_external_task_marker_parent']) retrieved from /home/airflow/.local/lib/python3.8/site-packages/airflow/example_dags/example_external_task_marker_dag.py
[2025-09-25T16:17:01.256+0000] {logging_mixin.py:154} INFO - [2025-09-25T16:17:01.256+0000] {dag.py:2941} INFO - Sync 2 DAGs
[2025-09-25T16:17:01.278+0000] {logging_mixin.py:154} INFO - [2025-09-25T16:17:01.277+0000] {dag.py:3722} INFO - Setting next_dagrun for example_external_task_marker_child to None, run_after=None
[2025-09-25T16:17:01.287+0000] {logging_mixin.py:154} INFO - [2025-09-25T16:17:01.287+0000] {dag.py:3722} INFO - Setting next_dagrun for example_external_task_marker_parent to None, run_after=None
[2025-09-25T16:17:01.321+0000] {processor.py:179} INFO - Processing /home/airflow/.local/lib/python3.8/site-packages/airflow/example_dags/example_external_task_marker_dag.py took 0.140 seconds
[2025-09-25T16:17:31.563+0000] {processor.py:157} INFO - Started process (PID=824) to work on /home/airflow/.local/lib/python3.8/site-packages/airflow/example_dags/example_external_task_marker_dag.py
[2025-09-25T16:17:31.565+0000] {processor.py:829} INFO - Processing file /home/airflow/.local/lib/python3.8/site-packages/airflow/example_dags/example_external_task_marker_dag.py for tasks to queue
[2025-09-25T16:17:31.570+0000] {logging_mixin.py:154} INFO - [2025-09-25T16:17:31.570+0000] {dagbag.py:536} INFO - Filling up the DagBag from /home/airflow/.local/lib/python3.8/site-packages/airflow/example_dags/example_external_task_marker_dag.py
[2025-09-25T16:17:31.579+0000] {processor.py:839} INFO - DAG(s) dict_keys(['example_external_task_marker_parent', 'example_external_task_marker_child']) retrieved from /home/airflow/.local/lib/python3.8/site-packages/airflow/example_dags/example_external_task_marker_dag.py
[2025-09-25T16:17:31.614+0000] {logging_mixin.py:154} INFO - [2025-09-25T16:17:31.614+0000] {dag.py:2941} INFO - Sync 2 DAGs
[2025-09-25T16:17:31.635+0000] {logging_mixin.py:154} INFO - [2025-09-25T16:17:31.635+0000] {dag.py:3722} INFO - Setting next_dagrun for example_external_task_marker_child to None, run_after=None
[2025-09-25T16:17:31.643+0000] {logging_mixin.py:154} INFO - [2025-09-25T16:17:31.643+0000] {dag.py:3722} INFO - Setting next_dagrun for example_external_task_marker_parent to None, run_after=None
[2025-09-25T16:17:31.670+0000] {processor.py:179} INFO - Processing /home/airflow/.local/lib/python3.8/site-packages/airflow/example_dags/example_external_task_marker_dag.py took 0.112 seconds
[2025-09-25T16:18:02.446+0000] {processor.py:157} INFO - Started process (PID=878) to work on /home/airflow/.local/lib/python3.8/site-packages/airflow/example_dags/example_external_task_marker_dag.py
[2025-09-25T16:18:02.449+0000] {processor.py:829} INFO - Processing file /home/airflow/.local/lib/python3.8/site-packages/airflow/example_dags/example_external_task_marker_dag.py for tasks to queue
[2025-09-25T16:18:02.453+0000] {logging_mixin.py:154} INFO - [2025-09-25T16:18:02.453+0000] {dagbag.py:536} INFO - Filling up the DagBag from /home/airflow/.local/lib/python3.8/site-packages/airflow/example_dags/example_external_task_marker_dag.py
[2025-09-25T16:18:02.461+0000] {processor.py:839} INFO - DAG(s) dict_keys(['example_external_task_marker_parent', 'example_external_task_marker_child']) retrieved from /home/airflow/.local/lib/python3.8/site-packages/airflow/example_dags/example_external_task_marker_dag.py
[2025-09-25T16:18:02.496+0000] {logging_mixin.py:154} INFO - [2025-09-25T16:18:02.496+0000] {dag.py:2941} INFO - Sync 2 DAGs
[2025-09-25T16:18:02.513+0000] {logging_mixin.py:154} INFO - [2025-09-25T16:18:02.512+0000] {dag.py:3722} INFO - Setting next_dagrun for example_external_task_marker_child to None, run_after=None
[2025-09-25T16:18:02.517+0000] {logging_mixin.py:154} INFO - [2025-09-25T16:18:02.517+0000] {dag.py:3722} INFO - Setting next_dagrun for example_external_task_marker_parent to None, run_after=None
[2025-09-25T16:18:02.540+0000] {processor.py:179} INFO - Processing /home/airflow/.local/lib/python3.8/site-packages/airflow/example_dags/example_external_task_marker_dag.py took 0.099 seconds
