[2025-09-25T16:10:51.028+0000] {processor.py:157} INFO - Started process (PID=111) to work on /home/airflow/.local/lib/python3.8/site-packages/airflow/example_dags/example_time_delta_sensor_async.py
[2025-09-25T16:10:51.033+0000] {processor.py:829} INFO - Processing file /home/airflow/.local/lib/python3.8/site-packages/airflow/example_dags/example_time_delta_sensor_async.py for tasks to queue
[2025-09-25T16:10:51.047+0000] {logging_mixin.py:154} INFO - [2025-09-25T16:10:51.045+0000] {dagbag.py:536} INFO - Filling up the DagBag from /home/airflow/.local/lib/python3.8/site-packages/airflow/example_dags/example_time_delta_sensor_async.py
[2025-09-25T16:10:51.079+0000] {processor.py:839} INFO - DAG(s) dict_keys(['example_time_delta_sensor_async']) retrieved from /home/airflow/.local/lib/python3.8/site-packages/airflow/example_dags/example_time_delta_sensor_async.py
[2025-09-25T16:10:51.166+0000] {logging_mixin.py:154} INFO - [2025-09-25T16:10:51.165+0000] {dag.py:2941} INFO - Sync 1 DAGs
[2025-09-25T16:10:51.203+0000] {logging_mixin.py:154} INFO - [2025-09-25T16:10:51.203+0000] {dag.py:3722} INFO - Setting next_dagrun for example_time_delta_sensor_async to None, run_after=None
[2025-09-25T16:10:51.275+0000] {processor.py:179} INFO - Processing /home/airflow/.local/lib/python3.8/site-packages/airflow/example_dags/example_time_delta_sensor_async.py took 0.253 seconds
[2025-09-25T16:11:21.983+0000] {processor.py:157} INFO - Started process (PID=165) to work on /home/airflow/.local/lib/python3.8/site-packages/airflow/example_dags/example_time_delta_sensor_async.py
[2025-09-25T16:11:21.987+0000] {processor.py:829} INFO - Processing file /home/airflow/.local/lib/python3.8/site-packages/airflow/example_dags/example_time_delta_sensor_async.py for tasks to queue
[2025-09-25T16:11:21.994+0000] {logging_mixin.py:154} INFO - [2025-09-25T16:11:21.994+0000] {dagbag.py:536} INFO - Filling up the DagBag from /home/airflow/.local/lib/python3.8/site-packages/airflow/example_dags/example_time_delta_sensor_async.py
[2025-09-25T16:11:22.006+0000] {processor.py:839} INFO - DAG(s) dict_keys(['example_time_delta_sensor_async']) retrieved from /home/airflow/.local/lib/python3.8/site-packages/airflow/example_dags/example_time_delta_sensor_async.py
[2025-09-25T16:11:22.056+0000] {logging_mixin.py:154} INFO - [2025-09-25T16:11:22.056+0000] {dag.py:2941} INFO - Sync 1 DAGs
[2025-09-25T16:11:22.090+0000] {logging_mixin.py:154} INFO - [2025-09-25T16:11:22.090+0000] {dag.py:3722} INFO - Setting next_dagrun for example_time_delta_sensor_async to None, run_after=None
[2025-09-25T16:11:22.131+0000] {processor.py:179} INFO - Processing /home/airflow/.local/lib/python3.8/site-packages/airflow/example_dags/example_time_delta_sensor_async.py took 0.156 seconds
[2025-09-25T16:11:52.532+0000] {processor.py:157} INFO - Started process (PID=219) to work on /home/airflow/.local/lib/python3.8/site-packages/airflow/example_dags/example_time_delta_sensor_async.py
[2025-09-25T16:11:52.534+0000] {processor.py:829} INFO - Processing file /home/airflow/.local/lib/python3.8/site-packages/airflow/example_dags/example_time_delta_sensor_async.py for tasks to queue
[2025-09-25T16:11:52.537+0000] {logging_mixin.py:154} INFO - [2025-09-25T16:11:52.537+0000] {dagbag.py:536} INFO - Filling up the DagBag from /home/airflow/.local/lib/python3.8/site-packages/airflow/example_dags/example_time_delta_sensor_async.py
[2025-09-25T16:11:52.549+0000] {processor.py:839} INFO - DAG(s) dict_keys(['example_time_delta_sensor_async']) retrieved from /home/airflow/.local/lib/python3.8/site-packages/airflow/example_dags/example_time_delta_sensor_async.py
[2025-09-25T16:11:52.592+0000] {logging_mixin.py:154} INFO - [2025-09-25T16:11:52.592+0000] {dag.py:2941} INFO - Sync 1 DAGs
[2025-09-25T16:11:52.607+0000] {logging_mixin.py:154} INFO - [2025-09-25T16:11:52.607+0000] {dag.py:3722} INFO - Setting next_dagrun for example_time_delta_sensor_async to None, run_after=None
[2025-09-25T16:11:52.641+0000] {processor.py:179} INFO - Processing /home/airflow/.local/lib/python3.8/site-packages/airflow/example_dags/example_time_delta_sensor_async.py took 0.113 seconds
[2025-09-25T16:12:23.228+0000] {processor.py:157} INFO - Started process (PID=273) to work on /home/airflow/.local/lib/python3.8/site-packages/airflow/example_dags/example_time_delta_sensor_async.py
[2025-09-25T16:12:23.229+0000] {processor.py:829} INFO - Processing file /home/airflow/.local/lib/python3.8/site-packages/airflow/example_dags/example_time_delta_sensor_async.py for tasks to queue
[2025-09-25T16:12:23.232+0000] {logging_mixin.py:154} INFO - [2025-09-25T16:12:23.232+0000] {dagbag.py:536} INFO - Filling up the DagBag from /home/airflow/.local/lib/python3.8/site-packages/airflow/example_dags/example_time_delta_sensor_async.py
[2025-09-25T16:12:23.239+0000] {processor.py:839} INFO - DAG(s) dict_keys(['example_time_delta_sensor_async']) retrieved from /home/airflow/.local/lib/python3.8/site-packages/airflow/example_dags/example_time_delta_sensor_async.py
[2025-09-25T16:12:23.273+0000] {logging_mixin.py:154} INFO - [2025-09-25T16:12:23.272+0000] {dag.py:2941} INFO - Sync 1 DAGs
[2025-09-25T16:12:23.288+0000] {logging_mixin.py:154} INFO - [2025-09-25T16:12:23.288+0000] {dag.py:3722} INFO - Setting next_dagrun for example_time_delta_sensor_async to None, run_after=None
[2025-09-25T16:12:23.314+0000] {processor.py:179} INFO - Processing /home/airflow/.local/lib/python3.8/site-packages/airflow/example_dags/example_time_delta_sensor_async.py took 0.092 seconds
[2025-09-25T16:12:54.007+0000] {processor.py:157} INFO - Started process (PID=327) to work on /home/airflow/.local/lib/python3.8/site-packages/airflow/example_dags/example_time_delta_sensor_async.py
[2025-09-25T16:12:54.009+0000] {processor.py:829} INFO - Processing file /home/airflow/.local/lib/python3.8/site-packages/airflow/example_dags/example_time_delta_sensor_async.py for tasks to queue
[2025-09-25T16:12:54.012+0000] {logging_mixin.py:154} INFO - [2025-09-25T16:12:54.012+0000] {dagbag.py:536} INFO - Filling up the DagBag from /home/airflow/.local/lib/python3.8/site-packages/airflow/example_dags/example_time_delta_sensor_async.py
[2025-09-25T16:12:54.018+0000] {processor.py:839} INFO - DAG(s) dict_keys(['example_time_delta_sensor_async']) retrieved from /home/airflow/.local/lib/python3.8/site-packages/airflow/example_dags/example_time_delta_sensor_async.py
[2025-09-25T16:12:54.047+0000] {logging_mixin.py:154} INFO - [2025-09-25T16:12:54.046+0000] {dag.py:2941} INFO - Sync 1 DAGs
[2025-09-25T16:12:54.064+0000] {logging_mixin.py:154} INFO - [2025-09-25T16:12:54.064+0000] {dag.py:3722} INFO - Setting next_dagrun for example_time_delta_sensor_async to None, run_after=None
[2025-09-25T16:12:54.088+0000] {processor.py:179} INFO - Processing /home/airflow/.local/lib/python3.8/site-packages/airflow/example_dags/example_time_delta_sensor_async.py took 0.085 seconds
[2025-09-25T16:13:24.623+0000] {processor.py:157} INFO - Started process (PID=381) to work on /home/airflow/.local/lib/python3.8/site-packages/airflow/example_dags/example_time_delta_sensor_async.py
[2025-09-25T16:13:24.624+0000] {processor.py:829} INFO - Processing file /home/airflow/.local/lib/python3.8/site-packages/airflow/example_dags/example_time_delta_sensor_async.py for tasks to queue
[2025-09-25T16:13:24.628+0000] {logging_mixin.py:154} INFO - [2025-09-25T16:13:24.628+0000] {dagbag.py:536} INFO - Filling up the DagBag from /home/airflow/.local/lib/python3.8/site-packages/airflow/example_dags/example_time_delta_sensor_async.py
[2025-09-25T16:13:24.635+0000] {processor.py:839} INFO - DAG(s) dict_keys(['example_time_delta_sensor_async']) retrieved from /home/airflow/.local/lib/python3.8/site-packages/airflow/example_dags/example_time_delta_sensor_async.py
[2025-09-25T16:13:24.664+0000] {logging_mixin.py:154} INFO - [2025-09-25T16:13:24.664+0000] {dag.py:2941} INFO - Sync 1 DAGs
[2025-09-25T16:13:24.679+0000] {logging_mixin.py:154} INFO - [2025-09-25T16:13:24.679+0000] {dag.py:3722} INFO - Setting next_dagrun for example_time_delta_sensor_async to None, run_after=None
[2025-09-25T16:13:24.706+0000] {processor.py:179} INFO - Processing /home/airflow/.local/lib/python3.8/site-packages/airflow/example_dags/example_time_delta_sensor_async.py took 0.088 seconds
[2025-09-25T16:13:55.640+0000] {processor.py:157} INFO - Started process (PID=435) to work on /home/airflow/.local/lib/python3.8/site-packages/airflow/example_dags/example_time_delta_sensor_async.py
[2025-09-25T16:13:55.641+0000] {processor.py:829} INFO - Processing file /home/airflow/.local/lib/python3.8/site-packages/airflow/example_dags/example_time_delta_sensor_async.py for tasks to queue
[2025-09-25T16:13:55.645+0000] {logging_mixin.py:154} INFO - [2025-09-25T16:13:55.645+0000] {dagbag.py:536} INFO - Filling up the DagBag from /home/airflow/.local/lib/python3.8/site-packages/airflow/example_dags/example_time_delta_sensor_async.py
[2025-09-25T16:13:55.652+0000] {processor.py:839} INFO - DAG(s) dict_keys(['example_time_delta_sensor_async']) retrieved from /home/airflow/.local/lib/python3.8/site-packages/airflow/example_dags/example_time_delta_sensor_async.py
[2025-09-25T16:13:55.684+0000] {logging_mixin.py:154} INFO - [2025-09-25T16:13:55.684+0000] {dag.py:2941} INFO - Sync 1 DAGs
[2025-09-25T16:13:55.701+0000] {logging_mixin.py:154} INFO - [2025-09-25T16:13:55.701+0000] {dag.py:3722} INFO - Setting next_dagrun for example_time_delta_sensor_async to None, run_after=None
[2025-09-25T16:13:55.729+0000] {processor.py:179} INFO - Processing /home/airflow/.local/lib/python3.8/site-packages/airflow/example_dags/example_time_delta_sensor_async.py took 0.094 seconds
[2025-09-25T16:14:25.926+0000] {processor.py:157} INFO - Started process (PID=489) to work on /home/airflow/.local/lib/python3.8/site-packages/airflow/example_dags/example_time_delta_sensor_async.py
[2025-09-25T16:14:25.928+0000] {processor.py:829} INFO - Processing file /home/airflow/.local/lib/python3.8/site-packages/airflow/example_dags/example_time_delta_sensor_async.py for tasks to queue
[2025-09-25T16:14:25.932+0000] {logging_mixin.py:154} INFO - [2025-09-25T16:14:25.931+0000] {dagbag.py:536} INFO - Filling up the DagBag from /home/airflow/.local/lib/python3.8/site-packages/airflow/example_dags/example_time_delta_sensor_async.py
[2025-09-25T16:14:25.941+0000] {processor.py:839} INFO - DAG(s) dict_keys(['example_time_delta_sensor_async']) retrieved from /home/airflow/.local/lib/python3.8/site-packages/airflow/example_dags/example_time_delta_sensor_async.py
[2025-09-25T16:14:25.980+0000] {logging_mixin.py:154} INFO - [2025-09-25T16:14:25.980+0000] {dag.py:2941} INFO - Sync 1 DAGs
[2025-09-25T16:14:25.998+0000] {logging_mixin.py:154} INFO - [2025-09-25T16:14:25.998+0000] {dag.py:3722} INFO - Setting next_dagrun for example_time_delta_sensor_async to None, run_after=None
[2025-09-25T16:14:26.027+0000] {processor.py:179} INFO - Processing /home/airflow/.local/lib/python3.8/site-packages/airflow/example_dags/example_time_delta_sensor_async.py took 0.106 seconds
[2025-09-25T16:14:56.715+0000] {processor.py:157} INFO - Started process (PID=543) to work on /home/airflow/.local/lib/python3.8/site-packages/airflow/example_dags/example_time_delta_sensor_async.py
[2025-09-25T16:14:56.717+0000] {processor.py:829} INFO - Processing file /home/airflow/.local/lib/python3.8/site-packages/airflow/example_dags/example_time_delta_sensor_async.py for tasks to queue
[2025-09-25T16:14:56.720+0000] {logging_mixin.py:154} INFO - [2025-09-25T16:14:56.720+0000] {dagbag.py:536} INFO - Filling up the DagBag from /home/airflow/.local/lib/python3.8/site-packages/airflow/example_dags/example_time_delta_sensor_async.py
[2025-09-25T16:14:56.728+0000] {processor.py:839} INFO - DAG(s) dict_keys(['example_time_delta_sensor_async']) retrieved from /home/airflow/.local/lib/python3.8/site-packages/airflow/example_dags/example_time_delta_sensor_async.py
[2025-09-25T16:14:56.758+0000] {logging_mixin.py:154} INFO - [2025-09-25T16:14:56.758+0000] {dag.py:2941} INFO - Sync 1 DAGs
[2025-09-25T16:14:56.778+0000] {logging_mixin.py:154} INFO - [2025-09-25T16:14:56.778+0000] {dag.py:3722} INFO - Setting next_dagrun for example_time_delta_sensor_async to None, run_after=None
[2025-09-25T16:14:56.806+0000] {processor.py:179} INFO - Processing /home/airflow/.local/lib/python3.8/site-packages/airflow/example_dags/example_time_delta_sensor_async.py took 0.096 seconds
[2025-09-25T16:15:27.374+0000] {processor.py:157} INFO - Started process (PID=597) to work on /home/airflow/.local/lib/python3.8/site-packages/airflow/example_dags/example_time_delta_sensor_async.py
[2025-09-25T16:15:27.376+0000] {processor.py:829} INFO - Processing file /home/airflow/.local/lib/python3.8/site-packages/airflow/example_dags/example_time_delta_sensor_async.py for tasks to queue
[2025-09-25T16:15:27.380+0000] {logging_mixin.py:154} INFO - [2025-09-25T16:15:27.379+0000] {dagbag.py:536} INFO - Filling up the DagBag from /home/airflow/.local/lib/python3.8/site-packages/airflow/example_dags/example_time_delta_sensor_async.py
[2025-09-25T16:15:27.386+0000] {processor.py:839} INFO - DAG(s) dict_keys(['example_time_delta_sensor_async']) retrieved from /home/airflow/.local/lib/python3.8/site-packages/airflow/example_dags/example_time_delta_sensor_async.py
[2025-09-25T16:15:27.412+0000] {logging_mixin.py:154} INFO - [2025-09-25T16:15:27.412+0000] {dag.py:2941} INFO - Sync 1 DAGs
[2025-09-25T16:15:27.426+0000] {logging_mixin.py:154} INFO - [2025-09-25T16:15:27.426+0000] {dag.py:3722} INFO - Setting next_dagrun for example_time_delta_sensor_async to None, run_after=None
[2025-09-25T16:15:27.463+0000] {processor.py:179} INFO - Processing /home/airflow/.local/lib/python3.8/site-packages/airflow/example_dags/example_time_delta_sensor_async.py took 0.093 seconds
[2025-09-25T16:15:58.125+0000] {processor.py:157} INFO - Started process (PID=651) to work on /home/airflow/.local/lib/python3.8/site-packages/airflow/example_dags/example_time_delta_sensor_async.py
[2025-09-25T16:15:58.126+0000] {processor.py:829} INFO - Processing file /home/airflow/.local/lib/python3.8/site-packages/airflow/example_dags/example_time_delta_sensor_async.py for tasks to queue
[2025-09-25T16:15:58.130+0000] {logging_mixin.py:154} INFO - [2025-09-25T16:15:58.130+0000] {dagbag.py:536} INFO - Filling up the DagBag from /home/airflow/.local/lib/python3.8/site-packages/airflow/example_dags/example_time_delta_sensor_async.py
[2025-09-25T16:15:58.138+0000] {processor.py:839} INFO - DAG(s) dict_keys(['example_time_delta_sensor_async']) retrieved from /home/airflow/.local/lib/python3.8/site-packages/airflow/example_dags/example_time_delta_sensor_async.py
[2025-09-25T16:15:58.168+0000] {logging_mixin.py:154} INFO - [2025-09-25T16:15:58.168+0000] {dag.py:2941} INFO - Sync 1 DAGs
[2025-09-25T16:15:58.193+0000] {logging_mixin.py:154} INFO - [2025-09-25T16:15:58.193+0000] {dag.py:3722} INFO - Setting next_dagrun for example_time_delta_sensor_async to None, run_after=None
[2025-09-25T16:15:58.223+0000] {processor.py:179} INFO - Processing /home/airflow/.local/lib/python3.8/site-packages/airflow/example_dags/example_time_delta_sensor_async.py took 0.104 seconds
[2025-09-25T16:16:28.302+0000] {processor.py:157} INFO - Started process (PID=705) to work on /home/airflow/.local/lib/python3.8/site-packages/airflow/example_dags/example_time_delta_sensor_async.py
[2025-09-25T16:16:28.304+0000] {processor.py:829} INFO - Processing file /home/airflow/.local/lib/python3.8/site-packages/airflow/example_dags/example_time_delta_sensor_async.py for tasks to queue
[2025-09-25T16:16:28.309+0000] {logging_mixin.py:154} INFO - [2025-09-25T16:16:28.308+0000] {dagbag.py:536} INFO - Filling up the DagBag from /home/airflow/.local/lib/python3.8/site-packages/airflow/example_dags/example_time_delta_sensor_async.py
[2025-09-25T16:16:28.321+0000] {processor.py:839} INFO - DAG(s) dict_keys(['example_time_delta_sensor_async']) retrieved from /home/airflow/.local/lib/python3.8/site-packages/airflow/example_dags/example_time_delta_sensor_async.py
[2025-09-25T16:16:28.366+0000] {logging_mixin.py:154} INFO - [2025-09-25T16:16:28.366+0000] {dag.py:2941} INFO - Sync 1 DAGs
[2025-09-25T16:16:28.382+0000] {logging_mixin.py:154} INFO - [2025-09-25T16:16:28.382+0000] {dag.py:3722} INFO - Setting next_dagrun for example_time_delta_sensor_async to None, run_after=None
[2025-09-25T16:16:28.409+0000] {processor.py:179} INFO - Processing /home/airflow/.local/lib/python3.8/site-packages/airflow/example_dags/example_time_delta_sensor_async.py took 0.113 seconds
[2025-09-25T16:16:59.149+0000] {processor.py:157} INFO - Started process (PID=759) to work on /home/airflow/.local/lib/python3.8/site-packages/airflow/example_dags/example_time_delta_sensor_async.py
[2025-09-25T16:16:59.150+0000] {processor.py:829} INFO - Processing file /home/airflow/.local/lib/python3.8/site-packages/airflow/example_dags/example_time_delta_sensor_async.py for tasks to queue
[2025-09-25T16:16:59.154+0000] {logging_mixin.py:154} INFO - [2025-09-25T16:16:59.153+0000] {dagbag.py:536} INFO - Filling up the DagBag from /home/airflow/.local/lib/python3.8/site-packages/airflow/example_dags/example_time_delta_sensor_async.py
[2025-09-25T16:16:59.160+0000] {processor.py:839} INFO - DAG(s) dict_keys(['example_time_delta_sensor_async']) retrieved from /home/airflow/.local/lib/python3.8/site-packages/airflow/example_dags/example_time_delta_sensor_async.py
[2025-09-25T16:16:59.188+0000] {logging_mixin.py:154} INFO - [2025-09-25T16:16:59.188+0000] {dag.py:2941} INFO - Sync 1 DAGs
[2025-09-25T16:16:59.203+0000] {logging_mixin.py:154} INFO - [2025-09-25T16:16:59.203+0000] {dag.py:3722} INFO - Setting next_dagrun for example_time_delta_sensor_async to None, run_after=None
[2025-09-25T16:16:59.237+0000] {processor.py:179} INFO - Processing /home/airflow/.local/lib/python3.8/site-packages/airflow/example_dags/example_time_delta_sensor_async.py took 0.093 seconds
[2025-09-25T16:17:29.358+0000] {processor.py:157} INFO - Started process (PID=813) to work on /home/airflow/.local/lib/python3.8/site-packages/airflow/example_dags/example_time_delta_sensor_async.py
[2025-09-25T16:17:29.360+0000] {processor.py:829} INFO - Processing file /home/airflow/.local/lib/python3.8/site-packages/airflow/example_dags/example_time_delta_sensor_async.py for tasks to queue
[2025-09-25T16:17:29.364+0000] {logging_mixin.py:154} INFO - [2025-09-25T16:17:29.363+0000] {dagbag.py:536} INFO - Filling up the DagBag from /home/airflow/.local/lib/python3.8/site-packages/airflow/example_dags/example_time_delta_sensor_async.py
[2025-09-25T16:17:29.370+0000] {processor.py:839} INFO - DAG(s) dict_keys(['example_time_delta_sensor_async']) retrieved from /home/airflow/.local/lib/python3.8/site-packages/airflow/example_dags/example_time_delta_sensor_async.py
[2025-09-25T16:17:29.400+0000] {logging_mixin.py:154} INFO - [2025-09-25T16:17:29.399+0000] {dag.py:2941} INFO - Sync 1 DAGs
[2025-09-25T16:17:29.415+0000] {logging_mixin.py:154} INFO - [2025-09-25T16:17:29.415+0000] {dag.py:3722} INFO - Setting next_dagrun for example_time_delta_sensor_async to None, run_after=None
[2025-09-25T16:17:29.442+0000] {processor.py:179} INFO - Processing /home/airflow/.local/lib/python3.8/site-packages/airflow/example_dags/example_time_delta_sensor_async.py took 0.089 seconds
[2025-09-25T16:18:00.120+0000] {processor.py:157} INFO - Started process (PID=867) to work on /home/airflow/.local/lib/python3.8/site-packages/airflow/example_dags/example_time_delta_sensor_async.py
[2025-09-25T16:18:00.122+0000] {processor.py:829} INFO - Processing file /home/airflow/.local/lib/python3.8/site-packages/airflow/example_dags/example_time_delta_sensor_async.py for tasks to queue
[2025-09-25T16:18:00.126+0000] {logging_mixin.py:154} INFO - [2025-09-25T16:18:00.125+0000] {dagbag.py:536} INFO - Filling up the DagBag from /home/airflow/.local/lib/python3.8/site-packages/airflow/example_dags/example_time_delta_sensor_async.py
[2025-09-25T16:18:00.133+0000] {processor.py:839} INFO - DAG(s) dict_keys(['example_time_delta_sensor_async']) retrieved from /home/airflow/.local/lib/python3.8/site-packages/airflow/example_dags/example_time_delta_sensor_async.py
[2025-09-25T16:18:00.168+0000] {logging_mixin.py:154} INFO - [2025-09-25T16:18:00.167+0000] {dag.py:2941} INFO - Sync 1 DAGs
[2025-09-25T16:18:00.187+0000] {logging_mixin.py:154} INFO - [2025-09-25T16:18:00.186+0000] {dag.py:3722} INFO - Setting next_dagrun for example_time_delta_sensor_async to None, run_after=None
[2025-09-25T16:18:00.243+0000] {processor.py:179} INFO - Processing /home/airflow/.local/lib/python3.8/site-packages/airflow/example_dags/example_time_delta_sensor_async.py took 0.129 seconds
