[2025-09-25T16:10:52.253+0000] {processor.py:157} INFO - Started process (PID=119) to work on /home/airflow/.local/lib/python3.8/site-packages/airflow/example_dags/example_latest_only_with_trigger.py
[2025-09-25T16:10:52.255+0000] {processor.py:829} INFO - Processing file /home/airflow/.local/lib/python3.8/site-packages/airflow/example_dags/example_latest_only_with_trigger.py for tasks to queue
[2025-09-25T16:10:52.260+0000] {logging_mixin.py:154} INFO - [2025-09-25T16:10:52.260+0000] {dagbag.py:536} INFO - Filling up the DagBag from /home/airflow/.local/lib/python3.8/site-packages/airflow/example_dags/example_latest_only_with_trigger.py
[2025-09-25T16:10:52.278+0000] {processor.py:839} INFO - DAG(s) dict_keys(['latest_only_with_trigger']) retrieved from /home/airflow/.local/lib/python3.8/site-packages/airflow/example_dags/example_latest_only_with_trigger.py
[2025-09-25T16:10:52.316+0000] {logging_mixin.py:154} INFO - [2025-09-25T16:10:52.316+0000] {dag.py:2941} INFO - Sync 1 DAGs
[2025-09-25T16:10:52.350+0000] {logging_mixin.py:154} INFO - [2025-09-25T16:10:52.349+0000] {dag.py:3722} INFO - Setting next_dagrun for latest_only_with_trigger to 2025-09-25T12:10:52.349538+00:00, run_after=2025-09-25T16:10:52.349538+00:00
[2025-09-25T16:10:52.379+0000] {processor.py:179} INFO - Processing /home/airflow/.local/lib/python3.8/site-packages/airflow/example_dags/example_latest_only_with_trigger.py took 0.133 seconds
[2025-09-25T16:11:23.170+0000] {processor.py:157} INFO - Started process (PID=173) to work on /home/airflow/.local/lib/python3.8/site-packages/airflow/example_dags/example_latest_only_with_trigger.py
[2025-09-25T16:11:23.173+0000] {processor.py:829} INFO - Processing file /home/airflow/.local/lib/python3.8/site-packages/airflow/example_dags/example_latest_only_with_trigger.py for tasks to queue
[2025-09-25T16:11:23.178+0000] {logging_mixin.py:154} INFO - [2025-09-25T16:11:23.178+0000] {dagbag.py:536} INFO - Filling up the DagBag from /home/airflow/.local/lib/python3.8/site-packages/airflow/example_dags/example_latest_only_with_trigger.py
[2025-09-25T16:11:23.192+0000] {processor.py:839} INFO - DAG(s) dict_keys(['latest_only_with_trigger']) retrieved from /home/airflow/.local/lib/python3.8/site-packages/airflow/example_dags/example_latest_only_with_trigger.py
[2025-09-25T16:11:23.245+0000] {logging_mixin.py:154} INFO - [2025-09-25T16:11:23.244+0000] {dag.py:2941} INFO - Sync 1 DAGs
[2025-09-25T16:11:23.296+0000] {logging_mixin.py:154} INFO - [2025-09-25T16:11:23.295+0000] {dag.py:3722} INFO - Setting next_dagrun for latest_only_with_trigger to 2025-09-25T12:11:23.295287+00:00, run_after=2025-09-25T16:11:23.295287+00:00
[2025-09-25T16:11:23.344+0000] {processor.py:179} INFO - Processing /home/airflow/.local/lib/python3.8/site-packages/airflow/example_dags/example_latest_only_with_trigger.py took 0.181 seconds
[2025-09-25T16:11:54.390+0000] {processor.py:157} INFO - Started process (PID=227) to work on /home/airflow/.local/lib/python3.8/site-packages/airflow/example_dags/example_latest_only_with_trigger.py
[2025-09-25T16:11:54.391+0000] {processor.py:829} INFO - Processing file /home/airflow/.local/lib/python3.8/site-packages/airflow/example_dags/example_latest_only_with_trigger.py for tasks to queue
[2025-09-25T16:11:54.395+0000] {logging_mixin.py:154} INFO - [2025-09-25T16:11:54.395+0000] {dagbag.py:536} INFO - Filling up the DagBag from /home/airflow/.local/lib/python3.8/site-packages/airflow/example_dags/example_latest_only_with_trigger.py
[2025-09-25T16:11:54.403+0000] {processor.py:839} INFO - DAG(s) dict_keys(['latest_only_with_trigger']) retrieved from /home/airflow/.local/lib/python3.8/site-packages/airflow/example_dags/example_latest_only_with_trigger.py
[2025-09-25T16:11:54.437+0000] {logging_mixin.py:154} INFO - [2025-09-25T16:11:54.437+0000] {dag.py:2941} INFO - Sync 1 DAGs
[2025-09-25T16:11:54.464+0000] {logging_mixin.py:154} INFO - [2025-09-25T16:11:54.464+0000] {dag.py:3722} INFO - Setting next_dagrun for latest_only_with_trigger to 2025-09-25T12:11:54.463754+00:00, run_after=2025-09-25T16:11:54.463754+00:00
[2025-09-25T16:11:54.489+0000] {processor.py:179} INFO - Processing /home/airflow/.local/lib/python3.8/site-packages/airflow/example_dags/example_latest_only_with_trigger.py took 0.104 seconds
[2025-09-25T16:12:24.733+0000] {processor.py:157} INFO - Started process (PID=281) to work on /home/airflow/.local/lib/python3.8/site-packages/airflow/example_dags/example_latest_only_with_trigger.py
[2025-09-25T16:12:24.734+0000] {processor.py:829} INFO - Processing file /home/airflow/.local/lib/python3.8/site-packages/airflow/example_dags/example_latest_only_with_trigger.py for tasks to queue
[2025-09-25T16:12:24.738+0000] {logging_mixin.py:154} INFO - [2025-09-25T16:12:24.738+0000] {dagbag.py:536} INFO - Filling up the DagBag from /home/airflow/.local/lib/python3.8/site-packages/airflow/example_dags/example_latest_only_with_trigger.py
[2025-09-25T16:12:24.746+0000] {processor.py:839} INFO - DAG(s) dict_keys(['latest_only_with_trigger']) retrieved from /home/airflow/.local/lib/python3.8/site-packages/airflow/example_dags/example_latest_only_with_trigger.py
[2025-09-25T16:12:24.775+0000] {logging_mixin.py:154} INFO - [2025-09-25T16:12:24.775+0000] {dag.py:2941} INFO - Sync 1 DAGs
[2025-09-25T16:12:24.801+0000] {logging_mixin.py:154} INFO - [2025-09-25T16:12:24.801+0000] {dag.py:3722} INFO - Setting next_dagrun for latest_only_with_trigger to 2025-09-25T12:12:24.801062+00:00, run_after=2025-09-25T16:12:24.801062+00:00
[2025-09-25T16:12:24.828+0000] {processor.py:179} INFO - Processing /home/airflow/.local/lib/python3.8/site-packages/airflow/example_dags/example_latest_only_with_trigger.py took 0.099 seconds
[2025-09-25T16:12:55.607+0000] {processor.py:157} INFO - Started process (PID=335) to work on /home/airflow/.local/lib/python3.8/site-packages/airflow/example_dags/example_latest_only_with_trigger.py
[2025-09-25T16:12:55.608+0000] {processor.py:829} INFO - Processing file /home/airflow/.local/lib/python3.8/site-packages/airflow/example_dags/example_latest_only_with_trigger.py for tasks to queue
[2025-09-25T16:12:55.613+0000] {logging_mixin.py:154} INFO - [2025-09-25T16:12:55.612+0000] {dagbag.py:536} INFO - Filling up the DagBag from /home/airflow/.local/lib/python3.8/site-packages/airflow/example_dags/example_latest_only_with_trigger.py
[2025-09-25T16:12:55.620+0000] {processor.py:839} INFO - DAG(s) dict_keys(['latest_only_with_trigger']) retrieved from /home/airflow/.local/lib/python3.8/site-packages/airflow/example_dags/example_latest_only_with_trigger.py
[2025-09-25T16:12:55.648+0000] {logging_mixin.py:154} INFO - [2025-09-25T16:12:55.648+0000] {dag.py:2941} INFO - Sync 1 DAGs
[2025-09-25T16:12:55.673+0000] {logging_mixin.py:154} INFO - [2025-09-25T16:12:55.672+0000] {dag.py:3722} INFO - Setting next_dagrun for latest_only_with_trigger to 2025-09-25T12:12:55.672412+00:00, run_after=2025-09-25T16:12:55.672412+00:00
[2025-09-25T16:12:55.698+0000] {processor.py:179} INFO - Processing /home/airflow/.local/lib/python3.8/site-packages/airflow/example_dags/example_latest_only_with_trigger.py took 0.096 seconds
[2025-09-25T16:13:26.357+0000] {processor.py:157} INFO - Started process (PID=389) to work on /home/airflow/.local/lib/python3.8/site-packages/airflow/example_dags/example_latest_only_with_trigger.py
[2025-09-25T16:13:26.359+0000] {processor.py:829} INFO - Processing file /home/airflow/.local/lib/python3.8/site-packages/airflow/example_dags/example_latest_only_with_trigger.py for tasks to queue
[2025-09-25T16:13:26.364+0000] {logging_mixin.py:154} INFO - [2025-09-25T16:13:26.363+0000] {dagbag.py:536} INFO - Filling up the DagBag from /home/airflow/.local/lib/python3.8/site-packages/airflow/example_dags/example_latest_only_with_trigger.py
[2025-09-25T16:13:26.373+0000] {processor.py:839} INFO - DAG(s) dict_keys(['latest_only_with_trigger']) retrieved from /home/airflow/.local/lib/python3.8/site-packages/airflow/example_dags/example_latest_only_with_trigger.py
[2025-09-25T16:13:26.401+0000] {logging_mixin.py:154} INFO - [2025-09-25T16:13:26.401+0000] {dag.py:2941} INFO - Sync 1 DAGs
[2025-09-25T16:13:26.428+0000] {logging_mixin.py:154} INFO - [2025-09-25T16:13:26.427+0000] {dag.py:3722} INFO - Setting next_dagrun for latest_only_with_trigger to 2025-09-25T12:13:26.427550+00:00, run_after=2025-09-25T16:13:26.427550+00:00
[2025-09-25T16:13:26.453+0000] {processor.py:179} INFO - Processing /home/airflow/.local/lib/python3.8/site-packages/airflow/example_dags/example_latest_only_with_trigger.py took 0.102 seconds
[2025-09-25T16:13:57.414+0000] {processor.py:157} INFO - Started process (PID=443) to work on /home/airflow/.local/lib/python3.8/site-packages/airflow/example_dags/example_latest_only_with_trigger.py
[2025-09-25T16:13:57.415+0000] {processor.py:829} INFO - Processing file /home/airflow/.local/lib/python3.8/site-packages/airflow/example_dags/example_latest_only_with_trigger.py for tasks to queue
[2025-09-25T16:13:57.421+0000] {logging_mixin.py:154} INFO - [2025-09-25T16:13:57.420+0000] {dagbag.py:536} INFO - Filling up the DagBag from /home/airflow/.local/lib/python3.8/site-packages/airflow/example_dags/example_latest_only_with_trigger.py
[2025-09-25T16:13:57.431+0000] {processor.py:839} INFO - DAG(s) dict_keys(['latest_only_with_trigger']) retrieved from /home/airflow/.local/lib/python3.8/site-packages/airflow/example_dags/example_latest_only_with_trigger.py
[2025-09-25T16:13:57.461+0000] {logging_mixin.py:154} INFO - [2025-09-25T16:13:57.461+0000] {dag.py:2941} INFO - Sync 1 DAGs
[2025-09-25T16:13:57.487+0000] {logging_mixin.py:154} INFO - [2025-09-25T16:13:57.487+0000] {dag.py:3722} INFO - Setting next_dagrun for latest_only_with_trigger to 2025-09-25T12:13:57.487426+00:00, run_after=2025-09-25T16:13:57.487426+00:00
[2025-09-25T16:13:57.513+0000] {processor.py:179} INFO - Processing /home/airflow/.local/lib/python3.8/site-packages/airflow/example_dags/example_latest_only_with_trigger.py took 0.104 seconds
[2025-09-25T16:14:27.626+0000] {processor.py:157} INFO - Started process (PID=497) to work on /home/airflow/.local/lib/python3.8/site-packages/airflow/example_dags/example_latest_only_with_trigger.py
[2025-09-25T16:14:27.631+0000] {processor.py:829} INFO - Processing file /home/airflow/.local/lib/python3.8/site-packages/airflow/example_dags/example_latest_only_with_trigger.py for tasks to queue
[2025-09-25T16:14:27.645+0000] {logging_mixin.py:154} INFO - [2025-09-25T16:14:27.645+0000] {dagbag.py:536} INFO - Filling up the DagBag from /home/airflow/.local/lib/python3.8/site-packages/airflow/example_dags/example_latest_only_with_trigger.py
[2025-09-25T16:14:27.666+0000] {processor.py:839} INFO - DAG(s) dict_keys(['latest_only_with_trigger']) retrieved from /home/airflow/.local/lib/python3.8/site-packages/airflow/example_dags/example_latest_only_with_trigger.py
[2025-09-25T16:14:27.782+0000] {logging_mixin.py:154} INFO - [2025-09-25T16:14:27.782+0000] {dag.py:2941} INFO - Sync 1 DAGs
[2025-09-25T16:14:27.883+0000] {logging_mixin.py:154} INFO - [2025-09-25T16:14:27.883+0000] {dag.py:3722} INFO - Setting next_dagrun for latest_only_with_trigger to 2025-09-25T12:14:27.882405+00:00, run_after=2025-09-25T16:14:27.882405+00:00
[2025-09-25T16:14:27.953+0000] {processor.py:179} INFO - Processing /home/airflow/.local/lib/python3.8/site-packages/airflow/example_dags/example_latest_only_with_trigger.py took 0.335 seconds
[2025-09-25T16:14:58.527+0000] {processor.py:157} INFO - Started process (PID=551) to work on /home/airflow/.local/lib/python3.8/site-packages/airflow/example_dags/example_latest_only_with_trigger.py
[2025-09-25T16:14:58.528+0000] {processor.py:829} INFO - Processing file /home/airflow/.local/lib/python3.8/site-packages/airflow/example_dags/example_latest_only_with_trigger.py for tasks to queue
[2025-09-25T16:14:58.533+0000] {logging_mixin.py:154} INFO - [2025-09-25T16:14:58.533+0000] {dagbag.py:536} INFO - Filling up the DagBag from /home/airflow/.local/lib/python3.8/site-packages/airflow/example_dags/example_latest_only_with_trigger.py
[2025-09-25T16:14:58.541+0000] {processor.py:839} INFO - DAG(s) dict_keys(['latest_only_with_trigger']) retrieved from /home/airflow/.local/lib/python3.8/site-packages/airflow/example_dags/example_latest_only_with_trigger.py
[2025-09-25T16:14:58.570+0000] {logging_mixin.py:154} INFO - [2025-09-25T16:14:58.570+0000] {dag.py:2941} INFO - Sync 1 DAGs
[2025-09-25T16:14:58.596+0000] {logging_mixin.py:154} INFO - [2025-09-25T16:14:58.595+0000] {dag.py:3722} INFO - Setting next_dagrun for latest_only_with_trigger to 2025-09-25T12:14:58.595489+00:00, run_after=2025-09-25T16:14:58.595489+00:00
[2025-09-25T16:14:58.622+0000] {processor.py:179} INFO - Processing /home/airflow/.local/lib/python3.8/site-packages/airflow/example_dags/example_latest_only_with_trigger.py took 0.100 seconds
[2025-09-25T16:15:29.085+0000] {processor.py:157} INFO - Started process (PID=605) to work on /home/airflow/.local/lib/python3.8/site-packages/airflow/example_dags/example_latest_only_with_trigger.py
[2025-09-25T16:15:29.086+0000] {processor.py:829} INFO - Processing file /home/airflow/.local/lib/python3.8/site-packages/airflow/example_dags/example_latest_only_with_trigger.py for tasks to queue
[2025-09-25T16:15:29.090+0000] {logging_mixin.py:154} INFO - [2025-09-25T16:15:29.089+0000] {dagbag.py:536} INFO - Filling up the DagBag from /home/airflow/.local/lib/python3.8/site-packages/airflow/example_dags/example_latest_only_with_trigger.py
[2025-09-25T16:15:29.097+0000] {processor.py:839} INFO - DAG(s) dict_keys(['latest_only_with_trigger']) retrieved from /home/airflow/.local/lib/python3.8/site-packages/airflow/example_dags/example_latest_only_with_trigger.py
[2025-09-25T16:15:29.127+0000] {logging_mixin.py:154} INFO - [2025-09-25T16:15:29.126+0000] {dag.py:2941} INFO - Sync 1 DAGs
[2025-09-25T16:15:29.152+0000] {logging_mixin.py:154} INFO - [2025-09-25T16:15:29.152+0000] {dag.py:3722} INFO - Setting next_dagrun for latest_only_with_trigger to 2025-09-25T12:15:29.152443+00:00, run_after=2025-09-25T16:15:29.152443+00:00
[2025-09-25T16:15:29.177+0000] {processor.py:179} INFO - Processing /home/airflow/.local/lib/python3.8/site-packages/airflow/example_dags/example_latest_only_with_trigger.py took 0.097 seconds
[2025-09-25T16:15:59.890+0000] {processor.py:157} INFO - Started process (PID=659) to work on /home/airflow/.local/lib/python3.8/site-packages/airflow/example_dags/example_latest_only_with_trigger.py
[2025-09-25T16:15:59.892+0000] {processor.py:829} INFO - Processing file /home/airflow/.local/lib/python3.8/site-packages/airflow/example_dags/example_latest_only_with_trigger.py for tasks to queue
[2025-09-25T16:15:59.896+0000] {logging_mixin.py:154} INFO - [2025-09-25T16:15:59.895+0000] {dagbag.py:536} INFO - Filling up the DagBag from /home/airflow/.local/lib/python3.8/site-packages/airflow/example_dags/example_latest_only_with_trigger.py
[2025-09-25T16:15:59.902+0000] {processor.py:839} INFO - DAG(s) dict_keys(['latest_only_with_trigger']) retrieved from /home/airflow/.local/lib/python3.8/site-packages/airflow/example_dags/example_latest_only_with_trigger.py
[2025-09-25T16:15:59.932+0000] {logging_mixin.py:154} INFO - [2025-09-25T16:15:59.932+0000] {dag.py:2941} INFO - Sync 1 DAGs
[2025-09-25T16:15:59.955+0000] {logging_mixin.py:154} INFO - [2025-09-25T16:15:59.955+0000] {dag.py:3722} INFO - Setting next_dagrun for latest_only_with_trigger to 2025-09-25T12:15:59.955346+00:00, run_after=2025-09-25T16:15:59.955346+00:00
[2025-09-25T16:15:59.979+0000] {processor.py:179} INFO - Processing /home/airflow/.local/lib/python3.8/site-packages/airflow/example_dags/example_latest_only_with_trigger.py took 0.093 seconds
[2025-09-25T16:16:30.086+0000] {processor.py:157} INFO - Started process (PID=713) to work on /home/airflow/.local/lib/python3.8/site-packages/airflow/example_dags/example_latest_only_with_trigger.py
[2025-09-25T16:16:30.088+0000] {processor.py:829} INFO - Processing file /home/airflow/.local/lib/python3.8/site-packages/airflow/example_dags/example_latest_only_with_trigger.py for tasks to queue
[2025-09-25T16:16:30.092+0000] {logging_mixin.py:154} INFO - [2025-09-25T16:16:30.091+0000] {dagbag.py:536} INFO - Filling up the DagBag from /home/airflow/.local/lib/python3.8/site-packages/airflow/example_dags/example_latest_only_with_trigger.py
[2025-09-25T16:16:30.099+0000] {processor.py:839} INFO - DAG(s) dict_keys(['latest_only_with_trigger']) retrieved from /home/airflow/.local/lib/python3.8/site-packages/airflow/example_dags/example_latest_only_with_trigger.py
[2025-09-25T16:16:30.127+0000] {logging_mixin.py:154} INFO - [2025-09-25T16:16:30.126+0000] {dag.py:2941} INFO - Sync 1 DAGs
[2025-09-25T16:16:30.152+0000] {logging_mixin.py:154} INFO - [2025-09-25T16:16:30.151+0000] {dag.py:3722} INFO - Setting next_dagrun for latest_only_with_trigger to 2025-09-25T12:16:30.151612+00:00, run_after=2025-09-25T16:16:30.151612+00:00
[2025-09-25T16:16:30.185+0000] {processor.py:179} INFO - Processing /home/airflow/.local/lib/python3.8/site-packages/airflow/example_dags/example_latest_only_with_trigger.py took 0.103 seconds
[2025-09-25T16:17:00.839+0000] {processor.py:157} INFO - Started process (PID=767) to work on /home/airflow/.local/lib/python3.8/site-packages/airflow/example_dags/example_latest_only_with_trigger.py
[2025-09-25T16:17:00.842+0000] {processor.py:829} INFO - Processing file /home/airflow/.local/lib/python3.8/site-packages/airflow/example_dags/example_latest_only_with_trigger.py for tasks to queue
[2025-09-25T16:17:00.846+0000] {logging_mixin.py:154} INFO - [2025-09-25T16:17:00.846+0000] {dagbag.py:536} INFO - Filling up the DagBag from /home/airflow/.local/lib/python3.8/site-packages/airflow/example_dags/example_latest_only_with_trigger.py
[2025-09-25T16:17:00.856+0000] {processor.py:839} INFO - DAG(s) dict_keys(['latest_only_with_trigger']) retrieved from /home/airflow/.local/lib/python3.8/site-packages/airflow/example_dags/example_latest_only_with_trigger.py
[2025-09-25T16:17:00.892+0000] {logging_mixin.py:154} INFO - [2025-09-25T16:17:00.891+0000] {dag.py:2941} INFO - Sync 1 DAGs
[2025-09-25T16:17:00.924+0000] {logging_mixin.py:154} INFO - [2025-09-25T16:17:00.924+0000] {dag.py:3722} INFO - Setting next_dagrun for latest_only_with_trigger to 2025-09-25T12:17:00.923829+00:00, run_after=2025-09-25T16:17:00.923829+00:00
[2025-09-25T16:17:00.957+0000] {processor.py:179} INFO - Processing /home/airflow/.local/lib/python3.8/site-packages/airflow/example_dags/example_latest_only_with_trigger.py took 0.124 seconds
[2025-09-25T16:17:31.275+0000] {processor.py:157} INFO - Started process (PID=821) to work on /home/airflow/.local/lib/python3.8/site-packages/airflow/example_dags/example_latest_only_with_trigger.py
[2025-09-25T16:17:31.277+0000] {processor.py:829} INFO - Processing file /home/airflow/.local/lib/python3.8/site-packages/airflow/example_dags/example_latest_only_with_trigger.py for tasks to queue
[2025-09-25T16:17:31.281+0000] {logging_mixin.py:154} INFO - [2025-09-25T16:17:31.281+0000] {dagbag.py:536} INFO - Filling up the DagBag from /home/airflow/.local/lib/python3.8/site-packages/airflow/example_dags/example_latest_only_with_trigger.py
[2025-09-25T16:17:31.289+0000] {processor.py:839} INFO - DAG(s) dict_keys(['latest_only_with_trigger']) retrieved from /home/airflow/.local/lib/python3.8/site-packages/airflow/example_dags/example_latest_only_with_trigger.py
[2025-09-25T16:17:31.318+0000] {logging_mixin.py:154} INFO - [2025-09-25T16:17:31.318+0000] {dag.py:2941} INFO - Sync 1 DAGs
[2025-09-25T16:17:31.343+0000] {logging_mixin.py:154} INFO - [2025-09-25T16:17:31.343+0000] {dag.py:3722} INFO - Setting next_dagrun for latest_only_with_trigger to 2025-09-25T12:17:31.342882+00:00, run_after=2025-09-25T16:17:31.342882+00:00
[2025-09-25T16:17:31.373+0000] {processor.py:179} INFO - Processing /home/airflow/.local/lib/python3.8/site-packages/airflow/example_dags/example_latest_only_with_trigger.py took 0.103 seconds
[2025-09-25T16:18:02.125+0000] {processor.py:157} INFO - Started process (PID=875) to work on /home/airflow/.local/lib/python3.8/site-packages/airflow/example_dags/example_latest_only_with_trigger.py
[2025-09-25T16:18:02.129+0000] {processor.py:829} INFO - Processing file /home/airflow/.local/lib/python3.8/site-packages/airflow/example_dags/example_latest_only_with_trigger.py for tasks to queue
[2025-09-25T16:18:02.136+0000] {logging_mixin.py:154} INFO - [2025-09-25T16:18:02.136+0000] {dagbag.py:536} INFO - Filling up the DagBag from /home/airflow/.local/lib/python3.8/site-packages/airflow/example_dags/example_latest_only_with_trigger.py
[2025-09-25T16:18:02.144+0000] {processor.py:839} INFO - DAG(s) dict_keys(['latest_only_with_trigger']) retrieved from /home/airflow/.local/lib/python3.8/site-packages/airflow/example_dags/example_latest_only_with_trigger.py
[2025-09-25T16:18:02.173+0000] {logging_mixin.py:154} INFO - [2025-09-25T16:18:02.173+0000] {dag.py:2941} INFO - Sync 1 DAGs
[2025-09-25T16:18:02.202+0000] {logging_mixin.py:154} INFO - [2025-09-25T16:18:02.201+0000] {dag.py:3722} INFO - Setting next_dagrun for latest_only_with_trigger to 2025-09-25T12:18:02.201601+00:00, run_after=2025-09-25T16:18:02.201601+00:00
[2025-09-25T16:18:02.226+0000] {processor.py:179} INFO - Processing /home/airflow/.local/lib/python3.8/site-packages/airflow/example_dags/example_latest_only_with_trigger.py took 0.108 seconds
