[2025-09-25T16:10:47.126+0000] {processor.py:157} INFO - Started process (PID=98) to work on /home/airflow/.local/lib/python3.8/site-packages/airflow/example_dags/example_setup_teardown_taskflow.py
[2025-09-25T16:10:47.128+0000] {processor.py:829} INFO - Processing file /home/airflow/.local/lib/python3.8/site-packages/airflow/example_dags/example_setup_teardown_taskflow.py for tasks to queue
[2025-09-25T16:10:47.133+0000] {logging_mixin.py:154} INFO - [2025-09-25T16:10:47.132+0000] {dagbag.py:536} INFO - Filling up the DagBag from /home/airflow/.local/lib/python3.8/site-packages/airflow/example_dags/example_setup_teardown_taskflow.py
[2025-09-25T16:10:47.161+0000] {processor.py:839} INFO - DAG(s) dict_keys(['example_setup_teardown_taskflow']) retrieved from /home/airflow/.local/lib/python3.8/site-packages/airflow/example_dags/example_setup_teardown_taskflow.py
[2025-09-25T16:10:47.340+0000] {logging_mixin.py:154} INFO - [2025-09-25T16:10:47.339+0000] {dag.py:2941} INFO - Sync 1 DAGs
[2025-09-25T16:10:47.492+0000] {logging_mixin.py:154} INFO - [2025-09-25T16:10:47.492+0000] {dag.py:3722} INFO - Setting next_dagrun for example_setup_teardown_taskflow to 2025-09-24T16:10:47.491283+00:00, run_after=2025-09-25T16:10:47.491283+00:00
[2025-09-25T16:10:47.583+0000] {processor.py:179} INFO - Processing /home/airflow/.local/lib/python3.8/site-packages/airflow/example_dags/example_setup_teardown_taskflow.py took 0.464 seconds
[2025-09-25T16:11:18.274+0000] {processor.py:157} INFO - Started process (PID=152) to work on /home/airflow/.local/lib/python3.8/site-packages/airflow/example_dags/example_setup_teardown_taskflow.py
[2025-09-25T16:11:18.276+0000] {processor.py:829} INFO - Processing file /home/airflow/.local/lib/python3.8/site-packages/airflow/example_dags/example_setup_teardown_taskflow.py for tasks to queue
[2025-09-25T16:11:18.281+0000] {logging_mixin.py:154} INFO - [2025-09-25T16:11:18.281+0000] {dagbag.py:536} INFO - Filling up the DagBag from /home/airflow/.local/lib/python3.8/site-packages/airflow/example_dags/example_setup_teardown_taskflow.py
[2025-09-25T16:11:18.300+0000] {processor.py:839} INFO - DAG(s) dict_keys(['example_setup_teardown_taskflow']) retrieved from /home/airflow/.local/lib/python3.8/site-packages/airflow/example_dags/example_setup_teardown_taskflow.py
[2025-09-25T16:11:18.343+0000] {logging_mixin.py:154} INFO - [2025-09-25T16:11:18.342+0000] {dag.py:2941} INFO - Sync 1 DAGs
[2025-09-25T16:11:18.374+0000] {logging_mixin.py:154} INFO - [2025-09-25T16:11:18.374+0000] {dag.py:3722} INFO - Setting next_dagrun for example_setup_teardown_taskflow to 2025-09-24T16:11:18.374055+00:00, run_after=2025-09-25T16:11:18.374055+00:00
[2025-09-25T16:11:18.412+0000] {processor.py:179} INFO - Processing /home/airflow/.local/lib/python3.8/site-packages/airflow/example_dags/example_setup_teardown_taskflow.py took 0.144 seconds
[2025-09-25T16:11:48.484+0000] {processor.py:157} INFO - Started process (PID=206) to work on /home/airflow/.local/lib/python3.8/site-packages/airflow/example_dags/example_setup_teardown_taskflow.py
[2025-09-25T16:11:48.485+0000] {processor.py:829} INFO - Processing file /home/airflow/.local/lib/python3.8/site-packages/airflow/example_dags/example_setup_teardown_taskflow.py for tasks to queue
[2025-09-25T16:11:48.489+0000] {logging_mixin.py:154} INFO - [2025-09-25T16:11:48.488+0000] {dagbag.py:536} INFO - Filling up the DagBag from /home/airflow/.local/lib/python3.8/site-packages/airflow/example_dags/example_setup_teardown_taskflow.py
[2025-09-25T16:11:48.500+0000] {processor.py:839} INFO - DAG(s) dict_keys(['example_setup_teardown_taskflow']) retrieved from /home/airflow/.local/lib/python3.8/site-packages/airflow/example_dags/example_setup_teardown_taskflow.py
[2025-09-25T16:11:48.531+0000] {logging_mixin.py:154} INFO - [2025-09-25T16:11:48.530+0000] {dag.py:2941} INFO - Sync 1 DAGs
[2025-09-25T16:11:48.560+0000] {logging_mixin.py:154} INFO - [2025-09-25T16:11:48.559+0000] {dag.py:3722} INFO - Setting next_dagrun for example_setup_teardown_taskflow to 2025-09-24T16:11:48.559274+00:00, run_after=2025-09-25T16:11:48.559274+00:00
[2025-09-25T16:11:48.585+0000] {processor.py:179} INFO - Processing /home/airflow/.local/lib/python3.8/site-packages/airflow/example_dags/example_setup_teardown_taskflow.py took 0.106 seconds
[2025-09-25T16:12:19.107+0000] {processor.py:157} INFO - Started process (PID=260) to work on /home/airflow/.local/lib/python3.8/site-packages/airflow/example_dags/example_setup_teardown_taskflow.py
[2025-09-25T16:12:19.109+0000] {processor.py:829} INFO - Processing file /home/airflow/.local/lib/python3.8/site-packages/airflow/example_dags/example_setup_teardown_taskflow.py for tasks to queue
[2025-09-25T16:12:19.112+0000] {logging_mixin.py:154} INFO - [2025-09-25T16:12:19.111+0000] {dagbag.py:536} INFO - Filling up the DagBag from /home/airflow/.local/lib/python3.8/site-packages/airflow/example_dags/example_setup_teardown_taskflow.py
[2025-09-25T16:12:19.123+0000] {processor.py:839} INFO - DAG(s) dict_keys(['example_setup_teardown_taskflow']) retrieved from /home/airflow/.local/lib/python3.8/site-packages/airflow/example_dags/example_setup_teardown_taskflow.py
[2025-09-25T16:12:19.154+0000] {logging_mixin.py:154} INFO - [2025-09-25T16:12:19.154+0000] {dag.py:2941} INFO - Sync 1 DAGs
[2025-09-25T16:12:19.182+0000] {logging_mixin.py:154} INFO - [2025-09-25T16:12:19.182+0000] {dag.py:3722} INFO - Setting next_dagrun for example_setup_teardown_taskflow to 2025-09-24T16:12:19.182134+00:00, run_after=2025-09-25T16:12:19.182134+00:00
[2025-09-25T16:12:19.213+0000] {processor.py:179} INFO - Processing /home/airflow/.local/lib/python3.8/site-packages/airflow/example_dags/example_setup_teardown_taskflow.py took 0.110 seconds
[2025-09-25T16:12:49.957+0000] {processor.py:157} INFO - Started process (PID=314) to work on /home/airflow/.local/lib/python3.8/site-packages/airflow/example_dags/example_setup_teardown_taskflow.py
[2025-09-25T16:12:49.959+0000] {processor.py:829} INFO - Processing file /home/airflow/.local/lib/python3.8/site-packages/airflow/example_dags/example_setup_teardown_taskflow.py for tasks to queue
[2025-09-25T16:12:49.962+0000] {logging_mixin.py:154} INFO - [2025-09-25T16:12:49.962+0000] {dagbag.py:536} INFO - Filling up the DagBag from /home/airflow/.local/lib/python3.8/site-packages/airflow/example_dags/example_setup_teardown_taskflow.py
[2025-09-25T16:12:49.976+0000] {processor.py:839} INFO - DAG(s) dict_keys(['example_setup_teardown_taskflow']) retrieved from /home/airflow/.local/lib/python3.8/site-packages/airflow/example_dags/example_setup_teardown_taskflow.py
[2025-09-25T16:12:50.008+0000] {logging_mixin.py:154} INFO - [2025-09-25T16:12:50.008+0000] {dag.py:2941} INFO - Sync 1 DAGs
[2025-09-25T16:12:50.036+0000] {logging_mixin.py:154} INFO - [2025-09-25T16:12:50.036+0000] {dag.py:3722} INFO - Setting next_dagrun for example_setup_teardown_taskflow to 2025-09-24T16:12:50.035752+00:00, run_after=2025-09-25T16:12:50.035752+00:00
[2025-09-25T16:12:50.077+0000] {processor.py:179} INFO - Processing /home/airflow/.local/lib/python3.8/site-packages/airflow/example_dags/example_setup_teardown_taskflow.py took 0.125 seconds
[2025-09-25T16:13:20.200+0000] {processor.py:157} INFO - Started process (PID=367) to work on /home/airflow/.local/lib/python3.8/site-packages/airflow/example_dags/example_setup_teardown_taskflow.py
[2025-09-25T16:13:20.202+0000] {processor.py:829} INFO - Processing file /home/airflow/.local/lib/python3.8/site-packages/airflow/example_dags/example_setup_teardown_taskflow.py for tasks to queue
[2025-09-25T16:13:20.206+0000] {logging_mixin.py:154} INFO - [2025-09-25T16:13:20.206+0000] {dagbag.py:536} INFO - Filling up the DagBag from /home/airflow/.local/lib/python3.8/site-packages/airflow/example_dags/example_setup_teardown_taskflow.py
[2025-09-25T16:13:20.223+0000] {processor.py:839} INFO - DAG(s) dict_keys(['example_setup_teardown_taskflow']) retrieved from /home/airflow/.local/lib/python3.8/site-packages/airflow/example_dags/example_setup_teardown_taskflow.py
[2025-09-25T16:13:20.262+0000] {logging_mixin.py:154} INFO - [2025-09-25T16:13:20.261+0000] {dag.py:2941} INFO - Sync 1 DAGs
[2025-09-25T16:13:20.296+0000] {logging_mixin.py:154} INFO - [2025-09-25T16:13:20.296+0000] {dag.py:3722} INFO - Setting next_dagrun for example_setup_teardown_taskflow to 2025-09-24T16:13:20.295883+00:00, run_after=2025-09-25T16:13:20.295883+00:00
[2025-09-25T16:13:20.329+0000] {processor.py:179} INFO - Processing /home/airflow/.local/lib/python3.8/site-packages/airflow/example_dags/example_setup_teardown_taskflow.py took 0.135 seconds
[2025-09-25T16:13:51.389+0000] {processor.py:157} INFO - Started process (PID=422) to work on /home/airflow/.local/lib/python3.8/site-packages/airflow/example_dags/example_setup_teardown_taskflow.py
[2025-09-25T16:13:51.391+0000] {processor.py:829} INFO - Processing file /home/airflow/.local/lib/python3.8/site-packages/airflow/example_dags/example_setup_teardown_taskflow.py for tasks to queue
[2025-09-25T16:13:51.394+0000] {logging_mixin.py:154} INFO - [2025-09-25T16:13:51.394+0000] {dagbag.py:536} INFO - Filling up the DagBag from /home/airflow/.local/lib/python3.8/site-packages/airflow/example_dags/example_setup_teardown_taskflow.py
[2025-09-25T16:13:51.406+0000] {processor.py:839} INFO - DAG(s) dict_keys(['example_setup_teardown_taskflow']) retrieved from /home/airflow/.local/lib/python3.8/site-packages/airflow/example_dags/example_setup_teardown_taskflow.py
[2025-09-25T16:13:51.438+0000] {logging_mixin.py:154} INFO - [2025-09-25T16:13:51.438+0000] {dag.py:2941} INFO - Sync 1 DAGs
[2025-09-25T16:13:51.469+0000] {logging_mixin.py:154} INFO - [2025-09-25T16:13:51.469+0000] {dag.py:3722} INFO - Setting next_dagrun for example_setup_teardown_taskflow to 2025-09-24T16:13:51.469075+00:00, run_after=2025-09-25T16:13:51.469075+00:00
[2025-09-25T16:13:51.502+0000] {processor.py:179} INFO - Processing /home/airflow/.local/lib/python3.8/site-packages/airflow/example_dags/example_setup_teardown_taskflow.py took 0.117 seconds
[2025-09-25T16:14:21.595+0000] {processor.py:157} INFO - Started process (PID=475) to work on /home/airflow/.local/lib/python3.8/site-packages/airflow/example_dags/example_setup_teardown_taskflow.py
[2025-09-25T16:14:21.597+0000] {processor.py:829} INFO - Processing file /home/airflow/.local/lib/python3.8/site-packages/airflow/example_dags/example_setup_teardown_taskflow.py for tasks to queue
[2025-09-25T16:14:21.600+0000] {logging_mixin.py:154} INFO - [2025-09-25T16:14:21.600+0000] {dagbag.py:536} INFO - Filling up the DagBag from /home/airflow/.local/lib/python3.8/site-packages/airflow/example_dags/example_setup_teardown_taskflow.py
[2025-09-25T16:14:21.612+0000] {processor.py:839} INFO - DAG(s) dict_keys(['example_setup_teardown_taskflow']) retrieved from /home/airflow/.local/lib/python3.8/site-packages/airflow/example_dags/example_setup_teardown_taskflow.py
[2025-09-25T16:14:21.645+0000] {logging_mixin.py:154} INFO - [2025-09-25T16:14:21.644+0000] {dag.py:2941} INFO - Sync 1 DAGs
[2025-09-25T16:14:21.674+0000] {logging_mixin.py:154} INFO - [2025-09-25T16:14:21.674+0000] {dag.py:3722} INFO - Setting next_dagrun for example_setup_teardown_taskflow to 2025-09-24T16:14:21.674029+00:00, run_after=2025-09-25T16:14:21.674029+00:00
[2025-09-25T16:14:21.699+0000] {processor.py:179} INFO - Processing /home/airflow/.local/lib/python3.8/site-packages/airflow/example_dags/example_setup_teardown_taskflow.py took 0.109 seconds
[2025-09-25T16:14:52.632+0000] {processor.py:157} INFO - Started process (PID=530) to work on /home/airflow/.local/lib/python3.8/site-packages/airflow/example_dags/example_setup_teardown_taskflow.py
[2025-09-25T16:14:52.634+0000] {processor.py:829} INFO - Processing file /home/airflow/.local/lib/python3.8/site-packages/airflow/example_dags/example_setup_teardown_taskflow.py for tasks to queue
[2025-09-25T16:14:52.637+0000] {logging_mixin.py:154} INFO - [2025-09-25T16:14:52.637+0000] {dagbag.py:536} INFO - Filling up the DagBag from /home/airflow/.local/lib/python3.8/site-packages/airflow/example_dags/example_setup_teardown_taskflow.py
[2025-09-25T16:14:52.650+0000] {processor.py:839} INFO - DAG(s) dict_keys(['example_setup_teardown_taskflow']) retrieved from /home/airflow/.local/lib/python3.8/site-packages/airflow/example_dags/example_setup_teardown_taskflow.py
[2025-09-25T16:14:52.689+0000] {logging_mixin.py:154} INFO - [2025-09-25T16:14:52.688+0000] {dag.py:2941} INFO - Sync 1 DAGs
[2025-09-25T16:14:52.717+0000] {logging_mixin.py:154} INFO - [2025-09-25T16:14:52.717+0000] {dag.py:3722} INFO - Setting next_dagrun for example_setup_teardown_taskflow to 2025-09-24T16:14:52.717263+00:00, run_after=2025-09-25T16:14:52.717263+00:00
[2025-09-25T16:14:52.747+0000] {processor.py:179} INFO - Processing /home/airflow/.local/lib/python3.8/site-packages/airflow/example_dags/example_setup_teardown_taskflow.py took 0.120 seconds
[2025-09-25T16:15:23.261+0000] {processor.py:157} INFO - Started process (PID=584) to work on /home/airflow/.local/lib/python3.8/site-packages/airflow/example_dags/example_setup_teardown_taskflow.py
[2025-09-25T16:15:23.263+0000] {processor.py:829} INFO - Processing file /home/airflow/.local/lib/python3.8/site-packages/airflow/example_dags/example_setup_teardown_taskflow.py for tasks to queue
[2025-09-25T16:15:23.268+0000] {logging_mixin.py:154} INFO - [2025-09-25T16:15:23.267+0000] {dagbag.py:536} INFO - Filling up the DagBag from /home/airflow/.local/lib/python3.8/site-packages/airflow/example_dags/example_setup_teardown_taskflow.py
[2025-09-25T16:15:23.284+0000] {processor.py:839} INFO - DAG(s) dict_keys(['example_setup_teardown_taskflow']) retrieved from /home/airflow/.local/lib/python3.8/site-packages/airflow/example_dags/example_setup_teardown_taskflow.py
[2025-09-25T16:15:23.314+0000] {logging_mixin.py:154} INFO - [2025-09-25T16:15:23.314+0000] {dag.py:2941} INFO - Sync 1 DAGs
[2025-09-25T16:15:23.346+0000] {logging_mixin.py:154} INFO - [2025-09-25T16:15:23.345+0000] {dag.py:3722} INFO - Setting next_dagrun for example_setup_teardown_taskflow to 2025-09-24T16:15:23.345578+00:00, run_after=2025-09-25T16:15:23.345578+00:00
[2025-09-25T16:15:23.375+0000] {processor.py:179} INFO - Processing /home/airflow/.local/lib/python3.8/site-packages/airflow/example_dags/example_setup_teardown_taskflow.py took 0.120 seconds
[2025-09-25T16:15:53.524+0000] {processor.py:157} INFO - Started process (PID=637) to work on /home/airflow/.local/lib/python3.8/site-packages/airflow/example_dags/example_setup_teardown_taskflow.py
[2025-09-25T16:15:53.525+0000] {processor.py:829} INFO - Processing file /home/airflow/.local/lib/python3.8/site-packages/airflow/example_dags/example_setup_teardown_taskflow.py for tasks to queue
[2025-09-25T16:15:53.529+0000] {logging_mixin.py:154} INFO - [2025-09-25T16:15:53.528+0000] {dagbag.py:536} INFO - Filling up the DagBag from /home/airflow/.local/lib/python3.8/site-packages/airflow/example_dags/example_setup_teardown_taskflow.py
[2025-09-25T16:15:53.540+0000] {processor.py:839} INFO - DAG(s) dict_keys(['example_setup_teardown_taskflow']) retrieved from /home/airflow/.local/lib/python3.8/site-packages/airflow/example_dags/example_setup_teardown_taskflow.py
[2025-09-25T16:15:53.567+0000] {logging_mixin.py:154} INFO - [2025-09-25T16:15:53.567+0000] {dag.py:2941} INFO - Sync 1 DAGs
[2025-09-25T16:15:53.592+0000] {logging_mixin.py:154} INFO - [2025-09-25T16:15:53.592+0000] {dag.py:3722} INFO - Setting next_dagrun for example_setup_teardown_taskflow to 2025-09-24T16:15:53.591863+00:00, run_after=2025-09-25T16:15:53.591863+00:00
[2025-09-25T16:15:53.615+0000] {processor.py:179} INFO - Processing /home/airflow/.local/lib/python3.8/site-packages/airflow/example_dags/example_setup_teardown_taskflow.py took 0.095 seconds
[2025-09-25T16:16:23.696+0000] {processor.py:157} INFO - Started process (PID=691) to work on /home/airflow/.local/lib/python3.8/site-packages/airflow/example_dags/example_setup_teardown_taskflow.py
[2025-09-25T16:16:23.698+0000] {processor.py:829} INFO - Processing file /home/airflow/.local/lib/python3.8/site-packages/airflow/example_dags/example_setup_teardown_taskflow.py for tasks to queue
[2025-09-25T16:16:23.702+0000] {logging_mixin.py:154} INFO - [2025-09-25T16:16:23.702+0000] {dagbag.py:536} INFO - Filling up the DagBag from /home/airflow/.local/lib/python3.8/site-packages/airflow/example_dags/example_setup_teardown_taskflow.py
[2025-09-25T16:16:23.717+0000] {processor.py:839} INFO - DAG(s) dict_keys(['example_setup_teardown_taskflow']) retrieved from /home/airflow/.local/lib/python3.8/site-packages/airflow/example_dags/example_setup_teardown_taskflow.py
[2025-09-25T16:16:23.751+0000] {logging_mixin.py:154} INFO - [2025-09-25T16:16:23.751+0000] {dag.py:2941} INFO - Sync 1 DAGs
[2025-09-25T16:16:23.782+0000] {logging_mixin.py:154} INFO - [2025-09-25T16:16:23.782+0000] {dag.py:3722} INFO - Setting next_dagrun for example_setup_teardown_taskflow to 2025-09-24T16:16:23.781987+00:00, run_after=2025-09-25T16:16:23.781987+00:00
[2025-09-25T16:16:23.810+0000] {processor.py:179} INFO - Processing /home/airflow/.local/lib/python3.8/site-packages/airflow/example_dags/example_setup_teardown_taskflow.py took 0.118 seconds
[2025-09-25T16:16:53.957+0000] {processor.py:157} INFO - Started process (PID=745) to work on /home/airflow/.local/lib/python3.8/site-packages/airflow/example_dags/example_setup_teardown_taskflow.py
[2025-09-25T16:16:53.958+0000] {processor.py:829} INFO - Processing file /home/airflow/.local/lib/python3.8/site-packages/airflow/example_dags/example_setup_teardown_taskflow.py for tasks to queue
[2025-09-25T16:16:53.962+0000] {logging_mixin.py:154} INFO - [2025-09-25T16:16:53.961+0000] {dagbag.py:536} INFO - Filling up the DagBag from /home/airflow/.local/lib/python3.8/site-packages/airflow/example_dags/example_setup_teardown_taskflow.py
[2025-09-25T16:16:53.973+0000] {processor.py:839} INFO - DAG(s) dict_keys(['example_setup_teardown_taskflow']) retrieved from /home/airflow/.local/lib/python3.8/site-packages/airflow/example_dags/example_setup_teardown_taskflow.py
[2025-09-25T16:16:54.001+0000] {logging_mixin.py:154} INFO - [2025-09-25T16:16:54.001+0000] {dag.py:2941} INFO - Sync 1 DAGs
[2025-09-25T16:16:54.027+0000] {logging_mixin.py:154} INFO - [2025-09-25T16:16:54.026+0000] {dag.py:3722} INFO - Setting next_dagrun for example_setup_teardown_taskflow to 2025-09-24T16:16:54.026487+00:00, run_after=2025-09-25T16:16:54.026487+00:00
[2025-09-25T16:16:54.058+0000] {processor.py:179} INFO - Processing /home/airflow/.local/lib/python3.8/site-packages/airflow/example_dags/example_setup_teardown_taskflow.py took 0.106 seconds
[2025-09-25T16:17:24.865+0000] {processor.py:157} INFO - Started process (PID=799) to work on /home/airflow/.local/lib/python3.8/site-packages/airflow/example_dags/example_setup_teardown_taskflow.py
[2025-09-25T16:17:24.867+0000] {processor.py:829} INFO - Processing file /home/airflow/.local/lib/python3.8/site-packages/airflow/example_dags/example_setup_teardown_taskflow.py for tasks to queue
[2025-09-25T16:17:24.871+0000] {logging_mixin.py:154} INFO - [2025-09-25T16:17:24.870+0000] {dagbag.py:536} INFO - Filling up the DagBag from /home/airflow/.local/lib/python3.8/site-packages/airflow/example_dags/example_setup_teardown_taskflow.py
[2025-09-25T16:17:24.882+0000] {processor.py:839} INFO - DAG(s) dict_keys(['example_setup_teardown_taskflow']) retrieved from /home/airflow/.local/lib/python3.8/site-packages/airflow/example_dags/example_setup_teardown_taskflow.py
[2025-09-25T16:17:24.912+0000] {logging_mixin.py:154} INFO - [2025-09-25T16:17:24.912+0000] {dag.py:2941} INFO - Sync 1 DAGs
[2025-09-25T16:17:24.941+0000] {logging_mixin.py:154} INFO - [2025-09-25T16:17:24.941+0000] {dag.py:3722} INFO - Setting next_dagrun for example_setup_teardown_taskflow to 2025-09-24T16:17:24.941401+00:00, run_after=2025-09-25T16:17:24.941401+00:00
[2025-09-25T16:17:24.970+0000] {processor.py:179} INFO - Processing /home/airflow/.local/lib/python3.8/site-packages/airflow/example_dags/example_setup_teardown_taskflow.py took 0.110 seconds
[2025-09-25T16:17:55.698+0000] {processor.py:157} INFO - Started process (PID=853) to work on /home/airflow/.local/lib/python3.8/site-packages/airflow/example_dags/example_setup_teardown_taskflow.py
[2025-09-25T16:17:55.700+0000] {processor.py:829} INFO - Processing file /home/airflow/.local/lib/python3.8/site-packages/airflow/example_dags/example_setup_teardown_taskflow.py for tasks to queue
[2025-09-25T16:17:55.703+0000] {logging_mixin.py:154} INFO - [2025-09-25T16:17:55.703+0000] {dagbag.py:536} INFO - Filling up the DagBag from /home/airflow/.local/lib/python3.8/site-packages/airflow/example_dags/example_setup_teardown_taskflow.py
[2025-09-25T16:17:55.719+0000] {processor.py:839} INFO - DAG(s) dict_keys(['example_setup_teardown_taskflow']) retrieved from /home/airflow/.local/lib/python3.8/site-packages/airflow/example_dags/example_setup_teardown_taskflow.py
[2025-09-25T16:17:55.754+0000] {logging_mixin.py:154} INFO - [2025-09-25T16:17:55.754+0000] {dag.py:2941} INFO - Sync 1 DAGs
[2025-09-25T16:17:55.787+0000] {logging_mixin.py:154} INFO - [2025-09-25T16:17:55.786+0000] {dag.py:3722} INFO - Setting next_dagrun for example_setup_teardown_taskflow to 2025-09-24T16:17:55.786712+00:00, run_after=2025-09-25T16:17:55.786712+00:00
[2025-09-25T16:17:55.819+0000] {processor.py:179} INFO - Processing /home/airflow/.local/lib/python3.8/site-packages/airflow/example_dags/example_setup_teardown_taskflow.py took 0.126 seconds
