[2025-09-25T16:10:44.300+0000] {processor.py:157} INFO - Started process (PID=84) to work on /home/airflow/.local/lib/python3.8/site-packages/airflow/example_dags/example_short_circuit_operator.py
[2025-09-25T16:10:44.302+0000] {processor.py:829} INFO - Processing file /home/airflow/.local/lib/python3.8/site-packages/airflow/example_dags/example_short_circuit_operator.py for tasks to queue
[2025-09-25T16:10:44.307+0000] {logging_mixin.py:154} INFO - [2025-09-25T16:10:44.307+0000] {dagbag.py:536} INFO - Filling up the DagBag from /home/airflow/.local/lib/python3.8/site-packages/airflow/example_dags/example_short_circuit_operator.py
[2025-09-25T16:10:44.328+0000] {processor.py:839} INFO - DAG(s) dict_keys(['example_short_circuit_operator']) retrieved from /home/airflow/.local/lib/python3.8/site-packages/airflow/example_dags/example_short_circuit_operator.py
[2025-09-25T16:10:44.380+0000] {logging_mixin.py:154} INFO - [2025-09-25T16:10:44.379+0000] {dag.py:2941} INFO - Sync 1 DAGs
[2025-09-25T16:10:44.427+0000] {logging_mixin.py:154} INFO - [2025-09-25T16:10:44.427+0000] {dag.py:3722} INFO - Setting next_dagrun for example_short_circuit_operator to 2025-09-24T16:10:44.427170+00:00, run_after=2025-09-25T16:10:44.427170+00:00
[2025-09-25T16:10:44.467+0000] {processor.py:179} INFO - Processing /home/airflow/.local/lib/python3.8/site-packages/airflow/example_dags/example_short_circuit_operator.py took 0.173 seconds
[2025-09-25T16:11:15.410+0000] {processor.py:157} INFO - Started process (PID=138) to work on /home/airflow/.local/lib/python3.8/site-packages/airflow/example_dags/example_short_circuit_operator.py
[2025-09-25T16:11:15.413+0000] {processor.py:829} INFO - Processing file /home/airflow/.local/lib/python3.8/site-packages/airflow/example_dags/example_short_circuit_operator.py for tasks to queue
[2025-09-25T16:11:15.416+0000] {logging_mixin.py:154} INFO - [2025-09-25T16:11:15.416+0000] {dagbag.py:536} INFO - Filling up the DagBag from /home/airflow/.local/lib/python3.8/site-packages/airflow/example_dags/example_short_circuit_operator.py
[2025-09-25T16:11:15.432+0000] {processor.py:839} INFO - DAG(s) dict_keys(['example_short_circuit_operator']) retrieved from /home/airflow/.local/lib/python3.8/site-packages/airflow/example_dags/example_short_circuit_operator.py
[2025-09-25T16:11:15.477+0000] {logging_mixin.py:154} INFO - [2025-09-25T16:11:15.477+0000] {dag.py:2941} INFO - Sync 1 DAGs
[2025-09-25T16:11:15.506+0000] {logging_mixin.py:154} INFO - [2025-09-25T16:11:15.506+0000] {dag.py:3722} INFO - Setting next_dagrun for example_short_circuit_operator to 2025-09-24T16:11:15.506221+00:00, run_after=2025-09-25T16:11:15.506221+00:00
[2025-09-25T16:11:15.540+0000] {processor.py:179} INFO - Processing /home/airflow/.local/lib/python3.8/site-packages/airflow/example_dags/example_short_circuit_operator.py took 0.136 seconds
[2025-09-25T16:11:46.026+0000] {processor.py:157} INFO - Started process (PID=192) to work on /home/airflow/.local/lib/python3.8/site-packages/airflow/example_dags/example_short_circuit_operator.py
[2025-09-25T16:11:46.028+0000] {processor.py:829} INFO - Processing file /home/airflow/.local/lib/python3.8/site-packages/airflow/example_dags/example_short_circuit_operator.py for tasks to queue
[2025-09-25T16:11:46.032+0000] {logging_mixin.py:154} INFO - [2025-09-25T16:11:46.031+0000] {dagbag.py:536} INFO - Filling up the DagBag from /home/airflow/.local/lib/python3.8/site-packages/airflow/example_dags/example_short_circuit_operator.py
[2025-09-25T16:11:46.043+0000] {processor.py:839} INFO - DAG(s) dict_keys(['example_short_circuit_operator']) retrieved from /home/airflow/.local/lib/python3.8/site-packages/airflow/example_dags/example_short_circuit_operator.py
[2025-09-25T16:11:46.075+0000] {logging_mixin.py:154} INFO - [2025-09-25T16:11:46.074+0000] {dag.py:2941} INFO - Sync 1 DAGs
[2025-09-25T16:11:46.104+0000] {logging_mixin.py:154} INFO - [2025-09-25T16:11:46.104+0000] {dag.py:3722} INFO - Setting next_dagrun for example_short_circuit_operator to 2025-09-24T16:11:46.103701+00:00, run_after=2025-09-25T16:11:46.103701+00:00
[2025-09-25T16:11:46.133+0000] {processor.py:179} INFO - Processing /home/airflow/.local/lib/python3.8/site-packages/airflow/example_dags/example_short_circuit_operator.py took 0.112 seconds
[2025-09-25T16:12:16.311+0000] {processor.py:157} INFO - Started process (PID=246) to work on /home/airflow/.local/lib/python3.8/site-packages/airflow/example_dags/example_short_circuit_operator.py
[2025-09-25T16:12:16.313+0000] {processor.py:829} INFO - Processing file /home/airflow/.local/lib/python3.8/site-packages/airflow/example_dags/example_short_circuit_operator.py for tasks to queue
[2025-09-25T16:12:16.318+0000] {logging_mixin.py:154} INFO - [2025-09-25T16:12:16.317+0000] {dagbag.py:536} INFO - Filling up the DagBag from /home/airflow/.local/lib/python3.8/site-packages/airflow/example_dags/example_short_circuit_operator.py
[2025-09-25T16:12:16.327+0000] {processor.py:839} INFO - DAG(s) dict_keys(['example_short_circuit_operator']) retrieved from /home/airflow/.local/lib/python3.8/site-packages/airflow/example_dags/example_short_circuit_operator.py
[2025-09-25T16:12:16.357+0000] {logging_mixin.py:154} INFO - [2025-09-25T16:12:16.356+0000] {dag.py:2941} INFO - Sync 1 DAGs
[2025-09-25T16:12:16.383+0000] {logging_mixin.py:154} INFO - [2025-09-25T16:12:16.383+0000] {dag.py:3722} INFO - Setting next_dagrun for example_short_circuit_operator to 2025-09-24T16:12:16.382784+00:00, run_after=2025-09-25T16:12:16.382784+00:00
[2025-09-25T16:12:16.406+0000] {processor.py:179} INFO - Processing /home/airflow/.local/lib/python3.8/site-packages/airflow/example_dags/example_short_circuit_operator.py took 0.100 seconds
[2025-09-25T16:12:46.671+0000] {processor.py:157} INFO - Started process (PID=300) to work on /home/airflow/.local/lib/python3.8/site-packages/airflow/example_dags/example_short_circuit_operator.py
[2025-09-25T16:12:46.673+0000] {processor.py:829} INFO - Processing file /home/airflow/.local/lib/python3.8/site-packages/airflow/example_dags/example_short_circuit_operator.py for tasks to queue
[2025-09-25T16:12:46.677+0000] {logging_mixin.py:154} INFO - [2025-09-25T16:12:46.676+0000] {dagbag.py:536} INFO - Filling up the DagBag from /home/airflow/.local/lib/python3.8/site-packages/airflow/example_dags/example_short_circuit_operator.py
[2025-09-25T16:12:46.687+0000] {processor.py:839} INFO - DAG(s) dict_keys(['example_short_circuit_operator']) retrieved from /home/airflow/.local/lib/python3.8/site-packages/airflow/example_dags/example_short_circuit_operator.py
[2025-09-25T16:12:46.722+0000] {logging_mixin.py:154} INFO - [2025-09-25T16:12:46.722+0000] {dag.py:2941} INFO - Sync 1 DAGs
[2025-09-25T16:12:46.756+0000] {logging_mixin.py:154} INFO - [2025-09-25T16:12:46.756+0000] {dag.py:3722} INFO - Setting next_dagrun for example_short_circuit_operator to 2025-09-24T16:12:46.755682+00:00, run_after=2025-09-25T16:12:46.755682+00:00
[2025-09-25T16:12:46.787+0000] {processor.py:179} INFO - Processing /home/airflow/.local/lib/python3.8/site-packages/airflow/example_dags/example_short_circuit_operator.py took 0.121 seconds
[2025-09-25T16:13:17.158+0000] {processor.py:157} INFO - Started process (PID=354) to work on /home/airflow/.local/lib/python3.8/site-packages/airflow/example_dags/example_short_circuit_operator.py
[2025-09-25T16:13:17.160+0000] {processor.py:829} INFO - Processing file /home/airflow/.local/lib/python3.8/site-packages/airflow/example_dags/example_short_circuit_operator.py for tasks to queue
[2025-09-25T16:13:17.164+0000] {logging_mixin.py:154} INFO - [2025-09-25T16:13:17.163+0000] {dagbag.py:536} INFO - Filling up the DagBag from /home/airflow/.local/lib/python3.8/site-packages/airflow/example_dags/example_short_circuit_operator.py
[2025-09-25T16:13:17.172+0000] {processor.py:839} INFO - DAG(s) dict_keys(['example_short_circuit_operator']) retrieved from /home/airflow/.local/lib/python3.8/site-packages/airflow/example_dags/example_short_circuit_operator.py
[2025-09-25T16:13:17.202+0000] {logging_mixin.py:154} INFO - [2025-09-25T16:13:17.202+0000] {dag.py:2941} INFO - Sync 1 DAGs
[2025-09-25T16:13:17.228+0000] {logging_mixin.py:154} INFO - [2025-09-25T16:13:17.228+0000] {dag.py:3722} INFO - Setting next_dagrun for example_short_circuit_operator to 2025-09-24T16:13:17.228380+00:00, run_after=2025-09-25T16:13:17.228380+00:00
[2025-09-25T16:13:17.255+0000] {processor.py:179} INFO - Processing /home/airflow/.local/lib/python3.8/site-packages/airflow/example_dags/example_short_circuit_operator.py took 0.102 seconds
[2025-09-25T16:13:47.985+0000] {processor.py:157} INFO - Started process (PID=408) to work on /home/airflow/.local/lib/python3.8/site-packages/airflow/example_dags/example_short_circuit_operator.py
[2025-09-25T16:13:47.987+0000] {processor.py:829} INFO - Processing file /home/airflow/.local/lib/python3.8/site-packages/airflow/example_dags/example_short_circuit_operator.py for tasks to queue
[2025-09-25T16:13:47.990+0000] {logging_mixin.py:154} INFO - [2025-09-25T16:13:47.990+0000] {dagbag.py:536} INFO - Filling up the DagBag from /home/airflow/.local/lib/python3.8/site-packages/airflow/example_dags/example_short_circuit_operator.py
[2025-09-25T16:13:48.001+0000] {processor.py:839} INFO - DAG(s) dict_keys(['example_short_circuit_operator']) retrieved from /home/airflow/.local/lib/python3.8/site-packages/airflow/example_dags/example_short_circuit_operator.py
[2025-09-25T16:13:48.038+0000] {logging_mixin.py:154} INFO - [2025-09-25T16:13:48.038+0000] {dag.py:2941} INFO - Sync 1 DAGs
[2025-09-25T16:13:48.071+0000] {logging_mixin.py:154} INFO - [2025-09-25T16:13:48.070+0000] {dag.py:3722} INFO - Setting next_dagrun for example_short_circuit_operator to 2025-09-24T16:13:48.070411+00:00, run_after=2025-09-25T16:13:48.070411+00:00
[2025-09-25T16:13:48.122+0000] {processor.py:179} INFO - Processing /home/airflow/.local/lib/python3.8/site-packages/airflow/example_dags/example_short_circuit_operator.py took 0.143 seconds
[2025-09-25T16:14:18.233+0000] {processor.py:157} INFO - Started process (PID=462) to work on /home/airflow/.local/lib/python3.8/site-packages/airflow/example_dags/example_short_circuit_operator.py
[2025-09-25T16:14:18.235+0000] {processor.py:829} INFO - Processing file /home/airflow/.local/lib/python3.8/site-packages/airflow/example_dags/example_short_circuit_operator.py for tasks to queue
[2025-09-25T16:14:18.239+0000] {logging_mixin.py:154} INFO - [2025-09-25T16:14:18.238+0000] {dagbag.py:536} INFO - Filling up the DagBag from /home/airflow/.local/lib/python3.8/site-packages/airflow/example_dags/example_short_circuit_operator.py
[2025-09-25T16:14:18.250+0000] {processor.py:839} INFO - DAG(s) dict_keys(['example_short_circuit_operator']) retrieved from /home/airflow/.local/lib/python3.8/site-packages/airflow/example_dags/example_short_circuit_operator.py
[2025-09-25T16:14:18.284+0000] {logging_mixin.py:154} INFO - [2025-09-25T16:14:18.284+0000] {dag.py:2941} INFO - Sync 1 DAGs
[2025-09-25T16:14:18.321+0000] {logging_mixin.py:154} INFO - [2025-09-25T16:14:18.321+0000] {dag.py:3722} INFO - Setting next_dagrun for example_short_circuit_operator to 2025-09-24T16:14:18.320776+00:00, run_after=2025-09-25T16:14:18.320776+00:00
[2025-09-25T16:14:18.364+0000] {processor.py:179} INFO - Processing /home/airflow/.local/lib/python3.8/site-packages/airflow/example_dags/example_short_circuit_operator.py took 0.136 seconds
[2025-09-25T16:14:48.433+0000] {processor.py:157} INFO - Started process (PID=516) to work on /home/airflow/.local/lib/python3.8/site-packages/airflow/example_dags/example_short_circuit_operator.py
[2025-09-25T16:14:48.434+0000] {processor.py:829} INFO - Processing file /home/airflow/.local/lib/python3.8/site-packages/airflow/example_dags/example_short_circuit_operator.py for tasks to queue
[2025-09-25T16:14:48.438+0000] {logging_mixin.py:154} INFO - [2025-09-25T16:14:48.437+0000] {dagbag.py:536} INFO - Filling up the DagBag from /home/airflow/.local/lib/python3.8/site-packages/airflow/example_dags/example_short_circuit_operator.py
[2025-09-25T16:14:48.446+0000] {processor.py:839} INFO - DAG(s) dict_keys(['example_short_circuit_operator']) retrieved from /home/airflow/.local/lib/python3.8/site-packages/airflow/example_dags/example_short_circuit_operator.py
[2025-09-25T16:14:48.479+0000] {logging_mixin.py:154} INFO - [2025-09-25T16:14:48.479+0000] {dag.py:2941} INFO - Sync 1 DAGs
[2025-09-25T16:14:48.505+0000] {logging_mixin.py:154} INFO - [2025-09-25T16:14:48.505+0000] {dag.py:3722} INFO - Setting next_dagrun for example_short_circuit_operator to 2025-09-24T16:14:48.505524+00:00, run_after=2025-09-25T16:14:48.505524+00:00
[2025-09-25T16:14:48.531+0000] {processor.py:179} INFO - Processing /home/airflow/.local/lib/python3.8/site-packages/airflow/example_dags/example_short_circuit_operator.py took 0.102 seconds
[2025-09-25T16:15:18.966+0000] {processor.py:157} INFO - Started process (PID=570) to work on /home/airflow/.local/lib/python3.8/site-packages/airflow/example_dags/example_short_circuit_operator.py
[2025-09-25T16:15:18.967+0000] {processor.py:829} INFO - Processing file /home/airflow/.local/lib/python3.8/site-packages/airflow/example_dags/example_short_circuit_operator.py for tasks to queue
[2025-09-25T16:15:18.972+0000] {logging_mixin.py:154} INFO - [2025-09-25T16:15:18.971+0000] {dagbag.py:536} INFO - Filling up the DagBag from /home/airflow/.local/lib/python3.8/site-packages/airflow/example_dags/example_short_circuit_operator.py
[2025-09-25T16:15:18.984+0000] {processor.py:839} INFO - DAG(s) dict_keys(['example_short_circuit_operator']) retrieved from /home/airflow/.local/lib/python3.8/site-packages/airflow/example_dags/example_short_circuit_operator.py
[2025-09-25T16:15:19.018+0000] {logging_mixin.py:154} INFO - [2025-09-25T16:15:19.018+0000] {dag.py:2941} INFO - Sync 1 DAGs
[2025-09-25T16:15:19.051+0000] {logging_mixin.py:154} INFO - [2025-09-25T16:15:19.051+0000] {dag.py:3722} INFO - Setting next_dagrun for example_short_circuit_operator to 2025-09-24T16:15:19.050801+00:00, run_after=2025-09-25T16:15:19.050801+00:00
[2025-09-25T16:15:19.087+0000] {processor.py:179} INFO - Processing /home/airflow/.local/lib/python3.8/site-packages/airflow/example_dags/example_short_circuit_operator.py took 0.127 seconds
[2025-09-25T16:15:49.307+0000] {processor.py:157} INFO - Started process (PID=624) to work on /home/airflow/.local/lib/python3.8/site-packages/airflow/example_dags/example_short_circuit_operator.py
[2025-09-25T16:15:49.309+0000] {processor.py:829} INFO - Processing file /home/airflow/.local/lib/python3.8/site-packages/airflow/example_dags/example_short_circuit_operator.py for tasks to queue
[2025-09-25T16:15:49.312+0000] {logging_mixin.py:154} INFO - [2025-09-25T16:15:49.312+0000] {dagbag.py:536} INFO - Filling up the DagBag from /home/airflow/.local/lib/python3.8/site-packages/airflow/example_dags/example_short_circuit_operator.py
[2025-09-25T16:15:49.321+0000] {processor.py:839} INFO - DAG(s) dict_keys(['example_short_circuit_operator']) retrieved from /home/airflow/.local/lib/python3.8/site-packages/airflow/example_dags/example_short_circuit_operator.py
[2025-09-25T16:15:49.355+0000] {logging_mixin.py:154} INFO - [2025-09-25T16:15:49.355+0000] {dag.py:2941} INFO - Sync 1 DAGs
[2025-09-25T16:15:49.384+0000] {logging_mixin.py:154} INFO - [2025-09-25T16:15:49.383+0000] {dag.py:3722} INFO - Setting next_dagrun for example_short_circuit_operator to 2025-09-24T16:15:49.383557+00:00, run_after=2025-09-25T16:15:49.383557+00:00
[2025-09-25T16:15:49.411+0000] {processor.py:179} INFO - Processing /home/airflow/.local/lib/python3.8/site-packages/airflow/example_dags/example_short_circuit_operator.py took 0.108 seconds
[2025-09-25T16:16:19.570+0000] {processor.py:157} INFO - Started process (PID=678) to work on /home/airflow/.local/lib/python3.8/site-packages/airflow/example_dags/example_short_circuit_operator.py
[2025-09-25T16:16:19.573+0000] {processor.py:829} INFO - Processing file /home/airflow/.local/lib/python3.8/site-packages/airflow/example_dags/example_short_circuit_operator.py for tasks to queue
[2025-09-25T16:16:19.585+0000] {logging_mixin.py:154} INFO - [2025-09-25T16:16:19.584+0000] {dagbag.py:536} INFO - Filling up the DagBag from /home/airflow/.local/lib/python3.8/site-packages/airflow/example_dags/example_short_circuit_operator.py
[2025-09-25T16:16:19.614+0000] {processor.py:839} INFO - DAG(s) dict_keys(['example_short_circuit_operator']) retrieved from /home/airflow/.local/lib/python3.8/site-packages/airflow/example_dags/example_short_circuit_operator.py
[2025-09-25T16:16:19.681+0000] {logging_mixin.py:154} INFO - [2025-09-25T16:16:19.680+0000] {dag.py:2941} INFO - Sync 1 DAGs
[2025-09-25T16:16:19.718+0000] {logging_mixin.py:154} INFO - [2025-09-25T16:16:19.717+0000] {dag.py:3722} INFO - Setting next_dagrun for example_short_circuit_operator to 2025-09-24T16:16:19.717432+00:00, run_after=2025-09-25T16:16:19.717432+00:00
[2025-09-25T16:16:19.744+0000] {processor.py:179} INFO - Processing /home/airflow/.local/lib/python3.8/site-packages/airflow/example_dags/example_short_circuit_operator.py took 0.187 seconds
[2025-09-25T16:16:50.043+0000] {processor.py:157} INFO - Started process (PID=732) to work on /home/airflow/.local/lib/python3.8/site-packages/airflow/example_dags/example_short_circuit_operator.py
[2025-09-25T16:16:50.045+0000] {processor.py:829} INFO - Processing file /home/airflow/.local/lib/python3.8/site-packages/airflow/example_dags/example_short_circuit_operator.py for tasks to queue
[2025-09-25T16:16:50.048+0000] {logging_mixin.py:154} INFO - [2025-09-25T16:16:50.048+0000] {dagbag.py:536} INFO - Filling up the DagBag from /home/airflow/.local/lib/python3.8/site-packages/airflow/example_dags/example_short_circuit_operator.py
[2025-09-25T16:16:50.057+0000] {processor.py:839} INFO - DAG(s) dict_keys(['example_short_circuit_operator']) retrieved from /home/airflow/.local/lib/python3.8/site-packages/airflow/example_dags/example_short_circuit_operator.py
[2025-09-25T16:16:50.086+0000] {logging_mixin.py:154} INFO - [2025-09-25T16:16:50.086+0000] {dag.py:2941} INFO - Sync 1 DAGs
[2025-09-25T16:16:50.123+0000] {logging_mixin.py:154} INFO - [2025-09-25T16:16:50.122+0000] {dag.py:3722} INFO - Setting next_dagrun for example_short_circuit_operator to 2025-09-24T16:16:50.122569+00:00, run_after=2025-09-25T16:16:50.122569+00:00
[2025-09-25T16:16:50.146+0000] {processor.py:179} INFO - Processing /home/airflow/.local/lib/python3.8/site-packages/airflow/example_dags/example_short_circuit_operator.py took 0.109 seconds
[2025-09-25T16:17:20.848+0000] {processor.py:157} INFO - Started process (PID=786) to work on /home/airflow/.local/lib/python3.8/site-packages/airflow/example_dags/example_short_circuit_operator.py
[2025-09-25T16:17:20.850+0000] {processor.py:829} INFO - Processing file /home/airflow/.local/lib/python3.8/site-packages/airflow/example_dags/example_short_circuit_operator.py for tasks to queue
[2025-09-25T16:17:20.853+0000] {logging_mixin.py:154} INFO - [2025-09-25T16:17:20.853+0000] {dagbag.py:536} INFO - Filling up the DagBag from /home/airflow/.local/lib/python3.8/site-packages/airflow/example_dags/example_short_circuit_operator.py
[2025-09-25T16:17:20.865+0000] {processor.py:839} INFO - DAG(s) dict_keys(['example_short_circuit_operator']) retrieved from /home/airflow/.local/lib/python3.8/site-packages/airflow/example_dags/example_short_circuit_operator.py
[2025-09-25T16:17:20.903+0000] {logging_mixin.py:154} INFO - [2025-09-25T16:17:20.903+0000] {dag.py:2941} INFO - Sync 1 DAGs
[2025-09-25T16:17:20.934+0000] {logging_mixin.py:154} INFO - [2025-09-25T16:17:20.934+0000] {dag.py:3722} INFO - Setting next_dagrun for example_short_circuit_operator to 2025-09-24T16:17:20.934371+00:00, run_after=2025-09-25T16:17:20.934371+00:00
[2025-09-25T16:17:20.966+0000] {processor.py:179} INFO - Processing /home/airflow/.local/lib/python3.8/site-packages/airflow/example_dags/example_short_circuit_operator.py took 0.122 seconds
[2025-09-25T16:17:51.400+0000] {processor.py:157} INFO - Started process (PID=840) to work on /home/airflow/.local/lib/python3.8/site-packages/airflow/example_dags/example_short_circuit_operator.py
[2025-09-25T16:17:51.403+0000] {processor.py:829} INFO - Processing file /home/airflow/.local/lib/python3.8/site-packages/airflow/example_dags/example_short_circuit_operator.py for tasks to queue
[2025-09-25T16:17:51.409+0000] {logging_mixin.py:154} INFO - [2025-09-25T16:17:51.408+0000] {dagbag.py:536} INFO - Filling up the DagBag from /home/airflow/.local/lib/python3.8/site-packages/airflow/example_dags/example_short_circuit_operator.py
[2025-09-25T16:17:51.430+0000] {processor.py:839} INFO - DAG(s) dict_keys(['example_short_circuit_operator']) retrieved from /home/airflow/.local/lib/python3.8/site-packages/airflow/example_dags/example_short_circuit_operator.py
[2025-09-25T16:17:51.477+0000] {logging_mixin.py:154} INFO - [2025-09-25T16:17:51.477+0000] {dag.py:2941} INFO - Sync 1 DAGs
[2025-09-25T16:17:51.515+0000] {logging_mixin.py:154} INFO - [2025-09-25T16:17:51.515+0000] {dag.py:3722} INFO - Setting next_dagrun for example_short_circuit_operator to 2025-09-24T16:17:51.515165+00:00, run_after=2025-09-25T16:17:51.515165+00:00
[2025-09-25T16:17:51.559+0000] {processor.py:179} INFO - Processing /home/airflow/.local/lib/python3.8/site-packages/airflow/example_dags/example_short_circuit_operator.py took 0.169 seconds
