[2025-09-25T16:10:51.814+0000] {processor.py:157} INFO - Started process (PID=115) to work on /home/airflow/.local/lib/python3.8/site-packages/airflow/example_dags/example_branch_python_dop_operator_3.py
[2025-09-25T16:10:51.817+0000] {processor.py:829} INFO - Processing file /home/airflow/.local/lib/python3.8/site-packages/airflow/example_dags/example_branch_python_dop_operator_3.py for tasks to queue
[2025-09-25T16:10:51.822+0000] {logging_mixin.py:154} INFO - [2025-09-25T16:10:51.822+0000] {dagbag.py:536} INFO - Filling up the DagBag from /home/airflow/.local/lib/python3.8/site-packages/airflow/example_dags/example_branch_python_dop_operator_3.py
[2025-09-25T16:10:51.843+0000] {processor.py:839} INFO - DAG(s) dict_keys(['example_branch_dop_operator_v3']) retrieved from /home/airflow/.local/lib/python3.8/site-packages/airflow/example_dags/example_branch_python_dop_operator_3.py
[2025-09-25T16:10:51.896+0000] {logging_mixin.py:154} INFO - [2025-09-25T16:10:51.895+0000] {dag.py:2941} INFO - Sync 1 DAGs
[2025-09-25T16:10:51.941+0000] {logging_mixin.py:154} INFO - [2025-09-25T16:10:51.941+0000] {dag.py:3722} INFO - Setting next_dagrun for example_branch_dop_operator_v3 to 2025-09-25T16:09:00+00:00, run_after=2025-09-25T16:10:00+00:00
[2025-09-25T16:10:51.994+0000] {processor.py:179} INFO - Processing /home/airflow/.local/lib/python3.8/site-packages/airflow/example_dags/example_branch_python_dop_operator_3.py took 0.189 seconds
[2025-09-25T16:11:22.608+0000] {processor.py:157} INFO - Started process (PID=169) to work on /home/airflow/.local/lib/python3.8/site-packages/airflow/example_dags/example_branch_python_dop_operator_3.py
[2025-09-25T16:11:22.613+0000] {processor.py:829} INFO - Processing file /home/airflow/.local/lib/python3.8/site-packages/airflow/example_dags/example_branch_python_dop_operator_3.py for tasks to queue
[2025-09-25T16:11:22.619+0000] {logging_mixin.py:154} INFO - [2025-09-25T16:11:22.618+0000] {dagbag.py:536} INFO - Filling up the DagBag from /home/airflow/.local/lib/python3.8/site-packages/airflow/example_dags/example_branch_python_dop_operator_3.py
[2025-09-25T16:11:22.642+0000] {processor.py:839} INFO - DAG(s) dict_keys(['example_branch_dop_operator_v3']) retrieved from /home/airflow/.local/lib/python3.8/site-packages/airflow/example_dags/example_branch_python_dop_operator_3.py
[2025-09-25T16:11:22.708+0000] {logging_mixin.py:154} INFO - [2025-09-25T16:11:22.707+0000] {dag.py:2941} INFO - Sync 1 DAGs
[2025-09-25T16:11:22.771+0000] {logging_mixin.py:154} INFO - [2025-09-25T16:11:22.771+0000] {dag.py:3722} INFO - Setting next_dagrun for example_branch_dop_operator_v3 to 2025-09-25T16:10:00+00:00, run_after=2025-09-25T16:11:00+00:00
[2025-09-25T16:11:22.820+0000] {processor.py:179} INFO - Processing /home/airflow/.local/lib/python3.8/site-packages/airflow/example_dags/example_branch_python_dop_operator_3.py took 0.225 seconds
[2025-09-25T16:11:52.938+0000] {processor.py:157} INFO - Started process (PID=223) to work on /home/airflow/.local/lib/python3.8/site-packages/airflow/example_dags/example_branch_python_dop_operator_3.py
[2025-09-25T16:11:52.940+0000] {processor.py:829} INFO - Processing file /home/airflow/.local/lib/python3.8/site-packages/airflow/example_dags/example_branch_python_dop_operator_3.py for tasks to queue
[2025-09-25T16:11:52.944+0000] {logging_mixin.py:154} INFO - [2025-09-25T16:11:52.944+0000] {dagbag.py:536} INFO - Filling up the DagBag from /home/airflow/.local/lib/python3.8/site-packages/airflow/example_dags/example_branch_python_dop_operator_3.py
[2025-09-25T16:11:52.957+0000] {processor.py:839} INFO - DAG(s) dict_keys(['example_branch_dop_operator_v3']) retrieved from /home/airflow/.local/lib/python3.8/site-packages/airflow/example_dags/example_branch_python_dop_operator_3.py
[2025-09-25T16:11:52.991+0000] {logging_mixin.py:154} INFO - [2025-09-25T16:11:52.990+0000] {dag.py:2941} INFO - Sync 1 DAGs
[2025-09-25T16:11:53.022+0000] {logging_mixin.py:154} INFO - [2025-09-25T16:11:53.021+0000] {dag.py:3722} INFO - Setting next_dagrun for example_branch_dop_operator_v3 to 2025-09-25T16:10:00+00:00, run_after=2025-09-25T16:11:00+00:00
[2025-09-25T16:11:53.046+0000] {processor.py:179} INFO - Processing /home/airflow/.local/lib/python3.8/site-packages/airflow/example_dags/example_branch_python_dop_operator_3.py took 0.113 seconds
[2025-09-25T16:12:23.529+0000] {processor.py:157} INFO - Started process (PID=277) to work on /home/airflow/.local/lib/python3.8/site-packages/airflow/example_dags/example_branch_python_dop_operator_3.py
[2025-09-25T16:12:23.530+0000] {processor.py:829} INFO - Processing file /home/airflow/.local/lib/python3.8/site-packages/airflow/example_dags/example_branch_python_dop_operator_3.py for tasks to queue
[2025-09-25T16:12:23.534+0000] {logging_mixin.py:154} INFO - [2025-09-25T16:12:23.533+0000] {dagbag.py:536} INFO - Filling up the DagBag from /home/airflow/.local/lib/python3.8/site-packages/airflow/example_dags/example_branch_python_dop_operator_3.py
[2025-09-25T16:12:23.546+0000] {processor.py:839} INFO - DAG(s) dict_keys(['example_branch_dop_operator_v3']) retrieved from /home/airflow/.local/lib/python3.8/site-packages/airflow/example_dags/example_branch_python_dop_operator_3.py
[2025-09-25T16:12:23.572+0000] {logging_mixin.py:154} INFO - [2025-09-25T16:12:23.572+0000] {dag.py:2941} INFO - Sync 1 DAGs
[2025-09-25T16:12:23.603+0000] {logging_mixin.py:154} INFO - [2025-09-25T16:12:23.603+0000] {dag.py:3722} INFO - Setting next_dagrun for example_branch_dop_operator_v3 to 2025-09-25T16:11:00+00:00, run_after=2025-09-25T16:12:00+00:00
[2025-09-25T16:12:23.626+0000] {processor.py:179} INFO - Processing /home/airflow/.local/lib/python3.8/site-packages/airflow/example_dags/example_branch_python_dop_operator_3.py took 0.103 seconds
[2025-09-25T16:12:54.317+0000] {processor.py:157} INFO - Started process (PID=331) to work on /home/airflow/.local/lib/python3.8/site-packages/airflow/example_dags/example_branch_python_dop_operator_3.py
[2025-09-25T16:12:54.319+0000] {processor.py:829} INFO - Processing file /home/airflow/.local/lib/python3.8/site-packages/airflow/example_dags/example_branch_python_dop_operator_3.py for tasks to queue
[2025-09-25T16:12:54.324+0000] {logging_mixin.py:154} INFO - [2025-09-25T16:12:54.323+0000] {dagbag.py:536} INFO - Filling up the DagBag from /home/airflow/.local/lib/python3.8/site-packages/airflow/example_dags/example_branch_python_dop_operator_3.py
[2025-09-25T16:12:54.338+0000] {processor.py:839} INFO - DAG(s) dict_keys(['example_branch_dop_operator_v3']) retrieved from /home/airflow/.local/lib/python3.8/site-packages/airflow/example_dags/example_branch_python_dop_operator_3.py
[2025-09-25T16:12:54.370+0000] {logging_mixin.py:154} INFO - [2025-09-25T16:12:54.369+0000] {dag.py:2941} INFO - Sync 1 DAGs
[2025-09-25T16:12:54.406+0000] {logging_mixin.py:154} INFO - [2025-09-25T16:12:54.405+0000] {dag.py:3722} INFO - Setting next_dagrun for example_branch_dop_operator_v3 to 2025-09-25T16:11:00+00:00, run_after=2025-09-25T16:12:00+00:00
[2025-09-25T16:12:54.431+0000] {processor.py:179} INFO - Processing /home/airflow/.local/lib/python3.8/site-packages/airflow/example_dags/example_branch_python_dop_operator_3.py took 0.119 seconds
[2025-09-25T16:13:24.933+0000] {processor.py:157} INFO - Started process (PID=385) to work on /home/airflow/.local/lib/python3.8/site-packages/airflow/example_dags/example_branch_python_dop_operator_3.py
[2025-09-25T16:13:24.935+0000] {processor.py:829} INFO - Processing file /home/airflow/.local/lib/python3.8/site-packages/airflow/example_dags/example_branch_python_dop_operator_3.py for tasks to queue
[2025-09-25T16:13:24.938+0000] {logging_mixin.py:154} INFO - [2025-09-25T16:13:24.937+0000] {dagbag.py:536} INFO - Filling up the DagBag from /home/airflow/.local/lib/python3.8/site-packages/airflow/example_dags/example_branch_python_dop_operator_3.py
[2025-09-25T16:13:24.949+0000] {processor.py:839} INFO - DAG(s) dict_keys(['example_branch_dop_operator_v3']) retrieved from /home/airflow/.local/lib/python3.8/site-packages/airflow/example_dags/example_branch_python_dop_operator_3.py
[2025-09-25T16:13:24.978+0000] {logging_mixin.py:154} INFO - [2025-09-25T16:13:24.978+0000] {dag.py:2941} INFO - Sync 1 DAGs
[2025-09-25T16:13:25.009+0000] {logging_mixin.py:154} INFO - [2025-09-25T16:13:25.009+0000] {dag.py:3722} INFO - Setting next_dagrun for example_branch_dop_operator_v3 to 2025-09-25T16:12:00+00:00, run_after=2025-09-25T16:13:00+00:00
[2025-09-25T16:13:25.036+0000] {processor.py:179} INFO - Processing /home/airflow/.local/lib/python3.8/site-packages/airflow/example_dags/example_branch_python_dop_operator_3.py took 0.108 seconds
[2025-09-25T16:13:55.994+0000] {processor.py:157} INFO - Started process (PID=439) to work on /home/airflow/.local/lib/python3.8/site-packages/airflow/example_dags/example_branch_python_dop_operator_3.py
[2025-09-25T16:13:55.996+0000] {processor.py:829} INFO - Processing file /home/airflow/.local/lib/python3.8/site-packages/airflow/example_dags/example_branch_python_dop_operator_3.py for tasks to queue
[2025-09-25T16:13:55.999+0000] {logging_mixin.py:154} INFO - [2025-09-25T16:13:55.998+0000] {dagbag.py:536} INFO - Filling up the DagBag from /home/airflow/.local/lib/python3.8/site-packages/airflow/example_dags/example_branch_python_dop_operator_3.py
[2025-09-25T16:13:56.013+0000] {processor.py:839} INFO - DAG(s) dict_keys(['example_branch_dop_operator_v3']) retrieved from /home/airflow/.local/lib/python3.8/site-packages/airflow/example_dags/example_branch_python_dop_operator_3.py
[2025-09-25T16:13:56.045+0000] {logging_mixin.py:154} INFO - [2025-09-25T16:13:56.045+0000] {dag.py:2941} INFO - Sync 1 DAGs
[2025-09-25T16:13:56.079+0000] {logging_mixin.py:154} INFO - [2025-09-25T16:13:56.079+0000] {dag.py:3722} INFO - Setting next_dagrun for example_branch_dop_operator_v3 to 2025-09-25T16:12:00+00:00, run_after=2025-09-25T16:13:00+00:00
[2025-09-25T16:13:56.107+0000] {processor.py:179} INFO - Processing /home/airflow/.local/lib/python3.8/site-packages/airflow/example_dags/example_branch_python_dop_operator_3.py took 0.118 seconds
[2025-09-25T16:14:26.293+0000] {processor.py:157} INFO - Started process (PID=493) to work on /home/airflow/.local/lib/python3.8/site-packages/airflow/example_dags/example_branch_python_dop_operator_3.py
[2025-09-25T16:14:26.295+0000] {processor.py:829} INFO - Processing file /home/airflow/.local/lib/python3.8/site-packages/airflow/example_dags/example_branch_python_dop_operator_3.py for tasks to queue
[2025-09-25T16:14:26.298+0000] {logging_mixin.py:154} INFO - [2025-09-25T16:14:26.298+0000] {dagbag.py:536} INFO - Filling up the DagBag from /home/airflow/.local/lib/python3.8/site-packages/airflow/example_dags/example_branch_python_dop_operator_3.py
[2025-09-25T16:14:26.309+0000] {processor.py:839} INFO - DAG(s) dict_keys(['example_branch_dop_operator_v3']) retrieved from /home/airflow/.local/lib/python3.8/site-packages/airflow/example_dags/example_branch_python_dop_operator_3.py
[2025-09-25T16:14:26.343+0000] {logging_mixin.py:154} INFO - [2025-09-25T16:14:26.343+0000] {dag.py:2941} INFO - Sync 1 DAGs
[2025-09-25T16:14:26.375+0000] {logging_mixin.py:154} INFO - [2025-09-25T16:14:26.374+0000] {dag.py:3722} INFO - Setting next_dagrun for example_branch_dop_operator_v3 to 2025-09-25T16:13:00+00:00, run_after=2025-09-25T16:14:00+00:00
[2025-09-25T16:14:26.398+0000] {processor.py:179} INFO - Processing /home/airflow/.local/lib/python3.8/site-packages/airflow/example_dags/example_branch_python_dop_operator_3.py took 0.111 seconds
[2025-09-25T16:14:57.056+0000] {processor.py:157} INFO - Started process (PID=547) to work on /home/airflow/.local/lib/python3.8/site-packages/airflow/example_dags/example_branch_python_dop_operator_3.py
[2025-09-25T16:14:57.057+0000] {processor.py:829} INFO - Processing file /home/airflow/.local/lib/python3.8/site-packages/airflow/example_dags/example_branch_python_dop_operator_3.py for tasks to queue
[2025-09-25T16:14:57.061+0000] {logging_mixin.py:154} INFO - [2025-09-25T16:14:57.060+0000] {dagbag.py:536} INFO - Filling up the DagBag from /home/airflow/.local/lib/python3.8/site-packages/airflow/example_dags/example_branch_python_dop_operator_3.py
[2025-09-25T16:14:57.077+0000] {processor.py:839} INFO - DAG(s) dict_keys(['example_branch_dop_operator_v3']) retrieved from /home/airflow/.local/lib/python3.8/site-packages/airflow/example_dags/example_branch_python_dop_operator_3.py
[2025-09-25T16:14:57.110+0000] {logging_mixin.py:154} INFO - [2025-09-25T16:14:57.109+0000] {dag.py:2941} INFO - Sync 1 DAGs
[2025-09-25T16:14:57.146+0000] {logging_mixin.py:154} INFO - [2025-09-25T16:14:57.146+0000] {dag.py:3722} INFO - Setting next_dagrun for example_branch_dop_operator_v3 to 2025-09-25T16:13:00+00:00, run_after=2025-09-25T16:14:00+00:00
[2025-09-25T16:14:57.175+0000] {processor.py:179} INFO - Processing /home/airflow/.local/lib/python3.8/site-packages/airflow/example_dags/example_branch_python_dop_operator_3.py took 0.125 seconds
[2025-09-25T16:15:27.781+0000] {processor.py:157} INFO - Started process (PID=601) to work on /home/airflow/.local/lib/python3.8/site-packages/airflow/example_dags/example_branch_python_dop_operator_3.py
[2025-09-25T16:15:27.791+0000] {processor.py:829} INFO - Processing file /home/airflow/.local/lib/python3.8/site-packages/airflow/example_dags/example_branch_python_dop_operator_3.py for tasks to queue
[2025-09-25T16:15:27.799+0000] {logging_mixin.py:154} INFO - [2025-09-25T16:15:27.798+0000] {dagbag.py:536} INFO - Filling up the DagBag from /home/airflow/.local/lib/python3.8/site-packages/airflow/example_dags/example_branch_python_dop_operator_3.py
[2025-09-25T16:15:27.830+0000] {processor.py:839} INFO - DAG(s) dict_keys(['example_branch_dop_operator_v3']) retrieved from /home/airflow/.local/lib/python3.8/site-packages/airflow/example_dags/example_branch_python_dop_operator_3.py
[2025-09-25T16:15:27.900+0000] {logging_mixin.py:154} INFO - [2025-09-25T16:15:27.899+0000] {dag.py:2941} INFO - Sync 1 DAGs
[2025-09-25T16:15:27.935+0000] {logging_mixin.py:154} INFO - [2025-09-25T16:15:27.935+0000] {dag.py:3722} INFO - Setting next_dagrun for example_branch_dop_operator_v3 to 2025-09-25T16:14:00+00:00, run_after=2025-09-25T16:15:00+00:00
[2025-09-25T16:15:27.962+0000] {processor.py:179} INFO - Processing /home/airflow/.local/lib/python3.8/site-packages/airflow/example_dags/example_branch_python_dop_operator_3.py took 0.190 seconds
[2025-09-25T16:15:58.459+0000] {processor.py:157} INFO - Started process (PID=655) to work on /home/airflow/.local/lib/python3.8/site-packages/airflow/example_dags/example_branch_python_dop_operator_3.py
[2025-09-25T16:15:58.461+0000] {processor.py:829} INFO - Processing file /home/airflow/.local/lib/python3.8/site-packages/airflow/example_dags/example_branch_python_dop_operator_3.py for tasks to queue
[2025-09-25T16:15:58.464+0000] {logging_mixin.py:154} INFO - [2025-09-25T16:15:58.463+0000] {dagbag.py:536} INFO - Filling up the DagBag from /home/airflow/.local/lib/python3.8/site-packages/airflow/example_dags/example_branch_python_dop_operator_3.py
[2025-09-25T16:15:58.475+0000] {processor.py:839} INFO - DAG(s) dict_keys(['example_branch_dop_operator_v3']) retrieved from /home/airflow/.local/lib/python3.8/site-packages/airflow/example_dags/example_branch_python_dop_operator_3.py
[2025-09-25T16:15:58.500+0000] {logging_mixin.py:154} INFO - [2025-09-25T16:15:58.499+0000] {dag.py:2941} INFO - Sync 1 DAGs
[2025-09-25T16:15:58.529+0000] {logging_mixin.py:154} INFO - [2025-09-25T16:15:58.529+0000] {dag.py:3722} INFO - Setting next_dagrun for example_branch_dop_operator_v3 to 2025-09-25T16:14:00+00:00, run_after=2025-09-25T16:15:00+00:00
[2025-09-25T16:15:58.554+0000] {processor.py:179} INFO - Processing /home/airflow/.local/lib/python3.8/site-packages/airflow/example_dags/example_branch_python_dop_operator_3.py took 0.099 seconds
[2025-09-25T16:16:28.794+0000] {processor.py:157} INFO - Started process (PID=709) to work on /home/airflow/.local/lib/python3.8/site-packages/airflow/example_dags/example_branch_python_dop_operator_3.py
[2025-09-25T16:16:28.797+0000] {processor.py:829} INFO - Processing file /home/airflow/.local/lib/python3.8/site-packages/airflow/example_dags/example_branch_python_dop_operator_3.py for tasks to queue
[2025-09-25T16:16:28.800+0000] {logging_mixin.py:154} INFO - [2025-09-25T16:16:28.799+0000] {dagbag.py:536} INFO - Filling up the DagBag from /home/airflow/.local/lib/python3.8/site-packages/airflow/example_dags/example_branch_python_dop_operator_3.py
[2025-09-25T16:16:28.811+0000] {processor.py:839} INFO - DAG(s) dict_keys(['example_branch_dop_operator_v3']) retrieved from /home/airflow/.local/lib/python3.8/site-packages/airflow/example_dags/example_branch_python_dop_operator_3.py
[2025-09-25T16:16:28.839+0000] {logging_mixin.py:154} INFO - [2025-09-25T16:16:28.839+0000] {dag.py:2941} INFO - Sync 1 DAGs
[2025-09-25T16:16:28.871+0000] {logging_mixin.py:154} INFO - [2025-09-25T16:16:28.871+0000] {dag.py:3722} INFO - Setting next_dagrun for example_branch_dop_operator_v3 to 2025-09-25T16:15:00+00:00, run_after=2025-09-25T16:16:00+00:00
[2025-09-25T16:16:28.897+0000] {processor.py:179} INFO - Processing /home/airflow/.local/lib/python3.8/site-packages/airflow/example_dags/example_branch_python_dop_operator_3.py took 0.107 seconds
[2025-09-25T16:16:59.622+0000] {processor.py:157} INFO - Started process (PID=763) to work on /home/airflow/.local/lib/python3.8/site-packages/airflow/example_dags/example_branch_python_dop_operator_3.py
[2025-09-25T16:16:59.636+0000] {processor.py:829} INFO - Processing file /home/airflow/.local/lib/python3.8/site-packages/airflow/example_dags/example_branch_python_dop_operator_3.py for tasks to queue
[2025-09-25T16:16:59.645+0000] {logging_mixin.py:154} INFO - [2025-09-25T16:16:59.644+0000] {dagbag.py:536} INFO - Filling up the DagBag from /home/airflow/.local/lib/python3.8/site-packages/airflow/example_dags/example_branch_python_dop_operator_3.py
[2025-09-25T16:16:59.672+0000] {processor.py:839} INFO - DAG(s) dict_keys(['example_branch_dop_operator_v3']) retrieved from /home/airflow/.local/lib/python3.8/site-packages/airflow/example_dags/example_branch_python_dop_operator_3.py
[2025-09-25T16:16:59.714+0000] {logging_mixin.py:154} INFO - [2025-09-25T16:16:59.714+0000] {dag.py:2941} INFO - Sync 1 DAGs
[2025-09-25T16:16:59.748+0000] {logging_mixin.py:154} INFO - [2025-09-25T16:16:59.748+0000] {dag.py:3722} INFO - Setting next_dagrun for example_branch_dop_operator_v3 to 2025-09-25T16:15:00+00:00, run_after=2025-09-25T16:16:00+00:00
[2025-09-25T16:16:59.771+0000] {processor.py:179} INFO - Processing /home/airflow/.local/lib/python3.8/site-packages/airflow/example_dags/example_branch_python_dop_operator_3.py took 0.158 seconds
[2025-09-25T16:17:29.956+0000] {processor.py:157} INFO - Started process (PID=817) to work on /home/airflow/.local/lib/python3.8/site-packages/airflow/example_dags/example_branch_python_dop_operator_3.py
[2025-09-25T16:17:29.957+0000] {processor.py:829} INFO - Processing file /home/airflow/.local/lib/python3.8/site-packages/airflow/example_dags/example_branch_python_dop_operator_3.py for tasks to queue
[2025-09-25T16:17:29.961+0000] {logging_mixin.py:154} INFO - [2025-09-25T16:17:29.961+0000] {dagbag.py:536} INFO - Filling up the DagBag from /home/airflow/.local/lib/python3.8/site-packages/airflow/example_dags/example_branch_python_dop_operator_3.py
[2025-09-25T16:17:29.974+0000] {processor.py:839} INFO - DAG(s) dict_keys(['example_branch_dop_operator_v3']) retrieved from /home/airflow/.local/lib/python3.8/site-packages/airflow/example_dags/example_branch_python_dop_operator_3.py
[2025-09-25T16:17:30.008+0000] {logging_mixin.py:154} INFO - [2025-09-25T16:17:30.007+0000] {dag.py:2941} INFO - Sync 1 DAGs
[2025-09-25T16:17:30.044+0000] {logging_mixin.py:154} INFO - [2025-09-25T16:17:30.044+0000] {dag.py:3722} INFO - Setting next_dagrun for example_branch_dop_operator_v3 to 2025-09-25T16:16:00+00:00, run_after=2025-09-25T16:17:00+00:00
[2025-09-25T16:17:30.071+0000] {processor.py:179} INFO - Processing /home/airflow/.local/lib/python3.8/site-packages/airflow/example_dags/example_branch_python_dop_operator_3.py took 0.121 seconds
[2025-09-25T16:18:00.614+0000] {processor.py:157} INFO - Started process (PID=871) to work on /home/airflow/.local/lib/python3.8/site-packages/airflow/example_dags/example_branch_python_dop_operator_3.py
[2025-09-25T16:18:00.617+0000] {processor.py:829} INFO - Processing file /home/airflow/.local/lib/python3.8/site-packages/airflow/example_dags/example_branch_python_dop_operator_3.py for tasks to queue
[2025-09-25T16:18:00.622+0000] {logging_mixin.py:154} INFO - [2025-09-25T16:18:00.622+0000] {dagbag.py:536} INFO - Filling up the DagBag from /home/airflow/.local/lib/python3.8/site-packages/airflow/example_dags/example_branch_python_dop_operator_3.py
[2025-09-25T16:18:00.637+0000] {processor.py:839} INFO - DAG(s) dict_keys(['example_branch_dop_operator_v3']) retrieved from /home/airflow/.local/lib/python3.8/site-packages/airflow/example_dags/example_branch_python_dop_operator_3.py
[2025-09-25T16:18:00.673+0000] {logging_mixin.py:154} INFO - [2025-09-25T16:18:00.673+0000] {dag.py:2941} INFO - Sync 1 DAGs
[2025-09-25T16:18:00.710+0000] {logging_mixin.py:154} INFO - [2025-09-25T16:18:00.709+0000] {dag.py:3722} INFO - Setting next_dagrun for example_branch_dop_operator_v3 to 2025-09-25T16:17:00+00:00, run_after=2025-09-25T16:18:00+00:00
[2025-09-25T16:18:00.740+0000] {processor.py:179} INFO - Processing /home/airflow/.local/lib/python3.8/site-packages/airflow/example_dags/example_branch_python_dop_operator_3.py took 0.131 seconds
