[2025-09-25T16:10:49.868+0000] {processor.py:157} INFO - Started process (PID=107) to work on /home/airflow/.local/lib/python3.8/site-packages/airflow/example_dags/example_python_operator.py
[2025-09-25T16:10:49.875+0000] {processor.py:829} INFO - Processing file /home/airflow/.local/lib/python3.8/site-packages/airflow/example_dags/example_python_operator.py for tasks to queue
[2025-09-25T16:10:49.893+0000] {logging_mixin.py:154} INFO - [2025-09-25T16:10:49.892+0000] {dagbag.py:536} INFO - Filling up the DagBag from /home/airflow/.local/lib/python3.8/site-packages/airflow/example_dags/example_python_operator.py
[2025-09-25T16:10:49.989+0000] {processor.py:839} INFO - DAG(s) dict_keys(['example_python_operator']) retrieved from /home/airflow/.local/lib/python3.8/site-packages/airflow/example_dags/example_python_operator.py
[2025-09-25T16:10:50.400+0000] {logging_mixin.py:154} INFO - [2025-09-25T16:10:50.400+0000] {dag.py:2941} INFO - Sync 1 DAGs
[2025-09-25T16:10:50.438+0000] {logging_mixin.py:154} INFO - [2025-09-25T16:10:50.438+0000] {dag.py:3722} INFO - Setting next_dagrun for example_python_operator to None, run_after=None
[2025-09-25T16:10:50.521+0000] {processor.py:179} INFO - Processing /home/airflow/.local/lib/python3.8/site-packages/airflow/example_dags/example_python_operator.py took 0.684 seconds
[2025-09-25T16:11:21.487+0000] {processor.py:157} INFO - Started process (PID=161) to work on /home/airflow/.local/lib/python3.8/site-packages/airflow/example_dags/example_python_operator.py
[2025-09-25T16:11:21.490+0000] {processor.py:829} INFO - Processing file /home/airflow/.local/lib/python3.8/site-packages/airflow/example_dags/example_python_operator.py for tasks to queue
[2025-09-25T16:11:21.497+0000] {logging_mixin.py:154} INFO - [2025-09-25T16:11:21.496+0000] {dagbag.py:536} INFO - Filling up the DagBag from /home/airflow/.local/lib/python3.8/site-packages/airflow/example_dags/example_python_operator.py
[2025-09-25T16:11:21.517+0000] {processor.py:839} INFO - DAG(s) dict_keys(['example_python_operator']) retrieved from /home/airflow/.local/lib/python3.8/site-packages/airflow/example_dags/example_python_operator.py
[2025-09-25T16:11:21.563+0000] {logging_mixin.py:154} INFO - [2025-09-25T16:11:21.563+0000] {dag.py:2941} INFO - Sync 1 DAGs
[2025-09-25T16:11:21.593+0000] {logging_mixin.py:154} INFO - [2025-09-25T16:11:21.593+0000] {dag.py:3722} INFO - Setting next_dagrun for example_python_operator to None, run_after=None
[2025-09-25T16:11:21.642+0000] {processor.py:179} INFO - Processing /home/airflow/.local/lib/python3.8/site-packages/airflow/example_dags/example_python_operator.py took 0.161 seconds
[2025-09-25T16:11:52.244+0000] {processor.py:157} INFO - Started process (PID=215) to work on /home/airflow/.local/lib/python3.8/site-packages/airflow/example_dags/example_python_operator.py
[2025-09-25T16:11:52.245+0000] {processor.py:829} INFO - Processing file /home/airflow/.local/lib/python3.8/site-packages/airflow/example_dags/example_python_operator.py for tasks to queue
[2025-09-25T16:11:52.249+0000] {logging_mixin.py:154} INFO - [2025-09-25T16:11:52.248+0000] {dagbag.py:536} INFO - Filling up the DagBag from /home/airflow/.local/lib/python3.8/site-packages/airflow/example_dags/example_python_operator.py
[2025-09-25T16:11:52.261+0000] {processor.py:839} INFO - DAG(s) dict_keys(['example_python_operator']) retrieved from /home/airflow/.local/lib/python3.8/site-packages/airflow/example_dags/example_python_operator.py
[2025-09-25T16:11:52.294+0000] {logging_mixin.py:154} INFO - [2025-09-25T16:11:52.294+0000] {dag.py:2941} INFO - Sync 1 DAGs
[2025-09-25T16:11:52.312+0000] {logging_mixin.py:154} INFO - [2025-09-25T16:11:52.311+0000] {dag.py:3722} INFO - Setting next_dagrun for example_python_operator to None, run_after=None
[2025-09-25T16:11:52.338+0000] {processor.py:179} INFO - Processing /home/airflow/.local/lib/python3.8/site-packages/airflow/example_dags/example_python_operator.py took 0.099 seconds
[2025-09-25T16:12:22.931+0000] {processor.py:157} INFO - Started process (PID=269) to work on /home/airflow/.local/lib/python3.8/site-packages/airflow/example_dags/example_python_operator.py
[2025-09-25T16:12:22.933+0000] {processor.py:829} INFO - Processing file /home/airflow/.local/lib/python3.8/site-packages/airflow/example_dags/example_python_operator.py for tasks to queue
[2025-09-25T16:12:22.937+0000] {logging_mixin.py:154} INFO - [2025-09-25T16:12:22.936+0000] {dagbag.py:536} INFO - Filling up the DagBag from /home/airflow/.local/lib/python3.8/site-packages/airflow/example_dags/example_python_operator.py
[2025-09-25T16:12:22.950+0000] {processor.py:839} INFO - DAG(s) dict_keys(['example_python_operator']) retrieved from /home/airflow/.local/lib/python3.8/site-packages/airflow/example_dags/example_python_operator.py
[2025-09-25T16:12:22.990+0000] {logging_mixin.py:154} INFO - [2025-09-25T16:12:22.990+0000] {dag.py:2941} INFO - Sync 1 DAGs
[2025-09-25T16:12:23.007+0000] {logging_mixin.py:154} INFO - [2025-09-25T16:12:23.007+0000] {dag.py:3722} INFO - Setting next_dagrun for example_python_operator to None, run_after=None
[2025-09-25T16:12:23.035+0000] {processor.py:179} INFO - Processing /home/airflow/.local/lib/python3.8/site-packages/airflow/example_dags/example_python_operator.py took 0.109 seconds
[2025-09-25T16:12:53.720+0000] {processor.py:157} INFO - Started process (PID=323) to work on /home/airflow/.local/lib/python3.8/site-packages/airflow/example_dags/example_python_operator.py
[2025-09-25T16:12:53.721+0000] {processor.py:829} INFO - Processing file /home/airflow/.local/lib/python3.8/site-packages/airflow/example_dags/example_python_operator.py for tasks to queue
[2025-09-25T16:12:53.724+0000] {logging_mixin.py:154} INFO - [2025-09-25T16:12:53.724+0000] {dagbag.py:536} INFO - Filling up the DagBag from /home/airflow/.local/lib/python3.8/site-packages/airflow/example_dags/example_python_operator.py
[2025-09-25T16:12:53.736+0000] {processor.py:839} INFO - DAG(s) dict_keys(['example_python_operator']) retrieved from /home/airflow/.local/lib/python3.8/site-packages/airflow/example_dags/example_python_operator.py
[2025-09-25T16:12:53.765+0000] {logging_mixin.py:154} INFO - [2025-09-25T16:12:53.765+0000] {dag.py:2941} INFO - Sync 1 DAGs
[2025-09-25T16:12:53.779+0000] {logging_mixin.py:154} INFO - [2025-09-25T16:12:53.779+0000] {dag.py:3722} INFO - Setting next_dagrun for example_python_operator to None, run_after=None
[2025-09-25T16:12:53.804+0000] {processor.py:179} INFO - Processing /home/airflow/.local/lib/python3.8/site-packages/airflow/example_dags/example_python_operator.py took 0.089 seconds
[2025-09-25T16:13:24.340+0000] {processor.py:157} INFO - Started process (PID=377) to work on /home/airflow/.local/lib/python3.8/site-packages/airflow/example_dags/example_python_operator.py
[2025-09-25T16:13:24.341+0000] {processor.py:829} INFO - Processing file /home/airflow/.local/lib/python3.8/site-packages/airflow/example_dags/example_python_operator.py for tasks to queue
[2025-09-25T16:13:24.345+0000] {logging_mixin.py:154} INFO - [2025-09-25T16:13:24.344+0000] {dagbag.py:536} INFO - Filling up the DagBag from /home/airflow/.local/lib/python3.8/site-packages/airflow/example_dags/example_python_operator.py
[2025-09-25T16:13:24.357+0000] {processor.py:839} INFO - DAG(s) dict_keys(['example_python_operator']) retrieved from /home/airflow/.local/lib/python3.8/site-packages/airflow/example_dags/example_python_operator.py
[2025-09-25T16:13:24.386+0000] {logging_mixin.py:154} INFO - [2025-09-25T16:13:24.385+0000] {dag.py:2941} INFO - Sync 1 DAGs
[2025-09-25T16:13:24.402+0000] {logging_mixin.py:154} INFO - [2025-09-25T16:13:24.402+0000] {dag.py:3722} INFO - Setting next_dagrun for example_python_operator to None, run_after=None
[2025-09-25T16:13:24.428+0000] {processor.py:179} INFO - Processing /home/airflow/.local/lib/python3.8/site-packages/airflow/example_dags/example_python_operator.py took 0.094 seconds
[2025-09-25T16:13:55.337+0000] {processor.py:157} INFO - Started process (PID=431) to work on /home/airflow/.local/lib/python3.8/site-packages/airflow/example_dags/example_python_operator.py
[2025-09-25T16:13:55.339+0000] {processor.py:829} INFO - Processing file /home/airflow/.local/lib/python3.8/site-packages/airflow/example_dags/example_python_operator.py for tasks to queue
[2025-09-25T16:13:55.342+0000] {logging_mixin.py:154} INFO - [2025-09-25T16:13:55.342+0000] {dagbag.py:536} INFO - Filling up the DagBag from /home/airflow/.local/lib/python3.8/site-packages/airflow/example_dags/example_python_operator.py
[2025-09-25T16:13:55.354+0000] {processor.py:839} INFO - DAG(s) dict_keys(['example_python_operator']) retrieved from /home/airflow/.local/lib/python3.8/site-packages/airflow/example_dags/example_python_operator.py
[2025-09-25T16:13:55.385+0000] {logging_mixin.py:154} INFO - [2025-09-25T16:13:55.384+0000] {dag.py:2941} INFO - Sync 1 DAGs
[2025-09-25T16:13:55.403+0000] {logging_mixin.py:154} INFO - [2025-09-25T16:13:55.403+0000] {dag.py:3722} INFO - Setting next_dagrun for example_python_operator to None, run_after=None
[2025-09-25T16:13:55.433+0000] {processor.py:179} INFO - Processing /home/airflow/.local/lib/python3.8/site-packages/airflow/example_dags/example_python_operator.py took 0.100 seconds
[2025-09-25T16:14:25.563+0000] {processor.py:157} INFO - Started process (PID=485) to work on /home/airflow/.local/lib/python3.8/site-packages/airflow/example_dags/example_python_operator.py
[2025-09-25T16:14:25.565+0000] {processor.py:829} INFO - Processing file /home/airflow/.local/lib/python3.8/site-packages/airflow/example_dags/example_python_operator.py for tasks to queue
[2025-09-25T16:14:25.570+0000] {logging_mixin.py:154} INFO - [2025-09-25T16:14:25.569+0000] {dagbag.py:536} INFO - Filling up the DagBag from /home/airflow/.local/lib/python3.8/site-packages/airflow/example_dags/example_python_operator.py
[2025-09-25T16:14:25.585+0000] {processor.py:839} INFO - DAG(s) dict_keys(['example_python_operator']) retrieved from /home/airflow/.local/lib/python3.8/site-packages/airflow/example_dags/example_python_operator.py
[2025-09-25T16:14:25.621+0000] {logging_mixin.py:154} INFO - [2025-09-25T16:14:25.621+0000] {dag.py:2941} INFO - Sync 1 DAGs
[2025-09-25T16:14:25.640+0000] {logging_mixin.py:154} INFO - [2025-09-25T16:14:25.640+0000] {dag.py:3722} INFO - Setting next_dagrun for example_python_operator to None, run_after=None
[2025-09-25T16:14:25.684+0000] {processor.py:179} INFO - Processing /home/airflow/.local/lib/python3.8/site-packages/airflow/example_dags/example_python_operator.py took 0.126 seconds
[2025-09-25T16:14:56.410+0000] {processor.py:157} INFO - Started process (PID=539) to work on /home/airflow/.local/lib/python3.8/site-packages/airflow/example_dags/example_python_operator.py
[2025-09-25T16:14:56.412+0000] {processor.py:829} INFO - Processing file /home/airflow/.local/lib/python3.8/site-packages/airflow/example_dags/example_python_operator.py for tasks to queue
[2025-09-25T16:14:56.417+0000] {logging_mixin.py:154} INFO - [2025-09-25T16:14:56.416+0000] {dagbag.py:536} INFO - Filling up the DagBag from /home/airflow/.local/lib/python3.8/site-packages/airflow/example_dags/example_python_operator.py
[2025-09-25T16:14:56.431+0000] {processor.py:839} INFO - DAG(s) dict_keys(['example_python_operator']) retrieved from /home/airflow/.local/lib/python3.8/site-packages/airflow/example_dags/example_python_operator.py
[2025-09-25T16:14:56.461+0000] {logging_mixin.py:154} INFO - [2025-09-25T16:14:56.461+0000] {dag.py:2941} INFO - Sync 1 DAGs
[2025-09-25T16:14:56.476+0000] {logging_mixin.py:154} INFO - [2025-09-25T16:14:56.476+0000] {dag.py:3722} INFO - Setting next_dagrun for example_python_operator to None, run_after=None
[2025-09-25T16:14:56.503+0000] {processor.py:179} INFO - Processing /home/airflow/.local/lib/python3.8/site-packages/airflow/example_dags/example_python_operator.py took 0.098 seconds
[2025-09-25T16:15:27.100+0000] {processor.py:157} INFO - Started process (PID=593) to work on /home/airflow/.local/lib/python3.8/site-packages/airflow/example_dags/example_python_operator.py
[2025-09-25T16:15:27.102+0000] {processor.py:829} INFO - Processing file /home/airflow/.local/lib/python3.8/site-packages/airflow/example_dags/example_python_operator.py for tasks to queue
[2025-09-25T16:15:27.105+0000] {logging_mixin.py:154} INFO - [2025-09-25T16:15:27.105+0000] {dagbag.py:536} INFO - Filling up the DagBag from /home/airflow/.local/lib/python3.8/site-packages/airflow/example_dags/example_python_operator.py
[2025-09-25T16:15:27.117+0000] {processor.py:839} INFO - DAG(s) dict_keys(['example_python_operator']) retrieved from /home/airflow/.local/lib/python3.8/site-packages/airflow/example_dags/example_python_operator.py
[2025-09-25T16:15:27.149+0000] {logging_mixin.py:154} INFO - [2025-09-25T16:15:27.148+0000] {dag.py:2941} INFO - Sync 1 DAGs
[2025-09-25T16:15:27.164+0000] {logging_mixin.py:154} INFO - [2025-09-25T16:15:27.163+0000] {dag.py:3722} INFO - Setting next_dagrun for example_python_operator to None, run_after=None
[2025-09-25T16:15:27.190+0000] {processor.py:179} INFO - Processing /home/airflow/.local/lib/python3.8/site-packages/airflow/example_dags/example_python_operator.py took 0.095 seconds
[2025-09-25T16:15:57.426+0000] {processor.py:157} INFO - Started process (PID=647) to work on /home/airflow/.local/lib/python3.8/site-packages/airflow/example_dags/example_python_operator.py
[2025-09-25T16:15:57.428+0000] {processor.py:829} INFO - Processing file /home/airflow/.local/lib/python3.8/site-packages/airflow/example_dags/example_python_operator.py for tasks to queue
[2025-09-25T16:15:57.431+0000] {logging_mixin.py:154} INFO - [2025-09-25T16:15:57.431+0000] {dagbag.py:536} INFO - Filling up the DagBag from /home/airflow/.local/lib/python3.8/site-packages/airflow/example_dags/example_python_operator.py
[2025-09-25T16:15:57.445+0000] {processor.py:839} INFO - DAG(s) dict_keys(['example_python_operator']) retrieved from /home/airflow/.local/lib/python3.8/site-packages/airflow/example_dags/example_python_operator.py
[2025-09-25T16:15:57.495+0000] {logging_mixin.py:154} INFO - [2025-09-25T16:15:57.494+0000] {dag.py:2941} INFO - Sync 1 DAGs
[2025-09-25T16:15:57.510+0000] {logging_mixin.py:154} INFO - [2025-09-25T16:15:57.509+0000] {dag.py:3722} INFO - Setting next_dagrun for example_python_operator to None, run_after=None
[2025-09-25T16:15:57.540+0000] {processor.py:179} INFO - Processing /home/airflow/.local/lib/python3.8/site-packages/airflow/example_dags/example_python_operator.py took 0.119 seconds
[2025-09-25T16:16:27.618+0000] {processor.py:157} INFO - Started process (PID=701) to work on /home/airflow/.local/lib/python3.8/site-packages/airflow/example_dags/example_python_operator.py
[2025-09-25T16:16:27.621+0000] {processor.py:829} INFO - Processing file /home/airflow/.local/lib/python3.8/site-packages/airflow/example_dags/example_python_operator.py for tasks to queue
[2025-09-25T16:16:27.626+0000] {logging_mixin.py:154} INFO - [2025-09-25T16:16:27.626+0000] {dagbag.py:536} INFO - Filling up the DagBag from /home/airflow/.local/lib/python3.8/site-packages/airflow/example_dags/example_python_operator.py
[2025-09-25T16:16:27.644+0000] {processor.py:839} INFO - DAG(s) dict_keys(['example_python_operator']) retrieved from /home/airflow/.local/lib/python3.8/site-packages/airflow/example_dags/example_python_operator.py
[2025-09-25T16:16:27.702+0000] {logging_mixin.py:154} INFO - [2025-09-25T16:16:27.701+0000] {dag.py:2941} INFO - Sync 1 DAGs
[2025-09-25T16:16:27.755+0000] {logging_mixin.py:154} INFO - [2025-09-25T16:16:27.754+0000] {dag.py:3722} INFO - Setting next_dagrun for example_python_operator to None, run_after=None
[2025-09-25T16:16:27.835+0000] {processor.py:179} INFO - Processing /home/airflow/.local/lib/python3.8/site-packages/airflow/example_dags/example_python_operator.py took 0.223 seconds
[2025-09-25T16:16:57.960+0000] {processor.py:157} INFO - Started process (PID=755) to work on /home/airflow/.local/lib/python3.8/site-packages/airflow/example_dags/example_python_operator.py
[2025-09-25T16:16:57.961+0000] {processor.py:829} INFO - Processing file /home/airflow/.local/lib/python3.8/site-packages/airflow/example_dags/example_python_operator.py for tasks to queue
[2025-09-25T16:16:57.965+0000] {logging_mixin.py:154} INFO - [2025-09-25T16:16:57.965+0000] {dagbag.py:536} INFO - Filling up the DagBag from /home/airflow/.local/lib/python3.8/site-packages/airflow/example_dags/example_python_operator.py
[2025-09-25T16:16:57.978+0000] {processor.py:839} INFO - DAG(s) dict_keys(['example_python_operator']) retrieved from /home/airflow/.local/lib/python3.8/site-packages/airflow/example_dags/example_python_operator.py
[2025-09-25T16:16:58.015+0000] {logging_mixin.py:154} INFO - [2025-09-25T16:16:58.015+0000] {dag.py:2941} INFO - Sync 1 DAGs
[2025-09-25T16:16:58.033+0000] {logging_mixin.py:154} INFO - [2025-09-25T16:16:58.033+0000] {dag.py:3722} INFO - Setting next_dagrun for example_python_operator to None, run_after=None
[2025-09-25T16:16:58.064+0000] {processor.py:179} INFO - Processing /home/airflow/.local/lib/python3.8/site-packages/airflow/example_dags/example_python_operator.py took 0.111 seconds
[2025-09-25T16:17:29.052+0000] {processor.py:157} INFO - Started process (PID=809) to work on /home/airflow/.local/lib/python3.8/site-packages/airflow/example_dags/example_python_operator.py
[2025-09-25T16:17:29.053+0000] {processor.py:829} INFO - Processing file /home/airflow/.local/lib/python3.8/site-packages/airflow/example_dags/example_python_operator.py for tasks to queue
[2025-09-25T16:17:29.058+0000] {logging_mixin.py:154} INFO - [2025-09-25T16:17:29.058+0000] {dagbag.py:536} INFO - Filling up the DagBag from /home/airflow/.local/lib/python3.8/site-packages/airflow/example_dags/example_python_operator.py
[2025-09-25T16:17:29.071+0000] {processor.py:839} INFO - DAG(s) dict_keys(['example_python_operator']) retrieved from /home/airflow/.local/lib/python3.8/site-packages/airflow/example_dags/example_python_operator.py
[2025-09-25T16:17:29.103+0000] {logging_mixin.py:154} INFO - [2025-09-25T16:17:29.102+0000] {dag.py:2941} INFO - Sync 1 DAGs
[2025-09-25T16:17:29.118+0000] {logging_mixin.py:154} INFO - [2025-09-25T16:17:29.117+0000] {dag.py:3722} INFO - Setting next_dagrun for example_python_operator to None, run_after=None
[2025-09-25T16:17:29.143+0000] {processor.py:179} INFO - Processing /home/airflow/.local/lib/python3.8/site-packages/airflow/example_dags/example_python_operator.py took 0.096 seconds
[2025-09-25T16:17:59.733+0000] {processor.py:157} INFO - Started process (PID=863) to work on /home/airflow/.local/lib/python3.8/site-packages/airflow/example_dags/example_python_operator.py
[2025-09-25T16:17:59.739+0000] {processor.py:829} INFO - Processing file /home/airflow/.local/lib/python3.8/site-packages/airflow/example_dags/example_python_operator.py for tasks to queue
[2025-09-25T16:17:59.746+0000] {logging_mixin.py:154} INFO - [2025-09-25T16:17:59.745+0000] {dagbag.py:536} INFO - Filling up the DagBag from /home/airflow/.local/lib/python3.8/site-packages/airflow/example_dags/example_python_operator.py
[2025-09-25T16:17:59.770+0000] {processor.py:839} INFO - DAG(s) dict_keys(['example_python_operator']) retrieved from /home/airflow/.local/lib/python3.8/site-packages/airflow/example_dags/example_python_operator.py
[2025-09-25T16:17:59.811+0000] {logging_mixin.py:154} INFO - [2025-09-25T16:17:59.811+0000] {dag.py:2941} INFO - Sync 1 DAGs
[2025-09-25T16:17:59.828+0000] {logging_mixin.py:154} INFO - [2025-09-25T16:17:59.828+0000] {dag.py:3722} INFO - Setting next_dagrun for example_python_operator to None, run_after=None
[2025-09-25T16:17:59.859+0000] {processor.py:179} INFO - Processing /home/airflow/.local/lib/python3.8/site-packages/airflow/example_dags/example_python_operator.py took 0.134 seconds
