[2025-09-25T16:10:45.126+0000] {processor.py:157} INFO - Started process (PID=90) to work on /home/airflow/.local/lib/python3.8/site-packages/airflow/example_dags/example_dynamic_task_mapping_with_no_taskflow_operators.py
[2025-09-25T16:10:45.128+0000] {processor.py:829} INFO - Processing file /home/airflow/.local/lib/python3.8/site-packages/airflow/example_dags/example_dynamic_task_mapping_with_no_taskflow_operators.py for tasks to queue
[2025-09-25T16:10:45.133+0000] {logging_mixin.py:154} INFO - [2025-09-25T16:10:45.133+0000] {dagbag.py:536} INFO - Filling up the DagBag from /home/airflow/.local/lib/python3.8/site-packages/airflow/example_dags/example_dynamic_task_mapping_with_no_taskflow_operators.py
[2025-09-25T16:10:45.152+0000] {processor.py:839} INFO - DAG(s) dict_keys(['example_dynamic_task_mapping_with_no_taskflow_operators']) retrieved from /home/airflow/.local/lib/python3.8/site-packages/airflow/example_dags/example_dynamic_task_mapping_with_no_taskflow_operators.py
[2025-09-25T16:10:45.211+0000] {logging_mixin.py:154} INFO - [2025-09-25T16:10:45.211+0000] {dag.py:2941} INFO - Sync 1 DAGs
[2025-09-25T16:10:45.256+0000] {logging_mixin.py:154} INFO - [2025-09-25T16:10:45.256+0000] {dag.py:3722} INFO - Setting next_dagrun for example_dynamic_task_mapping_with_no_taskflow_operators to 2025-09-24T16:10:45.256140+00:00, run_after=2025-09-25T16:10:45.256140+00:00
[2025-09-25T16:10:45.293+0000] {processor.py:179} INFO - Processing /home/airflow/.local/lib/python3.8/site-packages/airflow/example_dags/example_dynamic_task_mapping_with_no_taskflow_operators.py took 0.176 seconds
[2025-09-25T16:11:15.968+0000] {processor.py:157} INFO - Started process (PID=144) to work on /home/airflow/.local/lib/python3.8/site-packages/airflow/example_dags/example_dynamic_task_mapping_with_no_taskflow_operators.py
[2025-09-25T16:11:15.971+0000] {processor.py:829} INFO - Processing file /home/airflow/.local/lib/python3.8/site-packages/airflow/example_dags/example_dynamic_task_mapping_with_no_taskflow_operators.py for tasks to queue
[2025-09-25T16:11:15.974+0000] {logging_mixin.py:154} INFO - [2025-09-25T16:11:15.974+0000] {dagbag.py:536} INFO - Filling up the DagBag from /home/airflow/.local/lib/python3.8/site-packages/airflow/example_dags/example_dynamic_task_mapping_with_no_taskflow_operators.py
[2025-09-25T16:11:15.984+0000] {processor.py:839} INFO - DAG(s) dict_keys(['example_dynamic_task_mapping_with_no_taskflow_operators']) retrieved from /home/airflow/.local/lib/python3.8/site-packages/airflow/example_dags/example_dynamic_task_mapping_with_no_taskflow_operators.py
[2025-09-25T16:11:16.024+0000] {logging_mixin.py:154} INFO - [2025-09-25T16:11:16.023+0000] {dag.py:2941} INFO - Sync 1 DAGs
[2025-09-25T16:11:16.056+0000] {logging_mixin.py:154} INFO - [2025-09-25T16:11:16.056+0000] {dag.py:3722} INFO - Setting next_dagrun for example_dynamic_task_mapping_with_no_taskflow_operators to 2025-09-24T16:11:16.056047+00:00, run_after=2025-09-25T16:11:16.056047+00:00
[2025-09-25T16:11:16.089+0000] {processor.py:179} INFO - Processing /home/airflow/.local/lib/python3.8/site-packages/airflow/example_dags/example_dynamic_task_mapping_with_no_taskflow_operators.py took 0.126 seconds
[2025-09-25T16:11:46.644+0000] {processor.py:157} INFO - Started process (PID=198) to work on /home/airflow/.local/lib/python3.8/site-packages/airflow/example_dags/example_dynamic_task_mapping_with_no_taskflow_operators.py
[2025-09-25T16:11:46.646+0000] {processor.py:829} INFO - Processing file /home/airflow/.local/lib/python3.8/site-packages/airflow/example_dags/example_dynamic_task_mapping_with_no_taskflow_operators.py for tasks to queue
[2025-09-25T16:11:46.649+0000] {logging_mixin.py:154} INFO - [2025-09-25T16:11:46.649+0000] {dagbag.py:536} INFO - Filling up the DagBag from /home/airflow/.local/lib/python3.8/site-packages/airflow/example_dags/example_dynamic_task_mapping_with_no_taskflow_operators.py
[2025-09-25T16:11:46.658+0000] {processor.py:839} INFO - DAG(s) dict_keys(['example_dynamic_task_mapping_with_no_taskflow_operators']) retrieved from /home/airflow/.local/lib/python3.8/site-packages/airflow/example_dags/example_dynamic_task_mapping_with_no_taskflow_operators.py
[2025-09-25T16:11:46.692+0000] {logging_mixin.py:154} INFO - [2025-09-25T16:11:46.692+0000] {dag.py:2941} INFO - Sync 1 DAGs
[2025-09-25T16:11:46.718+0000] {logging_mixin.py:154} INFO - [2025-09-25T16:11:46.718+0000] {dag.py:3722} INFO - Setting next_dagrun for example_dynamic_task_mapping_with_no_taskflow_operators to 2025-09-24T16:11:46.718283+00:00, run_after=2025-09-25T16:11:46.718283+00:00
[2025-09-25T16:11:46.744+0000] {processor.py:179} INFO - Processing /home/airflow/.local/lib/python3.8/site-packages/airflow/example_dags/example_dynamic_task_mapping_with_no_taskflow_operators.py took 0.104 seconds
[2025-09-25T16:12:17.915+0000] {processor.py:157} INFO - Started process (PID=252) to work on /home/airflow/.local/lib/python3.8/site-packages/airflow/example_dags/example_dynamic_task_mapping_with_no_taskflow_operators.py
[2025-09-25T16:12:17.918+0000] {processor.py:829} INFO - Processing file /home/airflow/.local/lib/python3.8/site-packages/airflow/example_dags/example_dynamic_task_mapping_with_no_taskflow_operators.py for tasks to queue
[2025-09-25T16:12:17.923+0000] {logging_mixin.py:154} INFO - [2025-09-25T16:12:17.922+0000] {dagbag.py:536} INFO - Filling up the DagBag from /home/airflow/.local/lib/python3.8/site-packages/airflow/example_dags/example_dynamic_task_mapping_with_no_taskflow_operators.py
[2025-09-25T16:12:17.936+0000] {processor.py:839} INFO - DAG(s) dict_keys(['example_dynamic_task_mapping_with_no_taskflow_operators']) retrieved from /home/airflow/.local/lib/python3.8/site-packages/airflow/example_dags/example_dynamic_task_mapping_with_no_taskflow_operators.py
[2025-09-25T16:12:17.970+0000] {logging_mixin.py:154} INFO - [2025-09-25T16:12:17.969+0000] {dag.py:2941} INFO - Sync 1 DAGs
[2025-09-25T16:12:18.017+0000] {logging_mixin.py:154} INFO - [2025-09-25T16:12:18.016+0000] {dag.py:3722} INFO - Setting next_dagrun for example_dynamic_task_mapping_with_no_taskflow_operators to 2025-09-24T16:12:18.016648+00:00, run_after=2025-09-25T16:12:18.016648+00:00
[2025-09-25T16:12:18.045+0000] {processor.py:179} INFO - Processing /home/airflow/.local/lib/python3.8/site-packages/airflow/example_dags/example_dynamic_task_mapping_with_no_taskflow_operators.py took 0.138 seconds
[2025-09-25T16:12:48.193+0000] {processor.py:157} INFO - Started process (PID=306) to work on /home/airflow/.local/lib/python3.8/site-packages/airflow/example_dags/example_dynamic_task_mapping_with_no_taskflow_operators.py
[2025-09-25T16:12:48.195+0000] {processor.py:829} INFO - Processing file /home/airflow/.local/lib/python3.8/site-packages/airflow/example_dags/example_dynamic_task_mapping_with_no_taskflow_operators.py for tasks to queue
[2025-09-25T16:12:48.199+0000] {logging_mixin.py:154} INFO - [2025-09-25T16:12:48.198+0000] {dagbag.py:536} INFO - Filling up the DagBag from /home/airflow/.local/lib/python3.8/site-packages/airflow/example_dags/example_dynamic_task_mapping_with_no_taskflow_operators.py
[2025-09-25T16:12:48.208+0000] {processor.py:839} INFO - DAG(s) dict_keys(['example_dynamic_task_mapping_with_no_taskflow_operators']) retrieved from /home/airflow/.local/lib/python3.8/site-packages/airflow/example_dags/example_dynamic_task_mapping_with_no_taskflow_operators.py
[2025-09-25T16:12:48.234+0000] {logging_mixin.py:154} INFO - [2025-09-25T16:12:48.234+0000] {dag.py:2941} INFO - Sync 1 DAGs
[2025-09-25T16:12:48.262+0000] {logging_mixin.py:154} INFO - [2025-09-25T16:12:48.262+0000] {dag.py:3722} INFO - Setting next_dagrun for example_dynamic_task_mapping_with_no_taskflow_operators to 2025-09-24T16:12:48.261503+00:00, run_after=2025-09-25T16:12:48.261503+00:00
[2025-09-25T16:12:48.286+0000] {processor.py:179} INFO - Processing /home/airflow/.local/lib/python3.8/site-packages/airflow/example_dags/example_dynamic_task_mapping_with_no_taskflow_operators.py took 0.098 seconds
[2025-09-25T16:13:18.516+0000] {processor.py:157} INFO - Started process (PID=360) to work on /home/airflow/.local/lib/python3.8/site-packages/airflow/example_dags/example_dynamic_task_mapping_with_no_taskflow_operators.py
[2025-09-25T16:13:18.518+0000] {processor.py:829} INFO - Processing file /home/airflow/.local/lib/python3.8/site-packages/airflow/example_dags/example_dynamic_task_mapping_with_no_taskflow_operators.py for tasks to queue
[2025-09-25T16:13:18.521+0000] {logging_mixin.py:154} INFO - [2025-09-25T16:13:18.521+0000] {dagbag.py:536} INFO - Filling up the DagBag from /home/airflow/.local/lib/python3.8/site-packages/airflow/example_dags/example_dynamic_task_mapping_with_no_taskflow_operators.py
[2025-09-25T16:13:18.529+0000] {processor.py:839} INFO - DAG(s) dict_keys(['example_dynamic_task_mapping_with_no_taskflow_operators']) retrieved from /home/airflow/.local/lib/python3.8/site-packages/airflow/example_dags/example_dynamic_task_mapping_with_no_taskflow_operators.py
[2025-09-25T16:13:18.556+0000] {logging_mixin.py:154} INFO - [2025-09-25T16:13:18.556+0000] {dag.py:2941} INFO - Sync 1 DAGs
[2025-09-25T16:13:18.581+0000] {logging_mixin.py:154} INFO - [2025-09-25T16:13:18.581+0000] {dag.py:3722} INFO - Setting next_dagrun for example_dynamic_task_mapping_with_no_taskflow_operators to 2025-09-24T16:13:18.581308+00:00, run_after=2025-09-25T16:13:18.581308+00:00
[2025-09-25T16:13:18.603+0000] {processor.py:179} INFO - Processing /home/airflow/.local/lib/python3.8/site-packages/airflow/example_dags/example_dynamic_task_mapping_with_no_taskflow_operators.py took 0.091 seconds
[2025-09-25T16:13:49.562+0000] {processor.py:157} INFO - Started process (PID=414) to work on /home/airflow/.local/lib/python3.8/site-packages/airflow/example_dags/example_dynamic_task_mapping_with_no_taskflow_operators.py
[2025-09-25T16:13:49.567+0000] {processor.py:829} INFO - Processing file /home/airflow/.local/lib/python3.8/site-packages/airflow/example_dags/example_dynamic_task_mapping_with_no_taskflow_operators.py for tasks to queue
[2025-09-25T16:13:49.576+0000] {logging_mixin.py:154} INFO - [2025-09-25T16:13:49.576+0000] {dagbag.py:536} INFO - Filling up the DagBag from /home/airflow/.local/lib/python3.8/site-packages/airflow/example_dags/example_dynamic_task_mapping_with_no_taskflow_operators.py
[2025-09-25T16:13:49.603+0000] {processor.py:839} INFO - DAG(s) dict_keys(['example_dynamic_task_mapping_with_no_taskflow_operators']) retrieved from /home/airflow/.local/lib/python3.8/site-packages/airflow/example_dags/example_dynamic_task_mapping_with_no_taskflow_operators.py
[2025-09-25T16:13:49.652+0000] {logging_mixin.py:154} INFO - [2025-09-25T16:13:49.652+0000] {dag.py:2941} INFO - Sync 1 DAGs
[2025-09-25T16:13:49.684+0000] {logging_mixin.py:154} INFO - [2025-09-25T16:13:49.683+0000] {dag.py:3722} INFO - Setting next_dagrun for example_dynamic_task_mapping_with_no_taskflow_operators to 2025-09-24T16:13:49.683078+00:00, run_after=2025-09-25T16:13:49.683078+00:00
[2025-09-25T16:13:49.711+0000] {processor.py:179} INFO - Processing /home/airflow/.local/lib/python3.8/site-packages/airflow/example_dags/example_dynamic_task_mapping_with_no_taskflow_operators.py took 0.164 seconds
[2025-09-25T16:14:19.807+0000] {processor.py:157} INFO - Started process (PID=468) to work on /home/airflow/.local/lib/python3.8/site-packages/airflow/example_dags/example_dynamic_task_mapping_with_no_taskflow_operators.py
[2025-09-25T16:14:19.809+0000] {processor.py:829} INFO - Processing file /home/airflow/.local/lib/python3.8/site-packages/airflow/example_dags/example_dynamic_task_mapping_with_no_taskflow_operators.py for tasks to queue
[2025-09-25T16:14:19.813+0000] {logging_mixin.py:154} INFO - [2025-09-25T16:14:19.812+0000] {dagbag.py:536} INFO - Filling up the DagBag from /home/airflow/.local/lib/python3.8/site-packages/airflow/example_dags/example_dynamic_task_mapping_with_no_taskflow_operators.py
[2025-09-25T16:14:19.821+0000] {processor.py:839} INFO - DAG(s) dict_keys(['example_dynamic_task_mapping_with_no_taskflow_operators']) retrieved from /home/airflow/.local/lib/python3.8/site-packages/airflow/example_dags/example_dynamic_task_mapping_with_no_taskflow_operators.py
[2025-09-25T16:14:19.849+0000] {logging_mixin.py:154} INFO - [2025-09-25T16:14:19.849+0000] {dag.py:2941} INFO - Sync 1 DAGs
[2025-09-25T16:14:19.876+0000] {logging_mixin.py:154} INFO - [2025-09-25T16:14:19.876+0000] {dag.py:3722} INFO - Setting next_dagrun for example_dynamic_task_mapping_with_no_taskflow_operators to 2025-09-24T16:14:19.875775+00:00, run_after=2025-09-25T16:14:19.875775+00:00
[2025-09-25T16:14:19.898+0000] {processor.py:179} INFO - Processing /home/airflow/.local/lib/python3.8/site-packages/airflow/example_dags/example_dynamic_task_mapping_with_no_taskflow_operators.py took 0.095 seconds
[2025-09-25T16:14:50.011+0000] {processor.py:157} INFO - Started process (PID=522) to work on /home/airflow/.local/lib/python3.8/site-packages/airflow/example_dags/example_dynamic_task_mapping_with_no_taskflow_operators.py
[2025-09-25T16:14:50.013+0000] {processor.py:829} INFO - Processing file /home/airflow/.local/lib/python3.8/site-packages/airflow/example_dags/example_dynamic_task_mapping_with_no_taskflow_operators.py for tasks to queue
[2025-09-25T16:14:50.017+0000] {logging_mixin.py:154} INFO - [2025-09-25T16:14:50.017+0000] {dagbag.py:536} INFO - Filling up the DagBag from /home/airflow/.local/lib/python3.8/site-packages/airflow/example_dags/example_dynamic_task_mapping_with_no_taskflow_operators.py
[2025-09-25T16:14:50.034+0000] {processor.py:839} INFO - DAG(s) dict_keys(['example_dynamic_task_mapping_with_no_taskflow_operators']) retrieved from /home/airflow/.local/lib/python3.8/site-packages/airflow/example_dags/example_dynamic_task_mapping_with_no_taskflow_operators.py
[2025-09-25T16:14:50.060+0000] {logging_mixin.py:154} INFO - [2025-09-25T16:14:50.060+0000] {dag.py:2941} INFO - Sync 1 DAGs
[2025-09-25T16:14:50.084+0000] {logging_mixin.py:154} INFO - [2025-09-25T16:14:50.084+0000] {dag.py:3722} INFO - Setting next_dagrun for example_dynamic_task_mapping_with_no_taskflow_operators to 2025-09-24T16:14:50.084056+00:00, run_after=2025-09-25T16:14:50.084056+00:00
[2025-09-25T16:14:50.106+0000] {processor.py:179} INFO - Processing /home/airflow/.local/lib/python3.8/site-packages/airflow/example_dags/example_dynamic_task_mapping_with_no_taskflow_operators.py took 0.100 seconds
[2025-09-25T16:15:20.544+0000] {processor.py:157} INFO - Started process (PID=576) to work on /home/airflow/.local/lib/python3.8/site-packages/airflow/example_dags/example_dynamic_task_mapping_with_no_taskflow_operators.py
[2025-09-25T16:15:20.545+0000] {processor.py:829} INFO - Processing file /home/airflow/.local/lib/python3.8/site-packages/airflow/example_dags/example_dynamic_task_mapping_with_no_taskflow_operators.py for tasks to queue
[2025-09-25T16:15:20.549+0000] {logging_mixin.py:154} INFO - [2025-09-25T16:15:20.548+0000] {dagbag.py:536} INFO - Filling up the DagBag from /home/airflow/.local/lib/python3.8/site-packages/airflow/example_dags/example_dynamic_task_mapping_with_no_taskflow_operators.py
[2025-09-25T16:15:20.558+0000] {processor.py:839} INFO - DAG(s) dict_keys(['example_dynamic_task_mapping_with_no_taskflow_operators']) retrieved from /home/airflow/.local/lib/python3.8/site-packages/airflow/example_dags/example_dynamic_task_mapping_with_no_taskflow_operators.py
[2025-09-25T16:15:20.584+0000] {logging_mixin.py:154} INFO - [2025-09-25T16:15:20.584+0000] {dag.py:2941} INFO - Sync 1 DAGs
[2025-09-25T16:15:20.609+0000] {logging_mixin.py:154} INFO - [2025-09-25T16:15:20.609+0000] {dag.py:3722} INFO - Setting next_dagrun for example_dynamic_task_mapping_with_no_taskflow_operators to 2025-09-24T16:15:20.609299+00:00, run_after=2025-09-25T16:15:20.609299+00:00
[2025-09-25T16:15:20.635+0000] {processor.py:179} INFO - Processing /home/airflow/.local/lib/python3.8/site-packages/airflow/example_dags/example_dynamic_task_mapping_with_no_taskflow_operators.py took 0.096 seconds
[2025-09-25T16:15:50.876+0000] {processor.py:157} INFO - Started process (PID=630) to work on /home/airflow/.local/lib/python3.8/site-packages/airflow/example_dags/example_dynamic_task_mapping_with_no_taskflow_operators.py
[2025-09-25T16:15:50.878+0000] {processor.py:829} INFO - Processing file /home/airflow/.local/lib/python3.8/site-packages/airflow/example_dags/example_dynamic_task_mapping_with_no_taskflow_operators.py for tasks to queue
[2025-09-25T16:15:50.881+0000] {logging_mixin.py:154} INFO - [2025-09-25T16:15:50.881+0000] {dagbag.py:536} INFO - Filling up the DagBag from /home/airflow/.local/lib/python3.8/site-packages/airflow/example_dags/example_dynamic_task_mapping_with_no_taskflow_operators.py
[2025-09-25T16:15:50.889+0000] {processor.py:839} INFO - DAG(s) dict_keys(['example_dynamic_task_mapping_with_no_taskflow_operators']) retrieved from /home/airflow/.local/lib/python3.8/site-packages/airflow/example_dags/example_dynamic_task_mapping_with_no_taskflow_operators.py
[2025-09-25T16:15:50.915+0000] {logging_mixin.py:154} INFO - [2025-09-25T16:15:50.915+0000] {dag.py:2941} INFO - Sync 1 DAGs
[2025-09-25T16:15:50.942+0000] {logging_mixin.py:154} INFO - [2025-09-25T16:15:50.942+0000] {dag.py:3722} INFO - Setting next_dagrun for example_dynamic_task_mapping_with_no_taskflow_operators to 2025-09-24T16:15:50.942177+00:00, run_after=2025-09-25T16:15:50.942177+00:00
[2025-09-25T16:15:50.967+0000] {processor.py:179} INFO - Processing /home/airflow/.local/lib/python3.8/site-packages/airflow/example_dags/example_dynamic_task_mapping_with_no_taskflow_operators.py took 0.095 seconds
[2025-09-25T16:16:21.156+0000] {processor.py:157} INFO - Started process (PID=684) to work on /home/airflow/.local/lib/python3.8/site-packages/airflow/example_dags/example_dynamic_task_mapping_with_no_taskflow_operators.py
[2025-09-25T16:16:21.158+0000] {processor.py:829} INFO - Processing file /home/airflow/.local/lib/python3.8/site-packages/airflow/example_dags/example_dynamic_task_mapping_with_no_taskflow_operators.py for tasks to queue
[2025-09-25T16:16:21.162+0000] {logging_mixin.py:154} INFO - [2025-09-25T16:16:21.161+0000] {dagbag.py:536} INFO - Filling up the DagBag from /home/airflow/.local/lib/python3.8/site-packages/airflow/example_dags/example_dynamic_task_mapping_with_no_taskflow_operators.py
[2025-09-25T16:16:21.172+0000] {processor.py:839} INFO - DAG(s) dict_keys(['example_dynamic_task_mapping_with_no_taskflow_operators']) retrieved from /home/airflow/.local/lib/python3.8/site-packages/airflow/example_dags/example_dynamic_task_mapping_with_no_taskflow_operators.py
[2025-09-25T16:16:21.200+0000] {logging_mixin.py:154} INFO - [2025-09-25T16:16:21.200+0000] {dag.py:2941} INFO - Sync 1 DAGs
[2025-09-25T16:16:21.232+0000] {logging_mixin.py:154} INFO - [2025-09-25T16:16:21.231+0000] {dag.py:3722} INFO - Setting next_dagrun for example_dynamic_task_mapping_with_no_taskflow_operators to 2025-09-24T16:16:21.231502+00:00, run_after=2025-09-25T16:16:21.231502+00:00
[2025-09-25T16:16:21.258+0000] {processor.py:179} INFO - Processing /home/airflow/.local/lib/python3.8/site-packages/airflow/example_dags/example_dynamic_task_mapping_with_no_taskflow_operators.py took 0.107 seconds
[2025-09-25T16:16:51.509+0000] {processor.py:157} INFO - Started process (PID=738) to work on /home/airflow/.local/lib/python3.8/site-packages/airflow/example_dags/example_dynamic_task_mapping_with_no_taskflow_operators.py
[2025-09-25T16:16:51.511+0000] {processor.py:829} INFO - Processing file /home/airflow/.local/lib/python3.8/site-packages/airflow/example_dags/example_dynamic_task_mapping_with_no_taskflow_operators.py for tasks to queue
[2025-09-25T16:16:51.515+0000] {logging_mixin.py:154} INFO - [2025-09-25T16:16:51.515+0000] {dagbag.py:536} INFO - Filling up the DagBag from /home/airflow/.local/lib/python3.8/site-packages/airflow/example_dags/example_dynamic_task_mapping_with_no_taskflow_operators.py
[2025-09-25T16:16:51.526+0000] {processor.py:839} INFO - DAG(s) dict_keys(['example_dynamic_task_mapping_with_no_taskflow_operators']) retrieved from /home/airflow/.local/lib/python3.8/site-packages/airflow/example_dags/example_dynamic_task_mapping_with_no_taskflow_operators.py
[2025-09-25T16:16:51.555+0000] {logging_mixin.py:154} INFO - [2025-09-25T16:16:51.555+0000] {dag.py:2941} INFO - Sync 1 DAGs
[2025-09-25T16:16:51.579+0000] {logging_mixin.py:154} INFO - [2025-09-25T16:16:51.579+0000] {dag.py:3722} INFO - Setting next_dagrun for example_dynamic_task_mapping_with_no_taskflow_operators to 2025-09-24T16:16:51.579065+00:00, run_after=2025-09-25T16:16:51.579065+00:00
[2025-09-25T16:16:51.603+0000] {processor.py:179} INFO - Processing /home/airflow/.local/lib/python3.8/site-packages/airflow/example_dags/example_dynamic_task_mapping_with_no_taskflow_operators.py took 0.100 seconds
[2025-09-25T16:17:22.228+0000] {processor.py:157} INFO - Started process (PID=792) to work on /home/airflow/.local/lib/python3.8/site-packages/airflow/example_dags/example_dynamic_task_mapping_with_no_taskflow_operators.py
[2025-09-25T16:17:22.230+0000] {processor.py:829} INFO - Processing file /home/airflow/.local/lib/python3.8/site-packages/airflow/example_dags/example_dynamic_task_mapping_with_no_taskflow_operators.py for tasks to queue
[2025-09-25T16:17:22.233+0000] {logging_mixin.py:154} INFO - [2025-09-25T16:17:22.233+0000] {dagbag.py:536} INFO - Filling up the DagBag from /home/airflow/.local/lib/python3.8/site-packages/airflow/example_dags/example_dynamic_task_mapping_with_no_taskflow_operators.py
[2025-09-25T16:17:22.243+0000] {processor.py:839} INFO - DAG(s) dict_keys(['example_dynamic_task_mapping_with_no_taskflow_operators']) retrieved from /home/airflow/.local/lib/python3.8/site-packages/airflow/example_dags/example_dynamic_task_mapping_with_no_taskflow_operators.py
[2025-09-25T16:17:22.274+0000] {logging_mixin.py:154} INFO - [2025-09-25T16:17:22.274+0000] {dag.py:2941} INFO - Sync 1 DAGs
[2025-09-25T16:17:22.303+0000] {logging_mixin.py:154} INFO - [2025-09-25T16:17:22.303+0000] {dag.py:3722} INFO - Setting next_dagrun for example_dynamic_task_mapping_with_no_taskflow_operators to 2025-09-24T16:17:22.303027+00:00, run_after=2025-09-25T16:17:22.303027+00:00
[2025-09-25T16:17:22.331+0000] {processor.py:179} INFO - Processing /home/airflow/.local/lib/python3.8/site-packages/airflow/example_dags/example_dynamic_task_mapping_with_no_taskflow_operators.py took 0.108 seconds
[2025-09-25T16:17:53.057+0000] {processor.py:157} INFO - Started process (PID=846) to work on /home/airflow/.local/lib/python3.8/site-packages/airflow/example_dags/example_dynamic_task_mapping_with_no_taskflow_operators.py
[2025-09-25T16:17:53.059+0000] {processor.py:829} INFO - Processing file /home/airflow/.local/lib/python3.8/site-packages/airflow/example_dags/example_dynamic_task_mapping_with_no_taskflow_operators.py for tasks to queue
[2025-09-25T16:17:53.063+0000] {logging_mixin.py:154} INFO - [2025-09-25T16:17:53.063+0000] {dagbag.py:536} INFO - Filling up the DagBag from /home/airflow/.local/lib/python3.8/site-packages/airflow/example_dags/example_dynamic_task_mapping_with_no_taskflow_operators.py
[2025-09-25T16:17:53.076+0000] {processor.py:839} INFO - DAG(s) dict_keys(['example_dynamic_task_mapping_with_no_taskflow_operators']) retrieved from /home/airflow/.local/lib/python3.8/site-packages/airflow/example_dags/example_dynamic_task_mapping_with_no_taskflow_operators.py
[2025-09-25T16:17:53.122+0000] {logging_mixin.py:154} INFO - [2025-09-25T16:17:53.122+0000] {dag.py:2941} INFO - Sync 1 DAGs
[2025-09-25T16:17:53.165+0000] {logging_mixin.py:154} INFO - [2025-09-25T16:17:53.165+0000] {dag.py:3722} INFO - Setting next_dagrun for example_dynamic_task_mapping_with_no_taskflow_operators to 2025-09-24T16:17:53.165003+00:00, run_after=2025-09-25T16:17:53.165003+00:00
[2025-09-25T16:17:53.237+0000] {processor.py:179} INFO - Processing /home/airflow/.local/lib/python3.8/site-packages/airflow/example_dags/example_dynamic_task_mapping_with_no_taskflow_operators.py took 0.187 seconds
