[2025-09-25T16:10:47.016+0000] {processor.py:157} INFO - Started process (PID=97) to work on /home/airflow/.local/lib/python3.8/site-packages/airflow/example_dags/example_params_trigger_ui.py
[2025-09-25T16:10:47.019+0000] {processor.py:829} INFO - Processing file /home/airflow/.local/lib/python3.8/site-packages/airflow/example_dags/example_params_trigger_ui.py for tasks to queue
[2025-09-25T16:10:47.025+0000] {logging_mixin.py:154} INFO - [2025-09-25T16:10:47.024+0000] {dagbag.py:536} INFO - Filling up the DagBag from /home/airflow/.local/lib/python3.8/site-packages/airflow/example_dags/example_params_trigger_ui.py
[2025-09-25T16:10:47.075+0000] {processor.py:839} INFO - DAG(s) dict_keys(['example_params_trigger_ui']) retrieved from /home/airflow/.local/lib/python3.8/site-packages/airflow/example_dags/example_params_trigger_ui.py
[2025-09-25T16:10:47.196+0000] {logging_mixin.py:154} INFO - [2025-09-25T16:10:47.195+0000] {dag.py:2941} INFO - Sync 1 DAGs
[2025-09-25T16:10:47.253+0000] {logging_mixin.py:154} INFO - [2025-09-25T16:10:47.253+0000] {dag.py:3722} INFO - Setting next_dagrun for example_params_trigger_ui to None, run_after=None
[2025-09-25T16:10:47.423+0000] {processor.py:179} INFO - Processing /home/airflow/.local/lib/python3.8/site-packages/airflow/example_dags/example_params_trigger_ui.py took 0.413 seconds
[2025-09-25T16:11:18.135+0000] {processor.py:157} INFO - Started process (PID=151) to work on /home/airflow/.local/lib/python3.8/site-packages/airflow/example_dags/example_params_trigger_ui.py
[2025-09-25T16:11:18.138+0000] {processor.py:829} INFO - Processing file /home/airflow/.local/lib/python3.8/site-packages/airflow/example_dags/example_params_trigger_ui.py for tasks to queue
[2025-09-25T16:11:18.145+0000] {logging_mixin.py:154} INFO - [2025-09-25T16:11:18.144+0000] {dagbag.py:536} INFO - Filling up the DagBag from /home/airflow/.local/lib/python3.8/site-packages/airflow/example_dags/example_params_trigger_ui.py
[2025-09-25T16:11:18.175+0000] {processor.py:839} INFO - DAG(s) dict_keys(['example_params_trigger_ui']) retrieved from /home/airflow/.local/lib/python3.8/site-packages/airflow/example_dags/example_params_trigger_ui.py
[2025-09-25T16:11:18.264+0000] {logging_mixin.py:154} INFO - [2025-09-25T16:11:18.263+0000] {dag.py:2941} INFO - Sync 1 DAGs
[2025-09-25T16:11:18.283+0000] {logging_mixin.py:154} INFO - [2025-09-25T16:11:18.283+0000] {dag.py:3722} INFO - Setting next_dagrun for example_params_trigger_ui to None, run_after=None
[2025-09-25T16:11:18.321+0000] {processor.py:179} INFO - Processing /home/airflow/.local/lib/python3.8/site-packages/airflow/example_dags/example_params_trigger_ui.py took 0.192 seconds
[2025-09-25T16:11:48.436+0000] {processor.py:157} INFO - Started process (PID=205) to work on /home/airflow/.local/lib/python3.8/site-packages/airflow/example_dags/example_params_trigger_ui.py
[2025-09-25T16:11:48.438+0000] {processor.py:829} INFO - Processing file /home/airflow/.local/lib/python3.8/site-packages/airflow/example_dags/example_params_trigger_ui.py for tasks to queue
[2025-09-25T16:11:48.441+0000] {logging_mixin.py:154} INFO - [2025-09-25T16:11:48.441+0000] {dagbag.py:536} INFO - Filling up the DagBag from /home/airflow/.local/lib/python3.8/site-packages/airflow/example_dags/example_params_trigger_ui.py
[2025-09-25T16:11:48.461+0000] {processor.py:839} INFO - DAG(s) dict_keys(['example_params_trigger_ui']) retrieved from /home/airflow/.local/lib/python3.8/site-packages/airflow/example_dags/example_params_trigger_ui.py
[2025-09-25T16:11:48.520+0000] {logging_mixin.py:154} INFO - [2025-09-25T16:11:48.520+0000] {dag.py:2941} INFO - Sync 1 DAGs
[2025-09-25T16:11:48.535+0000] {logging_mixin.py:154} INFO - [2025-09-25T16:11:48.535+0000] {dag.py:3722} INFO - Setting next_dagrun for example_params_trigger_ui to None, run_after=None
[2025-09-25T16:11:48.565+0000] {processor.py:179} INFO - Processing /home/airflow/.local/lib/python3.8/site-packages/airflow/example_dags/example_params_trigger_ui.py took 0.134 seconds
[2025-09-25T16:12:19.107+0000] {processor.py:157} INFO - Started process (PID=259) to work on /home/airflow/.local/lib/python3.8/site-packages/airflow/example_dags/example_params_trigger_ui.py
[2025-09-25T16:12:19.109+0000] {processor.py:829} INFO - Processing file /home/airflow/.local/lib/python3.8/site-packages/airflow/example_dags/example_params_trigger_ui.py for tasks to queue
[2025-09-25T16:12:19.112+0000] {logging_mixin.py:154} INFO - [2025-09-25T16:12:19.111+0000] {dagbag.py:536} INFO - Filling up the DagBag from /home/airflow/.local/lib/python3.8/site-packages/airflow/example_dags/example_params_trigger_ui.py
[2025-09-25T16:12:19.133+0000] {processor.py:839} INFO - DAG(s) dict_keys(['example_params_trigger_ui']) retrieved from /home/airflow/.local/lib/python3.8/site-packages/airflow/example_dags/example_params_trigger_ui.py
[2025-09-25T16:12:19.191+0000] {logging_mixin.py:154} INFO - [2025-09-25T16:12:19.191+0000] {dag.py:2941} INFO - Sync 1 DAGs
[2025-09-25T16:12:19.210+0000] {logging_mixin.py:154} INFO - [2025-09-25T16:12:19.210+0000] {dag.py:3722} INFO - Setting next_dagrun for example_params_trigger_ui to None, run_after=None
[2025-09-25T16:12:19.241+0000] {processor.py:179} INFO - Processing /home/airflow/.local/lib/python3.8/site-packages/airflow/example_dags/example_params_trigger_ui.py took 0.138 seconds
[2025-09-25T16:12:49.790+0000] {processor.py:157} INFO - Started process (PID=313) to work on /home/airflow/.local/lib/python3.8/site-packages/airflow/example_dags/example_params_trigger_ui.py
[2025-09-25T16:12:49.792+0000] {processor.py:829} INFO - Processing file /home/airflow/.local/lib/python3.8/site-packages/airflow/example_dags/example_params_trigger_ui.py for tasks to queue
[2025-09-25T16:12:49.795+0000] {logging_mixin.py:154} INFO - [2025-09-25T16:12:49.795+0000] {dagbag.py:536} INFO - Filling up the DagBag from /home/airflow/.local/lib/python3.8/site-packages/airflow/example_dags/example_params_trigger_ui.py
[2025-09-25T16:12:49.816+0000] {processor.py:839} INFO - DAG(s) dict_keys(['example_params_trigger_ui']) retrieved from /home/airflow/.local/lib/python3.8/site-packages/airflow/example_dags/example_params_trigger_ui.py
[2025-09-25T16:12:49.872+0000] {logging_mixin.py:154} INFO - [2025-09-25T16:12:49.871+0000] {dag.py:2941} INFO - Sync 1 DAGs
[2025-09-25T16:12:49.886+0000] {logging_mixin.py:154} INFO - [2025-09-25T16:12:49.885+0000] {dag.py:3722} INFO - Setting next_dagrun for example_params_trigger_ui to None, run_after=None
[2025-09-25T16:12:49.913+0000] {processor.py:179} INFO - Processing /home/airflow/.local/lib/python3.8/site-packages/airflow/example_dags/example_params_trigger_ui.py took 0.128 seconds
[2025-09-25T16:13:20.198+0000] {processor.py:157} INFO - Started process (PID=366) to work on /home/airflow/.local/lib/python3.8/site-packages/airflow/example_dags/example_params_trigger_ui.py
[2025-09-25T16:13:20.200+0000] {processor.py:829} INFO - Processing file /home/airflow/.local/lib/python3.8/site-packages/airflow/example_dags/example_params_trigger_ui.py for tasks to queue
[2025-09-25T16:13:20.205+0000] {logging_mixin.py:154} INFO - [2025-09-25T16:13:20.205+0000] {dagbag.py:536} INFO - Filling up the DagBag from /home/airflow/.local/lib/python3.8/site-packages/airflow/example_dags/example_params_trigger_ui.py
[2025-09-25T16:13:20.234+0000] {processor.py:839} INFO - DAG(s) dict_keys(['example_params_trigger_ui']) retrieved from /home/airflow/.local/lib/python3.8/site-packages/airflow/example_dags/example_params_trigger_ui.py
[2025-09-25T16:13:20.298+0000] {logging_mixin.py:154} INFO - [2025-09-25T16:13:20.298+0000] {dag.py:2941} INFO - Sync 1 DAGs
[2025-09-25T16:13:20.316+0000] {logging_mixin.py:154} INFO - [2025-09-25T16:13:20.316+0000] {dag.py:3722} INFO - Setting next_dagrun for example_params_trigger_ui to None, run_after=None
[2025-09-25T16:13:20.347+0000] {processor.py:179} INFO - Processing /home/airflow/.local/lib/python3.8/site-packages/airflow/example_dags/example_params_trigger_ui.py took 0.156 seconds
[2025-09-25T16:13:51.199+0000] {processor.py:157} INFO - Started process (PID=421) to work on /home/airflow/.local/lib/python3.8/site-packages/airflow/example_dags/example_params_trigger_ui.py
[2025-09-25T16:13:51.201+0000] {processor.py:829} INFO - Processing file /home/airflow/.local/lib/python3.8/site-packages/airflow/example_dags/example_params_trigger_ui.py for tasks to queue
[2025-09-25T16:13:51.204+0000] {logging_mixin.py:154} INFO - [2025-09-25T16:13:51.204+0000] {dagbag.py:536} INFO - Filling up the DagBag from /home/airflow/.local/lib/python3.8/site-packages/airflow/example_dags/example_params_trigger_ui.py
[2025-09-25T16:13:51.232+0000] {processor.py:839} INFO - DAG(s) dict_keys(['example_params_trigger_ui']) retrieved from /home/airflow/.local/lib/python3.8/site-packages/airflow/example_dags/example_params_trigger_ui.py
[2025-09-25T16:13:51.303+0000] {logging_mixin.py:154} INFO - [2025-09-25T16:13:51.303+0000] {dag.py:2941} INFO - Sync 1 DAGs
[2025-09-25T16:13:51.322+0000] {logging_mixin.py:154} INFO - [2025-09-25T16:13:51.322+0000] {dag.py:3722} INFO - Setting next_dagrun for example_params_trigger_ui to None, run_after=None
[2025-09-25T16:13:51.350+0000] {processor.py:179} INFO - Processing /home/airflow/.local/lib/python3.8/site-packages/airflow/example_dags/example_params_trigger_ui.py took 0.156 seconds
[2025-09-25T16:14:21.476+0000] {processor.py:157} INFO - Started process (PID=474) to work on /home/airflow/.local/lib/python3.8/site-packages/airflow/example_dags/example_params_trigger_ui.py
[2025-09-25T16:14:21.477+0000] {processor.py:829} INFO - Processing file /home/airflow/.local/lib/python3.8/site-packages/airflow/example_dags/example_params_trigger_ui.py for tasks to queue
[2025-09-25T16:14:21.481+0000] {logging_mixin.py:154} INFO - [2025-09-25T16:14:21.480+0000] {dagbag.py:536} INFO - Filling up the DagBag from /home/airflow/.local/lib/python3.8/site-packages/airflow/example_dags/example_params_trigger_ui.py
[2025-09-25T16:14:21.501+0000] {processor.py:839} INFO - DAG(s) dict_keys(['example_params_trigger_ui']) retrieved from /home/airflow/.local/lib/python3.8/site-packages/airflow/example_dags/example_params_trigger_ui.py
[2025-09-25T16:14:21.560+0000] {logging_mixin.py:154} INFO - [2025-09-25T16:14:21.560+0000] {dag.py:2941} INFO - Sync 1 DAGs
[2025-09-25T16:14:21.579+0000] {logging_mixin.py:154} INFO - [2025-09-25T16:14:21.579+0000] {dag.py:3722} INFO - Setting next_dagrun for example_params_trigger_ui to None, run_after=None
[2025-09-25T16:14:21.608+0000] {processor.py:179} INFO - Processing /home/airflow/.local/lib/python3.8/site-packages/airflow/example_dags/example_params_trigger_ui.py took 0.137 seconds
[2025-09-25T16:14:52.473+0000] {processor.py:157} INFO - Started process (PID=529) to work on /home/airflow/.local/lib/python3.8/site-packages/airflow/example_dags/example_params_trigger_ui.py
[2025-09-25T16:14:52.474+0000] {processor.py:829} INFO - Processing file /home/airflow/.local/lib/python3.8/site-packages/airflow/example_dags/example_params_trigger_ui.py for tasks to queue
[2025-09-25T16:14:52.477+0000] {logging_mixin.py:154} INFO - [2025-09-25T16:14:52.477+0000] {dagbag.py:536} INFO - Filling up the DagBag from /home/airflow/.local/lib/python3.8/site-packages/airflow/example_dags/example_params_trigger_ui.py
[2025-09-25T16:14:52.498+0000] {processor.py:839} INFO - DAG(s) dict_keys(['example_params_trigger_ui']) retrieved from /home/airflow/.local/lib/python3.8/site-packages/airflow/example_dags/example_params_trigger_ui.py
[2025-09-25T16:14:52.555+0000] {logging_mixin.py:154} INFO - [2025-09-25T16:14:52.555+0000] {dag.py:2941} INFO - Sync 1 DAGs
[2025-09-25T16:14:52.569+0000] {logging_mixin.py:154} INFO - [2025-09-25T16:14:52.569+0000] {dag.py:3722} INFO - Setting next_dagrun for example_params_trigger_ui to None, run_after=None
[2025-09-25T16:14:52.594+0000] {processor.py:179} INFO - Processing /home/airflow/.local/lib/python3.8/site-packages/airflow/example_dags/example_params_trigger_ui.py took 0.126 seconds
[2025-09-25T16:15:23.023+0000] {processor.py:157} INFO - Started process (PID=583) to work on /home/airflow/.local/lib/python3.8/site-packages/airflow/example_dags/example_params_trigger_ui.py
[2025-09-25T16:15:23.025+0000] {processor.py:829} INFO - Processing file /home/airflow/.local/lib/python3.8/site-packages/airflow/example_dags/example_params_trigger_ui.py for tasks to queue
[2025-09-25T16:15:23.030+0000] {logging_mixin.py:154} INFO - [2025-09-25T16:15:23.029+0000] {dagbag.py:536} INFO - Filling up the DagBag from /home/airflow/.local/lib/python3.8/site-packages/airflow/example_dags/example_params_trigger_ui.py
[2025-09-25T16:15:23.063+0000] {processor.py:839} INFO - DAG(s) dict_keys(['example_params_trigger_ui']) retrieved from /home/airflow/.local/lib/python3.8/site-packages/airflow/example_dags/example_params_trigger_ui.py
[2025-09-25T16:15:23.154+0000] {logging_mixin.py:154} INFO - [2025-09-25T16:15:23.153+0000] {dag.py:2941} INFO - Sync 1 DAGs
[2025-09-25T16:15:23.178+0000] {logging_mixin.py:154} INFO - [2025-09-25T16:15:23.178+0000] {dag.py:3722} INFO - Setting next_dagrun for example_params_trigger_ui to None, run_after=None
[2025-09-25T16:15:23.215+0000] {processor.py:179} INFO - Processing /home/airflow/.local/lib/python3.8/site-packages/airflow/example_dags/example_params_trigger_ui.py took 0.200 seconds
[2025-09-25T16:15:53.360+0000] {processor.py:157} INFO - Started process (PID=636) to work on /home/airflow/.local/lib/python3.8/site-packages/airflow/example_dags/example_params_trigger_ui.py
[2025-09-25T16:15:53.362+0000] {processor.py:829} INFO - Processing file /home/airflow/.local/lib/python3.8/site-packages/airflow/example_dags/example_params_trigger_ui.py for tasks to queue
[2025-09-25T16:15:53.365+0000] {logging_mixin.py:154} INFO - [2025-09-25T16:15:53.364+0000] {dagbag.py:536} INFO - Filling up the DagBag from /home/airflow/.local/lib/python3.8/site-packages/airflow/example_dags/example_params_trigger_ui.py
[2025-09-25T16:15:53.385+0000] {processor.py:839} INFO - DAG(s) dict_keys(['example_params_trigger_ui']) retrieved from /home/airflow/.local/lib/python3.8/site-packages/airflow/example_dags/example_params_trigger_ui.py
[2025-09-25T16:15:53.439+0000] {logging_mixin.py:154} INFO - [2025-09-25T16:15:53.438+0000] {dag.py:2941} INFO - Sync 1 DAGs
[2025-09-25T16:15:53.452+0000] {logging_mixin.py:154} INFO - [2025-09-25T16:15:53.452+0000] {dag.py:3722} INFO - Setting next_dagrun for example_params_trigger_ui to None, run_after=None
[2025-09-25T16:15:53.478+0000] {processor.py:179} INFO - Processing /home/airflow/.local/lib/python3.8/site-packages/airflow/example_dags/example_params_trigger_ui.py took 0.124 seconds
[2025-09-25T16:16:23.663+0000] {processor.py:157} INFO - Started process (PID=690) to work on /home/airflow/.local/lib/python3.8/site-packages/airflow/example_dags/example_params_trigger_ui.py
[2025-09-25T16:16:23.664+0000] {processor.py:829} INFO - Processing file /home/airflow/.local/lib/python3.8/site-packages/airflow/example_dags/example_params_trigger_ui.py for tasks to queue
[2025-09-25T16:16:23.668+0000] {logging_mixin.py:154} INFO - [2025-09-25T16:16:23.667+0000] {dagbag.py:536} INFO - Filling up the DagBag from /home/airflow/.local/lib/python3.8/site-packages/airflow/example_dags/example_params_trigger_ui.py
[2025-09-25T16:16:23.691+0000] {processor.py:839} INFO - DAG(s) dict_keys(['example_params_trigger_ui']) retrieved from /home/airflow/.local/lib/python3.8/site-packages/airflow/example_dags/example_params_trigger_ui.py
[2025-09-25T16:16:23.754+0000] {logging_mixin.py:154} INFO - [2025-09-25T16:16:23.754+0000] {dag.py:2941} INFO - Sync 1 DAGs
[2025-09-25T16:16:23.771+0000] {logging_mixin.py:154} INFO - [2025-09-25T16:16:23.771+0000] {dag.py:3722} INFO - Setting next_dagrun for example_params_trigger_ui to None, run_after=None
[2025-09-25T16:16:23.810+0000] {processor.py:179} INFO - Processing /home/airflow/.local/lib/python3.8/site-packages/airflow/example_dags/example_params_trigger_ui.py took 0.152 seconds
[2025-09-25T16:16:53.956+0000] {processor.py:157} INFO - Started process (PID=744) to work on /home/airflow/.local/lib/python3.8/site-packages/airflow/example_dags/example_params_trigger_ui.py
[2025-09-25T16:16:53.958+0000] {processor.py:829} INFO - Processing file /home/airflow/.local/lib/python3.8/site-packages/airflow/example_dags/example_params_trigger_ui.py for tasks to queue
[2025-09-25T16:16:53.961+0000] {logging_mixin.py:154} INFO - [2025-09-25T16:16:53.961+0000] {dagbag.py:536} INFO - Filling up the DagBag from /home/airflow/.local/lib/python3.8/site-packages/airflow/example_dags/example_params_trigger_ui.py
[2025-09-25T16:16:53.982+0000] {processor.py:839} INFO - DAG(s) dict_keys(['example_params_trigger_ui']) retrieved from /home/airflow/.local/lib/python3.8/site-packages/airflow/example_dags/example_params_trigger_ui.py
[2025-09-25T16:16:54.040+0000] {logging_mixin.py:154} INFO - [2025-09-25T16:16:54.039+0000] {dag.py:2941} INFO - Sync 1 DAGs
[2025-09-25T16:16:54.057+0000] {logging_mixin.py:154} INFO - [2025-09-25T16:16:54.057+0000] {dag.py:3722} INFO - Setting next_dagrun for example_params_trigger_ui to None, run_after=None
[2025-09-25T16:16:54.081+0000] {processor.py:179} INFO - Processing /home/airflow/.local/lib/python3.8/site-packages/airflow/example_dags/example_params_trigger_ui.py took 0.129 seconds
[2025-09-25T16:17:24.863+0000] {processor.py:157} INFO - Started process (PID=798) to work on /home/airflow/.local/lib/python3.8/site-packages/airflow/example_dags/example_params_trigger_ui.py
[2025-09-25T16:17:24.865+0000] {processor.py:829} INFO - Processing file /home/airflow/.local/lib/python3.8/site-packages/airflow/example_dags/example_params_trigger_ui.py for tasks to queue
[2025-09-25T16:17:24.868+0000] {logging_mixin.py:154} INFO - [2025-09-25T16:17:24.868+0000] {dagbag.py:536} INFO - Filling up the DagBag from /home/airflow/.local/lib/python3.8/site-packages/airflow/example_dags/example_params_trigger_ui.py
[2025-09-25T16:17:24.888+0000] {processor.py:839} INFO - DAG(s) dict_keys(['example_params_trigger_ui']) retrieved from /home/airflow/.local/lib/python3.8/site-packages/airflow/example_dags/example_params_trigger_ui.py
[2025-09-25T16:17:24.941+0000] {logging_mixin.py:154} INFO - [2025-09-25T16:17:24.941+0000] {dag.py:2941} INFO - Sync 1 DAGs
[2025-09-25T16:17:24.958+0000] {logging_mixin.py:154} INFO - [2025-09-25T16:17:24.958+0000] {dag.py:3722} INFO - Setting next_dagrun for example_params_trigger_ui to None, run_after=None
[2025-09-25T16:17:24.988+0000] {processor.py:179} INFO - Processing /home/airflow/.local/lib/python3.8/site-packages/airflow/example_dags/example_params_trigger_ui.py took 0.129 seconds
[2025-09-25T16:17:55.698+0000] {processor.py:157} INFO - Started process (PID=852) to work on /home/airflow/.local/lib/python3.8/site-packages/airflow/example_dags/example_params_trigger_ui.py
[2025-09-25T16:17:55.700+0000] {processor.py:829} INFO - Processing file /home/airflow/.local/lib/python3.8/site-packages/airflow/example_dags/example_params_trigger_ui.py for tasks to queue
[2025-09-25T16:17:55.703+0000] {logging_mixin.py:154} INFO - [2025-09-25T16:17:55.703+0000] {dagbag.py:536} INFO - Filling up the DagBag from /home/airflow/.local/lib/python3.8/site-packages/airflow/example_dags/example_params_trigger_ui.py
[2025-09-25T16:17:55.728+0000] {processor.py:839} INFO - DAG(s) dict_keys(['example_params_trigger_ui']) retrieved from /home/airflow/.local/lib/python3.8/site-packages/airflow/example_dags/example_params_trigger_ui.py
[2025-09-25T16:17:55.792+0000] {logging_mixin.py:154} INFO - [2025-09-25T16:17:55.791+0000] {dag.py:2941} INFO - Sync 1 DAGs
[2025-09-25T16:17:55.809+0000] {logging_mixin.py:154} INFO - [2025-09-25T16:17:55.808+0000] {dag.py:3722} INFO - Setting next_dagrun for example_params_trigger_ui to None, run_after=None
[2025-09-25T16:17:55.839+0000] {processor.py:179} INFO - Processing /home/airflow/.local/lib/python3.8/site-packages/airflow/example_dags/example_params_trigger_ui.py took 0.147 seconds
