[2025-09-25T16:10:52.743+0000] {processor.py:157} INFO - Started process (PID=123) to work on /home/airflow/.local/lib/python3.8/site-packages/airflow/example_dags/example_xcomargs.py
[2025-09-25T16:10:52.746+0000] {processor.py:829} INFO - Processing file /home/airflow/.local/lib/python3.8/site-packages/airflow/example_dags/example_xcomargs.py for tasks to queue
[2025-09-25T16:10:52.750+0000] {logging_mixin.py:154} INFO - [2025-09-25T16:10:52.750+0000] {dagbag.py:536} INFO - Filling up the DagBag from /home/airflow/.local/lib/python3.8/site-packages/airflow/example_dags/example_xcomargs.py
[2025-09-25T16:10:52.764+0000] {processor.py:839} INFO - DAG(s) dict_keys(['example_xcom_args', 'example_xcom_args_with_operators']) retrieved from /home/airflow/.local/lib/python3.8/site-packages/airflow/example_dags/example_xcomargs.py
[2025-09-25T16:10:52.805+0000] {logging_mixin.py:154} INFO - [2025-09-25T16:10:52.805+0000] {dag.py:2941} INFO - Sync 2 DAGs
[2025-09-25T16:10:52.823+0000] {logging_mixin.py:154} INFO - [2025-09-25T16:10:52.822+0000] {dag.py:3722} INFO - Setting next_dagrun for example_xcom_args to None, run_after=None
[2025-09-25T16:10:52.827+0000] {logging_mixin.py:154} INFO - [2025-09-25T16:10:52.827+0000] {dag.py:3722} INFO - Setting next_dagrun for example_xcom_args_with_operators to None, run_after=None
[2025-09-25T16:10:52.854+0000] {processor.py:179} INFO - Processing /home/airflow/.local/lib/python3.8/site-packages/airflow/example_dags/example_xcomargs.py took 0.116 seconds
[2025-09-25T16:11:23.725+0000] {processor.py:157} INFO - Started process (PID=177) to work on /home/airflow/.local/lib/python3.8/site-packages/airflow/example_dags/example_xcomargs.py
[2025-09-25T16:11:23.728+0000] {processor.py:829} INFO - Processing file /home/airflow/.local/lib/python3.8/site-packages/airflow/example_dags/example_xcomargs.py for tasks to queue
[2025-09-25T16:11:23.732+0000] {logging_mixin.py:154} INFO - [2025-09-25T16:11:23.731+0000] {dagbag.py:536} INFO - Filling up the DagBag from /home/airflow/.local/lib/python3.8/site-packages/airflow/example_dags/example_xcomargs.py
[2025-09-25T16:11:23.747+0000] {processor.py:839} INFO - DAG(s) dict_keys(['example_xcom_args', 'example_xcom_args_with_operators']) retrieved from /home/airflow/.local/lib/python3.8/site-packages/airflow/example_dags/example_xcomargs.py
[2025-09-25T16:11:23.785+0000] {logging_mixin.py:154} INFO - [2025-09-25T16:11:23.784+0000] {dag.py:2941} INFO - Sync 2 DAGs
[2025-09-25T16:11:23.803+0000] {logging_mixin.py:154} INFO - [2025-09-25T16:11:23.803+0000] {dag.py:3722} INFO - Setting next_dagrun for example_xcom_args to None, run_after=None
[2025-09-25T16:11:23.808+0000] {logging_mixin.py:154} INFO - [2025-09-25T16:11:23.808+0000] {dag.py:3722} INFO - Setting next_dagrun for example_xcom_args_with_operators to None, run_after=None
[2025-09-25T16:11:23.835+0000] {processor.py:179} INFO - Processing /home/airflow/.local/lib/python3.8/site-packages/airflow/example_dags/example_xcomargs.py took 0.117 seconds
[2025-09-25T16:11:54.712+0000] {processor.py:157} INFO - Started process (PID=231) to work on /home/airflow/.local/lib/python3.8/site-packages/airflow/example_dags/example_xcomargs.py
[2025-09-25T16:11:54.714+0000] {processor.py:829} INFO - Processing file /home/airflow/.local/lib/python3.8/site-packages/airflow/example_dags/example_xcomargs.py for tasks to queue
[2025-09-25T16:11:54.718+0000] {logging_mixin.py:154} INFO - [2025-09-25T16:11:54.718+0000] {dagbag.py:536} INFO - Filling up the DagBag from /home/airflow/.local/lib/python3.8/site-packages/airflow/example_dags/example_xcomargs.py
[2025-09-25T16:11:54.729+0000] {processor.py:839} INFO - DAG(s) dict_keys(['example_xcom_args', 'example_xcom_args_with_operators']) retrieved from /home/airflow/.local/lib/python3.8/site-packages/airflow/example_dags/example_xcomargs.py
[2025-09-25T16:11:54.765+0000] {logging_mixin.py:154} INFO - [2025-09-25T16:11:54.765+0000] {dag.py:2941} INFO - Sync 2 DAGs
[2025-09-25T16:11:54.782+0000] {logging_mixin.py:154} INFO - [2025-09-25T16:11:54.782+0000] {dag.py:3722} INFO - Setting next_dagrun for example_xcom_args to None, run_after=None
[2025-09-25T16:11:54.788+0000] {logging_mixin.py:154} INFO - [2025-09-25T16:11:54.787+0000] {dag.py:3722} INFO - Setting next_dagrun for example_xcom_args_with_operators to None, run_after=None
[2025-09-25T16:11:54.813+0000] {processor.py:179} INFO - Processing /home/airflow/.local/lib/python3.8/site-packages/airflow/example_dags/example_xcomargs.py took 0.106 seconds
[2025-09-25T16:12:25.045+0000] {processor.py:157} INFO - Started process (PID=285) to work on /home/airflow/.local/lib/python3.8/site-packages/airflow/example_dags/example_xcomargs.py
[2025-09-25T16:12:25.046+0000] {processor.py:829} INFO - Processing file /home/airflow/.local/lib/python3.8/site-packages/airflow/example_dags/example_xcomargs.py for tasks to queue
[2025-09-25T16:12:25.049+0000] {logging_mixin.py:154} INFO - [2025-09-25T16:12:25.049+0000] {dagbag.py:536} INFO - Filling up the DagBag from /home/airflow/.local/lib/python3.8/site-packages/airflow/example_dags/example_xcomargs.py
[2025-09-25T16:12:25.060+0000] {processor.py:839} INFO - DAG(s) dict_keys(['example_xcom_args_with_operators', 'example_xcom_args']) retrieved from /home/airflow/.local/lib/python3.8/site-packages/airflow/example_dags/example_xcomargs.py
[2025-09-25T16:12:25.092+0000] {logging_mixin.py:154} INFO - [2025-09-25T16:12:25.092+0000] {dag.py:2941} INFO - Sync 2 DAGs
[2025-09-25T16:12:25.110+0000] {logging_mixin.py:154} INFO - [2025-09-25T16:12:25.109+0000] {dag.py:3722} INFO - Setting next_dagrun for example_xcom_args to None, run_after=None
[2025-09-25T16:12:25.116+0000] {logging_mixin.py:154} INFO - [2025-09-25T16:12:25.116+0000] {dag.py:3722} INFO - Setting next_dagrun for example_xcom_args_with_operators to None, run_after=None
[2025-09-25T16:12:25.140+0000] {processor.py:179} INFO - Processing /home/airflow/.local/lib/python3.8/site-packages/airflow/example_dags/example_xcomargs.py took 0.100 seconds
[2025-09-25T16:12:55.908+0000] {processor.py:157} INFO - Started process (PID=339) to work on /home/airflow/.local/lib/python3.8/site-packages/airflow/example_dags/example_xcomargs.py
[2025-09-25T16:12:55.910+0000] {processor.py:829} INFO - Processing file /home/airflow/.local/lib/python3.8/site-packages/airflow/example_dags/example_xcomargs.py for tasks to queue
[2025-09-25T16:12:55.913+0000] {logging_mixin.py:154} INFO - [2025-09-25T16:12:55.913+0000] {dagbag.py:536} INFO - Filling up the DagBag from /home/airflow/.local/lib/python3.8/site-packages/airflow/example_dags/example_xcomargs.py
[2025-09-25T16:12:55.925+0000] {processor.py:839} INFO - DAG(s) dict_keys(['example_xcom_args', 'example_xcom_args_with_operators']) retrieved from /home/airflow/.local/lib/python3.8/site-packages/airflow/example_dags/example_xcomargs.py
[2025-09-25T16:12:55.961+0000] {logging_mixin.py:154} INFO - [2025-09-25T16:12:55.961+0000] {dag.py:2941} INFO - Sync 2 DAGs
[2025-09-25T16:12:55.977+0000] {logging_mixin.py:154} INFO - [2025-09-25T16:12:55.977+0000] {dag.py:3722} INFO - Setting next_dagrun for example_xcom_args to None, run_after=None
[2025-09-25T16:12:55.981+0000] {logging_mixin.py:154} INFO - [2025-09-25T16:12:55.981+0000] {dag.py:3722} INFO - Setting next_dagrun for example_xcom_args_with_operators to None, run_after=None
[2025-09-25T16:12:56.005+0000] {processor.py:179} INFO - Processing /home/airflow/.local/lib/python3.8/site-packages/airflow/example_dags/example_xcomargs.py took 0.101 seconds
[2025-09-25T16:13:26.644+0000] {processor.py:157} INFO - Started process (PID=393) to work on /home/airflow/.local/lib/python3.8/site-packages/airflow/example_dags/example_xcomargs.py
[2025-09-25T16:13:26.646+0000] {processor.py:829} INFO - Processing file /home/airflow/.local/lib/python3.8/site-packages/airflow/example_dags/example_xcomargs.py for tasks to queue
[2025-09-25T16:13:26.650+0000] {logging_mixin.py:154} INFO - [2025-09-25T16:13:26.650+0000] {dagbag.py:536} INFO - Filling up the DagBag from /home/airflow/.local/lib/python3.8/site-packages/airflow/example_dags/example_xcomargs.py
[2025-09-25T16:13:26.660+0000] {processor.py:839} INFO - DAG(s) dict_keys(['example_xcom_args', 'example_xcom_args_with_operators']) retrieved from /home/airflow/.local/lib/python3.8/site-packages/airflow/example_dags/example_xcomargs.py
[2025-09-25T16:13:26.692+0000] {logging_mixin.py:154} INFO - [2025-09-25T16:13:26.692+0000] {dag.py:2941} INFO - Sync 2 DAGs
[2025-09-25T16:13:26.708+0000] {logging_mixin.py:154} INFO - [2025-09-25T16:13:26.707+0000] {dag.py:3722} INFO - Setting next_dagrun for example_xcom_args to None, run_after=None
[2025-09-25T16:13:26.712+0000] {logging_mixin.py:154} INFO - [2025-09-25T16:13:26.712+0000] {dag.py:3722} INFO - Setting next_dagrun for example_xcom_args_with_operators to None, run_after=None
[2025-09-25T16:13:26.735+0000] {processor.py:179} INFO - Processing /home/airflow/.local/lib/python3.8/site-packages/airflow/example_dags/example_xcomargs.py took 0.095 seconds
[2025-09-25T16:13:57.948+0000] {processor.py:157} INFO - Started process (PID=447) to work on /home/airflow/.local/lib/python3.8/site-packages/airflow/example_dags/example_xcomargs.py
[2025-09-25T16:13:57.951+0000] {processor.py:829} INFO - Processing file /home/airflow/.local/lib/python3.8/site-packages/airflow/example_dags/example_xcomargs.py for tasks to queue
[2025-09-25T16:13:57.956+0000] {logging_mixin.py:154} INFO - [2025-09-25T16:13:57.956+0000] {dagbag.py:536} INFO - Filling up the DagBag from /home/airflow/.local/lib/python3.8/site-packages/airflow/example_dags/example_xcomargs.py
[2025-09-25T16:13:57.969+0000] {processor.py:839} INFO - DAG(s) dict_keys(['example_xcom_args_with_operators', 'example_xcom_args']) retrieved from /home/airflow/.local/lib/python3.8/site-packages/airflow/example_dags/example_xcomargs.py
[2025-09-25T16:13:58.013+0000] {logging_mixin.py:154} INFO - [2025-09-25T16:13:58.012+0000] {dag.py:2941} INFO - Sync 2 DAGs
[2025-09-25T16:13:58.044+0000] {logging_mixin.py:154} INFO - [2025-09-25T16:13:58.043+0000] {dag.py:3722} INFO - Setting next_dagrun for example_xcom_args to None, run_after=None
[2025-09-25T16:13:58.050+0000] {logging_mixin.py:154} INFO - [2025-09-25T16:13:58.050+0000] {dag.py:3722} INFO - Setting next_dagrun for example_xcom_args_with_operators to None, run_after=None
[2025-09-25T16:13:58.075+0000] {processor.py:179} INFO - Processing /home/airflow/.local/lib/python3.8/site-packages/airflow/example_dags/example_xcomargs.py took 0.132 seconds
[2025-09-25T16:14:28.346+0000] {processor.py:157} INFO - Started process (PID=501) to work on /home/airflow/.local/lib/python3.8/site-packages/airflow/example_dags/example_xcomargs.py
[2025-09-25T16:14:28.348+0000] {processor.py:829} INFO - Processing file /home/airflow/.local/lib/python3.8/site-packages/airflow/example_dags/example_xcomargs.py for tasks to queue
[2025-09-25T16:14:28.353+0000] {logging_mixin.py:154} INFO - [2025-09-25T16:14:28.352+0000] {dagbag.py:536} INFO - Filling up the DagBag from /home/airflow/.local/lib/python3.8/site-packages/airflow/example_dags/example_xcomargs.py
[2025-09-25T16:14:28.363+0000] {processor.py:839} INFO - DAG(s) dict_keys(['example_xcom_args', 'example_xcom_args_with_operators']) retrieved from /home/airflow/.local/lib/python3.8/site-packages/airflow/example_dags/example_xcomargs.py
[2025-09-25T16:14:28.406+0000] {logging_mixin.py:154} INFO - [2025-09-25T16:14:28.406+0000] {dag.py:2941} INFO - Sync 2 DAGs
[2025-09-25T16:14:28.425+0000] {logging_mixin.py:154} INFO - [2025-09-25T16:14:28.424+0000] {dag.py:3722} INFO - Setting next_dagrun for example_xcom_args to None, run_after=None
[2025-09-25T16:14:28.429+0000] {logging_mixin.py:154} INFO - [2025-09-25T16:14:28.429+0000] {dag.py:3722} INFO - Setting next_dagrun for example_xcom_args_with_operators to None, run_after=None
[2025-09-25T16:14:28.454+0000] {processor.py:179} INFO - Processing /home/airflow/.local/lib/python3.8/site-packages/airflow/example_dags/example_xcomargs.py took 0.112 seconds
[2025-09-25T16:14:58.847+0000] {processor.py:157} INFO - Started process (PID=555) to work on /home/airflow/.local/lib/python3.8/site-packages/airflow/example_dags/example_xcomargs.py
[2025-09-25T16:14:58.849+0000] {processor.py:829} INFO - Processing file /home/airflow/.local/lib/python3.8/site-packages/airflow/example_dags/example_xcomargs.py for tasks to queue
[2025-09-25T16:14:58.852+0000] {logging_mixin.py:154} INFO - [2025-09-25T16:14:58.852+0000] {dagbag.py:536} INFO - Filling up the DagBag from /home/airflow/.local/lib/python3.8/site-packages/airflow/example_dags/example_xcomargs.py
[2025-09-25T16:14:58.862+0000] {processor.py:839} INFO - DAG(s) dict_keys(['example_xcom_args_with_operators', 'example_xcom_args']) retrieved from /home/airflow/.local/lib/python3.8/site-packages/airflow/example_dags/example_xcomargs.py
[2025-09-25T16:14:58.900+0000] {logging_mixin.py:154} INFO - [2025-09-25T16:14:58.900+0000] {dag.py:2941} INFO - Sync 2 DAGs
[2025-09-25T16:14:58.917+0000] {logging_mixin.py:154} INFO - [2025-09-25T16:14:58.916+0000] {dag.py:3722} INFO - Setting next_dagrun for example_xcom_args to None, run_after=None
[2025-09-25T16:14:58.921+0000] {logging_mixin.py:154} INFO - [2025-09-25T16:14:58.921+0000] {dag.py:3722} INFO - Setting next_dagrun for example_xcom_args_with_operators to None, run_after=None
[2025-09-25T16:14:58.945+0000] {processor.py:179} INFO - Processing /home/airflow/.local/lib/python3.8/site-packages/airflow/example_dags/example_xcomargs.py took 0.102 seconds
[2025-09-25T16:15:29.394+0000] {processor.py:157} INFO - Started process (PID=609) to work on /home/airflow/.local/lib/python3.8/site-packages/airflow/example_dags/example_xcomargs.py
[2025-09-25T16:15:29.395+0000] {processor.py:829} INFO - Processing file /home/airflow/.local/lib/python3.8/site-packages/airflow/example_dags/example_xcomargs.py for tasks to queue
[2025-09-25T16:15:29.399+0000] {logging_mixin.py:154} INFO - [2025-09-25T16:15:29.398+0000] {dagbag.py:536} INFO - Filling up the DagBag from /home/airflow/.local/lib/python3.8/site-packages/airflow/example_dags/example_xcomargs.py
[2025-09-25T16:15:29.409+0000] {processor.py:839} INFO - DAG(s) dict_keys(['example_xcom_args', 'example_xcom_args_with_operators']) retrieved from /home/airflow/.local/lib/python3.8/site-packages/airflow/example_dags/example_xcomargs.py
[2025-09-25T16:15:29.452+0000] {logging_mixin.py:154} INFO - [2025-09-25T16:15:29.452+0000] {dag.py:2941} INFO - Sync 2 DAGs
[2025-09-25T16:15:29.471+0000] {logging_mixin.py:154} INFO - [2025-09-25T16:15:29.471+0000] {dag.py:3722} INFO - Setting next_dagrun for example_xcom_args to None, run_after=None
[2025-09-25T16:15:29.476+0000] {logging_mixin.py:154} INFO - [2025-09-25T16:15:29.475+0000] {dag.py:3722} INFO - Setting next_dagrun for example_xcom_args_with_operators to None, run_after=None
[2025-09-25T16:15:29.502+0000] {processor.py:179} INFO - Processing /home/airflow/.local/lib/python3.8/site-packages/airflow/example_dags/example_xcomargs.py took 0.112 seconds
[2025-09-25T16:16:00.356+0000] {processor.py:157} INFO - Started process (PID=663) to work on /home/airflow/.local/lib/python3.8/site-packages/airflow/example_dags/example_xcomargs.py
[2025-09-25T16:16:00.357+0000] {processor.py:829} INFO - Processing file /home/airflow/.local/lib/python3.8/site-packages/airflow/example_dags/example_xcomargs.py for tasks to queue
[2025-09-25T16:16:00.361+0000] {logging_mixin.py:154} INFO - [2025-09-25T16:16:00.360+0000] {dagbag.py:536} INFO - Filling up the DagBag from /home/airflow/.local/lib/python3.8/site-packages/airflow/example_dags/example_xcomargs.py
[2025-09-25T16:16:00.373+0000] {processor.py:839} INFO - DAG(s) dict_keys(['example_xcom_args', 'example_xcom_args_with_operators']) retrieved from /home/airflow/.local/lib/python3.8/site-packages/airflow/example_dags/example_xcomargs.py
[2025-09-25T16:16:00.411+0000] {logging_mixin.py:154} INFO - [2025-09-25T16:16:00.410+0000] {dag.py:2941} INFO - Sync 2 DAGs
[2025-09-25T16:16:00.438+0000] {logging_mixin.py:154} INFO - [2025-09-25T16:16:00.438+0000] {dag.py:3722} INFO - Setting next_dagrun for example_xcom_args to None, run_after=None
[2025-09-25T16:16:00.446+0000] {logging_mixin.py:154} INFO - [2025-09-25T16:16:00.446+0000] {dag.py:3722} INFO - Setting next_dagrun for example_xcom_args_with_operators to None, run_after=None
[2025-09-25T16:16:00.477+0000] {processor.py:179} INFO - Processing /home/airflow/.local/lib/python3.8/site-packages/airflow/example_dags/example_xcomargs.py took 0.126 seconds
[2025-09-25T16:16:30.530+0000] {processor.py:157} INFO - Started process (PID=717) to work on /home/airflow/.local/lib/python3.8/site-packages/airflow/example_dags/example_xcomargs.py
[2025-09-25T16:16:30.532+0000] {processor.py:829} INFO - Processing file /home/airflow/.local/lib/python3.8/site-packages/airflow/example_dags/example_xcomargs.py for tasks to queue
[2025-09-25T16:16:30.536+0000] {logging_mixin.py:154} INFO - [2025-09-25T16:16:30.535+0000] {dagbag.py:536} INFO - Filling up the DagBag from /home/airflow/.local/lib/python3.8/site-packages/airflow/example_dags/example_xcomargs.py
[2025-09-25T16:16:30.545+0000] {processor.py:839} INFO - DAG(s) dict_keys(['example_xcom_args_with_operators', 'example_xcom_args']) retrieved from /home/airflow/.local/lib/python3.8/site-packages/airflow/example_dags/example_xcomargs.py
[2025-09-25T16:16:30.579+0000] {logging_mixin.py:154} INFO - [2025-09-25T16:16:30.579+0000] {dag.py:2941} INFO - Sync 2 DAGs
[2025-09-25T16:16:30.594+0000] {logging_mixin.py:154} INFO - [2025-09-25T16:16:30.593+0000] {dag.py:3722} INFO - Setting next_dagrun for example_xcom_args to None, run_after=None
[2025-09-25T16:16:30.598+0000] {logging_mixin.py:154} INFO - [2025-09-25T16:16:30.597+0000] {dag.py:3722} INFO - Setting next_dagrun for example_xcom_args_with_operators to None, run_after=None
[2025-09-25T16:16:30.620+0000] {processor.py:179} INFO - Processing /home/airflow/.local/lib/python3.8/site-packages/airflow/example_dags/example_xcomargs.py took 0.094 seconds
[2025-09-25T16:17:01.448+0000] {processor.py:157} INFO - Started process (PID=772) to work on /home/airflow/.local/lib/python3.8/site-packages/airflow/example_dags/example_xcomargs.py
[2025-09-25T16:17:01.451+0000] {processor.py:829} INFO - Processing file /home/airflow/.local/lib/python3.8/site-packages/airflow/example_dags/example_xcomargs.py for tasks to queue
[2025-09-25T16:17:01.461+0000] {logging_mixin.py:154} INFO - [2025-09-25T16:17:01.460+0000] {dagbag.py:536} INFO - Filling up the DagBag from /home/airflow/.local/lib/python3.8/site-packages/airflow/example_dags/example_xcomargs.py
[2025-09-25T16:17:01.484+0000] {processor.py:839} INFO - DAG(s) dict_keys(['example_xcom_args', 'example_xcom_args_with_operators']) retrieved from /home/airflow/.local/lib/python3.8/site-packages/airflow/example_dags/example_xcomargs.py
[2025-09-25T16:17:01.533+0000] {logging_mixin.py:154} INFO - [2025-09-25T16:17:01.533+0000] {dag.py:2941} INFO - Sync 2 DAGs
[2025-09-25T16:17:01.548+0000] {logging_mixin.py:154} INFO - [2025-09-25T16:17:01.548+0000] {dag.py:3722} INFO - Setting next_dagrun for example_xcom_args to None, run_after=None
[2025-09-25T16:17:01.552+0000] {logging_mixin.py:154} INFO - [2025-09-25T16:17:01.552+0000] {dag.py:3722} INFO - Setting next_dagrun for example_xcom_args_with_operators to None, run_after=None
[2025-09-25T16:17:01.576+0000] {processor.py:179} INFO - Processing /home/airflow/.local/lib/python3.8/site-packages/airflow/example_dags/example_xcomargs.py took 0.136 seconds
[2025-09-25T16:17:31.718+0000] {processor.py:157} INFO - Started process (PID=827) to work on /home/airflow/.local/lib/python3.8/site-packages/airflow/example_dags/example_xcomargs.py
[2025-09-25T16:17:31.720+0000] {processor.py:829} INFO - Processing file /home/airflow/.local/lib/python3.8/site-packages/airflow/example_dags/example_xcomargs.py for tasks to queue
[2025-09-25T16:17:31.724+0000] {logging_mixin.py:154} INFO - [2025-09-25T16:17:31.723+0000] {dagbag.py:536} INFO - Filling up the DagBag from /home/airflow/.local/lib/python3.8/site-packages/airflow/example_dags/example_xcomargs.py
[2025-09-25T16:17:31.735+0000] {processor.py:839} INFO - DAG(s) dict_keys(['example_xcom_args_with_operators', 'example_xcom_args']) retrieved from /home/airflow/.local/lib/python3.8/site-packages/airflow/example_dags/example_xcomargs.py
[2025-09-25T16:17:31.775+0000] {logging_mixin.py:154} INFO - [2025-09-25T16:17:31.775+0000] {dag.py:2941} INFO - Sync 2 DAGs
[2025-09-25T16:17:31.794+0000] {logging_mixin.py:154} INFO - [2025-09-25T16:17:31.794+0000] {dag.py:3722} INFO - Setting next_dagrun for example_xcom_args to None, run_after=None
[2025-09-25T16:17:31.801+0000] {logging_mixin.py:154} INFO - [2025-09-25T16:17:31.801+0000] {dag.py:3722} INFO - Setting next_dagrun for example_xcom_args_with_operators to None, run_after=None
[2025-09-25T16:17:31.829+0000] {processor.py:179} INFO - Processing /home/airflow/.local/lib/python3.8/site-packages/airflow/example_dags/example_xcomargs.py took 0.117 seconds
[2025-09-25T16:18:02.529+0000] {processor.py:157} INFO - Started process (PID=880) to work on /home/airflow/.local/lib/python3.8/site-packages/airflow/example_dags/example_xcomargs.py
[2025-09-25T16:18:02.531+0000] {processor.py:829} INFO - Processing file /home/airflow/.local/lib/python3.8/site-packages/airflow/example_dags/example_xcomargs.py for tasks to queue
[2025-09-25T16:18:02.535+0000] {logging_mixin.py:154} INFO - [2025-09-25T16:18:02.535+0000] {dagbag.py:536} INFO - Filling up the DagBag from /home/airflow/.local/lib/python3.8/site-packages/airflow/example_dags/example_xcomargs.py
[2025-09-25T16:18:02.547+0000] {processor.py:839} INFO - DAG(s) dict_keys(['example_xcom_args', 'example_xcom_args_with_operators']) retrieved from /home/airflow/.local/lib/python3.8/site-packages/airflow/example_dags/example_xcomargs.py
[2025-09-25T16:18:02.583+0000] {logging_mixin.py:154} INFO - [2025-09-25T16:18:02.583+0000] {dag.py:2941} INFO - Sync 2 DAGs
[2025-09-25T16:18:02.598+0000] {logging_mixin.py:154} INFO - [2025-09-25T16:18:02.598+0000] {dag.py:3722} INFO - Setting next_dagrun for example_xcom_args to None, run_after=None
[2025-09-25T16:18:02.603+0000] {logging_mixin.py:154} INFO - [2025-09-25T16:18:02.603+0000] {dag.py:3722} INFO - Setting next_dagrun for example_xcom_args_with_operators to None, run_after=None
[2025-09-25T16:18:02.628+0000] {processor.py:179} INFO - Processing /home/airflow/.local/lib/python3.8/site-packages/airflow/example_dags/example_xcomargs.py took 0.104 seconds
