[2025-09-25T16:10:50.634+0000] {processor.py:157} INFO - Started process (PID=110) to work on /home/airflow/.local/lib/python3.8/site-packages/airflow/example_dags/example_nested_branch_dag.py
[2025-09-25T16:10:50.640+0000] {processor.py:829} INFO - Processing file /home/airflow/.local/lib/python3.8/site-packages/airflow/example_dags/example_nested_branch_dag.py for tasks to queue
[2025-09-25T16:10:50.659+0000] {logging_mixin.py:154} INFO - [2025-09-25T16:10:50.658+0000] {dagbag.py:536} INFO - Filling up the DagBag from /home/airflow/.local/lib/python3.8/site-packages/airflow/example_dags/example_nested_branch_dag.py
[2025-09-25T16:10:50.722+0000] {processor.py:839} INFO - DAG(s) dict_keys(['example_nested_branch_dag']) retrieved from /home/airflow/.local/lib/python3.8/site-packages/airflow/example_dags/example_nested_branch_dag.py
[2025-09-25T16:10:50.826+0000] {logging_mixin.py:154} INFO - [2025-09-25T16:10:50.826+0000] {dag.py:2941} INFO - Sync 1 DAGs
[2025-09-25T16:10:50.891+0000] {logging_mixin.py:154} INFO - [2025-09-25T16:10:50.891+0000] {dag.py:3722} INFO - Setting next_dagrun for example_nested_branch_dag to 2025-09-24T00:00:00+00:00, run_after=2025-09-25T00:00:00+00:00
[2025-09-25T16:10:50.962+0000] {processor.py:179} INFO - Processing /home/airflow/.local/lib/python3.8/site-packages/airflow/example_dags/example_nested_branch_dag.py took 0.340 seconds
[2025-09-25T16:11:21.978+0000] {processor.py:157} INFO - Started process (PID=164) to work on /home/airflow/.local/lib/python3.8/site-packages/airflow/example_dags/example_nested_branch_dag.py
[2025-09-25T16:11:21.981+0000] {processor.py:829} INFO - Processing file /home/airflow/.local/lib/python3.8/site-packages/airflow/example_dags/example_nested_branch_dag.py for tasks to queue
[2025-09-25T16:11:21.987+0000] {logging_mixin.py:154} INFO - [2025-09-25T16:11:21.985+0000] {dagbag.py:536} INFO - Filling up the DagBag from /home/airflow/.local/lib/python3.8/site-packages/airflow/example_dags/example_nested_branch_dag.py
[2025-09-25T16:11:22.007+0000] {processor.py:839} INFO - DAG(s) dict_keys(['example_nested_branch_dag']) retrieved from /home/airflow/.local/lib/python3.8/site-packages/airflow/example_dags/example_nested_branch_dag.py
[2025-09-25T16:11:22.063+0000] {logging_mixin.py:154} INFO - [2025-09-25T16:11:22.063+0000] {dag.py:2941} INFO - Sync 1 DAGs
[2025-09-25T16:11:22.120+0000] {logging_mixin.py:154} INFO - [2025-09-25T16:11:22.120+0000] {dag.py:3722} INFO - Setting next_dagrun for example_nested_branch_dag to 2025-09-24T00:00:00+00:00, run_after=2025-09-25T00:00:00+00:00
[2025-09-25T16:11:22.167+0000] {processor.py:179} INFO - Processing /home/airflow/.local/lib/python3.8/site-packages/airflow/example_dags/example_nested_branch_dag.py took 0.195 seconds
[2025-09-25T16:11:52.531+0000] {processor.py:157} INFO - Started process (PID=218) to work on /home/airflow/.local/lib/python3.8/site-packages/airflow/example_dags/example_nested_branch_dag.py
[2025-09-25T16:11:52.532+0000] {processor.py:829} INFO - Processing file /home/airflow/.local/lib/python3.8/site-packages/airflow/example_dags/example_nested_branch_dag.py for tasks to queue
[2025-09-25T16:11:52.536+0000] {logging_mixin.py:154} INFO - [2025-09-25T16:11:52.536+0000] {dagbag.py:536} INFO - Filling up the DagBag from /home/airflow/.local/lib/python3.8/site-packages/airflow/example_dags/example_nested_branch_dag.py
[2025-09-25T16:11:52.559+0000] {processor.py:839} INFO - DAG(s) dict_keys(['example_nested_branch_dag']) retrieved from /home/airflow/.local/lib/python3.8/site-packages/airflow/example_dags/example_nested_branch_dag.py
[2025-09-25T16:11:52.598+0000] {logging_mixin.py:154} INFO - [2025-09-25T16:11:52.598+0000] {dag.py:2941} INFO - Sync 1 DAGs
[2025-09-25T16:11:52.632+0000] {logging_mixin.py:154} INFO - [2025-09-25T16:11:52.631+0000] {dag.py:3722} INFO - Setting next_dagrun for example_nested_branch_dag to 2025-09-24T00:00:00+00:00, run_after=2025-09-25T00:00:00+00:00
[2025-09-25T16:11:52.675+0000] {processor.py:179} INFO - Processing /home/airflow/.local/lib/python3.8/site-packages/airflow/example_dags/example_nested_branch_dag.py took 0.149 seconds
[2025-09-25T16:12:23.100+0000] {processor.py:157} INFO - Started process (PID=272) to work on /home/airflow/.local/lib/python3.8/site-packages/airflow/example_dags/example_nested_branch_dag.py
[2025-09-25T16:12:23.102+0000] {processor.py:829} INFO - Processing file /home/airflow/.local/lib/python3.8/site-packages/airflow/example_dags/example_nested_branch_dag.py for tasks to queue
[2025-09-25T16:12:23.105+0000] {logging_mixin.py:154} INFO - [2025-09-25T16:12:23.105+0000] {dagbag.py:536} INFO - Filling up the DagBag from /home/airflow/.local/lib/python3.8/site-packages/airflow/example_dags/example_nested_branch_dag.py
[2025-09-25T16:12:23.120+0000] {processor.py:839} INFO - DAG(s) dict_keys(['example_nested_branch_dag']) retrieved from /home/airflow/.local/lib/python3.8/site-packages/airflow/example_dags/example_nested_branch_dag.py
[2025-09-25T16:12:23.149+0000] {logging_mixin.py:154} INFO - [2025-09-25T16:12:23.148+0000] {dag.py:2941} INFO - Sync 1 DAGs
[2025-09-25T16:12:23.176+0000] {logging_mixin.py:154} INFO - [2025-09-25T16:12:23.176+0000] {dag.py:3722} INFO - Setting next_dagrun for example_nested_branch_dag to 2025-09-24T00:00:00+00:00, run_after=2025-09-25T00:00:00+00:00
[2025-09-25T16:12:23.203+0000] {processor.py:179} INFO - Processing /home/airflow/.local/lib/python3.8/site-packages/airflow/example_dags/example_nested_branch_dag.py took 0.107 seconds
[2025-09-25T16:12:54.007+0000] {processor.py:157} INFO - Started process (PID=326) to work on /home/airflow/.local/lib/python3.8/site-packages/airflow/example_dags/example_nested_branch_dag.py
[2025-09-25T16:12:54.009+0000] {processor.py:829} INFO - Processing file /home/airflow/.local/lib/python3.8/site-packages/airflow/example_dags/example_nested_branch_dag.py for tasks to queue
[2025-09-25T16:12:54.012+0000] {logging_mixin.py:154} INFO - [2025-09-25T16:12:54.012+0000] {dagbag.py:536} INFO - Filling up the DagBag from /home/airflow/.local/lib/python3.8/site-packages/airflow/example_dags/example_nested_branch_dag.py
[2025-09-25T16:12:54.024+0000] {processor.py:839} INFO - DAG(s) dict_keys(['example_nested_branch_dag']) retrieved from /home/airflow/.local/lib/python3.8/site-packages/airflow/example_dags/example_nested_branch_dag.py
[2025-09-25T16:12:54.054+0000] {logging_mixin.py:154} INFO - [2025-09-25T16:12:54.053+0000] {dag.py:2941} INFO - Sync 1 DAGs
[2025-09-25T16:12:54.083+0000] {logging_mixin.py:154} INFO - [2025-09-25T16:12:54.082+0000] {dag.py:3722} INFO - Setting next_dagrun for example_nested_branch_dag to 2025-09-24T00:00:00+00:00, run_after=2025-09-25T00:00:00+00:00
[2025-09-25T16:12:54.106+0000] {processor.py:179} INFO - Processing /home/airflow/.local/lib/python3.8/site-packages/airflow/example_dags/example_nested_branch_dag.py took 0.104 seconds
[2025-09-25T16:13:24.622+0000] {processor.py:157} INFO - Started process (PID=380) to work on /home/airflow/.local/lib/python3.8/site-packages/airflow/example_dags/example_nested_branch_dag.py
[2025-09-25T16:13:24.624+0000] {processor.py:829} INFO - Processing file /home/airflow/.local/lib/python3.8/site-packages/airflow/example_dags/example_nested_branch_dag.py for tasks to queue
[2025-09-25T16:13:24.628+0000] {logging_mixin.py:154} INFO - [2025-09-25T16:13:24.628+0000] {dagbag.py:536} INFO - Filling up the DagBag from /home/airflow/.local/lib/python3.8/site-packages/airflow/example_dags/example_nested_branch_dag.py
[2025-09-25T16:13:24.640+0000] {processor.py:839} INFO - DAG(s) dict_keys(['example_nested_branch_dag']) retrieved from /home/airflow/.local/lib/python3.8/site-packages/airflow/example_dags/example_nested_branch_dag.py
[2025-09-25T16:13:24.670+0000] {logging_mixin.py:154} INFO - [2025-09-25T16:13:24.670+0000] {dag.py:2941} INFO - Sync 1 DAGs
[2025-09-25T16:13:24.700+0000] {logging_mixin.py:154} INFO - [2025-09-25T16:13:24.700+0000] {dag.py:3722} INFO - Setting next_dagrun for example_nested_branch_dag to 2025-09-24T00:00:00+00:00, run_after=2025-09-25T00:00:00+00:00
[2025-09-25T16:13:24.728+0000] {processor.py:179} INFO - Processing /home/airflow/.local/lib/python3.8/site-packages/airflow/example_dags/example_nested_branch_dag.py took 0.110 seconds
[2025-09-25T16:13:55.640+0000] {processor.py:157} INFO - Started process (PID=434) to work on /home/airflow/.local/lib/python3.8/site-packages/airflow/example_dags/example_nested_branch_dag.py
[2025-09-25T16:13:55.642+0000] {processor.py:829} INFO - Processing file /home/airflow/.local/lib/python3.8/site-packages/airflow/example_dags/example_nested_branch_dag.py for tasks to queue
[2025-09-25T16:13:55.647+0000] {logging_mixin.py:154} INFO - [2025-09-25T16:13:55.646+0000] {dagbag.py:536} INFO - Filling up the DagBag from /home/airflow/.local/lib/python3.8/site-packages/airflow/example_dags/example_nested_branch_dag.py
[2025-09-25T16:13:55.666+0000] {processor.py:839} INFO - DAG(s) dict_keys(['example_nested_branch_dag']) retrieved from /home/airflow/.local/lib/python3.8/site-packages/airflow/example_dags/example_nested_branch_dag.py
[2025-09-25T16:13:55.702+0000] {logging_mixin.py:154} INFO - [2025-09-25T16:13:55.702+0000] {dag.py:2941} INFO - Sync 1 DAGs
[2025-09-25T16:13:55.735+0000] {logging_mixin.py:154} INFO - [2025-09-25T16:13:55.735+0000] {dag.py:3722} INFO - Setting next_dagrun for example_nested_branch_dag to 2025-09-24T00:00:00+00:00, run_after=2025-09-25T00:00:00+00:00
[2025-09-25T16:13:55.765+0000] {processor.py:179} INFO - Processing /home/airflow/.local/lib/python3.8/site-packages/airflow/example_dags/example_nested_branch_dag.py took 0.130 seconds
[2025-09-25T16:14:25.918+0000] {processor.py:157} INFO - Started process (PID=488) to work on /home/airflow/.local/lib/python3.8/site-packages/airflow/example_dags/example_nested_branch_dag.py
[2025-09-25T16:14:25.920+0000] {processor.py:829} INFO - Processing file /home/airflow/.local/lib/python3.8/site-packages/airflow/example_dags/example_nested_branch_dag.py for tasks to queue
[2025-09-25T16:14:25.925+0000] {logging_mixin.py:154} INFO - [2025-09-25T16:14:25.924+0000] {dagbag.py:536} INFO - Filling up the DagBag from /home/airflow/.local/lib/python3.8/site-packages/airflow/example_dags/example_nested_branch_dag.py
[2025-09-25T16:14:25.945+0000] {processor.py:839} INFO - DAG(s) dict_keys(['example_nested_branch_dag']) retrieved from /home/airflow/.local/lib/python3.8/site-packages/airflow/example_dags/example_nested_branch_dag.py
[2025-09-25T16:14:25.983+0000] {logging_mixin.py:154} INFO - [2025-09-25T16:14:25.982+0000] {dag.py:2941} INFO - Sync 1 DAGs
[2025-09-25T16:14:26.013+0000] {logging_mixin.py:154} INFO - [2025-09-25T16:14:26.013+0000] {dag.py:3722} INFO - Setting next_dagrun for example_nested_branch_dag to 2025-09-24T00:00:00+00:00, run_after=2025-09-25T00:00:00+00:00
[2025-09-25T16:14:26.042+0000] {processor.py:179} INFO - Processing /home/airflow/.local/lib/python3.8/site-packages/airflow/example_dags/example_nested_branch_dag.py took 0.128 seconds
[2025-09-25T16:14:56.713+0000] {processor.py:157} INFO - Started process (PID=542) to work on /home/airflow/.local/lib/python3.8/site-packages/airflow/example_dags/example_nested_branch_dag.py
[2025-09-25T16:14:56.715+0000] {processor.py:829} INFO - Processing file /home/airflow/.local/lib/python3.8/site-packages/airflow/example_dags/example_nested_branch_dag.py for tasks to queue
[2025-09-25T16:14:56.718+0000] {logging_mixin.py:154} INFO - [2025-09-25T16:14:56.718+0000] {dagbag.py:536} INFO - Filling up the DagBag from /home/airflow/.local/lib/python3.8/site-packages/airflow/example_dags/example_nested_branch_dag.py
[2025-09-25T16:14:56.732+0000] {processor.py:839} INFO - DAG(s) dict_keys(['example_nested_branch_dag']) retrieved from /home/airflow/.local/lib/python3.8/site-packages/airflow/example_dags/example_nested_branch_dag.py
[2025-09-25T16:14:56.764+0000] {logging_mixin.py:154} INFO - [2025-09-25T16:14:56.764+0000] {dag.py:2941} INFO - Sync 1 DAGs
[2025-09-25T16:14:56.795+0000] {logging_mixin.py:154} INFO - [2025-09-25T16:14:56.795+0000] {dag.py:3722} INFO - Setting next_dagrun for example_nested_branch_dag to 2025-09-24T00:00:00+00:00, run_after=2025-09-25T00:00:00+00:00
[2025-09-25T16:14:56.823+0000] {processor.py:179} INFO - Processing /home/airflow/.local/lib/python3.8/site-packages/airflow/example_dags/example_nested_branch_dag.py took 0.115 seconds
[2025-09-25T16:15:27.262+0000] {processor.py:157} INFO - Started process (PID=596) to work on /home/airflow/.local/lib/python3.8/site-packages/airflow/example_dags/example_nested_branch_dag.py
[2025-09-25T16:15:27.264+0000] {processor.py:829} INFO - Processing file /home/airflow/.local/lib/python3.8/site-packages/airflow/example_dags/example_nested_branch_dag.py for tasks to queue
[2025-09-25T16:15:27.267+0000] {logging_mixin.py:154} INFO - [2025-09-25T16:15:27.267+0000] {dagbag.py:536} INFO - Filling up the DagBag from /home/airflow/.local/lib/python3.8/site-packages/airflow/example_dags/example_nested_branch_dag.py
[2025-09-25T16:15:27.279+0000] {processor.py:839} INFO - DAG(s) dict_keys(['example_nested_branch_dag']) retrieved from /home/airflow/.local/lib/python3.8/site-packages/airflow/example_dags/example_nested_branch_dag.py
[2025-09-25T16:15:27.306+0000] {logging_mixin.py:154} INFO - [2025-09-25T16:15:27.306+0000] {dag.py:2941} INFO - Sync 1 DAGs
[2025-09-25T16:15:27.337+0000] {logging_mixin.py:154} INFO - [2025-09-25T16:15:27.337+0000] {dag.py:3722} INFO - Setting next_dagrun for example_nested_branch_dag to 2025-09-24T00:00:00+00:00, run_after=2025-09-25T00:00:00+00:00
[2025-09-25T16:15:27.365+0000] {processor.py:179} INFO - Processing /home/airflow/.local/lib/python3.8/site-packages/airflow/example_dags/example_nested_branch_dag.py took 0.108 seconds
[2025-09-25T16:15:57.938+0000] {processor.py:157} INFO - Started process (PID=650) to work on /home/airflow/.local/lib/python3.8/site-packages/airflow/example_dags/example_nested_branch_dag.py
[2025-09-25T16:15:57.941+0000] {processor.py:829} INFO - Processing file /home/airflow/.local/lib/python3.8/site-packages/airflow/example_dags/example_nested_branch_dag.py for tasks to queue
[2025-09-25T16:15:57.946+0000] {logging_mixin.py:154} INFO - [2025-09-25T16:15:57.945+0000] {dagbag.py:536} INFO - Filling up the DagBag from /home/airflow/.local/lib/python3.8/site-packages/airflow/example_dags/example_nested_branch_dag.py
[2025-09-25T16:15:57.966+0000] {processor.py:839} INFO - DAG(s) dict_keys(['example_nested_branch_dag']) retrieved from /home/airflow/.local/lib/python3.8/site-packages/airflow/example_dags/example_nested_branch_dag.py
[2025-09-25T16:15:58.003+0000] {logging_mixin.py:154} INFO - [2025-09-25T16:15:58.003+0000] {dag.py:2941} INFO - Sync 1 DAGs
[2025-09-25T16:15:58.036+0000] {logging_mixin.py:154} INFO - [2025-09-25T16:15:58.036+0000] {dag.py:3722} INFO - Setting next_dagrun for example_nested_branch_dag to 2025-09-24T00:00:00+00:00, run_after=2025-09-25T00:00:00+00:00
[2025-09-25T16:15:58.065+0000] {processor.py:179} INFO - Processing /home/airflow/.local/lib/python3.8/site-packages/airflow/example_dags/example_nested_branch_dag.py took 0.135 seconds
[2025-09-25T16:16:28.127+0000] {processor.py:157} INFO - Started process (PID=704) to work on /home/airflow/.local/lib/python3.8/site-packages/airflow/example_dags/example_nested_branch_dag.py
[2025-09-25T16:16:28.129+0000] {processor.py:829} INFO - Processing file /home/airflow/.local/lib/python3.8/site-packages/airflow/example_dags/example_nested_branch_dag.py for tasks to queue
[2025-09-25T16:16:28.133+0000] {logging_mixin.py:154} INFO - [2025-09-25T16:16:28.132+0000] {dagbag.py:536} INFO - Filling up the DagBag from /home/airflow/.local/lib/python3.8/site-packages/airflow/example_dags/example_nested_branch_dag.py
[2025-09-25T16:16:28.152+0000] {processor.py:839} INFO - DAG(s) dict_keys(['example_nested_branch_dag']) retrieved from /home/airflow/.local/lib/python3.8/site-packages/airflow/example_dags/example_nested_branch_dag.py
[2025-09-25T16:16:28.202+0000] {logging_mixin.py:154} INFO - [2025-09-25T16:16:28.202+0000] {dag.py:2941} INFO - Sync 1 DAGs
[2025-09-25T16:16:28.228+0000] {logging_mixin.py:154} INFO - [2025-09-25T16:16:28.227+0000] {dag.py:3722} INFO - Setting next_dagrun for example_nested_branch_dag to 2025-09-24T00:00:00+00:00, run_after=2025-09-25T00:00:00+00:00
[2025-09-25T16:16:28.251+0000] {processor.py:179} INFO - Processing /home/airflow/.local/lib/python3.8/site-packages/airflow/example_dags/example_nested_branch_dag.py took 0.131 seconds
[2025-09-25T16:16:59.141+0000] {processor.py:157} INFO - Started process (PID=758) to work on /home/airflow/.local/lib/python3.8/site-packages/airflow/example_dags/example_nested_branch_dag.py
[2025-09-25T16:16:59.142+0000] {processor.py:829} INFO - Processing file /home/airflow/.local/lib/python3.8/site-packages/airflow/example_dags/example_nested_branch_dag.py for tasks to queue
[2025-09-25T16:16:59.145+0000] {logging_mixin.py:154} INFO - [2025-09-25T16:16:59.145+0000] {dagbag.py:536} INFO - Filling up the DagBag from /home/airflow/.local/lib/python3.8/site-packages/airflow/example_dags/example_nested_branch_dag.py
[2025-09-25T16:16:59.158+0000] {processor.py:839} INFO - DAG(s) dict_keys(['example_nested_branch_dag']) retrieved from /home/airflow/.local/lib/python3.8/site-packages/airflow/example_dags/example_nested_branch_dag.py
[2025-09-25T16:16:59.186+0000] {logging_mixin.py:154} INFO - [2025-09-25T16:16:59.185+0000] {dag.py:2941} INFO - Sync 1 DAGs
[2025-09-25T16:16:59.212+0000] {logging_mixin.py:154} INFO - [2025-09-25T16:16:59.211+0000] {dag.py:3722} INFO - Setting next_dagrun for example_nested_branch_dag to 2025-09-24T00:00:00+00:00, run_after=2025-09-25T00:00:00+00:00
[2025-09-25T16:16:59.237+0000] {processor.py:179} INFO - Processing /home/airflow/.local/lib/python3.8/site-packages/airflow/example_dags/example_nested_branch_dag.py took 0.101 seconds
[2025-09-25T16:17:29.356+0000] {processor.py:157} INFO - Started process (PID=812) to work on /home/airflow/.local/lib/python3.8/site-packages/airflow/example_dags/example_nested_branch_dag.py
[2025-09-25T16:17:29.358+0000] {processor.py:829} INFO - Processing file /home/airflow/.local/lib/python3.8/site-packages/airflow/example_dags/example_nested_branch_dag.py for tasks to queue
[2025-09-25T16:17:29.361+0000] {logging_mixin.py:154} INFO - [2025-09-25T16:17:29.361+0000] {dagbag.py:536} INFO - Filling up the DagBag from /home/airflow/.local/lib/python3.8/site-packages/airflow/example_dags/example_nested_branch_dag.py
[2025-09-25T16:17:29.374+0000] {processor.py:839} INFO - DAG(s) dict_keys(['example_nested_branch_dag']) retrieved from /home/airflow/.local/lib/python3.8/site-packages/airflow/example_dags/example_nested_branch_dag.py
[2025-09-25T16:17:29.405+0000] {logging_mixin.py:154} INFO - [2025-09-25T16:17:29.405+0000] {dag.py:2941} INFO - Sync 1 DAGs
[2025-09-25T16:17:29.432+0000] {logging_mixin.py:154} INFO - [2025-09-25T16:17:29.432+0000] {dag.py:3722} INFO - Setting next_dagrun for example_nested_branch_dag to 2025-09-24T00:00:00+00:00, run_after=2025-09-25T00:00:00+00:00
[2025-09-25T16:17:29.458+0000] {processor.py:179} INFO - Processing /home/airflow/.local/lib/python3.8/site-packages/airflow/example_dags/example_nested_branch_dag.py took 0.106 seconds
[2025-09-25T16:18:00.118+0000] {processor.py:157} INFO - Started process (PID=866) to work on /home/airflow/.local/lib/python3.8/site-packages/airflow/example_dags/example_nested_branch_dag.py
[2025-09-25T16:18:00.120+0000] {processor.py:829} INFO - Processing file /home/airflow/.local/lib/python3.8/site-packages/airflow/example_dags/example_nested_branch_dag.py for tasks to queue
[2025-09-25T16:18:00.124+0000] {logging_mixin.py:154} INFO - [2025-09-25T16:18:00.124+0000] {dagbag.py:536} INFO - Filling up the DagBag from /home/airflow/.local/lib/python3.8/site-packages/airflow/example_dags/example_nested_branch_dag.py
[2025-09-25T16:18:00.138+0000] {processor.py:839} INFO - DAG(s) dict_keys(['example_nested_branch_dag']) retrieved from /home/airflow/.local/lib/python3.8/site-packages/airflow/example_dags/example_nested_branch_dag.py
[2025-09-25T16:18:00.174+0000] {logging_mixin.py:154} INFO - [2025-09-25T16:18:00.174+0000] {dag.py:2941} INFO - Sync 1 DAGs
[2025-09-25T16:18:00.226+0000] {logging_mixin.py:154} INFO - [2025-09-25T16:18:00.226+0000] {dag.py:3722} INFO - Setting next_dagrun for example_nested_branch_dag to 2025-09-24T00:00:00+00:00, run_after=2025-09-25T00:00:00+00:00
[2025-09-25T16:18:00.312+0000] {processor.py:179} INFO - Processing /home/airflow/.local/lib/python3.8/site-packages/airflow/example_dags/example_nested_branch_dag.py took 0.199 seconds
