[2025-09-25T16:10:51.372+0000] {processor.py:157} INFO - Started process (PID=113) to work on /home/airflow/.local/lib/python3.8/site-packages/airflow/example_dags/example_branch_datetime_operator.py
[2025-09-25T16:10:51.375+0000] {processor.py:829} INFO - Processing file /home/airflow/.local/lib/python3.8/site-packages/airflow/example_dags/example_branch_datetime_operator.py for tasks to queue
[2025-09-25T16:10:51.381+0000] {logging_mixin.py:154} INFO - [2025-09-25T16:10:51.380+0000] {dagbag.py:536} INFO - Filling up the DagBag from /home/airflow/.local/lib/python3.8/site-packages/airflow/example_dags/example_branch_datetime_operator.py
[2025-09-25T16:10:51.444+0000] {processor.py:839} INFO - DAG(s) dict_keys(['example_branch_datetime_operator', 'example_branch_datetime_operator_3', 'example_branch_datetime_operator_2']) retrieved from /home/airflow/.local/lib/python3.8/site-packages/airflow/example_dags/example_branch_datetime_operator.py
[2025-09-25T16:10:51.589+0000] {logging_mixin.py:154} INFO - [2025-09-25T16:10:51.588+0000] {dag.py:2941} INFO - Sync 3 DAGs
[2025-09-25T16:10:51.667+0000] {logging_mixin.py:154} INFO - [2025-09-25T16:10:51.666+0000] {dag.py:3722} INFO - Setting next_dagrun for example_branch_datetime_operator to 2025-09-24T00:00:00+00:00, run_after=2025-09-25T00:00:00+00:00
[2025-09-25T16:10:51.679+0000] {logging_mixin.py:154} INFO - [2025-09-25T16:10:51.679+0000] {dag.py:3722} INFO - Setting next_dagrun for example_branch_datetime_operator_2 to 2025-09-24T00:00:00+00:00, run_after=2025-09-25T00:00:00+00:00
[2025-09-25T16:10:51.690+0000] {logging_mixin.py:154} INFO - [2025-09-25T16:10:51.689+0000] {dag.py:3722} INFO - Setting next_dagrun for example_branch_datetime_operator_3 to 2025-09-24T00:00:00+00:00, run_after=2025-09-25T00:00:00+00:00
[2025-09-25T16:10:51.741+0000] {processor.py:179} INFO - Processing /home/airflow/.local/lib/python3.8/site-packages/airflow/example_dags/example_branch_datetime_operator.py took 0.379 seconds
[2025-09-25T16:11:22.257+0000] {processor.py:157} INFO - Started process (PID=167) to work on /home/airflow/.local/lib/python3.8/site-packages/airflow/example_dags/example_branch_datetime_operator.py
[2025-09-25T16:11:22.262+0000] {processor.py:829} INFO - Processing file /home/airflow/.local/lib/python3.8/site-packages/airflow/example_dags/example_branch_datetime_operator.py for tasks to queue
[2025-09-25T16:11:22.267+0000] {logging_mixin.py:154} INFO - [2025-09-25T16:11:22.266+0000] {dagbag.py:536} INFO - Filling up the DagBag from /home/airflow/.local/lib/python3.8/site-packages/airflow/example_dags/example_branch_datetime_operator.py
[2025-09-25T16:11:22.292+0000] {processor.py:839} INFO - DAG(s) dict_keys(['example_branch_datetime_operator_3', 'example_branch_datetime_operator_2', 'example_branch_datetime_operator']) retrieved from /home/airflow/.local/lib/python3.8/site-packages/airflow/example_dags/example_branch_datetime_operator.py
[2025-09-25T16:11:22.366+0000] {logging_mixin.py:154} INFO - [2025-09-25T16:11:22.366+0000] {dag.py:2941} INFO - Sync 3 DAGs
[2025-09-25T16:11:22.429+0000] {logging_mixin.py:154} INFO - [2025-09-25T16:11:22.429+0000] {dag.py:3722} INFO - Setting next_dagrun for example_branch_datetime_operator to 2025-09-24T00:00:00+00:00, run_after=2025-09-25T00:00:00+00:00
[2025-09-25T16:11:22.446+0000] {logging_mixin.py:154} INFO - [2025-09-25T16:11:22.445+0000] {dag.py:3722} INFO - Setting next_dagrun for example_branch_datetime_operator_2 to 2025-09-24T00:00:00+00:00, run_after=2025-09-25T00:00:00+00:00
[2025-09-25T16:11:22.452+0000] {logging_mixin.py:154} INFO - [2025-09-25T16:11:22.452+0000] {dag.py:3722} INFO - Setting next_dagrun for example_branch_datetime_operator_3 to 2025-09-24T00:00:00+00:00, run_after=2025-09-25T00:00:00+00:00
[2025-09-25T16:11:22.510+0000] {processor.py:179} INFO - Processing /home/airflow/.local/lib/python3.8/site-packages/airflow/example_dags/example_branch_datetime_operator.py took 0.263 seconds
[2025-09-25T16:11:52.745+0000] {processor.py:157} INFO - Started process (PID=221) to work on /home/airflow/.local/lib/python3.8/site-packages/airflow/example_dags/example_branch_datetime_operator.py
[2025-09-25T16:11:52.748+0000] {processor.py:829} INFO - Processing file /home/airflow/.local/lib/python3.8/site-packages/airflow/example_dags/example_branch_datetime_operator.py for tasks to queue
[2025-09-25T16:11:52.751+0000] {logging_mixin.py:154} INFO - [2025-09-25T16:11:52.751+0000] {dagbag.py:536} INFO - Filling up the DagBag from /home/airflow/.local/lib/python3.8/site-packages/airflow/example_dags/example_branch_datetime_operator.py
[2025-09-25T16:11:52.771+0000] {processor.py:839} INFO - DAG(s) dict_keys(['example_branch_datetime_operator_2', 'example_branch_datetime_operator', 'example_branch_datetime_operator_3']) retrieved from /home/airflow/.local/lib/python3.8/site-packages/airflow/example_dags/example_branch_datetime_operator.py
[2025-09-25T16:11:52.823+0000] {logging_mixin.py:154} INFO - [2025-09-25T16:11:52.822+0000] {dag.py:2941} INFO - Sync 3 DAGs
[2025-09-25T16:11:52.854+0000] {logging_mixin.py:154} INFO - [2025-09-25T16:11:52.853+0000] {dag.py:3722} INFO - Setting next_dagrun for example_branch_datetime_operator to 2025-09-24T00:00:00+00:00, run_after=2025-09-25T00:00:00+00:00
[2025-09-25T16:11:52.862+0000] {logging_mixin.py:154} INFO - [2025-09-25T16:11:52.861+0000] {dag.py:3722} INFO - Setting next_dagrun for example_branch_datetime_operator_2 to 2025-09-24T00:00:00+00:00, run_after=2025-09-25T00:00:00+00:00
[2025-09-25T16:11:52.865+0000] {logging_mixin.py:154} INFO - [2025-09-25T16:11:52.865+0000] {dag.py:3722} INFO - Setting next_dagrun for example_branch_datetime_operator_3 to 2025-09-24T00:00:00+00:00, run_after=2025-09-25T00:00:00+00:00
[2025-09-25T16:11:52.889+0000] {processor.py:179} INFO - Processing /home/airflow/.local/lib/python3.8/site-packages/airflow/example_dags/example_branch_datetime_operator.py took 0.150 seconds
[2025-09-25T16:12:23.359+0000] {processor.py:157} INFO - Started process (PID=275) to work on /home/airflow/.local/lib/python3.8/site-packages/airflow/example_dags/example_branch_datetime_operator.py
[2025-09-25T16:12:23.361+0000] {processor.py:829} INFO - Processing file /home/airflow/.local/lib/python3.8/site-packages/airflow/example_dags/example_branch_datetime_operator.py for tasks to queue
[2025-09-25T16:12:23.365+0000] {logging_mixin.py:154} INFO - [2025-09-25T16:12:23.364+0000] {dagbag.py:536} INFO - Filling up the DagBag from /home/airflow/.local/lib/python3.8/site-packages/airflow/example_dags/example_branch_datetime_operator.py
[2025-09-25T16:12:23.378+0000] {processor.py:839} INFO - DAG(s) dict_keys(['example_branch_datetime_operator', 'example_branch_datetime_operator_2', 'example_branch_datetime_operator_3']) retrieved from /home/airflow/.local/lib/python3.8/site-packages/airflow/example_dags/example_branch_datetime_operator.py
[2025-09-25T16:12:23.419+0000] {logging_mixin.py:154} INFO - [2025-09-25T16:12:23.418+0000] {dag.py:2941} INFO - Sync 3 DAGs
[2025-09-25T16:12:23.448+0000] {logging_mixin.py:154} INFO - [2025-09-25T16:12:23.448+0000] {dag.py:3722} INFO - Setting next_dagrun for example_branch_datetime_operator to 2025-09-24T00:00:00+00:00, run_after=2025-09-25T00:00:00+00:00
[2025-09-25T16:12:23.454+0000] {logging_mixin.py:154} INFO - [2025-09-25T16:12:23.454+0000] {dag.py:3722} INFO - Setting next_dagrun for example_branch_datetime_operator_2 to 2025-09-24T00:00:00+00:00, run_after=2025-09-25T00:00:00+00:00
[2025-09-25T16:12:23.458+0000] {logging_mixin.py:154} INFO - [2025-09-25T16:12:23.457+0000] {dag.py:3722} INFO - Setting next_dagrun for example_branch_datetime_operator_3 to 2025-09-24T00:00:00+00:00, run_after=2025-09-25T00:00:00+00:00
[2025-09-25T16:12:23.480+0000] {processor.py:179} INFO - Processing /home/airflow/.local/lib/python3.8/site-packages/airflow/example_dags/example_branch_datetime_operator.py took 0.126 seconds
[2025-09-25T16:12:54.151+0000] {processor.py:157} INFO - Started process (PID=329) to work on /home/airflow/.local/lib/python3.8/site-packages/airflow/example_dags/example_branch_datetime_operator.py
[2025-09-25T16:12:54.153+0000] {processor.py:829} INFO - Processing file /home/airflow/.local/lib/python3.8/site-packages/airflow/example_dags/example_branch_datetime_operator.py for tasks to queue
[2025-09-25T16:12:54.157+0000] {logging_mixin.py:154} INFO - [2025-09-25T16:12:54.156+0000] {dagbag.py:536} INFO - Filling up the DagBag from /home/airflow/.local/lib/python3.8/site-packages/airflow/example_dags/example_branch_datetime_operator.py
[2025-09-25T16:12:54.169+0000] {processor.py:839} INFO - DAG(s) dict_keys(['example_branch_datetime_operator_2', 'example_branch_datetime_operator_3', 'example_branch_datetime_operator']) retrieved from /home/airflow/.local/lib/python3.8/site-packages/airflow/example_dags/example_branch_datetime_operator.py
[2025-09-25T16:12:54.209+0000] {logging_mixin.py:154} INFO - [2025-09-25T16:12:54.209+0000] {dag.py:2941} INFO - Sync 3 DAGs
[2025-09-25T16:12:54.238+0000] {logging_mixin.py:154} INFO - [2025-09-25T16:12:54.238+0000] {dag.py:3722} INFO - Setting next_dagrun for example_branch_datetime_operator to 2025-09-24T00:00:00+00:00, run_after=2025-09-25T00:00:00+00:00
[2025-09-25T16:12:54.242+0000] {logging_mixin.py:154} INFO - [2025-09-25T16:12:54.242+0000] {dag.py:3722} INFO - Setting next_dagrun for example_branch_datetime_operator_2 to 2025-09-24T00:00:00+00:00, run_after=2025-09-25T00:00:00+00:00
[2025-09-25T16:12:54.246+0000] {logging_mixin.py:154} INFO - [2025-09-25T16:12:54.246+0000] {dag.py:3722} INFO - Setting next_dagrun for example_branch_datetime_operator_3 to 2025-09-24T00:00:00+00:00, run_after=2025-09-25T00:00:00+00:00
[2025-09-25T16:12:54.269+0000] {processor.py:179} INFO - Processing /home/airflow/.local/lib/python3.8/site-packages/airflow/example_dags/example_branch_datetime_operator.py took 0.126 seconds
[2025-09-25T16:13:24.775+0000] {processor.py:157} INFO - Started process (PID=383) to work on /home/airflow/.local/lib/python3.8/site-packages/airflow/example_dags/example_branch_datetime_operator.py
[2025-09-25T16:13:24.776+0000] {processor.py:829} INFO - Processing file /home/airflow/.local/lib/python3.8/site-packages/airflow/example_dags/example_branch_datetime_operator.py for tasks to queue
[2025-09-25T16:13:24.779+0000] {logging_mixin.py:154} INFO - [2025-09-25T16:13:24.779+0000] {dagbag.py:536} INFO - Filling up the DagBag from /home/airflow/.local/lib/python3.8/site-packages/airflow/example_dags/example_branch_datetime_operator.py
[2025-09-25T16:13:24.792+0000] {processor.py:839} INFO - DAG(s) dict_keys(['example_branch_datetime_operator', 'example_branch_datetime_operator_2', 'example_branch_datetime_operator_3']) retrieved from /home/airflow/.local/lib/python3.8/site-packages/airflow/example_dags/example_branch_datetime_operator.py
[2025-09-25T16:13:24.829+0000] {logging_mixin.py:154} INFO - [2025-09-25T16:13:24.828+0000] {dag.py:2941} INFO - Sync 3 DAGs
[2025-09-25T16:13:24.855+0000] {logging_mixin.py:154} INFO - [2025-09-25T16:13:24.855+0000] {dag.py:3722} INFO - Setting next_dagrun for example_branch_datetime_operator to 2025-09-24T00:00:00+00:00, run_after=2025-09-25T00:00:00+00:00
[2025-09-25T16:13:24.861+0000] {logging_mixin.py:154} INFO - [2025-09-25T16:13:24.861+0000] {dag.py:3722} INFO - Setting next_dagrun for example_branch_datetime_operator_2 to 2025-09-24T00:00:00+00:00, run_after=2025-09-25T00:00:00+00:00
[2025-09-25T16:13:24.865+0000] {logging_mixin.py:154} INFO - [2025-09-25T16:13:24.865+0000] {dag.py:3722} INFO - Setting next_dagrun for example_branch_datetime_operator_3 to 2025-09-24T00:00:00+00:00, run_after=2025-09-25T00:00:00+00:00
[2025-09-25T16:13:24.887+0000] {processor.py:179} INFO - Processing /home/airflow/.local/lib/python3.8/site-packages/airflow/example_dags/example_branch_datetime_operator.py took 0.117 seconds
[2025-09-25T16:13:55.812+0000] {processor.py:157} INFO - Started process (PID=437) to work on /home/airflow/.local/lib/python3.8/site-packages/airflow/example_dags/example_branch_datetime_operator.py
[2025-09-25T16:13:55.814+0000] {processor.py:829} INFO - Processing file /home/airflow/.local/lib/python3.8/site-packages/airflow/example_dags/example_branch_datetime_operator.py for tasks to queue
[2025-09-25T16:13:55.818+0000] {logging_mixin.py:154} INFO - [2025-09-25T16:13:55.817+0000] {dagbag.py:536} INFO - Filling up the DagBag from /home/airflow/.local/lib/python3.8/site-packages/airflow/example_dags/example_branch_datetime_operator.py
[2025-09-25T16:13:55.833+0000] {processor.py:839} INFO - DAG(s) dict_keys(['example_branch_datetime_operator_2', 'example_branch_datetime_operator', 'example_branch_datetime_operator_3']) retrieved from /home/airflow/.local/lib/python3.8/site-packages/airflow/example_dags/example_branch_datetime_operator.py
[2025-09-25T16:13:55.874+0000] {logging_mixin.py:154} INFO - [2025-09-25T16:13:55.873+0000] {dag.py:2941} INFO - Sync 3 DAGs
[2025-09-25T16:13:55.903+0000] {logging_mixin.py:154} INFO - [2025-09-25T16:13:55.903+0000] {dag.py:3722} INFO - Setting next_dagrun for example_branch_datetime_operator to 2025-09-24T00:00:00+00:00, run_after=2025-09-25T00:00:00+00:00
[2025-09-25T16:13:55.913+0000] {logging_mixin.py:154} INFO - [2025-09-25T16:13:55.912+0000] {dag.py:3722} INFO - Setting next_dagrun for example_branch_datetime_operator_2 to 2025-09-24T00:00:00+00:00, run_after=2025-09-25T00:00:00+00:00
[2025-09-25T16:13:55.917+0000] {logging_mixin.py:154} INFO - [2025-09-25T16:13:55.916+0000] {dag.py:3722} INFO - Setting next_dagrun for example_branch_datetime_operator_3 to 2025-09-24T00:00:00+00:00, run_after=2025-09-25T00:00:00+00:00
[2025-09-25T16:13:55.949+0000] {processor.py:179} INFO - Processing /home/airflow/.local/lib/python3.8/site-packages/airflow/example_dags/example_branch_datetime_operator.py took 0.142 seconds
[2025-09-25T16:14:26.097+0000] {processor.py:157} INFO - Started process (PID=491) to work on /home/airflow/.local/lib/python3.8/site-packages/airflow/example_dags/example_branch_datetime_operator.py
[2025-09-25T16:14:26.099+0000] {processor.py:829} INFO - Processing file /home/airflow/.local/lib/python3.8/site-packages/airflow/example_dags/example_branch_datetime_operator.py for tasks to queue
[2025-09-25T16:14:26.102+0000] {logging_mixin.py:154} INFO - [2025-09-25T16:14:26.102+0000] {dagbag.py:536} INFO - Filling up the DagBag from /home/airflow/.local/lib/python3.8/site-packages/airflow/example_dags/example_branch_datetime_operator.py
[2025-09-25T16:14:26.117+0000] {processor.py:839} INFO - DAG(s) dict_keys(['example_branch_datetime_operator_2', 'example_branch_datetime_operator', 'example_branch_datetime_operator_3']) retrieved from /home/airflow/.local/lib/python3.8/site-packages/airflow/example_dags/example_branch_datetime_operator.py
[2025-09-25T16:14:26.165+0000] {logging_mixin.py:154} INFO - [2025-09-25T16:14:26.165+0000] {dag.py:2941} INFO - Sync 3 DAGs
[2025-09-25T16:14:26.197+0000] {logging_mixin.py:154} INFO - [2025-09-25T16:14:26.197+0000] {dag.py:3722} INFO - Setting next_dagrun for example_branch_datetime_operator to 2025-09-24T00:00:00+00:00, run_after=2025-09-25T00:00:00+00:00
[2025-09-25T16:14:26.205+0000] {logging_mixin.py:154} INFO - [2025-09-25T16:14:26.204+0000] {dag.py:3722} INFO - Setting next_dagrun for example_branch_datetime_operator_2 to 2025-09-24T00:00:00+00:00, run_after=2025-09-25T00:00:00+00:00
[2025-09-25T16:14:26.208+0000] {logging_mixin.py:154} INFO - [2025-09-25T16:14:26.208+0000] {dag.py:3722} INFO - Setting next_dagrun for example_branch_datetime_operator_3 to 2025-09-24T00:00:00+00:00, run_after=2025-09-25T00:00:00+00:00
[2025-09-25T16:14:26.238+0000] {processor.py:179} INFO - Processing /home/airflow/.local/lib/python3.8/site-packages/airflow/example_dags/example_branch_datetime_operator.py took 0.147 seconds
[2025-09-25T16:14:56.874+0000] {processor.py:157} INFO - Started process (PID=545) to work on /home/airflow/.local/lib/python3.8/site-packages/airflow/example_dags/example_branch_datetime_operator.py
[2025-09-25T16:14:56.876+0000] {processor.py:829} INFO - Processing file /home/airflow/.local/lib/python3.8/site-packages/airflow/example_dags/example_branch_datetime_operator.py for tasks to queue
[2025-09-25T16:14:56.880+0000] {logging_mixin.py:154} INFO - [2025-09-25T16:14:56.879+0000] {dagbag.py:536} INFO - Filling up the DagBag from /home/airflow/.local/lib/python3.8/site-packages/airflow/example_dags/example_branch_datetime_operator.py
[2025-09-25T16:14:56.893+0000] {processor.py:839} INFO - DAG(s) dict_keys(['example_branch_datetime_operator_3', 'example_branch_datetime_operator', 'example_branch_datetime_operator_2']) retrieved from /home/airflow/.local/lib/python3.8/site-packages/airflow/example_dags/example_branch_datetime_operator.py
[2025-09-25T16:14:56.936+0000] {logging_mixin.py:154} INFO - [2025-09-25T16:14:56.936+0000] {dag.py:2941} INFO - Sync 3 DAGs
[2025-09-25T16:14:56.970+0000] {logging_mixin.py:154} INFO - [2025-09-25T16:14:56.970+0000] {dag.py:3722} INFO - Setting next_dagrun for example_branch_datetime_operator to 2025-09-24T00:00:00+00:00, run_after=2025-09-25T00:00:00+00:00
[2025-09-25T16:14:56.978+0000] {logging_mixin.py:154} INFO - [2025-09-25T16:14:56.978+0000] {dag.py:3722} INFO - Setting next_dagrun for example_branch_datetime_operator_2 to 2025-09-24T00:00:00+00:00, run_after=2025-09-25T00:00:00+00:00
[2025-09-25T16:14:56.983+0000] {logging_mixin.py:154} INFO - [2025-09-25T16:14:56.983+0000] {dag.py:3722} INFO - Setting next_dagrun for example_branch_datetime_operator_3 to 2025-09-24T00:00:00+00:00, run_after=2025-09-25T00:00:00+00:00
[2025-09-25T16:14:57.008+0000] {processor.py:179} INFO - Processing /home/airflow/.local/lib/python3.8/site-packages/airflow/example_dags/example_branch_datetime_operator.py took 0.138 seconds
[2025-09-25T16:15:27.506+0000] {processor.py:157} INFO - Started process (PID=599) to work on /home/airflow/.local/lib/python3.8/site-packages/airflow/example_dags/example_branch_datetime_operator.py
[2025-09-25T16:15:27.507+0000] {processor.py:829} INFO - Processing file /home/airflow/.local/lib/python3.8/site-packages/airflow/example_dags/example_branch_datetime_operator.py for tasks to queue
[2025-09-25T16:15:27.511+0000] {logging_mixin.py:154} INFO - [2025-09-25T16:15:27.510+0000] {dagbag.py:536} INFO - Filling up the DagBag from /home/airflow/.local/lib/python3.8/site-packages/airflow/example_dags/example_branch_datetime_operator.py
[2025-09-25T16:15:27.524+0000] {processor.py:839} INFO - DAG(s) dict_keys(['example_branch_datetime_operator_2', 'example_branch_datetime_operator_3', 'example_branch_datetime_operator']) retrieved from /home/airflow/.local/lib/python3.8/site-packages/airflow/example_dags/example_branch_datetime_operator.py
[2025-09-25T16:15:27.568+0000] {logging_mixin.py:154} INFO - [2025-09-25T16:15:27.568+0000] {dag.py:2941} INFO - Sync 3 DAGs
[2025-09-25T16:15:27.597+0000] {logging_mixin.py:154} INFO - [2025-09-25T16:15:27.597+0000] {dag.py:3722} INFO - Setting next_dagrun for example_branch_datetime_operator to 2025-09-24T00:00:00+00:00, run_after=2025-09-25T00:00:00+00:00
[2025-09-25T16:15:27.604+0000] {logging_mixin.py:154} INFO - [2025-09-25T16:15:27.603+0000] {dag.py:3722} INFO - Setting next_dagrun for example_branch_datetime_operator_2 to 2025-09-24T00:00:00+00:00, run_after=2025-09-25T00:00:00+00:00
[2025-09-25T16:15:27.608+0000] {logging_mixin.py:154} INFO - [2025-09-25T16:15:27.608+0000] {dag.py:3722} INFO - Setting next_dagrun for example_branch_datetime_operator_3 to 2025-09-24T00:00:00+00:00, run_after=2025-09-25T00:00:00+00:00
[2025-09-25T16:15:27.653+0000] {processor.py:179} INFO - Processing /home/airflow/.local/lib/python3.8/site-packages/airflow/example_dags/example_branch_datetime_operator.py took 0.152 seconds
[2025-09-25T16:15:58.270+0000] {processor.py:157} INFO - Started process (PID=653) to work on /home/airflow/.local/lib/python3.8/site-packages/airflow/example_dags/example_branch_datetime_operator.py
[2025-09-25T16:15:58.272+0000] {processor.py:829} INFO - Processing file /home/airflow/.local/lib/python3.8/site-packages/airflow/example_dags/example_branch_datetime_operator.py for tasks to queue
[2025-09-25T16:15:58.276+0000] {logging_mixin.py:154} INFO - [2025-09-25T16:15:58.275+0000] {dagbag.py:536} INFO - Filling up the DagBag from /home/airflow/.local/lib/python3.8/site-packages/airflow/example_dags/example_branch_datetime_operator.py
[2025-09-25T16:15:58.291+0000] {processor.py:839} INFO - DAG(s) dict_keys(['example_branch_datetime_operator_3', 'example_branch_datetime_operator_2', 'example_branch_datetime_operator']) retrieved from /home/airflow/.local/lib/python3.8/site-packages/airflow/example_dags/example_branch_datetime_operator.py
[2025-09-25T16:15:58.328+0000] {logging_mixin.py:154} INFO - [2025-09-25T16:15:58.328+0000] {dag.py:2941} INFO - Sync 3 DAGs
[2025-09-25T16:15:58.364+0000] {logging_mixin.py:154} INFO - [2025-09-25T16:15:58.364+0000] {dag.py:3722} INFO - Setting next_dagrun for example_branch_datetime_operator to 2025-09-24T00:00:00+00:00, run_after=2025-09-25T00:00:00+00:00
[2025-09-25T16:15:58.375+0000] {logging_mixin.py:154} INFO - [2025-09-25T16:15:58.375+0000] {dag.py:3722} INFO - Setting next_dagrun for example_branch_datetime_operator_2 to 2025-09-24T00:00:00+00:00, run_after=2025-09-25T00:00:00+00:00
[2025-09-25T16:15:58.385+0000] {logging_mixin.py:154} INFO - [2025-09-25T16:15:58.384+0000] {dag.py:3722} INFO - Setting next_dagrun for example_branch_datetime_operator_3 to 2025-09-24T00:00:00+00:00, run_after=2025-09-25T00:00:00+00:00
[2025-09-25T16:15:58.414+0000] {processor.py:179} INFO - Processing /home/airflow/.local/lib/python3.8/site-packages/airflow/example_dags/example_branch_datetime_operator.py took 0.153 seconds
[2025-09-25T16:16:28.473+0000] {processor.py:157} INFO - Started process (PID=707) to work on /home/airflow/.local/lib/python3.8/site-packages/airflow/example_dags/example_branch_datetime_operator.py
[2025-09-25T16:16:28.475+0000] {processor.py:829} INFO - Processing file /home/airflow/.local/lib/python3.8/site-packages/airflow/example_dags/example_branch_datetime_operator.py for tasks to queue
[2025-09-25T16:16:28.478+0000] {logging_mixin.py:154} INFO - [2025-09-25T16:16:28.477+0000] {dagbag.py:536} INFO - Filling up the DagBag from /home/airflow/.local/lib/python3.8/site-packages/airflow/example_dags/example_branch_datetime_operator.py
[2025-09-25T16:16:28.491+0000] {processor.py:839} INFO - DAG(s) dict_keys(['example_branch_datetime_operator_3', 'example_branch_datetime_operator', 'example_branch_datetime_operator_2']) retrieved from /home/airflow/.local/lib/python3.8/site-packages/airflow/example_dags/example_branch_datetime_operator.py
[2025-09-25T16:16:28.533+0000] {logging_mixin.py:154} INFO - [2025-09-25T16:16:28.532+0000] {dag.py:2941} INFO - Sync 3 DAGs
[2025-09-25T16:16:28.562+0000] {logging_mixin.py:154} INFO - [2025-09-25T16:16:28.562+0000] {dag.py:3722} INFO - Setting next_dagrun for example_branch_datetime_operator to 2025-09-24T00:00:00+00:00, run_after=2025-09-25T00:00:00+00:00
[2025-09-25T16:16:28.570+0000] {logging_mixin.py:154} INFO - [2025-09-25T16:16:28.570+0000] {dag.py:3722} INFO - Setting next_dagrun for example_branch_datetime_operator_2 to 2025-09-24T00:00:00+00:00, run_after=2025-09-25T00:00:00+00:00
[2025-09-25T16:16:28.574+0000] {logging_mixin.py:154} INFO - [2025-09-25T16:16:28.574+0000] {dag.py:3722} INFO - Setting next_dagrun for example_branch_datetime_operator_3 to 2025-09-24T00:00:00+00:00, run_after=2025-09-25T00:00:00+00:00
[2025-09-25T16:16:28.598+0000] {processor.py:179} INFO - Processing /home/airflow/.local/lib/python3.8/site-packages/airflow/example_dags/example_branch_datetime_operator.py took 0.130 seconds
[2025-09-25T16:16:59.286+0000] {processor.py:157} INFO - Started process (PID=761) to work on /home/airflow/.local/lib/python3.8/site-packages/airflow/example_dags/example_branch_datetime_operator.py
[2025-09-25T16:16:59.288+0000] {processor.py:829} INFO - Processing file /home/airflow/.local/lib/python3.8/site-packages/airflow/example_dags/example_branch_datetime_operator.py for tasks to queue
[2025-09-25T16:16:59.291+0000] {logging_mixin.py:154} INFO - [2025-09-25T16:16:59.290+0000] {dagbag.py:536} INFO - Filling up the DagBag from /home/airflow/.local/lib/python3.8/site-packages/airflow/example_dags/example_branch_datetime_operator.py
[2025-09-25T16:16:59.303+0000] {processor.py:839} INFO - DAG(s) dict_keys(['example_branch_datetime_operator_2', 'example_branch_datetime_operator_3', 'example_branch_datetime_operator']) retrieved from /home/airflow/.local/lib/python3.8/site-packages/airflow/example_dags/example_branch_datetime_operator.py
[2025-09-25T16:16:59.338+0000] {logging_mixin.py:154} INFO - [2025-09-25T16:16:59.338+0000] {dag.py:2941} INFO - Sync 3 DAGs
[2025-09-25T16:16:59.367+0000] {logging_mixin.py:154} INFO - [2025-09-25T16:16:59.367+0000] {dag.py:3722} INFO - Setting next_dagrun for example_branch_datetime_operator to 2025-09-24T00:00:00+00:00, run_after=2025-09-25T00:00:00+00:00
[2025-09-25T16:16:59.374+0000] {logging_mixin.py:154} INFO - [2025-09-25T16:16:59.374+0000] {dag.py:3722} INFO - Setting next_dagrun for example_branch_datetime_operator_2 to 2025-09-24T00:00:00+00:00, run_after=2025-09-25T00:00:00+00:00
[2025-09-25T16:16:59.378+0000] {logging_mixin.py:154} INFO - [2025-09-25T16:16:59.377+0000] {dag.py:3722} INFO - Setting next_dagrun for example_branch_datetime_operator_3 to 2025-09-24T00:00:00+00:00, run_after=2025-09-25T00:00:00+00:00
[2025-09-25T16:16:59.402+0000] {processor.py:179} INFO - Processing /home/airflow/.local/lib/python3.8/site-packages/airflow/example_dags/example_branch_datetime_operator.py took 0.120 seconds
[2025-09-25T16:17:29.513+0000] {processor.py:157} INFO - Started process (PID=815) to work on /home/airflow/.local/lib/python3.8/site-packages/airflow/example_dags/example_branch_datetime_operator.py
[2025-09-25T16:17:29.516+0000] {processor.py:829} INFO - Processing file /home/airflow/.local/lib/python3.8/site-packages/airflow/example_dags/example_branch_datetime_operator.py for tasks to queue
[2025-09-25T16:17:29.523+0000] {logging_mixin.py:154} INFO - [2025-09-25T16:17:29.522+0000] {dagbag.py:536} INFO - Filling up the DagBag from /home/airflow/.local/lib/python3.8/site-packages/airflow/example_dags/example_branch_datetime_operator.py
[2025-09-25T16:17:29.540+0000] {processor.py:839} INFO - DAG(s) dict_keys(['example_branch_datetime_operator_2', 'example_branch_datetime_operator', 'example_branch_datetime_operator_3']) retrieved from /home/airflow/.local/lib/python3.8/site-packages/airflow/example_dags/example_branch_datetime_operator.py
[2025-09-25T16:17:29.590+0000] {logging_mixin.py:154} INFO - [2025-09-25T16:17:29.589+0000] {dag.py:2941} INFO - Sync 3 DAGs
[2025-09-25T16:17:29.624+0000] {logging_mixin.py:154} INFO - [2025-09-25T16:17:29.624+0000] {dag.py:3722} INFO - Setting next_dagrun for example_branch_datetime_operator to 2025-09-24T00:00:00+00:00, run_after=2025-09-25T00:00:00+00:00
[2025-09-25T16:17:29.639+0000] {logging_mixin.py:154} INFO - [2025-09-25T16:17:29.639+0000] {dag.py:3722} INFO - Setting next_dagrun for example_branch_datetime_operator_2 to 2025-09-24T00:00:00+00:00, run_after=2025-09-25T00:00:00+00:00
[2025-09-25T16:17:29.648+0000] {logging_mixin.py:154} INFO - [2025-09-25T16:17:29.647+0000] {dag.py:3722} INFO - Setting next_dagrun for example_branch_datetime_operator_3 to 2025-09-24T00:00:00+00:00, run_after=2025-09-25T00:00:00+00:00
[2025-09-25T16:17:29.726+0000] {processor.py:179} INFO - Processing /home/airflow/.local/lib/python3.8/site-packages/airflow/example_dags/example_branch_datetime_operator.py took 0.219 seconds
[2025-09-25T16:18:00.390+0000] {processor.py:157} INFO - Started process (PID=869) to work on /home/airflow/.local/lib/python3.8/site-packages/airflow/example_dags/example_branch_datetime_operator.py
[2025-09-25T16:18:00.392+0000] {processor.py:829} INFO - Processing file /home/airflow/.local/lib/python3.8/site-packages/airflow/example_dags/example_branch_datetime_operator.py for tasks to queue
[2025-09-25T16:18:00.397+0000] {logging_mixin.py:154} INFO - [2025-09-25T16:18:00.397+0000] {dagbag.py:536} INFO - Filling up the DagBag from /home/airflow/.local/lib/python3.8/site-packages/airflow/example_dags/example_branch_datetime_operator.py
[2025-09-25T16:18:00.413+0000] {processor.py:839} INFO - DAG(s) dict_keys(['example_branch_datetime_operator_2', 'example_branch_datetime_operator_3', 'example_branch_datetime_operator']) retrieved from /home/airflow/.local/lib/python3.8/site-packages/airflow/example_dags/example_branch_datetime_operator.py
[2025-09-25T16:18:00.469+0000] {logging_mixin.py:154} INFO - [2025-09-25T16:18:00.469+0000] {dag.py:2941} INFO - Sync 3 DAGs
[2025-09-25T16:18:00.509+0000] {logging_mixin.py:154} INFO - [2025-09-25T16:18:00.509+0000] {dag.py:3722} INFO - Setting next_dagrun for example_branch_datetime_operator to 2025-09-24T00:00:00+00:00, run_after=2025-09-25T00:00:00+00:00
[2025-09-25T16:18:00.521+0000] {logging_mixin.py:154} INFO - [2025-09-25T16:18:00.520+0000] {dag.py:3722} INFO - Setting next_dagrun for example_branch_datetime_operator_2 to 2025-09-24T00:00:00+00:00, run_after=2025-09-25T00:00:00+00:00
[2025-09-25T16:18:00.525+0000] {logging_mixin.py:154} INFO - [2025-09-25T16:18:00.524+0000] {dag.py:3722} INFO - Setting next_dagrun for example_branch_datetime_operator_3 to 2025-09-24T00:00:00+00:00, run_after=2025-09-25T00:00:00+00:00
[2025-09-25T16:18:00.555+0000] {processor.py:179} INFO - Processing /home/airflow/.local/lib/python3.8/site-packages/airflow/example_dags/example_branch_datetime_operator.py took 0.170 seconds
