[2025-09-25T16:10:49.040+0000] {processor.py:157} INFO - Started process (PID=104) to work on /home/airflow/.local/lib/python3.8/site-packages/airflow/example_dags/example_branch_day_of_week_operator.py
[2025-09-25T16:10:49.044+0000] {processor.py:829} INFO - Processing file /home/airflow/.local/lib/python3.8/site-packages/airflow/example_dags/example_branch_day_of_week_operator.py for tasks to queue
[2025-09-25T16:10:49.053+0000] {logging_mixin.py:154} INFO - [2025-09-25T16:10:49.052+0000] {dagbag.py:536} INFO - Filling up the DagBag from /home/airflow/.local/lib/python3.8/site-packages/airflow/example_dags/example_branch_day_of_week_operator.py
[2025-09-25T16:10:49.107+0000] {processor.py:839} INFO - DAG(s) dict_keys(['example_weekday_branch_operator']) retrieved from /home/airflow/.local/lib/python3.8/site-packages/airflow/example_dags/example_branch_day_of_week_operator.py
[2025-09-25T16:10:49.254+0000] {logging_mixin.py:154} INFO - [2025-09-25T16:10:49.254+0000] {dag.py:2941} INFO - Sync 1 DAGs
[2025-09-25T16:10:49.353+0000] {logging_mixin.py:154} INFO - [2025-09-25T16:10:49.352+0000] {dag.py:3722} INFO - Setting next_dagrun for example_weekday_branch_operator to 2025-09-24T00:00:00+00:00, run_after=2025-09-25T00:00:00+00:00
[2025-09-25T16:10:49.447+0000] {processor.py:179} INFO - Processing /home/airflow/.local/lib/python3.8/site-packages/airflow/example_dags/example_branch_day_of_week_operator.py took 0.417 seconds
[2025-09-25T16:11:19.959+0000] {processor.py:157} INFO - Started process (PID=158) to work on /home/airflow/.local/lib/python3.8/site-packages/airflow/example_dags/example_branch_day_of_week_operator.py
[2025-09-25T16:11:19.962+0000] {processor.py:829} INFO - Processing file /home/airflow/.local/lib/python3.8/site-packages/airflow/example_dags/example_branch_day_of_week_operator.py for tasks to queue
[2025-09-25T16:11:19.967+0000] {logging_mixin.py:154} INFO - [2025-09-25T16:11:19.966+0000] {dagbag.py:536} INFO - Filling up the DagBag from /home/airflow/.local/lib/python3.8/site-packages/airflow/example_dags/example_branch_day_of_week_operator.py
[2025-09-25T16:11:19.992+0000] {processor.py:839} INFO - DAG(s) dict_keys(['example_weekday_branch_operator']) retrieved from /home/airflow/.local/lib/python3.8/site-packages/airflow/example_dags/example_branch_day_of_week_operator.py
[2025-09-25T16:11:20.046+0000] {logging_mixin.py:154} INFO - [2025-09-25T16:11:20.046+0000] {dag.py:2941} INFO - Sync 1 DAGs
[2025-09-25T16:11:20.105+0000] {logging_mixin.py:154} INFO - [2025-09-25T16:11:20.104+0000] {dag.py:3722} INFO - Setting next_dagrun for example_weekday_branch_operator to 2025-09-24T00:00:00+00:00, run_after=2025-09-25T00:00:00+00:00
[2025-09-25T16:11:20.155+0000] {processor.py:179} INFO - Processing /home/airflow/.local/lib/python3.8/site-packages/airflow/example_dags/example_branch_day_of_week_operator.py took 0.204 seconds
[2025-09-25T16:11:50.899+0000] {processor.py:157} INFO - Started process (PID=212) to work on /home/airflow/.local/lib/python3.8/site-packages/airflow/example_dags/example_branch_day_of_week_operator.py
[2025-09-25T16:11:50.901+0000] {processor.py:829} INFO - Processing file /home/airflow/.local/lib/python3.8/site-packages/airflow/example_dags/example_branch_day_of_week_operator.py for tasks to queue
[2025-09-25T16:11:50.905+0000] {logging_mixin.py:154} INFO - [2025-09-25T16:11:50.904+0000] {dagbag.py:536} INFO - Filling up the DagBag from /home/airflow/.local/lib/python3.8/site-packages/airflow/example_dags/example_branch_day_of_week_operator.py
[2025-09-25T16:11:50.914+0000] {processor.py:839} INFO - DAG(s) dict_keys(['example_weekday_branch_operator']) retrieved from /home/airflow/.local/lib/python3.8/site-packages/airflow/example_dags/example_branch_day_of_week_operator.py
[2025-09-25T16:11:50.944+0000] {logging_mixin.py:154} INFO - [2025-09-25T16:11:50.944+0000] {dag.py:2941} INFO - Sync 1 DAGs
[2025-09-25T16:11:50.977+0000] {logging_mixin.py:154} INFO - [2025-09-25T16:11:50.976+0000] {dag.py:3722} INFO - Setting next_dagrun for example_weekday_branch_operator to 2025-09-24T00:00:00+00:00, run_after=2025-09-25T00:00:00+00:00
[2025-09-25T16:11:51.003+0000] {processor.py:179} INFO - Processing /home/airflow/.local/lib/python3.8/site-packages/airflow/example_dags/example_branch_day_of_week_operator.py took 0.108 seconds
[2025-09-25T16:12:21.576+0000] {processor.py:157} INFO - Started process (PID=266) to work on /home/airflow/.local/lib/python3.8/site-packages/airflow/example_dags/example_branch_day_of_week_operator.py
[2025-09-25T16:12:21.579+0000] {processor.py:829} INFO - Processing file /home/airflow/.local/lib/python3.8/site-packages/airflow/example_dags/example_branch_day_of_week_operator.py for tasks to queue
[2025-09-25T16:12:21.584+0000] {logging_mixin.py:154} INFO - [2025-09-25T16:12:21.583+0000] {dagbag.py:536} INFO - Filling up the DagBag from /home/airflow/.local/lib/python3.8/site-packages/airflow/example_dags/example_branch_day_of_week_operator.py
[2025-09-25T16:12:21.596+0000] {processor.py:839} INFO - DAG(s) dict_keys(['example_weekday_branch_operator']) retrieved from /home/airflow/.local/lib/python3.8/site-packages/airflow/example_dags/example_branch_day_of_week_operator.py
[2025-09-25T16:12:21.636+0000] {logging_mixin.py:154} INFO - [2025-09-25T16:12:21.635+0000] {dag.py:2941} INFO - Sync 1 DAGs
[2025-09-25T16:12:21.672+0000] {logging_mixin.py:154} INFO - [2025-09-25T16:12:21.672+0000] {dag.py:3722} INFO - Setting next_dagrun for example_weekday_branch_operator to 2025-09-24T00:00:00+00:00, run_after=2025-09-25T00:00:00+00:00
[2025-09-25T16:12:21.703+0000] {processor.py:179} INFO - Processing /home/airflow/.local/lib/python3.8/site-packages/airflow/example_dags/example_branch_day_of_week_operator.py took 0.133 seconds
[2025-09-25T16:12:52.475+0000] {processor.py:157} INFO - Started process (PID=320) to work on /home/airflow/.local/lib/python3.8/site-packages/airflow/example_dags/example_branch_day_of_week_operator.py
[2025-09-25T16:12:52.477+0000] {processor.py:829} INFO - Processing file /home/airflow/.local/lib/python3.8/site-packages/airflow/example_dags/example_branch_day_of_week_operator.py for tasks to queue
[2025-09-25T16:12:52.480+0000] {logging_mixin.py:154} INFO - [2025-09-25T16:12:52.480+0000] {dagbag.py:536} INFO - Filling up the DagBag from /home/airflow/.local/lib/python3.8/site-packages/airflow/example_dags/example_branch_day_of_week_operator.py
[2025-09-25T16:12:52.489+0000] {processor.py:839} INFO - DAG(s) dict_keys(['example_weekday_branch_operator']) retrieved from /home/airflow/.local/lib/python3.8/site-packages/airflow/example_dags/example_branch_day_of_week_operator.py
[2025-09-25T16:12:52.517+0000] {logging_mixin.py:154} INFO - [2025-09-25T16:12:52.517+0000] {dag.py:2941} INFO - Sync 1 DAGs
[2025-09-25T16:12:52.544+0000] {logging_mixin.py:154} INFO - [2025-09-25T16:12:52.543+0000] {dag.py:3722} INFO - Setting next_dagrun for example_weekday_branch_operator to 2025-09-24T00:00:00+00:00, run_after=2025-09-25T00:00:00+00:00
[2025-09-25T16:12:52.568+0000] {processor.py:179} INFO - Processing /home/airflow/.local/lib/python3.8/site-packages/airflow/example_dags/example_branch_day_of_week_operator.py took 0.097 seconds
[2025-09-25T16:13:23.010+0000] {processor.py:157} INFO - Started process (PID=374) to work on /home/airflow/.local/lib/python3.8/site-packages/airflow/example_dags/example_branch_day_of_week_operator.py
[2025-09-25T16:13:23.012+0000] {processor.py:829} INFO - Processing file /home/airflow/.local/lib/python3.8/site-packages/airflow/example_dags/example_branch_day_of_week_operator.py for tasks to queue
[2025-09-25T16:13:23.016+0000] {logging_mixin.py:154} INFO - [2025-09-25T16:13:23.015+0000] {dagbag.py:536} INFO - Filling up the DagBag from /home/airflow/.local/lib/python3.8/site-packages/airflow/example_dags/example_branch_day_of_week_operator.py
[2025-09-25T16:13:23.026+0000] {processor.py:839} INFO - DAG(s) dict_keys(['example_weekday_branch_operator']) retrieved from /home/airflow/.local/lib/python3.8/site-packages/airflow/example_dags/example_branch_day_of_week_operator.py
[2025-09-25T16:13:23.057+0000] {logging_mixin.py:154} INFO - [2025-09-25T16:13:23.056+0000] {dag.py:2941} INFO - Sync 1 DAGs
[2025-09-25T16:13:23.084+0000] {logging_mixin.py:154} INFO - [2025-09-25T16:13:23.084+0000] {dag.py:3722} INFO - Setting next_dagrun for example_weekday_branch_operator to 2025-09-24T00:00:00+00:00, run_after=2025-09-25T00:00:00+00:00
[2025-09-25T16:13:23.113+0000] {processor.py:179} INFO - Processing /home/airflow/.local/lib/python3.8/site-packages/airflow/example_dags/example_branch_day_of_week_operator.py took 0.108 seconds
[2025-09-25T16:13:53.176+0000] {processor.py:157} INFO - Started process (PID=428) to work on /home/airflow/.local/lib/python3.8/site-packages/airflow/example_dags/example_branch_day_of_week_operator.py
[2025-09-25T16:13:53.178+0000] {processor.py:829} INFO - Processing file /home/airflow/.local/lib/python3.8/site-packages/airflow/example_dags/example_branch_day_of_week_operator.py for tasks to queue
[2025-09-25T16:13:53.181+0000] {logging_mixin.py:154} INFO - [2025-09-25T16:13:53.181+0000] {dagbag.py:536} INFO - Filling up the DagBag from /home/airflow/.local/lib/python3.8/site-packages/airflow/example_dags/example_branch_day_of_week_operator.py
[2025-09-25T16:13:53.191+0000] {processor.py:839} INFO - DAG(s) dict_keys(['example_weekday_branch_operator']) retrieved from /home/airflow/.local/lib/python3.8/site-packages/airflow/example_dags/example_branch_day_of_week_operator.py
[2025-09-25T16:13:53.220+0000] {logging_mixin.py:154} INFO - [2025-09-25T16:13:53.219+0000] {dag.py:2941} INFO - Sync 1 DAGs
[2025-09-25T16:13:53.245+0000] {logging_mixin.py:154} INFO - [2025-09-25T16:13:53.245+0000] {dag.py:3722} INFO - Setting next_dagrun for example_weekday_branch_operator to 2025-09-24T00:00:00+00:00, run_after=2025-09-25T00:00:00+00:00
[2025-09-25T16:13:53.274+0000] {processor.py:179} INFO - Processing /home/airflow/.local/lib/python3.8/site-packages/airflow/example_dags/example_branch_day_of_week_operator.py took 0.102 seconds
[2025-09-25T16:14:23.353+0000] {processor.py:157} INFO - Started process (PID=482) to work on /home/airflow/.local/lib/python3.8/site-packages/airflow/example_dags/example_branch_day_of_week_operator.py
[2025-09-25T16:14:23.355+0000] {processor.py:829} INFO - Processing file /home/airflow/.local/lib/python3.8/site-packages/airflow/example_dags/example_branch_day_of_week_operator.py for tasks to queue
[2025-09-25T16:14:23.358+0000] {logging_mixin.py:154} INFO - [2025-09-25T16:14:23.358+0000] {dagbag.py:536} INFO - Filling up the DagBag from /home/airflow/.local/lib/python3.8/site-packages/airflow/example_dags/example_branch_day_of_week_operator.py
[2025-09-25T16:14:23.368+0000] {processor.py:839} INFO - DAG(s) dict_keys(['example_weekday_branch_operator']) retrieved from /home/airflow/.local/lib/python3.8/site-packages/airflow/example_dags/example_branch_day_of_week_operator.py
[2025-09-25T16:14:23.399+0000] {logging_mixin.py:154} INFO - [2025-09-25T16:14:23.398+0000] {dag.py:2941} INFO - Sync 1 DAGs
[2025-09-25T16:14:23.431+0000] {logging_mixin.py:154} INFO - [2025-09-25T16:14:23.431+0000] {dag.py:3722} INFO - Setting next_dagrun for example_weekday_branch_operator to 2025-09-24T00:00:00+00:00, run_after=2025-09-25T00:00:00+00:00
[2025-09-25T16:14:23.458+0000] {processor.py:179} INFO - Processing /home/airflow/.local/lib/python3.8/site-packages/airflow/example_dags/example_branch_day_of_week_operator.py took 0.109 seconds
[2025-09-25T16:14:54.134+0000] {processor.py:157} INFO - Started process (PID=536) to work on /home/airflow/.local/lib/python3.8/site-packages/airflow/example_dags/example_branch_day_of_week_operator.py
[2025-09-25T16:14:54.136+0000] {processor.py:829} INFO - Processing file /home/airflow/.local/lib/python3.8/site-packages/airflow/example_dags/example_branch_day_of_week_operator.py for tasks to queue
[2025-09-25T16:14:54.139+0000] {logging_mixin.py:154} INFO - [2025-09-25T16:14:54.139+0000] {dagbag.py:536} INFO - Filling up the DagBag from /home/airflow/.local/lib/python3.8/site-packages/airflow/example_dags/example_branch_day_of_week_operator.py
[2025-09-25T16:14:54.153+0000] {processor.py:839} INFO - DAG(s) dict_keys(['example_weekday_branch_operator']) retrieved from /home/airflow/.local/lib/python3.8/site-packages/airflow/example_dags/example_branch_day_of_week_operator.py
[2025-09-25T16:14:54.188+0000] {logging_mixin.py:154} INFO - [2025-09-25T16:14:54.187+0000] {dag.py:2941} INFO - Sync 1 DAGs
[2025-09-25T16:14:54.215+0000] {logging_mixin.py:154} INFO - [2025-09-25T16:14:54.215+0000] {dag.py:3722} INFO - Setting next_dagrun for example_weekday_branch_operator to 2025-09-24T00:00:00+00:00, run_after=2025-09-25T00:00:00+00:00
[2025-09-25T16:14:54.241+0000] {processor.py:179} INFO - Processing /home/airflow/.local/lib/python3.8/site-packages/airflow/example_dags/example_branch_day_of_week_operator.py took 0.117 seconds
[2025-09-25T16:15:24.953+0000] {processor.py:157} INFO - Started process (PID=590) to work on /home/airflow/.local/lib/python3.8/site-packages/airflow/example_dags/example_branch_day_of_week_operator.py
[2025-09-25T16:15:24.955+0000] {processor.py:829} INFO - Processing file /home/airflow/.local/lib/python3.8/site-packages/airflow/example_dags/example_branch_day_of_week_operator.py for tasks to queue
[2025-09-25T16:15:24.959+0000] {logging_mixin.py:154} INFO - [2025-09-25T16:15:24.958+0000] {dagbag.py:536} INFO - Filling up the DagBag from /home/airflow/.local/lib/python3.8/site-packages/airflow/example_dags/example_branch_day_of_week_operator.py
[2025-09-25T16:15:24.970+0000] {processor.py:839} INFO - DAG(s) dict_keys(['example_weekday_branch_operator']) retrieved from /home/airflow/.local/lib/python3.8/site-packages/airflow/example_dags/example_branch_day_of_week_operator.py
[2025-09-25T16:15:25.005+0000] {logging_mixin.py:154} INFO - [2025-09-25T16:15:25.005+0000] {dag.py:2941} INFO - Sync 1 DAGs
[2025-09-25T16:15:25.033+0000] {logging_mixin.py:154} INFO - [2025-09-25T16:15:25.033+0000] {dag.py:3722} INFO - Setting next_dagrun for example_weekday_branch_operator to 2025-09-24T00:00:00+00:00, run_after=2025-09-25T00:00:00+00:00
[2025-09-25T16:15:25.067+0000] {processor.py:179} INFO - Processing /home/airflow/.local/lib/python3.8/site-packages/airflow/example_dags/example_branch_day_of_week_operator.py took 0.118 seconds
[2025-09-25T16:15:55.129+0000] {processor.py:157} INFO - Started process (PID=644) to work on /home/airflow/.local/lib/python3.8/site-packages/airflow/example_dags/example_branch_day_of_week_operator.py
[2025-09-25T16:15:55.130+0000] {processor.py:829} INFO - Processing file /home/airflow/.local/lib/python3.8/site-packages/airflow/example_dags/example_branch_day_of_week_operator.py for tasks to queue
[2025-09-25T16:15:55.134+0000] {logging_mixin.py:154} INFO - [2025-09-25T16:15:55.134+0000] {dagbag.py:536} INFO - Filling up the DagBag from /home/airflow/.local/lib/python3.8/site-packages/airflow/example_dags/example_branch_day_of_week_operator.py
[2025-09-25T16:15:55.149+0000] {processor.py:839} INFO - DAG(s) dict_keys(['example_weekday_branch_operator']) retrieved from /home/airflow/.local/lib/python3.8/site-packages/airflow/example_dags/example_branch_day_of_week_operator.py
[2025-09-25T16:15:55.192+0000] {logging_mixin.py:154} INFO - [2025-09-25T16:15:55.192+0000] {dag.py:2941} INFO - Sync 1 DAGs
[2025-09-25T16:15:55.225+0000] {logging_mixin.py:154} INFO - [2025-09-25T16:15:55.225+0000] {dag.py:3722} INFO - Setting next_dagrun for example_weekday_branch_operator to 2025-09-24T00:00:00+00:00, run_after=2025-09-25T00:00:00+00:00
[2025-09-25T16:15:55.247+0000] {processor.py:179} INFO - Processing /home/airflow/.local/lib/python3.8/site-packages/airflow/example_dags/example_branch_day_of_week_operator.py took 0.125 seconds
[2025-09-25T16:16:25.309+0000] {processor.py:157} INFO - Started process (PID=698) to work on /home/airflow/.local/lib/python3.8/site-packages/airflow/example_dags/example_branch_day_of_week_operator.py
[2025-09-25T16:16:25.311+0000] {processor.py:829} INFO - Processing file /home/airflow/.local/lib/python3.8/site-packages/airflow/example_dags/example_branch_day_of_week_operator.py for tasks to queue
[2025-09-25T16:16:25.314+0000] {logging_mixin.py:154} INFO - [2025-09-25T16:16:25.314+0000] {dagbag.py:536} INFO - Filling up the DagBag from /home/airflow/.local/lib/python3.8/site-packages/airflow/example_dags/example_branch_day_of_week_operator.py
[2025-09-25T16:16:25.324+0000] {processor.py:839} INFO - DAG(s) dict_keys(['example_weekday_branch_operator']) retrieved from /home/airflow/.local/lib/python3.8/site-packages/airflow/example_dags/example_branch_day_of_week_operator.py
[2025-09-25T16:16:25.352+0000] {logging_mixin.py:154} INFO - [2025-09-25T16:16:25.352+0000] {dag.py:2941} INFO - Sync 1 DAGs
[2025-09-25T16:16:25.378+0000] {logging_mixin.py:154} INFO - [2025-09-25T16:16:25.378+0000] {dag.py:3722} INFO - Setting next_dagrun for example_weekday_branch_operator to 2025-09-24T00:00:00+00:00, run_after=2025-09-25T00:00:00+00:00
[2025-09-25T16:16:25.403+0000] {processor.py:179} INFO - Processing /home/airflow/.local/lib/python3.8/site-packages/airflow/example_dags/example_branch_day_of_week_operator.py took 0.099 seconds
[2025-09-25T16:16:55.704+0000] {processor.py:157} INFO - Started process (PID=752) to work on /home/airflow/.local/lib/python3.8/site-packages/airflow/example_dags/example_branch_day_of_week_operator.py
[2025-09-25T16:16:55.705+0000] {processor.py:829} INFO - Processing file /home/airflow/.local/lib/python3.8/site-packages/airflow/example_dags/example_branch_day_of_week_operator.py for tasks to queue
[2025-09-25T16:16:55.709+0000] {logging_mixin.py:154} INFO - [2025-09-25T16:16:55.709+0000] {dagbag.py:536} INFO - Filling up the DagBag from /home/airflow/.local/lib/python3.8/site-packages/airflow/example_dags/example_branch_day_of_week_operator.py
[2025-09-25T16:16:55.719+0000] {processor.py:839} INFO - DAG(s) dict_keys(['example_weekday_branch_operator']) retrieved from /home/airflow/.local/lib/python3.8/site-packages/airflow/example_dags/example_branch_day_of_week_operator.py
[2025-09-25T16:16:55.747+0000] {logging_mixin.py:154} INFO - [2025-09-25T16:16:55.746+0000] {dag.py:2941} INFO - Sync 1 DAGs
[2025-09-25T16:16:55.772+0000] {logging_mixin.py:154} INFO - [2025-09-25T16:16:55.772+0000] {dag.py:3722} INFO - Setting next_dagrun for example_weekday_branch_operator to 2025-09-24T00:00:00+00:00, run_after=2025-09-25T00:00:00+00:00
[2025-09-25T16:16:55.794+0000] {processor.py:179} INFO - Processing /home/airflow/.local/lib/python3.8/site-packages/airflow/example_dags/example_branch_day_of_week_operator.py took 0.095 seconds
[2025-09-25T16:17:26.607+0000] {processor.py:157} INFO - Started process (PID=806) to work on /home/airflow/.local/lib/python3.8/site-packages/airflow/example_dags/example_branch_day_of_week_operator.py
[2025-09-25T16:17:26.609+0000] {processor.py:829} INFO - Processing file /home/airflow/.local/lib/python3.8/site-packages/airflow/example_dags/example_branch_day_of_week_operator.py for tasks to queue
[2025-09-25T16:17:26.613+0000] {logging_mixin.py:154} INFO - [2025-09-25T16:17:26.613+0000] {dagbag.py:536} INFO - Filling up the DagBag from /home/airflow/.local/lib/python3.8/site-packages/airflow/example_dags/example_branch_day_of_week_operator.py
[2025-09-25T16:17:26.627+0000] {processor.py:839} INFO - DAG(s) dict_keys(['example_weekday_branch_operator']) retrieved from /home/airflow/.local/lib/python3.8/site-packages/airflow/example_dags/example_branch_day_of_week_operator.py
[2025-09-25T16:17:26.657+0000] {logging_mixin.py:154} INFO - [2025-09-25T16:17:26.657+0000] {dag.py:2941} INFO - Sync 1 DAGs
[2025-09-25T16:17:26.688+0000] {logging_mixin.py:154} INFO - [2025-09-25T16:17:26.687+0000] {dag.py:3722} INFO - Setting next_dagrun for example_weekday_branch_operator to 2025-09-24T00:00:00+00:00, run_after=2025-09-25T00:00:00+00:00
[2025-09-25T16:17:26.713+0000] {processor.py:179} INFO - Processing /home/airflow/.local/lib/python3.8/site-packages/airflow/example_dags/example_branch_day_of_week_operator.py took 0.113 seconds
[2025-09-25T16:17:57.479+0000] {processor.py:157} INFO - Started process (PID=860) to work on /home/airflow/.local/lib/python3.8/site-packages/airflow/example_dags/example_branch_day_of_week_operator.py
[2025-09-25T16:17:57.482+0000] {processor.py:829} INFO - Processing file /home/airflow/.local/lib/python3.8/site-packages/airflow/example_dags/example_branch_day_of_week_operator.py for tasks to queue
[2025-09-25T16:17:57.486+0000] {logging_mixin.py:154} INFO - [2025-09-25T16:17:57.486+0000] {dagbag.py:536} INFO - Filling up the DagBag from /home/airflow/.local/lib/python3.8/site-packages/airflow/example_dags/example_branch_day_of_week_operator.py
[2025-09-25T16:17:57.497+0000] {processor.py:839} INFO - DAG(s) dict_keys(['example_weekday_branch_operator']) retrieved from /home/airflow/.local/lib/python3.8/site-packages/airflow/example_dags/example_branch_day_of_week_operator.py
[2025-09-25T16:17:57.543+0000] {logging_mixin.py:154} INFO - [2025-09-25T16:17:57.542+0000] {dag.py:2941} INFO - Sync 1 DAGs
[2025-09-25T16:17:57.578+0000] {logging_mixin.py:154} INFO - [2025-09-25T16:17:57.577+0000] {dag.py:3722} INFO - Setting next_dagrun for example_weekday_branch_operator to 2025-09-24T00:00:00+00:00, run_after=2025-09-25T00:00:00+00:00
[2025-09-25T16:17:57.611+0000] {processor.py:179} INFO - Processing /home/airflow/.local/lib/python3.8/site-packages/airflow/example_dags/example_branch_day_of_week_operator.py took 0.139 seconds
