[2025-09-25T16:10:51.087+0000] {processor.py:157} INFO - Started process (PID=112) to work on /home/airflow/.local/lib/python3.8/site-packages/airflow/example_dags/example_bash_operator.py
[2025-09-25T16:10:51.090+0000] {processor.py:829} INFO - Processing file /home/airflow/.local/lib/python3.8/site-packages/airflow/example_dags/example_bash_operator.py for tasks to queue
[2025-09-25T16:10:51.096+0000] {logging_mixin.py:154} INFO - [2025-09-25T16:10:51.095+0000] {dagbag.py:536} INFO - Filling up the DagBag from /home/airflow/.local/lib/python3.8/site-packages/airflow/example_dags/example_bash_operator.py
[2025-09-25T16:10:51.155+0000] {processor.py:839} INFO - DAG(s) dict_keys(['example_bash_operator']) retrieved from /home/airflow/.local/lib/python3.8/site-packages/airflow/example_dags/example_bash_operator.py
[2025-09-25T16:10:51.246+0000] {logging_mixin.py:154} INFO - [2025-09-25T16:10:51.245+0000] {dag.py:2941} INFO - Sync 1 DAGs
[2025-09-25T16:10:51.308+0000] {logging_mixin.py:154} INFO - [2025-09-25T16:10:51.307+0000] {dag.py:3722} INFO - Setting next_dagrun for example_bash_operator to 2025-09-24T00:00:00+00:00, run_after=2025-09-25T00:00:00+00:00
[2025-09-25T16:10:51.388+0000] {processor.py:179} INFO - Processing /home/airflow/.local/lib/python3.8/site-packages/airflow/example_dags/example_bash_operator.py took 0.315 seconds
[2025-09-25T16:11:22.201+0000] {processor.py:157} INFO - Started process (PID=166) to work on /home/airflow/.local/lib/python3.8/site-packages/airflow/example_dags/example_bash_operator.py
[2025-09-25T16:11:22.204+0000] {processor.py:829} INFO - Processing file /home/airflow/.local/lib/python3.8/site-packages/airflow/example_dags/example_bash_operator.py for tasks to queue
[2025-09-25T16:11:22.212+0000] {logging_mixin.py:154} INFO - [2025-09-25T16:11:22.212+0000] {dagbag.py:536} INFO - Filling up the DagBag from /home/airflow/.local/lib/python3.8/site-packages/airflow/example_dags/example_bash_operator.py
[2025-09-25T16:11:22.252+0000] {processor.py:839} INFO - DAG(s) dict_keys(['example_bash_operator']) retrieved from /home/airflow/.local/lib/python3.8/site-packages/airflow/example_dags/example_bash_operator.py
[2025-09-25T16:11:22.324+0000] {logging_mixin.py:154} INFO - [2025-09-25T16:11:22.324+0000] {dag.py:2941} INFO - Sync 1 DAGs
[2025-09-25T16:11:22.382+0000] {logging_mixin.py:154} INFO - [2025-09-25T16:11:22.382+0000] {dag.py:3722} INFO - Setting next_dagrun for example_bash_operator to 2025-09-24T00:00:00+00:00, run_after=2025-09-25T00:00:00+00:00
[2025-09-25T16:11:22.440+0000] {processor.py:179} INFO - Processing /home/airflow/.local/lib/python3.8/site-packages/airflow/example_dags/example_bash_operator.py took 0.245 seconds
[2025-09-25T16:11:52.710+0000] {processor.py:157} INFO - Started process (PID=220) to work on /home/airflow/.local/lib/python3.8/site-packages/airflow/example_dags/example_bash_operator.py
[2025-09-25T16:11:52.712+0000] {processor.py:829} INFO - Processing file /home/airflow/.local/lib/python3.8/site-packages/airflow/example_dags/example_bash_operator.py for tasks to queue
[2025-09-25T16:11:52.720+0000] {logging_mixin.py:154} INFO - [2025-09-25T16:11:52.719+0000] {dagbag.py:536} INFO - Filling up the DagBag from /home/airflow/.local/lib/python3.8/site-packages/airflow/example_dags/example_bash_operator.py
[2025-09-25T16:11:52.740+0000] {processor.py:839} INFO - DAG(s) dict_keys(['example_bash_operator']) retrieved from /home/airflow/.local/lib/python3.8/site-packages/airflow/example_dags/example_bash_operator.py
[2025-09-25T16:11:52.786+0000] {logging_mixin.py:154} INFO - [2025-09-25T16:11:52.785+0000] {dag.py:2941} INFO - Sync 1 DAGs
[2025-09-25T16:11:52.817+0000] {logging_mixin.py:154} INFO - [2025-09-25T16:11:52.817+0000] {dag.py:3722} INFO - Setting next_dagrun for example_bash_operator to 2025-09-24T00:00:00+00:00, run_after=2025-09-25T00:00:00+00:00
[2025-09-25T16:11:52.845+0000] {processor.py:179} INFO - Processing /home/airflow/.local/lib/python3.8/site-packages/airflow/example_dags/example_bash_operator.py took 0.141 seconds
[2025-09-25T16:12:23.256+0000] {processor.py:157} INFO - Started process (PID=274) to work on /home/airflow/.local/lib/python3.8/site-packages/airflow/example_dags/example_bash_operator.py
[2025-09-25T16:12:23.257+0000] {processor.py:829} INFO - Processing file /home/airflow/.local/lib/python3.8/site-packages/airflow/example_dags/example_bash_operator.py for tasks to queue
[2025-09-25T16:12:23.261+0000] {logging_mixin.py:154} INFO - [2025-09-25T16:12:23.261+0000] {dagbag.py:536} INFO - Filling up the DagBag from /home/airflow/.local/lib/python3.8/site-packages/airflow/example_dags/example_bash_operator.py
[2025-09-25T16:12:23.277+0000] {processor.py:839} INFO - DAG(s) dict_keys(['example_bash_operator']) retrieved from /home/airflow/.local/lib/python3.8/site-packages/airflow/example_dags/example_bash_operator.py
[2025-09-25T16:12:23.318+0000] {logging_mixin.py:154} INFO - [2025-09-25T16:12:23.318+0000] {dag.py:2941} INFO - Sync 1 DAGs
[2025-09-25T16:12:23.347+0000] {logging_mixin.py:154} INFO - [2025-09-25T16:12:23.347+0000] {dag.py:3722} INFO - Setting next_dagrun for example_bash_operator to 2025-09-24T00:00:00+00:00, run_after=2025-09-25T00:00:00+00:00
[2025-09-25T16:12:23.374+0000] {processor.py:179} INFO - Processing /home/airflow/.local/lib/python3.8/site-packages/airflow/example_dags/example_bash_operator.py took 0.124 seconds
[2025-09-25T16:12:54.127+0000] {processor.py:157} INFO - Started process (PID=328) to work on /home/airflow/.local/lib/python3.8/site-packages/airflow/example_dags/example_bash_operator.py
[2025-09-25T16:12:54.129+0000] {processor.py:829} INFO - Processing file /home/airflow/.local/lib/python3.8/site-packages/airflow/example_dags/example_bash_operator.py for tasks to queue
[2025-09-25T16:12:54.132+0000] {logging_mixin.py:154} INFO - [2025-09-25T16:12:54.131+0000] {dagbag.py:536} INFO - Filling up the DagBag from /home/airflow/.local/lib/python3.8/site-packages/airflow/example_dags/example_bash_operator.py
[2025-09-25T16:12:54.146+0000] {processor.py:839} INFO - DAG(s) dict_keys(['example_bash_operator']) retrieved from /home/airflow/.local/lib/python3.8/site-packages/airflow/example_dags/example_bash_operator.py
[2025-09-25T16:12:54.181+0000] {logging_mixin.py:154} INFO - [2025-09-25T16:12:54.181+0000] {dag.py:2941} INFO - Sync 1 DAGs
[2025-09-25T16:12:54.210+0000] {logging_mixin.py:154} INFO - [2025-09-25T16:12:54.209+0000] {dag.py:3722} INFO - Setting next_dagrun for example_bash_operator to 2025-09-24T00:00:00+00:00, run_after=2025-09-25T00:00:00+00:00
[2025-09-25T16:12:54.237+0000] {processor.py:179} INFO - Processing /home/airflow/.local/lib/python3.8/site-packages/airflow/example_dags/example_bash_operator.py took 0.113 seconds
[2025-09-25T16:13:24.749+0000] {processor.py:157} INFO - Started process (PID=382) to work on /home/airflow/.local/lib/python3.8/site-packages/airflow/example_dags/example_bash_operator.py
[2025-09-25T16:13:24.751+0000] {processor.py:829} INFO - Processing file /home/airflow/.local/lib/python3.8/site-packages/airflow/example_dags/example_bash_operator.py for tasks to queue
[2025-09-25T16:13:24.755+0000] {logging_mixin.py:154} INFO - [2025-09-25T16:13:24.754+0000] {dagbag.py:536} INFO - Filling up the DagBag from /home/airflow/.local/lib/python3.8/site-packages/airflow/example_dags/example_bash_operator.py
[2025-09-25T16:13:24.768+0000] {processor.py:839} INFO - DAG(s) dict_keys(['example_bash_operator']) retrieved from /home/airflow/.local/lib/python3.8/site-packages/airflow/example_dags/example_bash_operator.py
[2025-09-25T16:13:24.805+0000] {logging_mixin.py:154} INFO - [2025-09-25T16:13:24.804+0000] {dag.py:2941} INFO - Sync 1 DAGs
[2025-09-25T16:13:24.833+0000] {logging_mixin.py:154} INFO - [2025-09-25T16:13:24.833+0000] {dag.py:3722} INFO - Setting next_dagrun for example_bash_operator to 2025-09-24T00:00:00+00:00, run_after=2025-09-25T00:00:00+00:00
[2025-09-25T16:13:24.858+0000] {processor.py:179} INFO - Processing /home/airflow/.local/lib/python3.8/site-packages/airflow/example_dags/example_bash_operator.py took 0.114 seconds
[2025-09-25T16:13:55.771+0000] {processor.py:157} INFO - Started process (PID=436) to work on /home/airflow/.local/lib/python3.8/site-packages/airflow/example_dags/example_bash_operator.py
[2025-09-25T16:13:55.773+0000] {processor.py:829} INFO - Processing file /home/airflow/.local/lib/python3.8/site-packages/airflow/example_dags/example_bash_operator.py for tasks to queue
[2025-09-25T16:13:55.777+0000] {logging_mixin.py:154} INFO - [2025-09-25T16:13:55.776+0000] {dagbag.py:536} INFO - Filling up the DagBag from /home/airflow/.local/lib/python3.8/site-packages/airflow/example_dags/example_bash_operator.py
[2025-09-25T16:13:55.791+0000] {processor.py:839} INFO - DAG(s) dict_keys(['example_bash_operator']) retrieved from /home/airflow/.local/lib/python3.8/site-packages/airflow/example_dags/example_bash_operator.py
[2025-09-25T16:13:55.830+0000] {logging_mixin.py:154} INFO - [2025-09-25T16:13:55.829+0000] {dag.py:2941} INFO - Sync 1 DAGs
[2025-09-25T16:13:55.860+0000] {logging_mixin.py:154} INFO - [2025-09-25T16:13:55.860+0000] {dag.py:3722} INFO - Setting next_dagrun for example_bash_operator to 2025-09-24T00:00:00+00:00, run_after=2025-09-25T00:00:00+00:00
[2025-09-25T16:13:55.885+0000] {processor.py:179} INFO - Processing /home/airflow/.local/lib/python3.8/site-packages/airflow/example_dags/example_bash_operator.py took 0.119 seconds
[2025-09-25T16:14:26.075+0000] {processor.py:157} INFO - Started process (PID=490) to work on /home/airflow/.local/lib/python3.8/site-packages/airflow/example_dags/example_bash_operator.py
[2025-09-25T16:14:26.077+0000] {processor.py:829} INFO - Processing file /home/airflow/.local/lib/python3.8/site-packages/airflow/example_dags/example_bash_operator.py for tasks to queue
[2025-09-25T16:14:26.081+0000] {logging_mixin.py:154} INFO - [2025-09-25T16:14:26.080+0000] {dagbag.py:536} INFO - Filling up the DagBag from /home/airflow/.local/lib/python3.8/site-packages/airflow/example_dags/example_bash_operator.py
[2025-09-25T16:14:26.098+0000] {processor.py:839} INFO - DAG(s) dict_keys(['example_bash_operator']) retrieved from /home/airflow/.local/lib/python3.8/site-packages/airflow/example_dags/example_bash_operator.py
[2025-09-25T16:14:26.141+0000] {logging_mixin.py:154} INFO - [2025-09-25T16:14:26.141+0000] {dag.py:2941} INFO - Sync 1 DAGs
[2025-09-25T16:14:26.170+0000] {logging_mixin.py:154} INFO - [2025-09-25T16:14:26.169+0000] {dag.py:3722} INFO - Setting next_dagrun for example_bash_operator to 2025-09-24T00:00:00+00:00, run_after=2025-09-25T00:00:00+00:00
[2025-09-25T16:14:26.197+0000] {processor.py:179} INFO - Processing /home/airflow/.local/lib/python3.8/site-packages/airflow/example_dags/example_bash_operator.py took 0.127 seconds
[2025-09-25T16:14:56.849+0000] {processor.py:157} INFO - Started process (PID=544) to work on /home/airflow/.local/lib/python3.8/site-packages/airflow/example_dags/example_bash_operator.py
[2025-09-25T16:14:56.851+0000] {processor.py:829} INFO - Processing file /home/airflow/.local/lib/python3.8/site-packages/airflow/example_dags/example_bash_operator.py for tasks to queue
[2025-09-25T16:14:56.854+0000] {logging_mixin.py:154} INFO - [2025-09-25T16:14:56.854+0000] {dagbag.py:536} INFO - Filling up the DagBag from /home/airflow/.local/lib/python3.8/site-packages/airflow/example_dags/example_bash_operator.py
[2025-09-25T16:14:56.869+0000] {processor.py:839} INFO - DAG(s) dict_keys(['example_bash_operator']) retrieved from /home/airflow/.local/lib/python3.8/site-packages/airflow/example_dags/example_bash_operator.py
[2025-09-25T16:14:56.905+0000] {logging_mixin.py:154} INFO - [2025-09-25T16:14:56.905+0000] {dag.py:2941} INFO - Sync 1 DAGs
[2025-09-25T16:14:56.939+0000] {logging_mixin.py:154} INFO - [2025-09-25T16:14:56.939+0000] {dag.py:3722} INFO - Setting next_dagrun for example_bash_operator to 2025-09-24T00:00:00+00:00, run_after=2025-09-25T00:00:00+00:00
[2025-09-25T16:14:56.968+0000] {processor.py:179} INFO - Processing /home/airflow/.local/lib/python3.8/site-packages/airflow/example_dags/example_bash_operator.py took 0.124 seconds
[2025-09-25T16:15:27.408+0000] {processor.py:157} INFO - Started process (PID=598) to work on /home/airflow/.local/lib/python3.8/site-packages/airflow/example_dags/example_bash_operator.py
[2025-09-25T16:15:27.409+0000] {processor.py:829} INFO - Processing file /home/airflow/.local/lib/python3.8/site-packages/airflow/example_dags/example_bash_operator.py for tasks to queue
[2025-09-25T16:15:27.413+0000] {logging_mixin.py:154} INFO - [2025-09-25T16:15:27.412+0000] {dagbag.py:536} INFO - Filling up the DagBag from /home/airflow/.local/lib/python3.8/site-packages/airflow/example_dags/example_bash_operator.py
[2025-09-25T16:15:27.426+0000] {processor.py:839} INFO - DAG(s) dict_keys(['example_bash_operator']) retrieved from /home/airflow/.local/lib/python3.8/site-packages/airflow/example_dags/example_bash_operator.py
[2025-09-25T16:15:27.472+0000] {logging_mixin.py:154} INFO - [2025-09-25T16:15:27.472+0000] {dag.py:2941} INFO - Sync 1 DAGs
[2025-09-25T16:15:27.501+0000] {logging_mixin.py:154} INFO - [2025-09-25T16:15:27.501+0000] {dag.py:3722} INFO - Setting next_dagrun for example_bash_operator to 2025-09-24T00:00:00+00:00, run_after=2025-09-25T00:00:00+00:00
[2025-09-25T16:15:27.524+0000] {processor.py:179} INFO - Processing /home/airflow/.local/lib/python3.8/site-packages/airflow/example_dags/example_bash_operator.py took 0.121 seconds
[2025-09-25T16:15:58.125+0000] {processor.py:157} INFO - Started process (PID=652) to work on /home/airflow/.local/lib/python3.8/site-packages/airflow/example_dags/example_bash_operator.py
[2025-09-25T16:15:58.127+0000] {processor.py:829} INFO - Processing file /home/airflow/.local/lib/python3.8/site-packages/airflow/example_dags/example_bash_operator.py for tasks to queue
[2025-09-25T16:15:58.130+0000] {logging_mixin.py:154} INFO - [2025-09-25T16:15:58.130+0000] {dagbag.py:536} INFO - Filling up the DagBag from /home/airflow/.local/lib/python3.8/site-packages/airflow/example_dags/example_bash_operator.py
[2025-09-25T16:15:58.149+0000] {processor.py:839} INFO - DAG(s) dict_keys(['example_bash_operator']) retrieved from /home/airflow/.local/lib/python3.8/site-packages/airflow/example_dags/example_bash_operator.py
[2025-09-25T16:15:58.199+0000] {logging_mixin.py:154} INFO - [2025-09-25T16:15:58.199+0000] {dag.py:2941} INFO - Sync 1 DAGs
[2025-09-25T16:15:58.233+0000] {logging_mixin.py:154} INFO - [2025-09-25T16:15:58.233+0000] {dag.py:3722} INFO - Setting next_dagrun for example_bash_operator to 2025-09-24T00:00:00+00:00, run_after=2025-09-25T00:00:00+00:00
[2025-09-25T16:15:58.258+0000] {processor.py:179} INFO - Processing /home/airflow/.local/lib/python3.8/site-packages/airflow/example_dags/example_bash_operator.py took 0.138 seconds
[2025-09-25T16:16:28.472+0000] {processor.py:157} INFO - Started process (PID=706) to work on /home/airflow/.local/lib/python3.8/site-packages/airflow/example_dags/example_bash_operator.py
[2025-09-25T16:16:28.473+0000] {processor.py:829} INFO - Processing file /home/airflow/.local/lib/python3.8/site-packages/airflow/example_dags/example_bash_operator.py for tasks to queue
[2025-09-25T16:16:28.476+0000] {logging_mixin.py:154} INFO - [2025-09-25T16:16:28.476+0000] {dagbag.py:536} INFO - Filling up the DagBag from /home/airflow/.local/lib/python3.8/site-packages/airflow/example_dags/example_bash_operator.py
[2025-09-25T16:16:28.491+0000] {processor.py:839} INFO - DAG(s) dict_keys(['example_bash_operator']) retrieved from /home/airflow/.local/lib/python3.8/site-packages/airflow/example_dags/example_bash_operator.py
[2025-09-25T16:16:28.527+0000] {logging_mixin.py:154} INFO - [2025-09-25T16:16:28.527+0000] {dag.py:2941} INFO - Sync 1 DAGs
[2025-09-25T16:16:28.557+0000] {logging_mixin.py:154} INFO - [2025-09-25T16:16:28.557+0000] {dag.py:3722} INFO - Setting next_dagrun for example_bash_operator to 2025-09-24T00:00:00+00:00, run_after=2025-09-25T00:00:00+00:00
[2025-09-25T16:16:28.584+0000] {processor.py:179} INFO - Processing /home/airflow/.local/lib/python3.8/site-packages/airflow/example_dags/example_bash_operator.py took 0.117 seconds
[2025-09-25T16:16:59.285+0000] {processor.py:157} INFO - Started process (PID=760) to work on /home/airflow/.local/lib/python3.8/site-packages/airflow/example_dags/example_bash_operator.py
[2025-09-25T16:16:59.287+0000] {processor.py:829} INFO - Processing file /home/airflow/.local/lib/python3.8/site-packages/airflow/example_dags/example_bash_operator.py for tasks to queue
[2025-09-25T16:16:59.290+0000] {logging_mixin.py:154} INFO - [2025-09-25T16:16:59.290+0000] {dagbag.py:536} INFO - Filling up the DagBag from /home/airflow/.local/lib/python3.8/site-packages/airflow/example_dags/example_bash_operator.py
[2025-09-25T16:16:59.304+0000] {processor.py:839} INFO - DAG(s) dict_keys(['example_bash_operator']) retrieved from /home/airflow/.local/lib/python3.8/site-packages/airflow/example_dags/example_bash_operator.py
[2025-09-25T16:16:59.338+0000] {logging_mixin.py:154} INFO - [2025-09-25T16:16:59.337+0000] {dag.py:2941} INFO - Sync 1 DAGs
[2025-09-25T16:16:59.367+0000] {logging_mixin.py:154} INFO - [2025-09-25T16:16:59.366+0000] {dag.py:3722} INFO - Setting next_dagrun for example_bash_operator to 2025-09-24T00:00:00+00:00, run_after=2025-09-25T00:00:00+00:00
[2025-09-25T16:16:59.395+0000] {processor.py:179} INFO - Processing /home/airflow/.local/lib/python3.8/site-packages/airflow/example_dags/example_bash_operator.py took 0.114 seconds
[2025-09-25T16:17:29.500+0000] {processor.py:157} INFO - Started process (PID=814) to work on /home/airflow/.local/lib/python3.8/site-packages/airflow/example_dags/example_bash_operator.py
[2025-09-25T16:17:29.502+0000] {processor.py:829} INFO - Processing file /home/airflow/.local/lib/python3.8/site-packages/airflow/example_dags/example_bash_operator.py for tasks to queue
[2025-09-25T16:17:29.506+0000] {logging_mixin.py:154} INFO - [2025-09-25T16:17:29.506+0000] {dagbag.py:536} INFO - Filling up the DagBag from /home/airflow/.local/lib/python3.8/site-packages/airflow/example_dags/example_bash_operator.py
[2025-09-25T16:17:29.533+0000] {processor.py:839} INFO - DAG(s) dict_keys(['example_bash_operator']) retrieved from /home/airflow/.local/lib/python3.8/site-packages/airflow/example_dags/example_bash_operator.py
[2025-09-25T16:17:29.578+0000] {logging_mixin.py:154} INFO - [2025-09-25T16:17:29.578+0000] {dag.py:2941} INFO - Sync 1 DAGs
[2025-09-25T16:17:29.610+0000] {logging_mixin.py:154} INFO - [2025-09-25T16:17:29.610+0000] {dag.py:3722} INFO - Setting next_dagrun for example_bash_operator to 2025-09-24T00:00:00+00:00, run_after=2025-09-25T00:00:00+00:00
[2025-09-25T16:17:29.668+0000] {processor.py:179} INFO - Processing /home/airflow/.local/lib/python3.8/site-packages/airflow/example_dags/example_bash_operator.py took 0.175 seconds
[2025-09-25T16:18:00.347+0000] {processor.py:157} INFO - Started process (PID=868) to work on /home/airflow/.local/lib/python3.8/site-packages/airflow/example_dags/example_bash_operator.py
[2025-09-25T16:18:00.350+0000] {processor.py:829} INFO - Processing file /home/airflow/.local/lib/python3.8/site-packages/airflow/example_dags/example_bash_operator.py for tasks to queue
[2025-09-25T16:18:00.361+0000] {logging_mixin.py:154} INFO - [2025-09-25T16:18:00.360+0000] {dagbag.py:536} INFO - Filling up the DagBag from /home/airflow/.local/lib/python3.8/site-packages/airflow/example_dags/example_bash_operator.py
[2025-09-25T16:18:00.385+0000] {processor.py:839} INFO - DAG(s) dict_keys(['example_bash_operator']) retrieved from /home/airflow/.local/lib/python3.8/site-packages/airflow/example_dags/example_bash_operator.py
[2025-09-25T16:18:00.431+0000] {logging_mixin.py:154} INFO - [2025-09-25T16:18:00.431+0000] {dag.py:2941} INFO - Sync 1 DAGs
[2025-09-25T16:18:00.470+0000] {logging_mixin.py:154} INFO - [2025-09-25T16:18:00.470+0000] {dag.py:3722} INFO - Setting next_dagrun for example_bash_operator to 2025-09-24T00:00:00+00:00, run_after=2025-09-25T00:00:00+00:00
[2025-09-25T16:18:00.509+0000] {processor.py:179} INFO - Processing /home/airflow/.local/lib/python3.8/site-packages/airflow/example_dags/example_bash_operator.py took 0.176 seconds
