[2025-09-25T16:10:44.339+0000] {processor.py:157} INFO - Started process (PID=85) to work on /home/airflow/.local/lib/python3.8/site-packages/airflow/example_dags/example_xcom.py
[2025-09-25T16:10:44.341+0000] {processor.py:829} INFO - Processing file /home/airflow/.local/lib/python3.8/site-packages/airflow/example_dags/example_xcom.py for tasks to queue
[2025-09-25T16:10:44.346+0000] {logging_mixin.py:154} INFO - [2025-09-25T16:10:44.345+0000] {dagbag.py:536} INFO - Filling up the DagBag from /home/airflow/.local/lib/python3.8/site-packages/airflow/example_dags/example_xcom.py
[2025-09-25T16:10:44.367+0000] {processor.py:839} INFO - DAG(s) dict_keys(['example_xcom']) retrieved from /home/airflow/.local/lib/python3.8/site-packages/airflow/example_dags/example_xcom.py
[2025-09-25T16:10:44.428+0000] {logging_mixin.py:154} INFO - [2025-09-25T16:10:44.427+0000] {dag.py:2941} INFO - Sync 1 DAGs
[2025-09-25T16:10:44.474+0000] {logging_mixin.py:154} INFO - [2025-09-25T16:10:44.474+0000] {dag.py:3722} INFO - Setting next_dagrun for example_xcom to 2021-01-01T00:00:00+00:00, run_after=2021-01-01T00:00:00+00:00
[2025-09-25T16:10:44.511+0000] {processor.py:179} INFO - Processing /home/airflow/.local/lib/python3.8/site-packages/airflow/example_dags/example_xcom.py took 0.180 seconds
[2025-09-25T16:11:15.476+0000] {processor.py:157} INFO - Started process (PID=139) to work on /home/airflow/.local/lib/python3.8/site-packages/airflow/example_dags/example_xcom.py
[2025-09-25T16:11:15.478+0000] {processor.py:829} INFO - Processing file /home/airflow/.local/lib/python3.8/site-packages/airflow/example_dags/example_xcom.py for tasks to queue
[2025-09-25T16:11:15.482+0000] {logging_mixin.py:154} INFO - [2025-09-25T16:11:15.481+0000] {dagbag.py:536} INFO - Filling up the DagBag from /home/airflow/.local/lib/python3.8/site-packages/airflow/example_dags/example_xcom.py
[2025-09-25T16:11:15.495+0000] {processor.py:839} INFO - DAG(s) dict_keys(['example_xcom']) retrieved from /home/airflow/.local/lib/python3.8/site-packages/airflow/example_dags/example_xcom.py
[2025-09-25T16:11:15.529+0000] {logging_mixin.py:154} INFO - [2025-09-25T16:11:15.529+0000] {dag.py:2941} INFO - Sync 1 DAGs
[2025-09-25T16:11:15.563+0000] {logging_mixin.py:154} INFO - [2025-09-25T16:11:15.563+0000] {dag.py:3722} INFO - Setting next_dagrun for example_xcom to 2021-01-01T00:00:00+00:00, run_after=2021-01-01T00:00:00+00:00
[2025-09-25T16:11:15.590+0000] {processor.py:179} INFO - Processing /home/airflow/.local/lib/python3.8/site-packages/airflow/example_dags/example_xcom.py took 0.123 seconds
[2025-09-25T16:11:46.066+0000] {processor.py:157} INFO - Started process (PID=193) to work on /home/airflow/.local/lib/python3.8/site-packages/airflow/example_dags/example_xcom.py
[2025-09-25T16:11:46.067+0000] {processor.py:829} INFO - Processing file /home/airflow/.local/lib/python3.8/site-packages/airflow/example_dags/example_xcom.py for tasks to queue
[2025-09-25T16:11:46.071+0000] {logging_mixin.py:154} INFO - [2025-09-25T16:11:46.070+0000] {dagbag.py:536} INFO - Filling up the DagBag from /home/airflow/.local/lib/python3.8/site-packages/airflow/example_dags/example_xcom.py
[2025-09-25T16:11:46.081+0000] {processor.py:839} INFO - DAG(s) dict_keys(['example_xcom']) retrieved from /home/airflow/.local/lib/python3.8/site-packages/airflow/example_dags/example_xcom.py
[2025-09-25T16:11:46.111+0000] {logging_mixin.py:154} INFO - [2025-09-25T16:11:46.110+0000] {dag.py:2941} INFO - Sync 1 DAGs
[2025-09-25T16:11:46.146+0000] {logging_mixin.py:154} INFO - [2025-09-25T16:11:46.146+0000] {dag.py:3722} INFO - Setting next_dagrun for example_xcom to 2021-01-01T00:00:00+00:00, run_after=2021-01-01T00:00:00+00:00
[2025-09-25T16:11:46.178+0000] {processor.py:179} INFO - Processing /home/airflow/.local/lib/python3.8/site-packages/airflow/example_dags/example_xcom.py took 0.117 seconds
[2025-09-25T16:12:16.355+0000] {processor.py:157} INFO - Started process (PID=247) to work on /home/airflow/.local/lib/python3.8/site-packages/airflow/example_dags/example_xcom.py
[2025-09-25T16:12:16.356+0000] {processor.py:829} INFO - Processing file /home/airflow/.local/lib/python3.8/site-packages/airflow/example_dags/example_xcom.py for tasks to queue
[2025-09-25T16:12:16.360+0000] {logging_mixin.py:154} INFO - [2025-09-25T16:12:16.359+0000] {dagbag.py:536} INFO - Filling up the DagBag from /home/airflow/.local/lib/python3.8/site-packages/airflow/example_dags/example_xcom.py
[2025-09-25T16:12:16.369+0000] {processor.py:839} INFO - DAG(s) dict_keys(['example_xcom']) retrieved from /home/airflow/.local/lib/python3.8/site-packages/airflow/example_dags/example_xcom.py
[2025-09-25T16:12:16.398+0000] {logging_mixin.py:154} INFO - [2025-09-25T16:12:16.398+0000] {dag.py:2941} INFO - Sync 1 DAGs
[2025-09-25T16:12:16.422+0000] {logging_mixin.py:154} INFO - [2025-09-25T16:12:16.422+0000] {dag.py:3722} INFO - Setting next_dagrun for example_xcom to 2021-01-01T00:00:00+00:00, run_after=2021-01-01T00:00:00+00:00
[2025-09-25T16:12:16.447+0000] {processor.py:179} INFO - Processing /home/airflow/.local/lib/python3.8/site-packages/airflow/example_dags/example_xcom.py took 0.097 seconds
[2025-09-25T16:12:46.714+0000] {processor.py:157} INFO - Started process (PID=301) to work on /home/airflow/.local/lib/python3.8/site-packages/airflow/example_dags/example_xcom.py
[2025-09-25T16:12:46.716+0000] {processor.py:829} INFO - Processing file /home/airflow/.local/lib/python3.8/site-packages/airflow/example_dags/example_xcom.py for tasks to queue
[2025-09-25T16:12:46.720+0000] {logging_mixin.py:154} INFO - [2025-09-25T16:12:46.720+0000] {dagbag.py:536} INFO - Filling up the DagBag from /home/airflow/.local/lib/python3.8/site-packages/airflow/example_dags/example_xcom.py
[2025-09-25T16:12:46.732+0000] {processor.py:839} INFO - DAG(s) dict_keys(['example_xcom']) retrieved from /home/airflow/.local/lib/python3.8/site-packages/airflow/example_dags/example_xcom.py
[2025-09-25T16:12:46.766+0000] {logging_mixin.py:154} INFO - [2025-09-25T16:12:46.766+0000] {dag.py:2941} INFO - Sync 1 DAGs
[2025-09-25T16:12:46.798+0000] {logging_mixin.py:154} INFO - [2025-09-25T16:12:46.798+0000] {dag.py:3722} INFO - Setting next_dagrun for example_xcom to 2021-01-01T00:00:00+00:00, run_after=2021-01-01T00:00:00+00:00
[2025-09-25T16:12:46.832+0000] {processor.py:179} INFO - Processing /home/airflow/.local/lib/python3.8/site-packages/airflow/example_dags/example_xcom.py took 0.122 seconds
[2025-09-25T16:13:17.186+0000] {processor.py:157} INFO - Started process (PID=355) to work on /home/airflow/.local/lib/python3.8/site-packages/airflow/example_dags/example_xcom.py
[2025-09-25T16:13:17.189+0000] {processor.py:829} INFO - Processing file /home/airflow/.local/lib/python3.8/site-packages/airflow/example_dags/example_xcom.py for tasks to queue
[2025-09-25T16:13:17.197+0000] {logging_mixin.py:154} INFO - [2025-09-25T16:13:17.196+0000] {dagbag.py:536} INFO - Filling up the DagBag from /home/airflow/.local/lib/python3.8/site-packages/airflow/example_dags/example_xcom.py
[2025-09-25T16:13:17.207+0000] {processor.py:839} INFO - DAG(s) dict_keys(['example_xcom']) retrieved from /home/airflow/.local/lib/python3.8/site-packages/airflow/example_dags/example_xcom.py
[2025-09-25T16:13:17.235+0000] {logging_mixin.py:154} INFO - [2025-09-25T16:13:17.235+0000] {dag.py:2941} INFO - Sync 1 DAGs
[2025-09-25T16:13:17.262+0000] {logging_mixin.py:154} INFO - [2025-09-25T16:13:17.262+0000] {dag.py:3722} INFO - Setting next_dagrun for example_xcom to 2021-01-01T00:00:00+00:00, run_after=2021-01-01T00:00:00+00:00
[2025-09-25T16:13:17.287+0000] {processor.py:179} INFO - Processing /home/airflow/.local/lib/python3.8/site-packages/airflow/example_dags/example_xcom.py took 0.105 seconds
[2025-09-25T16:13:48.042+0000] {processor.py:157} INFO - Started process (PID=409) to work on /home/airflow/.local/lib/python3.8/site-packages/airflow/example_dags/example_xcom.py
[2025-09-25T16:13:48.044+0000] {processor.py:829} INFO - Processing file /home/airflow/.local/lib/python3.8/site-packages/airflow/example_dags/example_xcom.py for tasks to queue
[2025-09-25T16:13:48.048+0000] {logging_mixin.py:154} INFO - [2025-09-25T16:13:48.048+0000] {dagbag.py:536} INFO - Filling up the DagBag from /home/airflow/.local/lib/python3.8/site-packages/airflow/example_dags/example_xcom.py
[2025-09-25T16:13:48.059+0000] {processor.py:839} INFO - DAG(s) dict_keys(['example_xcom']) retrieved from /home/airflow/.local/lib/python3.8/site-packages/airflow/example_dags/example_xcom.py
[2025-09-25T16:13:48.106+0000] {logging_mixin.py:154} INFO - [2025-09-25T16:13:48.106+0000] {dag.py:2941} INFO - Sync 1 DAGs
[2025-09-25T16:13:48.144+0000] {logging_mixin.py:154} INFO - [2025-09-25T16:13:48.144+0000] {dag.py:3722} INFO - Setting next_dagrun for example_xcom to 2021-01-01T00:00:00+00:00, run_after=2021-01-01T00:00:00+00:00
[2025-09-25T16:13:48.171+0000] {processor.py:179} INFO - Processing /home/airflow/.local/lib/python3.8/site-packages/airflow/example_dags/example_xcom.py took 0.134 seconds
[2025-09-25T16:14:18.293+0000] {processor.py:157} INFO - Started process (PID=463) to work on /home/airflow/.local/lib/python3.8/site-packages/airflow/example_dags/example_xcom.py
[2025-09-25T16:14:18.295+0000] {processor.py:829} INFO - Processing file /home/airflow/.local/lib/python3.8/site-packages/airflow/example_dags/example_xcom.py for tasks to queue
[2025-09-25T16:14:18.299+0000] {logging_mixin.py:154} INFO - [2025-09-25T16:14:18.299+0000] {dagbag.py:536} INFO - Filling up the DagBag from /home/airflow/.local/lib/python3.8/site-packages/airflow/example_dags/example_xcom.py
[2025-09-25T16:14:18.313+0000] {processor.py:839} INFO - DAG(s) dict_keys(['example_xcom']) retrieved from /home/airflow/.local/lib/python3.8/site-packages/airflow/example_dags/example_xcom.py
[2025-09-25T16:14:18.355+0000] {logging_mixin.py:154} INFO - [2025-09-25T16:14:18.355+0000] {dag.py:2941} INFO - Sync 1 DAGs
[2025-09-25T16:14:18.390+0000] {logging_mixin.py:154} INFO - [2025-09-25T16:14:18.389+0000] {dag.py:3722} INFO - Setting next_dagrun for example_xcom to 2021-01-01T00:00:00+00:00, run_after=2021-01-01T00:00:00+00:00
[2025-09-25T16:14:18.431+0000] {processor.py:179} INFO - Processing /home/airflow/.local/lib/python3.8/site-packages/airflow/example_dags/example_xcom.py took 0.143 seconds
[2025-09-25T16:14:48.576+0000] {processor.py:157} INFO - Started process (PID=517) to work on /home/airflow/.local/lib/python3.8/site-packages/airflow/example_dags/example_xcom.py
[2025-09-25T16:14:48.578+0000] {processor.py:829} INFO - Processing file /home/airflow/.local/lib/python3.8/site-packages/airflow/example_dags/example_xcom.py for tasks to queue
[2025-09-25T16:14:48.581+0000] {logging_mixin.py:154} INFO - [2025-09-25T16:14:48.580+0000] {dagbag.py:536} INFO - Filling up the DagBag from /home/airflow/.local/lib/python3.8/site-packages/airflow/example_dags/example_xcom.py
[2025-09-25T16:14:48.591+0000] {processor.py:839} INFO - DAG(s) dict_keys(['example_xcom']) retrieved from /home/airflow/.local/lib/python3.8/site-packages/airflow/example_dags/example_xcom.py
[2025-09-25T16:14:48.618+0000] {logging_mixin.py:154} INFO - [2025-09-25T16:14:48.617+0000] {dag.py:2941} INFO - Sync 1 DAGs
[2025-09-25T16:14:48.643+0000] {logging_mixin.py:154} INFO - [2025-09-25T16:14:48.643+0000] {dag.py:3722} INFO - Setting next_dagrun for example_xcom to 2021-01-01T00:00:00+00:00, run_after=2021-01-01T00:00:00+00:00
[2025-09-25T16:14:48.666+0000] {processor.py:179} INFO - Processing /home/airflow/.local/lib/python3.8/site-packages/airflow/example_dags/example_xcom.py took 0.095 seconds
[2025-09-25T16:15:19.028+0000] {processor.py:157} INFO - Started process (PID=571) to work on /home/airflow/.local/lib/python3.8/site-packages/airflow/example_dags/example_xcom.py
[2025-09-25T16:15:19.030+0000] {processor.py:829} INFO - Processing file /home/airflow/.local/lib/python3.8/site-packages/airflow/example_dags/example_xcom.py for tasks to queue
[2025-09-25T16:15:19.034+0000] {logging_mixin.py:154} INFO - [2025-09-25T16:15:19.033+0000] {dagbag.py:536} INFO - Filling up the DagBag from /home/airflow/.local/lib/python3.8/site-packages/airflow/example_dags/example_xcom.py
[2025-09-25T16:15:19.045+0000] {processor.py:839} INFO - DAG(s) dict_keys(['example_xcom']) retrieved from /home/airflow/.local/lib/python3.8/site-packages/airflow/example_dags/example_xcom.py
[2025-09-25T16:15:19.085+0000] {logging_mixin.py:154} INFO - [2025-09-25T16:15:19.085+0000] {dag.py:2941} INFO - Sync 1 DAGs
[2025-09-25T16:15:19.111+0000] {logging_mixin.py:154} INFO - [2025-09-25T16:15:19.111+0000] {dag.py:3722} INFO - Setting next_dagrun for example_xcom to 2021-01-01T00:00:00+00:00, run_after=2021-01-01T00:00:00+00:00
[2025-09-25T16:15:19.141+0000] {processor.py:179} INFO - Processing /home/airflow/.local/lib/python3.8/site-packages/airflow/example_dags/example_xcom.py took 0.117 seconds
[2025-09-25T16:15:49.309+0000] {processor.py:157} INFO - Started process (PID=625) to work on /home/airflow/.local/lib/python3.8/site-packages/airflow/example_dags/example_xcom.py
[2025-09-25T16:15:49.311+0000] {processor.py:829} INFO - Processing file /home/airflow/.local/lib/python3.8/site-packages/airflow/example_dags/example_xcom.py for tasks to queue
[2025-09-25T16:15:49.314+0000] {logging_mixin.py:154} INFO - [2025-09-25T16:15:49.314+0000] {dagbag.py:536} INFO - Filling up the DagBag from /home/airflow/.local/lib/python3.8/site-packages/airflow/example_dags/example_xcom.py
[2025-09-25T16:15:49.323+0000] {processor.py:839} INFO - DAG(s) dict_keys(['example_xcom']) retrieved from /home/airflow/.local/lib/python3.8/site-packages/airflow/example_dags/example_xcom.py
[2025-09-25T16:15:49.354+0000] {logging_mixin.py:154} INFO - [2025-09-25T16:15:49.354+0000] {dag.py:2941} INFO - Sync 1 DAGs
[2025-09-25T16:15:49.383+0000] {logging_mixin.py:154} INFO - [2025-09-25T16:15:49.383+0000] {dag.py:3722} INFO - Setting next_dagrun for example_xcom to 2021-01-01T00:00:00+00:00, run_after=2021-01-01T00:00:00+00:00
[2025-09-25T16:15:49.410+0000] {processor.py:179} INFO - Processing /home/airflow/.local/lib/python3.8/site-packages/airflow/example_dags/example_xcom.py took 0.105 seconds
[2025-09-25T16:16:19.669+0000] {processor.py:157} INFO - Started process (PID=679) to work on /home/airflow/.local/lib/python3.8/site-packages/airflow/example_dags/example_xcom.py
[2025-09-25T16:16:19.672+0000] {processor.py:829} INFO - Processing file /home/airflow/.local/lib/python3.8/site-packages/airflow/example_dags/example_xcom.py for tasks to queue
[2025-09-25T16:16:19.677+0000] {logging_mixin.py:154} INFO - [2025-09-25T16:16:19.676+0000] {dagbag.py:536} INFO - Filling up the DagBag from /home/airflow/.local/lib/python3.8/site-packages/airflow/example_dags/example_xcom.py
[2025-09-25T16:16:19.691+0000] {processor.py:839} INFO - DAG(s) dict_keys(['example_xcom']) retrieved from /home/airflow/.local/lib/python3.8/site-packages/airflow/example_dags/example_xcom.py
[2025-09-25T16:16:19.726+0000] {logging_mixin.py:154} INFO - [2025-09-25T16:16:19.725+0000] {dag.py:2941} INFO - Sync 1 DAGs
[2025-09-25T16:16:19.751+0000] {logging_mixin.py:154} INFO - [2025-09-25T16:16:19.751+0000] {dag.py:3722} INFO - Setting next_dagrun for example_xcom to 2021-01-01T00:00:00+00:00, run_after=2021-01-01T00:00:00+00:00
[2025-09-25T16:16:19.776+0000] {processor.py:179} INFO - Processing /home/airflow/.local/lib/python3.8/site-packages/airflow/example_dags/example_xcom.py took 0.115 seconds
[2025-09-25T16:16:50.088+0000] {processor.py:157} INFO - Started process (PID=733) to work on /home/airflow/.local/lib/python3.8/site-packages/airflow/example_dags/example_xcom.py
[2025-09-25T16:16:50.090+0000] {processor.py:829} INFO - Processing file /home/airflow/.local/lib/python3.8/site-packages/airflow/example_dags/example_xcom.py for tasks to queue
[2025-09-25T16:16:50.093+0000] {logging_mixin.py:154} INFO - [2025-09-25T16:16:50.093+0000] {dagbag.py:536} INFO - Filling up the DagBag from /home/airflow/.local/lib/python3.8/site-packages/airflow/example_dags/example_xcom.py
[2025-09-25T16:16:50.108+0000] {processor.py:839} INFO - DAG(s) dict_keys(['example_xcom']) retrieved from /home/airflow/.local/lib/python3.8/site-packages/airflow/example_dags/example_xcom.py
[2025-09-25T16:16:50.140+0000] {logging_mixin.py:154} INFO - [2025-09-25T16:16:50.140+0000] {dag.py:2941} INFO - Sync 1 DAGs
[2025-09-25T16:16:50.166+0000] {logging_mixin.py:154} INFO - [2025-09-25T16:16:50.166+0000] {dag.py:3722} INFO - Setting next_dagrun for example_xcom to 2021-01-01T00:00:00+00:00, run_after=2021-01-01T00:00:00+00:00
[2025-09-25T16:16:50.189+0000] {processor.py:179} INFO - Processing /home/airflow/.local/lib/python3.8/site-packages/airflow/example_dags/example_xcom.py took 0.105 seconds
[2025-09-25T16:17:20.892+0000] {processor.py:157} INFO - Started process (PID=787) to work on /home/airflow/.local/lib/python3.8/site-packages/airflow/example_dags/example_xcom.py
[2025-09-25T16:17:20.894+0000] {processor.py:829} INFO - Processing file /home/airflow/.local/lib/python3.8/site-packages/airflow/example_dags/example_xcom.py for tasks to queue
[2025-09-25T16:17:20.898+0000] {logging_mixin.py:154} INFO - [2025-09-25T16:17:20.897+0000] {dagbag.py:536} INFO - Filling up the DagBag from /home/airflow/.local/lib/python3.8/site-packages/airflow/example_dags/example_xcom.py
[2025-09-25T16:17:20.908+0000] {processor.py:839} INFO - DAG(s) dict_keys(['example_xcom']) retrieved from /home/airflow/.local/lib/python3.8/site-packages/airflow/example_dags/example_xcom.py
[2025-09-25T16:17:20.941+0000] {logging_mixin.py:154} INFO - [2025-09-25T16:17:20.941+0000] {dag.py:2941} INFO - Sync 1 DAGs
[2025-09-25T16:17:20.969+0000] {logging_mixin.py:154} INFO - [2025-09-25T16:17:20.969+0000] {dag.py:3722} INFO - Setting next_dagrun for example_xcom to 2021-01-01T00:00:00+00:00, run_after=2021-01-01T00:00:00+00:00
[2025-09-25T16:17:20.999+0000] {processor.py:179} INFO - Processing /home/airflow/.local/lib/python3.8/site-packages/airflow/example_dags/example_xcom.py took 0.112 seconds
[2025-09-25T16:17:51.479+0000] {processor.py:157} INFO - Started process (PID=841) to work on /home/airflow/.local/lib/python3.8/site-packages/airflow/example_dags/example_xcom.py
[2025-09-25T16:17:51.481+0000] {processor.py:829} INFO - Processing file /home/airflow/.local/lib/python3.8/site-packages/airflow/example_dags/example_xcom.py for tasks to queue
[2025-09-25T16:17:51.487+0000] {logging_mixin.py:154} INFO - [2025-09-25T16:17:51.486+0000] {dagbag.py:536} INFO - Filling up the DagBag from /home/airflow/.local/lib/python3.8/site-packages/airflow/example_dags/example_xcom.py
[2025-09-25T16:17:51.501+0000] {processor.py:839} INFO - DAG(s) dict_keys(['example_xcom']) retrieved from /home/airflow/.local/lib/python3.8/site-packages/airflow/example_dags/example_xcom.py
[2025-09-25T16:17:51.552+0000] {logging_mixin.py:154} INFO - [2025-09-25T16:17:51.551+0000] {dag.py:2941} INFO - Sync 1 DAGs
[2025-09-25T16:17:51.588+0000] {logging_mixin.py:154} INFO - [2025-09-25T16:17:51.588+0000] {dag.py:3722} INFO - Setting next_dagrun for example_xcom to 2021-01-01T00:00:00+00:00, run_after=2021-01-01T00:00:00+00:00
[2025-09-25T16:17:51.626+0000] {processor.py:179} INFO - Processing /home/airflow/.local/lib/python3.8/site-packages/airflow/example_dags/example_xcom.py took 0.154 seconds
