[2025-09-25T16:10:46.739+0000] {processor.py:157} INFO - Started process (PID=95) to work on /home/airflow/.local/lib/python3.8/site-packages/airflow/example_dags/example_skip_dag.py
[2025-09-25T16:10:46.742+0000] {processor.py:829} INFO - Processing file /home/airflow/.local/lib/python3.8/site-packages/airflow/example_dags/example_skip_dag.py for tasks to queue
[2025-09-25T16:10:46.749+0000] {logging_mixin.py:154} INFO - [2025-09-25T16:10:46.748+0000] {dagbag.py:536} INFO - Filling up the DagBag from /home/airflow/.local/lib/python3.8/site-packages/airflow/example_dags/example_skip_dag.py
[2025-09-25T16:10:46.787+0000] {processor.py:839} INFO - DAG(s) dict_keys(['example_skip_dag']) retrieved from /home/airflow/.local/lib/python3.8/site-packages/airflow/example_dags/example_skip_dag.py
[2025-09-25T16:10:46.845+0000] {logging_mixin.py:154} INFO - [2025-09-25T16:10:46.845+0000] {dag.py:2941} INFO - Sync 1 DAGs
[2025-09-25T16:10:46.890+0000] {logging_mixin.py:154} INFO - [2025-09-25T16:10:46.889+0000] {dag.py:3722} INFO - Setting next_dagrun for example_skip_dag to 2025-09-24T16:10:46.889557+00:00, run_after=2025-09-25T16:10:46.889557+00:00
[2025-09-25T16:10:46.942+0000] {processor.py:179} INFO - Processing /home/airflow/.local/lib/python3.8/site-packages/airflow/example_dags/example_skip_dag.py took 0.215 seconds
[2025-09-25T16:11:17.851+0000] {processor.py:157} INFO - Started process (PID=149) to work on /home/airflow/.local/lib/python3.8/site-packages/airflow/example_dags/example_skip_dag.py
[2025-09-25T16:11:17.855+0000] {processor.py:829} INFO - Processing file /home/airflow/.local/lib/python3.8/site-packages/airflow/example_dags/example_skip_dag.py for tasks to queue
[2025-09-25T16:11:17.864+0000] {logging_mixin.py:154} INFO - [2025-09-25T16:11:17.863+0000] {dagbag.py:536} INFO - Filling up the DagBag from /home/airflow/.local/lib/python3.8/site-packages/airflow/example_dags/example_skip_dag.py
[2025-09-25T16:11:17.891+0000] {processor.py:839} INFO - DAG(s) dict_keys(['example_skip_dag']) retrieved from /home/airflow/.local/lib/python3.8/site-packages/airflow/example_dags/example_skip_dag.py
[2025-09-25T16:11:17.949+0000] {logging_mixin.py:154} INFO - [2025-09-25T16:11:17.949+0000] {dag.py:2941} INFO - Sync 1 DAGs
[2025-09-25T16:11:17.994+0000] {logging_mixin.py:154} INFO - [2025-09-25T16:11:17.993+0000] {dag.py:3722} INFO - Setting next_dagrun for example_skip_dag to 2025-09-24T16:11:17.993300+00:00, run_after=2025-09-25T16:11:17.993300+00:00
[2025-09-25T16:11:18.032+0000] {processor.py:179} INFO - Processing /home/airflow/.local/lib/python3.8/site-packages/airflow/example_dags/example_skip_dag.py took 0.195 seconds
[2025-09-25T16:11:48.144+0000] {processor.py:157} INFO - Started process (PID=203) to work on /home/airflow/.local/lib/python3.8/site-packages/airflow/example_dags/example_skip_dag.py
[2025-09-25T16:11:48.146+0000] {processor.py:829} INFO - Processing file /home/airflow/.local/lib/python3.8/site-packages/airflow/example_dags/example_skip_dag.py for tasks to queue
[2025-09-25T16:11:48.149+0000] {logging_mixin.py:154} INFO - [2025-09-25T16:11:48.149+0000] {dagbag.py:536} INFO - Filling up the DagBag from /home/airflow/.local/lib/python3.8/site-packages/airflow/example_dags/example_skip_dag.py
[2025-09-25T16:11:48.164+0000] {processor.py:839} INFO - DAG(s) dict_keys(['example_skip_dag']) retrieved from /home/airflow/.local/lib/python3.8/site-packages/airflow/example_dags/example_skip_dag.py
[2025-09-25T16:11:48.195+0000] {logging_mixin.py:154} INFO - [2025-09-25T16:11:48.195+0000] {dag.py:2941} INFO - Sync 1 DAGs
[2025-09-25T16:11:48.223+0000] {logging_mixin.py:154} INFO - [2025-09-25T16:11:48.223+0000] {dag.py:3722} INFO - Setting next_dagrun for example_skip_dag to 2025-09-24T16:11:48.222374+00:00, run_after=2025-09-25T16:11:48.222374+00:00
[2025-09-25T16:11:48.251+0000] {processor.py:179} INFO - Processing /home/airflow/.local/lib/python3.8/site-packages/airflow/example_dags/example_skip_dag.py took 0.112 seconds
[2025-09-25T16:12:18.458+0000] {processor.py:157} INFO - Started process (PID=256) to work on /home/airflow/.local/lib/python3.8/site-packages/airflow/example_dags/example_skip_dag.py
[2025-09-25T16:12:18.460+0000] {processor.py:829} INFO - Processing file /home/airflow/.local/lib/python3.8/site-packages/airflow/example_dags/example_skip_dag.py for tasks to queue
[2025-09-25T16:12:18.465+0000] {logging_mixin.py:154} INFO - [2025-09-25T16:12:18.464+0000] {dagbag.py:536} INFO - Filling up the DagBag from /home/airflow/.local/lib/python3.8/site-packages/airflow/example_dags/example_skip_dag.py
[2025-09-25T16:12:18.474+0000] {processor.py:839} INFO - DAG(s) dict_keys(['example_skip_dag']) retrieved from /home/airflow/.local/lib/python3.8/site-packages/airflow/example_dags/example_skip_dag.py
[2025-09-25T16:12:18.508+0000] {logging_mixin.py:154} INFO - [2025-09-25T16:12:18.508+0000] {dag.py:2941} INFO - Sync 1 DAGs
[2025-09-25T16:12:18.537+0000] {logging_mixin.py:154} INFO - [2025-09-25T16:12:18.537+0000] {dag.py:3722} INFO - Setting next_dagrun for example_skip_dag to 2025-09-24T16:12:18.537119+00:00, run_after=2025-09-25T16:12:18.537119+00:00
[2025-09-25T16:12:18.569+0000] {processor.py:179} INFO - Processing /home/airflow/.local/lib/python3.8/site-packages/airflow/example_dags/example_skip_dag.py took 0.117 seconds
[2025-09-25T16:12:48.629+0000] {processor.py:157} INFO - Started process (PID=310) to work on /home/airflow/.local/lib/python3.8/site-packages/airflow/example_dags/example_skip_dag.py
[2025-09-25T16:12:48.631+0000] {processor.py:829} INFO - Processing file /home/airflow/.local/lib/python3.8/site-packages/airflow/example_dags/example_skip_dag.py for tasks to queue
[2025-09-25T16:12:48.634+0000] {logging_mixin.py:154} INFO - [2025-09-25T16:12:48.634+0000] {dagbag.py:536} INFO - Filling up the DagBag from /home/airflow/.local/lib/python3.8/site-packages/airflow/example_dags/example_skip_dag.py
[2025-09-25T16:12:48.644+0000] {processor.py:839} INFO - DAG(s) dict_keys(['example_skip_dag']) retrieved from /home/airflow/.local/lib/python3.8/site-packages/airflow/example_dags/example_skip_dag.py
[2025-09-25T16:12:48.677+0000] {logging_mixin.py:154} INFO - [2025-09-25T16:12:48.677+0000] {dag.py:2941} INFO - Sync 1 DAGs
[2025-09-25T16:12:48.704+0000] {logging_mixin.py:154} INFO - [2025-09-25T16:12:48.704+0000] {dag.py:3722} INFO - Setting next_dagrun for example_skip_dag to 2025-09-24T16:12:48.703785+00:00, run_after=2025-09-25T16:12:48.703785+00:00
[2025-09-25T16:12:48.728+0000] {processor.py:179} INFO - Processing /home/airflow/.local/lib/python3.8/site-packages/airflow/example_dags/example_skip_dag.py took 0.104 seconds
[2025-09-25T16:13:19.024+0000] {processor.py:157} INFO - Started process (PID=364) to work on /home/airflow/.local/lib/python3.8/site-packages/airflow/example_dags/example_skip_dag.py
[2025-09-25T16:13:19.025+0000] {processor.py:829} INFO - Processing file /home/airflow/.local/lib/python3.8/site-packages/airflow/example_dags/example_skip_dag.py for tasks to queue
[2025-09-25T16:13:19.030+0000] {logging_mixin.py:154} INFO - [2025-09-25T16:13:19.029+0000] {dagbag.py:536} INFO - Filling up the DagBag from /home/airflow/.local/lib/python3.8/site-packages/airflow/example_dags/example_skip_dag.py
[2025-09-25T16:13:19.039+0000] {processor.py:839} INFO - DAG(s) dict_keys(['example_skip_dag']) retrieved from /home/airflow/.local/lib/python3.8/site-packages/airflow/example_dags/example_skip_dag.py
[2025-09-25T16:13:19.072+0000] {logging_mixin.py:154} INFO - [2025-09-25T16:13:19.072+0000] {dag.py:2941} INFO - Sync 1 DAGs
[2025-09-25T16:13:19.098+0000] {logging_mixin.py:154} INFO - [2025-09-25T16:13:19.098+0000] {dag.py:3722} INFO - Setting next_dagrun for example_skip_dag to 2025-09-24T16:13:19.098314+00:00, run_after=2025-09-25T16:13:19.098314+00:00
[2025-09-25T16:13:19.128+0000] {processor.py:179} INFO - Processing /home/airflow/.local/lib/python3.8/site-packages/airflow/example_dags/example_skip_dag.py took 0.110 seconds
[2025-09-25T16:13:50.022+0000] {processor.py:157} INFO - Started process (PID=418) to work on /home/airflow/.local/lib/python3.8/site-packages/airflow/example_dags/example_skip_dag.py
[2025-09-25T16:13:50.023+0000] {processor.py:829} INFO - Processing file /home/airflow/.local/lib/python3.8/site-packages/airflow/example_dags/example_skip_dag.py for tasks to queue
[2025-09-25T16:13:50.028+0000] {logging_mixin.py:154} INFO - [2025-09-25T16:13:50.028+0000] {dagbag.py:536} INFO - Filling up the DagBag from /home/airflow/.local/lib/python3.8/site-packages/airflow/example_dags/example_skip_dag.py
[2025-09-25T16:13:50.038+0000] {processor.py:839} INFO - DAG(s) dict_keys(['example_skip_dag']) retrieved from /home/airflow/.local/lib/python3.8/site-packages/airflow/example_dags/example_skip_dag.py
[2025-09-25T16:13:50.071+0000] {logging_mixin.py:154} INFO - [2025-09-25T16:13:50.071+0000] {dag.py:2941} INFO - Sync 1 DAGs
[2025-09-25T16:13:50.099+0000] {logging_mixin.py:154} INFO - [2025-09-25T16:13:50.099+0000] {dag.py:3722} INFO - Setting next_dagrun for example_skip_dag to 2025-09-24T16:13:50.099376+00:00, run_after=2025-09-25T16:13:50.099376+00:00
[2025-09-25T16:13:50.125+0000] {processor.py:179} INFO - Processing /home/airflow/.local/lib/python3.8/site-packages/airflow/example_dags/example_skip_dag.py took 0.108 seconds
[2025-09-25T16:14:20.310+0000] {processor.py:157} INFO - Started process (PID=472) to work on /home/airflow/.local/lib/python3.8/site-packages/airflow/example_dags/example_skip_dag.py
[2025-09-25T16:14:20.312+0000] {processor.py:829} INFO - Processing file /home/airflow/.local/lib/python3.8/site-packages/airflow/example_dags/example_skip_dag.py for tasks to queue
[2025-09-25T16:14:20.315+0000] {logging_mixin.py:154} INFO - [2025-09-25T16:14:20.315+0000] {dagbag.py:536} INFO - Filling up the DagBag from /home/airflow/.local/lib/python3.8/site-packages/airflow/example_dags/example_skip_dag.py
[2025-09-25T16:14:20.323+0000] {processor.py:839} INFO - DAG(s) dict_keys(['example_skip_dag']) retrieved from /home/airflow/.local/lib/python3.8/site-packages/airflow/example_dags/example_skip_dag.py
[2025-09-25T16:14:20.353+0000] {logging_mixin.py:154} INFO - [2025-09-25T16:14:20.352+0000] {dag.py:2941} INFO - Sync 1 DAGs
[2025-09-25T16:14:20.379+0000] {logging_mixin.py:154} INFO - [2025-09-25T16:14:20.379+0000] {dag.py:3722} INFO - Setting next_dagrun for example_skip_dag to 2025-09-24T16:14:20.379333+00:00, run_after=2025-09-25T16:14:20.379333+00:00
[2025-09-25T16:14:20.406+0000] {processor.py:179} INFO - Processing /home/airflow/.local/lib/python3.8/site-packages/airflow/example_dags/example_skip_dag.py took 0.100 seconds
[2025-09-25T16:14:51.316+0000] {processor.py:157} INFO - Started process (PID=526) to work on /home/airflow/.local/lib/python3.8/site-packages/airflow/example_dags/example_skip_dag.py
[2025-09-25T16:14:51.318+0000] {processor.py:829} INFO - Processing file /home/airflow/.local/lib/python3.8/site-packages/airflow/example_dags/example_skip_dag.py for tasks to queue
[2025-09-25T16:14:51.321+0000] {logging_mixin.py:154} INFO - [2025-09-25T16:14:51.321+0000] {dagbag.py:536} INFO - Filling up the DagBag from /home/airflow/.local/lib/python3.8/site-packages/airflow/example_dags/example_skip_dag.py
[2025-09-25T16:14:51.330+0000] {processor.py:839} INFO - DAG(s) dict_keys(['example_skip_dag']) retrieved from /home/airflow/.local/lib/python3.8/site-packages/airflow/example_dags/example_skip_dag.py
[2025-09-25T16:14:51.362+0000] {logging_mixin.py:154} INFO - [2025-09-25T16:14:51.362+0000] {dag.py:2941} INFO - Sync 1 DAGs
[2025-09-25T16:14:51.391+0000] {logging_mixin.py:154} INFO - [2025-09-25T16:14:51.391+0000] {dag.py:3722} INFO - Setting next_dagrun for example_skip_dag to 2025-09-24T16:14:51.391092+00:00, run_after=2025-09-25T16:14:51.391092+00:00
[2025-09-25T16:14:51.416+0000] {processor.py:179} INFO - Processing /home/airflow/.local/lib/python3.8/site-packages/airflow/example_dags/example_skip_dag.py took 0.105 seconds
[2025-09-25T16:15:21.851+0000] {processor.py:157} INFO - Started process (PID=580) to work on /home/airflow/.local/lib/python3.8/site-packages/airflow/example_dags/example_skip_dag.py
[2025-09-25T16:15:21.853+0000] {processor.py:829} INFO - Processing file /home/airflow/.local/lib/python3.8/site-packages/airflow/example_dags/example_skip_dag.py for tasks to queue
[2025-09-25T16:15:21.856+0000] {logging_mixin.py:154} INFO - [2025-09-25T16:15:21.856+0000] {dagbag.py:536} INFO - Filling up the DagBag from /home/airflow/.local/lib/python3.8/site-packages/airflow/example_dags/example_skip_dag.py
[2025-09-25T16:15:21.866+0000] {processor.py:839} INFO - DAG(s) dict_keys(['example_skip_dag']) retrieved from /home/airflow/.local/lib/python3.8/site-packages/airflow/example_dags/example_skip_dag.py
[2025-09-25T16:15:21.898+0000] {logging_mixin.py:154} INFO - [2025-09-25T16:15:21.898+0000] {dag.py:2941} INFO - Sync 1 DAGs
[2025-09-25T16:15:21.924+0000] {logging_mixin.py:154} INFO - [2025-09-25T16:15:21.924+0000] {dag.py:3722} INFO - Setting next_dagrun for example_skip_dag to 2025-09-24T16:15:21.923922+00:00, run_after=2025-09-25T16:15:21.923922+00:00
[2025-09-25T16:15:21.948+0000] {processor.py:179} INFO - Processing /home/airflow/.local/lib/python3.8/site-packages/airflow/example_dags/example_skip_dag.py took 0.102 seconds
[2025-09-25T16:15:52.208+0000] {processor.py:157} INFO - Started process (PID=634) to work on /home/airflow/.local/lib/python3.8/site-packages/airflow/example_dags/example_skip_dag.py
[2025-09-25T16:15:52.210+0000] {processor.py:829} INFO - Processing file /home/airflow/.local/lib/python3.8/site-packages/airflow/example_dags/example_skip_dag.py for tasks to queue
[2025-09-25T16:15:52.213+0000] {logging_mixin.py:154} INFO - [2025-09-25T16:15:52.213+0000] {dagbag.py:536} INFO - Filling up the DagBag from /home/airflow/.local/lib/python3.8/site-packages/airflow/example_dags/example_skip_dag.py
[2025-09-25T16:15:52.222+0000] {processor.py:839} INFO - DAG(s) dict_keys(['example_skip_dag']) retrieved from /home/airflow/.local/lib/python3.8/site-packages/airflow/example_dags/example_skip_dag.py
[2025-09-25T16:15:52.253+0000] {logging_mixin.py:154} INFO - [2025-09-25T16:15:52.253+0000] {dag.py:2941} INFO - Sync 1 DAGs
[2025-09-25T16:15:52.281+0000] {logging_mixin.py:154} INFO - [2025-09-25T16:15:52.280+0000] {dag.py:3722} INFO - Setting next_dagrun for example_skip_dag to 2025-09-24T16:15:52.280718+00:00, run_after=2025-09-25T16:15:52.280718+00:00
[2025-09-25T16:15:52.305+0000] {processor.py:179} INFO - Processing /home/airflow/.local/lib/python3.8/site-packages/airflow/example_dags/example_skip_dag.py took 0.103 seconds
[2025-09-25T16:16:22.492+0000] {processor.py:157} INFO - Started process (PID=688) to work on /home/airflow/.local/lib/python3.8/site-packages/airflow/example_dags/example_skip_dag.py
[2025-09-25T16:16:22.493+0000] {processor.py:829} INFO - Processing file /home/airflow/.local/lib/python3.8/site-packages/airflow/example_dags/example_skip_dag.py for tasks to queue
[2025-09-25T16:16:22.497+0000] {logging_mixin.py:154} INFO - [2025-09-25T16:16:22.496+0000] {dagbag.py:536} INFO - Filling up the DagBag from /home/airflow/.local/lib/python3.8/site-packages/airflow/example_dags/example_skip_dag.py
[2025-09-25T16:16:22.506+0000] {processor.py:839} INFO - DAG(s) dict_keys(['example_skip_dag']) retrieved from /home/airflow/.local/lib/python3.8/site-packages/airflow/example_dags/example_skip_dag.py
[2025-09-25T16:16:22.540+0000] {logging_mixin.py:154} INFO - [2025-09-25T16:16:22.539+0000] {dag.py:2941} INFO - Sync 1 DAGs
[2025-09-25T16:16:22.570+0000] {logging_mixin.py:154} INFO - [2025-09-25T16:16:22.570+0000] {dag.py:3722} INFO - Setting next_dagrun for example_skip_dag to 2025-09-24T16:16:22.570024+00:00, run_after=2025-09-25T16:16:22.570024+00:00
[2025-09-25T16:16:22.595+0000] {processor.py:179} INFO - Processing /home/airflow/.local/lib/python3.8/site-packages/airflow/example_dags/example_skip_dag.py took 0.108 seconds
[2025-09-25T16:16:52.809+0000] {processor.py:157} INFO - Started process (PID=742) to work on /home/airflow/.local/lib/python3.8/site-packages/airflow/example_dags/example_skip_dag.py
[2025-09-25T16:16:52.810+0000] {processor.py:829} INFO - Processing file /home/airflow/.local/lib/python3.8/site-packages/airflow/example_dags/example_skip_dag.py for tasks to queue
[2025-09-25T16:16:52.814+0000] {logging_mixin.py:154} INFO - [2025-09-25T16:16:52.813+0000] {dagbag.py:536} INFO - Filling up the DagBag from /home/airflow/.local/lib/python3.8/site-packages/airflow/example_dags/example_skip_dag.py
[2025-09-25T16:16:52.822+0000] {processor.py:839} INFO - DAG(s) dict_keys(['example_skip_dag']) retrieved from /home/airflow/.local/lib/python3.8/site-packages/airflow/example_dags/example_skip_dag.py
[2025-09-25T16:16:52.851+0000] {logging_mixin.py:154} INFO - [2025-09-25T16:16:52.851+0000] {dag.py:2941} INFO - Sync 1 DAGs
[2025-09-25T16:16:52.877+0000] {logging_mixin.py:154} INFO - [2025-09-25T16:16:52.877+0000] {dag.py:3722} INFO - Setting next_dagrun for example_skip_dag to 2025-09-24T16:16:52.876884+00:00, run_after=2025-09-25T16:16:52.876884+00:00
[2025-09-25T16:16:52.900+0000] {processor.py:179} INFO - Processing /home/airflow/.local/lib/python3.8/site-packages/airflow/example_dags/example_skip_dag.py took 0.096 seconds
[2025-09-25T16:17:23.675+0000] {processor.py:157} INFO - Started process (PID=796) to work on /home/airflow/.local/lib/python3.8/site-packages/airflow/example_dags/example_skip_dag.py
[2025-09-25T16:17:23.677+0000] {processor.py:829} INFO - Processing file /home/airflow/.local/lib/python3.8/site-packages/airflow/example_dags/example_skip_dag.py for tasks to queue
[2025-09-25T16:17:23.680+0000] {logging_mixin.py:154} INFO - [2025-09-25T16:17:23.680+0000] {dagbag.py:536} INFO - Filling up the DagBag from /home/airflow/.local/lib/python3.8/site-packages/airflow/example_dags/example_skip_dag.py
[2025-09-25T16:17:23.692+0000] {processor.py:839} INFO - DAG(s) dict_keys(['example_skip_dag']) retrieved from /home/airflow/.local/lib/python3.8/site-packages/airflow/example_dags/example_skip_dag.py
[2025-09-25T16:17:23.729+0000] {logging_mixin.py:154} INFO - [2025-09-25T16:17:23.729+0000] {dag.py:2941} INFO - Sync 1 DAGs
[2025-09-25T16:17:23.771+0000] {logging_mixin.py:154} INFO - [2025-09-25T16:17:23.771+0000] {dag.py:3722} INFO - Setting next_dagrun for example_skip_dag to 2025-09-24T16:17:23.770626+00:00, run_after=2025-09-25T16:17:23.770626+00:00
[2025-09-25T16:17:23.804+0000] {processor.py:179} INFO - Processing /home/airflow/.local/lib/python3.8/site-packages/airflow/example_dags/example_skip_dag.py took 0.135 seconds
[2025-09-25T16:17:54.537+0000] {processor.py:157} INFO - Started process (PID=850) to work on /home/airflow/.local/lib/python3.8/site-packages/airflow/example_dags/example_skip_dag.py
[2025-09-25T16:17:54.539+0000] {processor.py:829} INFO - Processing file /home/airflow/.local/lib/python3.8/site-packages/airflow/example_dags/example_skip_dag.py for tasks to queue
[2025-09-25T16:17:54.542+0000] {logging_mixin.py:154} INFO - [2025-09-25T16:17:54.542+0000] {dagbag.py:536} INFO - Filling up the DagBag from /home/airflow/.local/lib/python3.8/site-packages/airflow/example_dags/example_skip_dag.py
[2025-09-25T16:17:54.551+0000] {processor.py:839} INFO - DAG(s) dict_keys(['example_skip_dag']) retrieved from /home/airflow/.local/lib/python3.8/site-packages/airflow/example_dags/example_skip_dag.py
[2025-09-25T16:17:54.583+0000] {logging_mixin.py:154} INFO - [2025-09-25T16:17:54.583+0000] {dag.py:2941} INFO - Sync 1 DAGs
[2025-09-25T16:17:54.611+0000] {logging_mixin.py:154} INFO - [2025-09-25T16:17:54.611+0000] {dag.py:3722} INFO - Setting next_dagrun for example_skip_dag to 2025-09-24T16:17:54.611535+00:00, run_after=2025-09-25T16:17:54.611535+00:00
[2025-09-25T16:17:54.637+0000] {processor.py:179} INFO - Processing /home/airflow/.local/lib/python3.8/site-packages/airflow/example_dags/example_skip_dag.py took 0.105 seconds
