[2025-09-25T16:10:50.145+0000] {processor.py:157} INFO - Started process (PID=108) to work on /home/airflow/.local/lib/python3.8/site-packages/airflow/example_dags/example_sla_dag.py
[2025-09-25T16:10:50.151+0000] {processor.py:829} INFO - Processing file /home/airflow/.local/lib/python3.8/site-packages/airflow/example_dags/example_sla_dag.py for tasks to queue
[2025-09-25T16:10:50.158+0000] {logging_mixin.py:154} INFO - [2025-09-25T16:10:50.157+0000] {dagbag.py:536} INFO - Filling up the DagBag from /home/airflow/.local/lib/python3.8/site-packages/airflow/example_dags/example_sla_dag.py
[2025-09-25T16:10:50.203+0000] {processor.py:839} INFO - DAG(s) dict_keys(['example_sla_dag']) retrieved from /home/airflow/.local/lib/python3.8/site-packages/airflow/example_dags/example_sla_dag.py
[2025-09-25T16:10:50.316+0000] {logging_mixin.py:154} INFO - [2025-09-25T16:10:50.315+0000] {dag.py:2941} INFO - Sync 1 DAGs
[2025-09-25T16:10:50.407+0000] {logging_mixin.py:154} INFO - [2025-09-25T16:10:50.405+0000] {dag.py:3722} INFO - Setting next_dagrun for example_sla_dag to 2025-09-25T16:08:00+00:00, run_after=2025-09-25T16:10:00+00:00
[2025-09-25T16:10:50.469+0000] {processor.py:179} INFO - Processing /home/airflow/.local/lib/python3.8/site-packages/airflow/example_dags/example_sla_dag.py took 0.343 seconds
[2025-09-25T16:11:21.490+0000] {processor.py:157} INFO - Started process (PID=162) to work on /home/airflow/.local/lib/python3.8/site-packages/airflow/example_dags/example_sla_dag.py
[2025-09-25T16:11:21.493+0000] {processor.py:829} INFO - Processing file /home/airflow/.local/lib/python3.8/site-packages/airflow/example_dags/example_sla_dag.py for tasks to queue
[2025-09-25T16:11:21.498+0000] {logging_mixin.py:154} INFO - [2025-09-25T16:11:21.497+0000] {dagbag.py:536} INFO - Filling up the DagBag from /home/airflow/.local/lib/python3.8/site-packages/airflow/example_dags/example_sla_dag.py
[2025-09-25T16:11:21.515+0000] {processor.py:839} INFO - DAG(s) dict_keys(['example_sla_dag']) retrieved from /home/airflow/.local/lib/python3.8/site-packages/airflow/example_dags/example_sla_dag.py
[2025-09-25T16:11:21.556+0000] {logging_mixin.py:154} INFO - [2025-09-25T16:11:21.556+0000] {dag.py:2941} INFO - Sync 1 DAGs
[2025-09-25T16:11:21.609+0000] {logging_mixin.py:154} INFO - [2025-09-25T16:11:21.608+0000] {dag.py:3722} INFO - Setting next_dagrun for example_sla_dag to 2025-09-25T16:08:00+00:00, run_after=2025-09-25T16:10:00+00:00
[2025-09-25T16:11:21.654+0000] {processor.py:179} INFO - Processing /home/airflow/.local/lib/python3.8/site-packages/airflow/example_dags/example_sla_dag.py took 0.171 seconds
[2025-09-25T16:11:52.246+0000] {processor.py:157} INFO - Started process (PID=216) to work on /home/airflow/.local/lib/python3.8/site-packages/airflow/example_dags/example_sla_dag.py
[2025-09-25T16:11:52.247+0000] {processor.py:829} INFO - Processing file /home/airflow/.local/lib/python3.8/site-packages/airflow/example_dags/example_sla_dag.py for tasks to queue
[2025-09-25T16:11:52.250+0000] {logging_mixin.py:154} INFO - [2025-09-25T16:11:52.250+0000] {dagbag.py:536} INFO - Filling up the DagBag from /home/airflow/.local/lib/python3.8/site-packages/airflow/example_dags/example_sla_dag.py
[2025-09-25T16:11:52.263+0000] {processor.py:839} INFO - DAG(s) dict_keys(['example_sla_dag']) retrieved from /home/airflow/.local/lib/python3.8/site-packages/airflow/example_dags/example_sla_dag.py
[2025-09-25T16:11:52.290+0000] {logging_mixin.py:154} INFO - [2025-09-25T16:11:52.290+0000] {dag.py:2941} INFO - Sync 1 DAGs
[2025-09-25T16:11:52.323+0000] {logging_mixin.py:154} INFO - [2025-09-25T16:11:52.323+0000] {dag.py:3722} INFO - Setting next_dagrun for example_sla_dag to 2025-09-25T16:08:00+00:00, run_after=2025-09-25T16:10:00+00:00
[2025-09-25T16:11:52.347+0000] {processor.py:179} INFO - Processing /home/airflow/.local/lib/python3.8/site-packages/airflow/example_dags/example_sla_dag.py took 0.106 seconds
[2025-09-25T16:12:22.933+0000] {processor.py:157} INFO - Started process (PID=270) to work on /home/airflow/.local/lib/python3.8/site-packages/airflow/example_dags/example_sla_dag.py
[2025-09-25T16:12:22.935+0000] {processor.py:829} INFO - Processing file /home/airflow/.local/lib/python3.8/site-packages/airflow/example_dags/example_sla_dag.py for tasks to queue
[2025-09-25T16:12:22.938+0000] {logging_mixin.py:154} INFO - [2025-09-25T16:12:22.938+0000] {dagbag.py:536} INFO - Filling up the DagBag from /home/airflow/.local/lib/python3.8/site-packages/airflow/example_dags/example_sla_dag.py
[2025-09-25T16:12:22.949+0000] {processor.py:839} INFO - DAG(s) dict_keys(['example_sla_dag']) retrieved from /home/airflow/.local/lib/python3.8/site-packages/airflow/example_dags/example_sla_dag.py
[2025-09-25T16:12:22.986+0000] {logging_mixin.py:154} INFO - [2025-09-25T16:12:22.985+0000] {dag.py:2941} INFO - Sync 1 DAGs
[2025-09-25T16:12:23.019+0000] {logging_mixin.py:154} INFO - [2025-09-25T16:12:23.019+0000] {dag.py:3722} INFO - Setting next_dagrun for example_sla_dag to 2025-09-25T16:10:00+00:00, run_after=2025-09-25T16:12:00+00:00
[2025-09-25T16:12:23.049+0000] {processor.py:179} INFO - Processing /home/airflow/.local/lib/python3.8/site-packages/airflow/example_dags/example_sla_dag.py took 0.121 seconds
[2025-09-25T16:12:53.720+0000] {processor.py:157} INFO - Started process (PID=324) to work on /home/airflow/.local/lib/python3.8/site-packages/airflow/example_dags/example_sla_dag.py
[2025-09-25T16:12:53.722+0000] {processor.py:829} INFO - Processing file /home/airflow/.local/lib/python3.8/site-packages/airflow/example_dags/example_sla_dag.py for tasks to queue
[2025-09-25T16:12:53.725+0000] {logging_mixin.py:154} INFO - [2025-09-25T16:12:53.724+0000] {dagbag.py:536} INFO - Filling up the DagBag from /home/airflow/.local/lib/python3.8/site-packages/airflow/example_dags/example_sla_dag.py
[2025-09-25T16:12:53.735+0000] {processor.py:839} INFO - DAG(s) dict_keys(['example_sla_dag']) retrieved from /home/airflow/.local/lib/python3.8/site-packages/airflow/example_dags/example_sla_dag.py
[2025-09-25T16:12:53.762+0000] {logging_mixin.py:154} INFO - [2025-09-25T16:12:53.762+0000] {dag.py:2941} INFO - Sync 1 DAGs
[2025-09-25T16:12:53.790+0000] {logging_mixin.py:154} INFO - [2025-09-25T16:12:53.790+0000] {dag.py:3722} INFO - Setting next_dagrun for example_sla_dag to 2025-09-25T16:10:00+00:00, run_after=2025-09-25T16:12:00+00:00
[2025-09-25T16:12:53.814+0000] {processor.py:179} INFO - Processing /home/airflow/.local/lib/python3.8/site-packages/airflow/example_dags/example_sla_dag.py took 0.098 seconds
[2025-09-25T16:13:24.340+0000] {processor.py:157} INFO - Started process (PID=378) to work on /home/airflow/.local/lib/python3.8/site-packages/airflow/example_dags/example_sla_dag.py
[2025-09-25T16:13:24.341+0000] {processor.py:829} INFO - Processing file /home/airflow/.local/lib/python3.8/site-packages/airflow/example_dags/example_sla_dag.py for tasks to queue
[2025-09-25T16:13:24.345+0000] {logging_mixin.py:154} INFO - [2025-09-25T16:13:24.344+0000] {dagbag.py:536} INFO - Filling up the DagBag from /home/airflow/.local/lib/python3.8/site-packages/airflow/example_dags/example_sla_dag.py
[2025-09-25T16:13:24.355+0000] {processor.py:839} INFO - DAG(s) dict_keys(['example_sla_dag']) retrieved from /home/airflow/.local/lib/python3.8/site-packages/airflow/example_dags/example_sla_dag.py
[2025-09-25T16:13:24.382+0000] {logging_mixin.py:154} INFO - [2025-09-25T16:13:24.382+0000] {dag.py:2941} INFO - Sync 1 DAGs
[2025-09-25T16:13:24.412+0000] {logging_mixin.py:154} INFO - [2025-09-25T16:13:24.412+0000] {dag.py:3722} INFO - Setting next_dagrun for example_sla_dag to 2025-09-25T16:10:00+00:00, run_after=2025-09-25T16:12:00+00:00
[2025-09-25T16:13:24.437+0000] {processor.py:179} INFO - Processing /home/airflow/.local/lib/python3.8/site-packages/airflow/example_dags/example_sla_dag.py took 0.102 seconds
[2025-09-25T16:13:55.338+0000] {processor.py:157} INFO - Started process (PID=432) to work on /home/airflow/.local/lib/python3.8/site-packages/airflow/example_dags/example_sla_dag.py
[2025-09-25T16:13:55.339+0000] {processor.py:829} INFO - Processing file /home/airflow/.local/lib/python3.8/site-packages/airflow/example_dags/example_sla_dag.py for tasks to queue
[2025-09-25T16:13:55.342+0000] {logging_mixin.py:154} INFO - [2025-09-25T16:13:55.342+0000] {dagbag.py:536} INFO - Filling up the DagBag from /home/airflow/.local/lib/python3.8/site-packages/airflow/example_dags/example_sla_dag.py
[2025-09-25T16:13:55.353+0000] {processor.py:839} INFO - DAG(s) dict_keys(['example_sla_dag']) retrieved from /home/airflow/.local/lib/python3.8/site-packages/airflow/example_dags/example_sla_dag.py
[2025-09-25T16:13:55.382+0000] {logging_mixin.py:154} INFO - [2025-09-25T16:13:55.382+0000] {dag.py:2941} INFO - Sync 1 DAGs
[2025-09-25T16:13:55.416+0000] {logging_mixin.py:154} INFO - [2025-09-25T16:13:55.415+0000] {dag.py:3722} INFO - Setting next_dagrun for example_sla_dag to 2025-09-25T16:10:00+00:00, run_after=2025-09-25T16:12:00+00:00
[2025-09-25T16:13:55.442+0000] {processor.py:179} INFO - Processing /home/airflow/.local/lib/python3.8/site-packages/airflow/example_dags/example_sla_dag.py took 0.107 seconds
[2025-09-25T16:14:25.556+0000] {processor.py:157} INFO - Started process (PID=486) to work on /home/airflow/.local/lib/python3.8/site-packages/airflow/example_dags/example_sla_dag.py
[2025-09-25T16:14:25.559+0000] {processor.py:829} INFO - Processing file /home/airflow/.local/lib/python3.8/site-packages/airflow/example_dags/example_sla_dag.py for tasks to queue
[2025-09-25T16:14:25.563+0000] {logging_mixin.py:154} INFO - [2025-09-25T16:14:25.563+0000] {dagbag.py:536} INFO - Filling up the DagBag from /home/airflow/.local/lib/python3.8/site-packages/airflow/example_dags/example_sla_dag.py
[2025-09-25T16:14:25.576+0000] {processor.py:839} INFO - DAG(s) dict_keys(['example_sla_dag']) retrieved from /home/airflow/.local/lib/python3.8/site-packages/airflow/example_dags/example_sla_dag.py
[2025-09-25T16:14:25.613+0000] {logging_mixin.py:154} INFO - [2025-09-25T16:14:25.612+0000] {dag.py:2941} INFO - Sync 1 DAGs
[2025-09-25T16:14:25.649+0000] {logging_mixin.py:154} INFO - [2025-09-25T16:14:25.649+0000] {dag.py:3722} INFO - Setting next_dagrun for example_sla_dag to 2025-09-25T16:12:00+00:00, run_after=2025-09-25T16:14:00+00:00
[2025-09-25T16:14:25.684+0000] {processor.py:179} INFO - Processing /home/airflow/.local/lib/python3.8/site-packages/airflow/example_dags/example_sla_dag.py took 0.133 seconds
[2025-09-25T16:14:56.410+0000] {processor.py:157} INFO - Started process (PID=540) to work on /home/airflow/.local/lib/python3.8/site-packages/airflow/example_dags/example_sla_dag.py
[2025-09-25T16:14:56.412+0000] {processor.py:829} INFO - Processing file /home/airflow/.local/lib/python3.8/site-packages/airflow/example_dags/example_sla_dag.py for tasks to queue
[2025-09-25T16:14:56.417+0000] {logging_mixin.py:154} INFO - [2025-09-25T16:14:56.416+0000] {dagbag.py:536} INFO - Filling up the DagBag from /home/airflow/.local/lib/python3.8/site-packages/airflow/example_dags/example_sla_dag.py
[2025-09-25T16:14:56.428+0000] {processor.py:839} INFO - DAG(s) dict_keys(['example_sla_dag']) retrieved from /home/airflow/.local/lib/python3.8/site-packages/airflow/example_dags/example_sla_dag.py
[2025-09-25T16:14:56.456+0000] {logging_mixin.py:154} INFO - [2025-09-25T16:14:56.456+0000] {dag.py:2941} INFO - Sync 1 DAGs
[2025-09-25T16:14:56.485+0000] {logging_mixin.py:154} INFO - [2025-09-25T16:14:56.485+0000] {dag.py:3722} INFO - Setting next_dagrun for example_sla_dag to 2025-09-25T16:12:00+00:00, run_after=2025-09-25T16:14:00+00:00
[2025-09-25T16:14:56.510+0000] {processor.py:179} INFO - Processing /home/airflow/.local/lib/python3.8/site-packages/airflow/example_dags/example_sla_dag.py took 0.105 seconds
[2025-09-25T16:15:27.101+0000] {processor.py:157} INFO - Started process (PID=594) to work on /home/airflow/.local/lib/python3.8/site-packages/airflow/example_dags/example_sla_dag.py
[2025-09-25T16:15:27.103+0000] {processor.py:829} INFO - Processing file /home/airflow/.local/lib/python3.8/site-packages/airflow/example_dags/example_sla_dag.py for tasks to queue
[2025-09-25T16:15:27.107+0000] {logging_mixin.py:154} INFO - [2025-09-25T16:15:27.106+0000] {dagbag.py:536} INFO - Filling up the DagBag from /home/airflow/.local/lib/python3.8/site-packages/airflow/example_dags/example_sla_dag.py
[2025-09-25T16:15:27.128+0000] {processor.py:839} INFO - DAG(s) dict_keys(['example_sla_dag']) retrieved from /home/airflow/.local/lib/python3.8/site-packages/airflow/example_dags/example_sla_dag.py
[2025-09-25T16:15:27.156+0000] {logging_mixin.py:154} INFO - [2025-09-25T16:15:27.156+0000] {dag.py:2941} INFO - Sync 1 DAGs
[2025-09-25T16:15:27.187+0000] {logging_mixin.py:154} INFO - [2025-09-25T16:15:27.187+0000] {dag.py:3722} INFO - Setting next_dagrun for example_sla_dag to 2025-09-25T16:12:00+00:00, run_after=2025-09-25T16:14:00+00:00
[2025-09-25T16:15:27.212+0000] {processor.py:179} INFO - Processing /home/airflow/.local/lib/python3.8/site-packages/airflow/example_dags/example_sla_dag.py took 0.115 seconds
[2025-09-25T16:15:57.426+0000] {processor.py:157} INFO - Started process (PID=648) to work on /home/airflow/.local/lib/python3.8/site-packages/airflow/example_dags/example_sla_dag.py
[2025-09-25T16:15:57.428+0000] {processor.py:829} INFO - Processing file /home/airflow/.local/lib/python3.8/site-packages/airflow/example_dags/example_sla_dag.py for tasks to queue
[2025-09-25T16:15:57.431+0000] {logging_mixin.py:154} INFO - [2025-09-25T16:15:57.431+0000] {dagbag.py:536} INFO - Filling up the DagBag from /home/airflow/.local/lib/python3.8/site-packages/airflow/example_dags/example_sla_dag.py
[2025-09-25T16:15:57.444+0000] {processor.py:839} INFO - DAG(s) dict_keys(['example_sla_dag']) retrieved from /home/airflow/.local/lib/python3.8/site-packages/airflow/example_dags/example_sla_dag.py
[2025-09-25T16:15:57.490+0000] {logging_mixin.py:154} INFO - [2025-09-25T16:15:57.490+0000] {dag.py:2941} INFO - Sync 1 DAGs
[2025-09-25T16:15:57.521+0000] {logging_mixin.py:154} INFO - [2025-09-25T16:15:57.520+0000] {dag.py:3722} INFO - Setting next_dagrun for example_sla_dag to 2025-09-25T16:12:00+00:00, run_after=2025-09-25T16:14:00+00:00
[2025-09-25T16:15:57.550+0000] {processor.py:179} INFO - Processing /home/airflow/.local/lib/python3.8/site-packages/airflow/example_dags/example_sla_dag.py took 0.128 seconds
[2025-09-25T16:16:27.619+0000] {processor.py:157} INFO - Started process (PID=702) to work on /home/airflow/.local/lib/python3.8/site-packages/airflow/example_dags/example_sla_dag.py
[2025-09-25T16:16:27.622+0000] {processor.py:829} INFO - Processing file /home/airflow/.local/lib/python3.8/site-packages/airflow/example_dags/example_sla_dag.py for tasks to queue
[2025-09-25T16:16:27.627+0000] {logging_mixin.py:154} INFO - [2025-09-25T16:16:27.626+0000] {dagbag.py:536} INFO - Filling up the DagBag from /home/airflow/.local/lib/python3.8/site-packages/airflow/example_dags/example_sla_dag.py
[2025-09-25T16:16:27.643+0000] {processor.py:839} INFO - DAG(s) dict_keys(['example_sla_dag']) retrieved from /home/airflow/.local/lib/python3.8/site-packages/airflow/example_dags/example_sla_dag.py
[2025-09-25T16:16:27.693+0000] {logging_mixin.py:154} INFO - [2025-09-25T16:16:27.692+0000] {dag.py:2941} INFO - Sync 1 DAGs
[2025-09-25T16:16:27.795+0000] {logging_mixin.py:154} INFO - [2025-09-25T16:16:27.795+0000] {dag.py:3722} INFO - Setting next_dagrun for example_sla_dag to 2025-09-25T16:14:00+00:00, run_after=2025-09-25T16:16:00+00:00
[2025-09-25T16:16:27.871+0000] {processor.py:179} INFO - Processing /home/airflow/.local/lib/python3.8/site-packages/airflow/example_dags/example_sla_dag.py took 0.258 seconds
[2025-09-25T16:16:57.960+0000] {processor.py:157} INFO - Started process (PID=756) to work on /home/airflow/.local/lib/python3.8/site-packages/airflow/example_dags/example_sla_dag.py
[2025-09-25T16:16:57.961+0000] {processor.py:829} INFO - Processing file /home/airflow/.local/lib/python3.8/site-packages/airflow/example_dags/example_sla_dag.py for tasks to queue
[2025-09-25T16:16:57.965+0000] {logging_mixin.py:154} INFO - [2025-09-25T16:16:57.965+0000] {dagbag.py:536} INFO - Filling up the DagBag from /home/airflow/.local/lib/python3.8/site-packages/airflow/example_dags/example_sla_dag.py
[2025-09-25T16:16:57.977+0000] {processor.py:839} INFO - DAG(s) dict_keys(['example_sla_dag']) retrieved from /home/airflow/.local/lib/python3.8/site-packages/airflow/example_dags/example_sla_dag.py
[2025-09-25T16:16:58.007+0000] {logging_mixin.py:154} INFO - [2025-09-25T16:16:58.007+0000] {dag.py:2941} INFO - Sync 1 DAGs
[2025-09-25T16:16:58.039+0000] {logging_mixin.py:154} INFO - [2025-09-25T16:16:58.039+0000] {dag.py:3722} INFO - Setting next_dagrun for example_sla_dag to 2025-09-25T16:14:00+00:00, run_after=2025-09-25T16:16:00+00:00
[2025-09-25T16:16:58.068+0000] {processor.py:179} INFO - Processing /home/airflow/.local/lib/python3.8/site-packages/airflow/example_dags/example_sla_dag.py took 0.114 seconds
[2025-09-25T16:17:29.052+0000] {processor.py:157} INFO - Started process (PID=810) to work on /home/airflow/.local/lib/python3.8/site-packages/airflow/example_dags/example_sla_dag.py
[2025-09-25T16:17:29.053+0000] {processor.py:829} INFO - Processing file /home/airflow/.local/lib/python3.8/site-packages/airflow/example_dags/example_sla_dag.py for tasks to queue
[2025-09-25T16:17:29.057+0000] {logging_mixin.py:154} INFO - [2025-09-25T16:17:29.057+0000] {dagbag.py:536} INFO - Filling up the DagBag from /home/airflow/.local/lib/python3.8/site-packages/airflow/example_dags/example_sla_dag.py
[2025-09-25T16:17:29.069+0000] {processor.py:839} INFO - DAG(s) dict_keys(['example_sla_dag']) retrieved from /home/airflow/.local/lib/python3.8/site-packages/airflow/example_dags/example_sla_dag.py
[2025-09-25T16:17:29.098+0000] {logging_mixin.py:154} INFO - [2025-09-25T16:17:29.098+0000] {dag.py:2941} INFO - Sync 1 DAGs
[2025-09-25T16:17:29.128+0000] {logging_mixin.py:154} INFO - [2025-09-25T16:17:29.128+0000] {dag.py:3722} INFO - Setting next_dagrun for example_sla_dag to 2025-09-25T16:14:00+00:00, run_after=2025-09-25T16:16:00+00:00
[2025-09-25T16:17:29.153+0000] {processor.py:179} INFO - Processing /home/airflow/.local/lib/python3.8/site-packages/airflow/example_dags/example_sla_dag.py took 0.105 seconds
[2025-09-25T16:17:59.737+0000] {processor.py:157} INFO - Started process (PID=864) to work on /home/airflow/.local/lib/python3.8/site-packages/airflow/example_dags/example_sla_dag.py
[2025-09-25T16:17:59.739+0000] {processor.py:829} INFO - Processing file /home/airflow/.local/lib/python3.8/site-packages/airflow/example_dags/example_sla_dag.py for tasks to queue
[2025-09-25T16:17:59.746+0000] {logging_mixin.py:154} INFO - [2025-09-25T16:17:59.745+0000] {dagbag.py:536} INFO - Filling up the DagBag from /home/airflow/.local/lib/python3.8/site-packages/airflow/example_dags/example_sla_dag.py
[2025-09-25T16:17:59.768+0000] {processor.py:839} INFO - DAG(s) dict_keys(['example_sla_dag']) retrieved from /home/airflow/.local/lib/python3.8/site-packages/airflow/example_dags/example_sla_dag.py
[2025-09-25T16:17:59.805+0000] {logging_mixin.py:154} INFO - [2025-09-25T16:17:59.805+0000] {dag.py:2941} INFO - Sync 1 DAGs
[2025-09-25T16:17:59.837+0000] {logging_mixin.py:154} INFO - [2025-09-25T16:17:59.837+0000] {dag.py:3722} INFO - Setting next_dagrun for example_sla_dag to 2025-09-25T16:14:00+00:00, run_after=2025-09-25T16:16:00+00:00
[2025-09-25T16:17:59.870+0000] {processor.py:179} INFO - Processing /home/airflow/.local/lib/python3.8/site-packages/airflow/example_dags/example_sla_dag.py took 0.142 seconds
