[2025-09-25T16:10:46.285+0000] {processor.py:157} INFO - Started process (PID=94) to work on /home/airflow/.local/lib/python3.8/site-packages/airflow/example_dags/example_complex.py
[2025-09-25T16:10:46.291+0000] {processor.py:829} INFO - Processing file /home/airflow/.local/lib/python3.8/site-packages/airflow/example_dags/example_complex.py for tasks to queue
[2025-09-25T16:10:46.309+0000] {logging_mixin.py:154} INFO - [2025-09-25T16:10:46.308+0000] {dagbag.py:536} INFO - Filling up the DagBag from /home/airflow/.local/lib/python3.8/site-packages/airflow/example_dags/example_complex.py
[2025-09-25T16:10:46.376+0000] {processor.py:839} INFO - DAG(s) dict_keys(['example_complex']) retrieved from /home/airflow/.local/lib/python3.8/site-packages/airflow/example_dags/example_complex.py
[2025-09-25T16:10:46.530+0000] {logging_mixin.py:154} INFO - [2025-09-25T16:10:46.529+0000] {dag.py:2941} INFO - Sync 1 DAGs
[2025-09-25T16:10:46.573+0000] {logging_mixin.py:154} INFO - [2025-09-25T16:10:46.573+0000] {dag.py:3722} INFO - Setting next_dagrun for example_complex to None, run_after=None
[2025-09-25T16:10:46.633+0000] {processor.py:179} INFO - Processing /home/airflow/.local/lib/python3.8/site-packages/airflow/example_dags/example_complex.py took 0.382 seconds
[2025-09-25T16:11:17.431+0000] {processor.py:157} INFO - Started process (PID=148) to work on /home/airflow/.local/lib/python3.8/site-packages/airflow/example_dags/example_complex.py
[2025-09-25T16:11:17.440+0000] {processor.py:829} INFO - Processing file /home/airflow/.local/lib/python3.8/site-packages/airflow/example_dags/example_complex.py for tasks to queue
[2025-09-25T16:11:17.444+0000] {logging_mixin.py:154} INFO - [2025-09-25T16:11:17.444+0000] {dagbag.py:536} INFO - Filling up the DagBag from /home/airflow/.local/lib/python3.8/site-packages/airflow/example_dags/example_complex.py
[2025-09-25T16:11:17.465+0000] {processor.py:839} INFO - DAG(s) dict_keys(['example_complex']) retrieved from /home/airflow/.local/lib/python3.8/site-packages/airflow/example_dags/example_complex.py
[2025-09-25T16:11:17.516+0000] {logging_mixin.py:154} INFO - [2025-09-25T16:11:17.516+0000] {dag.py:2941} INFO - Sync 1 DAGs
[2025-09-25T16:11:17.549+0000] {logging_mixin.py:154} INFO - [2025-09-25T16:11:17.548+0000] {dag.py:3722} INFO - Setting next_dagrun for example_complex to None, run_after=None
[2025-09-25T16:11:17.705+0000] {processor.py:179} INFO - Processing /home/airflow/.local/lib/python3.8/site-packages/airflow/example_dags/example_complex.py took 0.279 seconds
[2025-09-25T16:11:47.847+0000] {processor.py:157} INFO - Started process (PID=201) to work on /home/airflow/.local/lib/python3.8/site-packages/airflow/example_dags/example_complex.py
[2025-09-25T16:11:47.850+0000] {processor.py:829} INFO - Processing file /home/airflow/.local/lib/python3.8/site-packages/airflow/example_dags/example_complex.py for tasks to queue
[2025-09-25T16:11:47.854+0000] {logging_mixin.py:154} INFO - [2025-09-25T16:11:47.854+0000] {dagbag.py:536} INFO - Filling up the DagBag from /home/airflow/.local/lib/python3.8/site-packages/airflow/example_dags/example_complex.py
[2025-09-25T16:11:47.877+0000] {processor.py:839} INFO - DAG(s) dict_keys(['example_complex']) retrieved from /home/airflow/.local/lib/python3.8/site-packages/airflow/example_dags/example_complex.py
[2025-09-25T16:11:47.931+0000] {logging_mixin.py:154} INFO - [2025-09-25T16:11:47.931+0000] {dag.py:2941} INFO - Sync 1 DAGs
[2025-09-25T16:11:47.957+0000] {logging_mixin.py:154} INFO - [2025-09-25T16:11:47.957+0000] {dag.py:3722} INFO - Setting next_dagrun for example_complex to None, run_after=None
[2025-09-25T16:11:47.997+0000] {processor.py:179} INFO - Processing /home/airflow/.local/lib/python3.8/site-packages/airflow/example_dags/example_complex.py took 0.157 seconds
[2025-09-25T16:12:18.098+0000] {processor.py:157} INFO - Started process (PID=254) to work on /home/airflow/.local/lib/python3.8/site-packages/airflow/example_dags/example_complex.py
[2025-09-25T16:12:18.100+0000] {processor.py:829} INFO - Processing file /home/airflow/.local/lib/python3.8/site-packages/airflow/example_dags/example_complex.py for tasks to queue
[2025-09-25T16:12:18.103+0000] {logging_mixin.py:154} INFO - [2025-09-25T16:12:18.102+0000] {dagbag.py:536} INFO - Filling up the DagBag from /home/airflow/.local/lib/python3.8/site-packages/airflow/example_dags/example_complex.py
[2025-09-25T16:12:18.116+0000] {processor.py:839} INFO - DAG(s) dict_keys(['example_complex']) retrieved from /home/airflow/.local/lib/python3.8/site-packages/airflow/example_dags/example_complex.py
[2025-09-25T16:12:18.154+0000] {logging_mixin.py:154} INFO - [2025-09-25T16:12:18.154+0000] {dag.py:2941} INFO - Sync 1 DAGs
[2025-09-25T16:12:18.169+0000] {logging_mixin.py:154} INFO - [2025-09-25T16:12:18.169+0000] {dag.py:3722} INFO - Setting next_dagrun for example_complex to None, run_after=None
[2025-09-25T16:12:18.194+0000] {processor.py:179} INFO - Processing /home/airflow/.local/lib/python3.8/site-packages/airflow/example_dags/example_complex.py took 0.100 seconds
[2025-09-25T16:12:48.488+0000] {processor.py:157} INFO - Started process (PID=309) to work on /home/airflow/.local/lib/python3.8/site-packages/airflow/example_dags/example_complex.py
[2025-09-25T16:12:48.490+0000] {processor.py:829} INFO - Processing file /home/airflow/.local/lib/python3.8/site-packages/airflow/example_dags/example_complex.py for tasks to queue
[2025-09-25T16:12:48.493+0000] {logging_mixin.py:154} INFO - [2025-09-25T16:12:48.493+0000] {dagbag.py:536} INFO - Filling up the DagBag from /home/airflow/.local/lib/python3.8/site-packages/airflow/example_dags/example_complex.py
[2025-09-25T16:12:48.505+0000] {processor.py:839} INFO - DAG(s) dict_keys(['example_complex']) retrieved from /home/airflow/.local/lib/python3.8/site-packages/airflow/example_dags/example_complex.py
[2025-09-25T16:12:48.541+0000] {logging_mixin.py:154} INFO - [2025-09-25T16:12:48.541+0000] {dag.py:2941} INFO - Sync 1 DAGs
[2025-09-25T16:12:48.557+0000] {logging_mixin.py:154} INFO - [2025-09-25T16:12:48.557+0000] {dag.py:3722} INFO - Setting next_dagrun for example_complex to None, run_after=None
[2025-09-25T16:12:48.585+0000] {processor.py:179} INFO - Processing /home/airflow/.local/lib/python3.8/site-packages/airflow/example_dags/example_complex.py took 0.101 seconds
[2025-09-25T16:13:18.658+0000] {processor.py:157} INFO - Started process (PID=362) to work on /home/airflow/.local/lib/python3.8/site-packages/airflow/example_dags/example_complex.py
[2025-09-25T16:13:18.660+0000] {processor.py:829} INFO - Processing file /home/airflow/.local/lib/python3.8/site-packages/airflow/example_dags/example_complex.py for tasks to queue
[2025-09-25T16:13:18.664+0000] {logging_mixin.py:154} INFO - [2025-09-25T16:13:18.663+0000] {dagbag.py:536} INFO - Filling up the DagBag from /home/airflow/.local/lib/python3.8/site-packages/airflow/example_dags/example_complex.py
[2025-09-25T16:13:18.677+0000] {processor.py:839} INFO - DAG(s) dict_keys(['example_complex']) retrieved from /home/airflow/.local/lib/python3.8/site-packages/airflow/example_dags/example_complex.py
[2025-09-25T16:13:18.715+0000] {logging_mixin.py:154} INFO - [2025-09-25T16:13:18.714+0000] {dag.py:2941} INFO - Sync 1 DAGs
[2025-09-25T16:13:18.733+0000] {logging_mixin.py:154} INFO - [2025-09-25T16:13:18.733+0000] {dag.py:3722} INFO - Setting next_dagrun for example_complex to None, run_after=None
[2025-09-25T16:13:18.765+0000] {processor.py:179} INFO - Processing /home/airflow/.local/lib/python3.8/site-packages/airflow/example_dags/example_complex.py took 0.111 seconds
[2025-09-25T16:13:49.929+0000] {processor.py:157} INFO - Started process (PID=417) to work on /home/airflow/.local/lib/python3.8/site-packages/airflow/example_dags/example_complex.py
[2025-09-25T16:13:49.931+0000] {processor.py:829} INFO - Processing file /home/airflow/.local/lib/python3.8/site-packages/airflow/example_dags/example_complex.py for tasks to queue
[2025-09-25T16:13:49.938+0000] {logging_mixin.py:154} INFO - [2025-09-25T16:13:49.937+0000] {dagbag.py:536} INFO - Filling up the DagBag from /home/airflow/.local/lib/python3.8/site-packages/airflow/example_dags/example_complex.py
[2025-09-25T16:13:49.955+0000] {processor.py:839} INFO - DAG(s) dict_keys(['example_complex']) retrieved from /home/airflow/.local/lib/python3.8/site-packages/airflow/example_dags/example_complex.py
[2025-09-25T16:13:50.017+0000] {logging_mixin.py:154} INFO - [2025-09-25T16:13:50.017+0000] {dag.py:2941} INFO - Sync 1 DAGs
[2025-09-25T16:13:50.035+0000] {logging_mixin.py:154} INFO - [2025-09-25T16:13:50.035+0000] {dag.py:3722} INFO - Setting next_dagrun for example_complex to None, run_after=None
[2025-09-25T16:13:50.062+0000] {processor.py:179} INFO - Processing /home/airflow/.local/lib/python3.8/site-packages/airflow/example_dags/example_complex.py took 0.140 seconds
[2025-09-25T16:14:20.309+0000] {processor.py:157} INFO - Started process (PID=471) to work on /home/airflow/.local/lib/python3.8/site-packages/airflow/example_dags/example_complex.py
[2025-09-25T16:14:20.310+0000] {processor.py:829} INFO - Processing file /home/airflow/.local/lib/python3.8/site-packages/airflow/example_dags/example_complex.py for tasks to queue
[2025-09-25T16:14:20.314+0000] {logging_mixin.py:154} INFO - [2025-09-25T16:14:20.313+0000] {dagbag.py:536} INFO - Filling up the DagBag from /home/airflow/.local/lib/python3.8/site-packages/airflow/example_dags/example_complex.py
[2025-09-25T16:14:20.325+0000] {processor.py:839} INFO - DAG(s) dict_keys(['example_complex']) retrieved from /home/airflow/.local/lib/python3.8/site-packages/airflow/example_dags/example_complex.py
[2025-09-25T16:14:20.361+0000] {logging_mixin.py:154} INFO - [2025-09-25T16:14:20.361+0000] {dag.py:2941} INFO - Sync 1 DAGs
[2025-09-25T16:14:20.378+0000] {logging_mixin.py:154} INFO - [2025-09-25T16:14:20.377+0000] {dag.py:3722} INFO - Setting next_dagrun for example_complex to None, run_after=None
[2025-09-25T16:14:20.406+0000] {processor.py:179} INFO - Processing /home/airflow/.local/lib/python3.8/site-packages/airflow/example_dags/example_complex.py took 0.102 seconds
[2025-09-25T16:14:51.171+0000] {processor.py:157} INFO - Started process (PID=525) to work on /home/airflow/.local/lib/python3.8/site-packages/airflow/example_dags/example_complex.py
[2025-09-25T16:14:51.173+0000] {processor.py:829} INFO - Processing file /home/airflow/.local/lib/python3.8/site-packages/airflow/example_dags/example_complex.py for tasks to queue
[2025-09-25T16:14:51.177+0000] {logging_mixin.py:154} INFO - [2025-09-25T16:14:51.176+0000] {dagbag.py:536} INFO - Filling up the DagBag from /home/airflow/.local/lib/python3.8/site-packages/airflow/example_dags/example_complex.py
[2025-09-25T16:14:51.189+0000] {processor.py:839} INFO - DAG(s) dict_keys(['example_complex']) retrieved from /home/airflow/.local/lib/python3.8/site-packages/airflow/example_dags/example_complex.py
[2025-09-25T16:14:51.225+0000] {logging_mixin.py:154} INFO - [2025-09-25T16:14:51.225+0000] {dag.py:2941} INFO - Sync 1 DAGs
[2025-09-25T16:14:51.241+0000] {logging_mixin.py:154} INFO - [2025-09-25T16:14:51.241+0000] {dag.py:3722} INFO - Setting next_dagrun for example_complex to None, run_after=None
[2025-09-25T16:14:51.277+0000] {processor.py:179} INFO - Processing /home/airflow/.local/lib/python3.8/site-packages/airflow/example_dags/example_complex.py took 0.111 seconds
[2025-09-25T16:15:21.701+0000] {processor.py:157} INFO - Started process (PID=579) to work on /home/airflow/.local/lib/python3.8/site-packages/airflow/example_dags/example_complex.py
[2025-09-25T16:15:21.703+0000] {processor.py:829} INFO - Processing file /home/airflow/.local/lib/python3.8/site-packages/airflow/example_dags/example_complex.py for tasks to queue
[2025-09-25T16:15:21.706+0000] {logging_mixin.py:154} INFO - [2025-09-25T16:15:21.706+0000] {dagbag.py:536} INFO - Filling up the DagBag from /home/airflow/.local/lib/python3.8/site-packages/airflow/example_dags/example_complex.py
[2025-09-25T16:15:21.721+0000] {processor.py:839} INFO - DAG(s) dict_keys(['example_complex']) retrieved from /home/airflow/.local/lib/python3.8/site-packages/airflow/example_dags/example_complex.py
[2025-09-25T16:15:21.764+0000] {logging_mixin.py:154} INFO - [2025-09-25T16:15:21.764+0000] {dag.py:2941} INFO - Sync 1 DAGs
[2025-09-25T16:15:21.783+0000] {logging_mixin.py:154} INFO - [2025-09-25T16:15:21.782+0000] {dag.py:3722} INFO - Setting next_dagrun for example_complex to None, run_after=None
[2025-09-25T16:15:21.812+0000] {processor.py:179} INFO - Processing /home/airflow/.local/lib/python3.8/site-packages/airflow/example_dags/example_complex.py took 0.115 seconds
[2025-09-25T16:15:52.038+0000] {processor.py:157} INFO - Started process (PID=633) to work on /home/airflow/.local/lib/python3.8/site-packages/airflow/example_dags/example_complex.py
[2025-09-25T16:15:52.041+0000] {processor.py:829} INFO - Processing file /home/airflow/.local/lib/python3.8/site-packages/airflow/example_dags/example_complex.py for tasks to queue
[2025-09-25T16:15:52.044+0000] {logging_mixin.py:154} INFO - [2025-09-25T16:15:52.044+0000] {dagbag.py:536} INFO - Filling up the DagBag from /home/airflow/.local/lib/python3.8/site-packages/airflow/example_dags/example_complex.py
[2025-09-25T16:15:52.058+0000] {processor.py:839} INFO - DAG(s) dict_keys(['example_complex']) retrieved from /home/airflow/.local/lib/python3.8/site-packages/airflow/example_dags/example_complex.py
[2025-09-25T16:15:52.103+0000] {logging_mixin.py:154} INFO - [2025-09-25T16:15:52.103+0000] {dag.py:2941} INFO - Sync 1 DAGs
[2025-09-25T16:15:52.130+0000] {logging_mixin.py:154} INFO - [2025-09-25T16:15:52.129+0000] {dag.py:3722} INFO - Setting next_dagrun for example_complex to None, run_after=None
[2025-09-25T16:15:52.166+0000] {processor.py:179} INFO - Processing /home/airflow/.local/lib/python3.8/site-packages/airflow/example_dags/example_complex.py took 0.133 seconds
[2025-09-25T16:16:22.332+0000] {processor.py:157} INFO - Started process (PID=687) to work on /home/airflow/.local/lib/python3.8/site-packages/airflow/example_dags/example_complex.py
[2025-09-25T16:16:22.334+0000] {processor.py:829} INFO - Processing file /home/airflow/.local/lib/python3.8/site-packages/airflow/example_dags/example_complex.py for tasks to queue
[2025-09-25T16:16:22.337+0000] {logging_mixin.py:154} INFO - [2025-09-25T16:16:22.337+0000] {dagbag.py:536} INFO - Filling up the DagBag from /home/airflow/.local/lib/python3.8/site-packages/airflow/example_dags/example_complex.py
[2025-09-25T16:16:22.350+0000] {processor.py:839} INFO - DAG(s) dict_keys(['example_complex']) retrieved from /home/airflow/.local/lib/python3.8/site-packages/airflow/example_dags/example_complex.py
[2025-09-25T16:16:22.391+0000] {logging_mixin.py:154} INFO - [2025-09-25T16:16:22.391+0000] {dag.py:2941} INFO - Sync 1 DAGs
[2025-09-25T16:16:22.413+0000] {logging_mixin.py:154} INFO - [2025-09-25T16:16:22.413+0000] {dag.py:3722} INFO - Setting next_dagrun for example_complex to None, run_after=None
[2025-09-25T16:16:22.446+0000] {processor.py:179} INFO - Processing /home/airflow/.local/lib/python3.8/site-packages/airflow/example_dags/example_complex.py took 0.118 seconds
[2025-09-25T16:16:52.673+0000] {processor.py:157} INFO - Started process (PID=741) to work on /home/airflow/.local/lib/python3.8/site-packages/airflow/example_dags/example_complex.py
[2025-09-25T16:16:52.675+0000] {processor.py:829} INFO - Processing file /home/airflow/.local/lib/python3.8/site-packages/airflow/example_dags/example_complex.py for tasks to queue
[2025-09-25T16:16:52.678+0000] {logging_mixin.py:154} INFO - [2025-09-25T16:16:52.678+0000] {dagbag.py:536} INFO - Filling up the DagBag from /home/airflow/.local/lib/python3.8/site-packages/airflow/example_dags/example_complex.py
[2025-09-25T16:16:52.690+0000] {processor.py:839} INFO - DAG(s) dict_keys(['example_complex']) retrieved from /home/airflow/.local/lib/python3.8/site-packages/airflow/example_dags/example_complex.py
[2025-09-25T16:16:52.727+0000] {logging_mixin.py:154} INFO - [2025-09-25T16:16:52.727+0000] {dag.py:2941} INFO - Sync 1 DAGs
[2025-09-25T16:16:52.743+0000] {logging_mixin.py:154} INFO - [2025-09-25T16:16:52.743+0000] {dag.py:3722} INFO - Setting next_dagrun for example_complex to None, run_after=None
[2025-09-25T16:16:52.770+0000] {processor.py:179} INFO - Processing /home/airflow/.local/lib/python3.8/site-packages/airflow/example_dags/example_complex.py took 0.102 seconds
[2025-09-25T16:17:23.406+0000] {processor.py:157} INFO - Started process (PID=795) to work on /home/airflow/.local/lib/python3.8/site-packages/airflow/example_dags/example_complex.py
[2025-09-25T16:17:23.408+0000] {processor.py:829} INFO - Processing file /home/airflow/.local/lib/python3.8/site-packages/airflow/example_dags/example_complex.py for tasks to queue
[2025-09-25T16:17:23.411+0000] {logging_mixin.py:154} INFO - [2025-09-25T16:17:23.411+0000] {dagbag.py:536} INFO - Filling up the DagBag from /home/airflow/.local/lib/python3.8/site-packages/airflow/example_dags/example_complex.py
[2025-09-25T16:17:23.425+0000] {processor.py:839} INFO - DAG(s) dict_keys(['example_complex']) retrieved from /home/airflow/.local/lib/python3.8/site-packages/airflow/example_dags/example_complex.py
[2025-09-25T16:17:23.517+0000] {logging_mixin.py:154} INFO - [2025-09-25T16:17:23.517+0000] {dag.py:2941} INFO - Sync 1 DAGs
[2025-09-25T16:17:23.562+0000] {logging_mixin.py:154} INFO - [2025-09-25T16:17:23.561+0000] {dag.py:3722} INFO - Setting next_dagrun for example_complex to None, run_after=None
[2025-09-25T16:17:23.607+0000] {processor.py:179} INFO - Processing /home/airflow/.local/lib/python3.8/site-packages/airflow/example_dags/example_complex.py took 0.207 seconds
[2025-09-25T16:17:54.378+0000] {processor.py:157} INFO - Started process (PID=849) to work on /home/airflow/.local/lib/python3.8/site-packages/airflow/example_dags/example_complex.py
[2025-09-25T16:17:54.381+0000] {processor.py:829} INFO - Processing file /home/airflow/.local/lib/python3.8/site-packages/airflow/example_dags/example_complex.py for tasks to queue
[2025-09-25T16:17:54.385+0000] {logging_mixin.py:154} INFO - [2025-09-25T16:17:54.384+0000] {dagbag.py:536} INFO - Filling up the DagBag from /home/airflow/.local/lib/python3.8/site-packages/airflow/example_dags/example_complex.py
[2025-09-25T16:17:54.405+0000] {processor.py:839} INFO - DAG(s) dict_keys(['example_complex']) retrieved from /home/airflow/.local/lib/python3.8/site-packages/airflow/example_dags/example_complex.py
[2025-09-25T16:17:54.449+0000] {logging_mixin.py:154} INFO - [2025-09-25T16:17:54.449+0000] {dag.py:2941} INFO - Sync 1 DAGs
[2025-09-25T16:17:54.466+0000] {logging_mixin.py:154} INFO - [2025-09-25T16:17:54.466+0000] {dag.py:3722} INFO - Setting next_dagrun for example_complex to None, run_after=None
[2025-09-25T16:17:54.492+0000] {processor.py:179} INFO - Processing /home/airflow/.local/lib/python3.8/site-packages/airflow/example_dags/example_complex.py took 0.120 seconds
