[2025-09-25T16:10:44.854+0000] {processor.py:157} INFO - Started process (PID=88) to work on /home/airflow/.local/lib/python3.8/site-packages/airflow/example_dags/example_branch_labels.py
[2025-09-25T16:10:44.856+0000] {processor.py:829} INFO - Processing file /home/airflow/.local/lib/python3.8/site-packages/airflow/example_dags/example_branch_labels.py for tasks to queue
[2025-09-25T16:10:44.860+0000] {logging_mixin.py:154} INFO - [2025-09-25T16:10:44.860+0000] {dagbag.py:536} INFO - Filling up the DagBag from /home/airflow/.local/lib/python3.8/site-packages/airflow/example_dags/example_branch_labels.py
[2025-09-25T16:10:44.881+0000] {processor.py:839} INFO - DAG(s) dict_keys(['example_branch_labels']) retrieved from /home/airflow/.local/lib/python3.8/site-packages/airflow/example_dags/example_branch_labels.py
[2025-09-25T16:10:44.938+0000] {logging_mixin.py:154} INFO - [2025-09-25T16:10:44.937+0000] {dag.py:2941} INFO - Sync 1 DAGs
[2025-09-25T16:10:44.987+0000] {logging_mixin.py:154} INFO - [2025-09-25T16:10:44.987+0000] {dag.py:3722} INFO - Setting next_dagrun for example_branch_labels to 2025-09-24T00:00:00+00:00, run_after=2025-09-25T00:00:00+00:00
[2025-09-25T16:10:45.025+0000] {processor.py:179} INFO - Processing /home/airflow/.local/lib/python3.8/site-packages/airflow/example_dags/example_branch_labels.py took 0.176 seconds
[2025-09-25T16:11:15.786+0000] {processor.py:157} INFO - Started process (PID=142) to work on /home/airflow/.local/lib/python3.8/site-packages/airflow/example_dags/example_branch_labels.py
[2025-09-25T16:11:15.789+0000] {processor.py:829} INFO - Processing file /home/airflow/.local/lib/python3.8/site-packages/airflow/example_dags/example_branch_labels.py for tasks to queue
[2025-09-25T16:11:15.794+0000] {logging_mixin.py:154} INFO - [2025-09-25T16:11:15.793+0000] {dagbag.py:536} INFO - Filling up the DagBag from /home/airflow/.local/lib/python3.8/site-packages/airflow/example_dags/example_branch_labels.py
[2025-09-25T16:11:15.807+0000] {processor.py:839} INFO - DAG(s) dict_keys(['example_branch_labels']) retrieved from /home/airflow/.local/lib/python3.8/site-packages/airflow/example_dags/example_branch_labels.py
[2025-09-25T16:11:15.850+0000] {logging_mixin.py:154} INFO - [2025-09-25T16:11:15.850+0000] {dag.py:2941} INFO - Sync 1 DAGs
[2025-09-25T16:11:15.880+0000] {logging_mixin.py:154} INFO - [2025-09-25T16:11:15.879+0000] {dag.py:3722} INFO - Setting next_dagrun for example_branch_labels to 2025-09-24T00:00:00+00:00, run_after=2025-09-25T00:00:00+00:00
[2025-09-25T16:11:15.911+0000] {processor.py:179} INFO - Processing /home/airflow/.local/lib/python3.8/site-packages/airflow/example_dags/example_branch_labels.py took 0.130 seconds
[2025-09-25T16:11:46.458+0000] {processor.py:157} INFO - Started process (PID=196) to work on /home/airflow/.local/lib/python3.8/site-packages/airflow/example_dags/example_branch_labels.py
[2025-09-25T16:11:46.460+0000] {processor.py:829} INFO - Processing file /home/airflow/.local/lib/python3.8/site-packages/airflow/example_dags/example_branch_labels.py for tasks to queue
[2025-09-25T16:11:46.464+0000] {logging_mixin.py:154} INFO - [2025-09-25T16:11:46.463+0000] {dagbag.py:536} INFO - Filling up the DagBag from /home/airflow/.local/lib/python3.8/site-packages/airflow/example_dags/example_branch_labels.py
[2025-09-25T16:11:46.478+0000] {processor.py:839} INFO - DAG(s) dict_keys(['example_branch_labels']) retrieved from /home/airflow/.local/lib/python3.8/site-packages/airflow/example_dags/example_branch_labels.py
[2025-09-25T16:11:46.521+0000] {logging_mixin.py:154} INFO - [2025-09-25T16:11:46.520+0000] {dag.py:2941} INFO - Sync 1 DAGs
[2025-09-25T16:11:46.553+0000] {logging_mixin.py:154} INFO - [2025-09-25T16:11:46.552+0000] {dag.py:3722} INFO - Setting next_dagrun for example_branch_labels to 2025-09-24T00:00:00+00:00, run_after=2025-09-25T00:00:00+00:00
[2025-09-25T16:11:46.588+0000] {processor.py:179} INFO - Processing /home/airflow/.local/lib/python3.8/site-packages/airflow/example_dags/example_branch_labels.py took 0.136 seconds
[2025-09-25T16:12:17.684+0000] {processor.py:157} INFO - Started process (PID=250) to work on /home/airflow/.local/lib/python3.8/site-packages/airflow/example_dags/example_branch_labels.py
[2025-09-25T16:12:17.687+0000] {processor.py:829} INFO - Processing file /home/airflow/.local/lib/python3.8/site-packages/airflow/example_dags/example_branch_labels.py for tasks to queue
[2025-09-25T16:12:17.693+0000] {logging_mixin.py:154} INFO - [2025-09-25T16:12:17.692+0000] {dagbag.py:536} INFO - Filling up the DagBag from /home/airflow/.local/lib/python3.8/site-packages/airflow/example_dags/example_branch_labels.py
[2025-09-25T16:12:17.722+0000] {processor.py:839} INFO - DAG(s) dict_keys(['example_branch_labels']) retrieved from /home/airflow/.local/lib/python3.8/site-packages/airflow/example_dags/example_branch_labels.py
[2025-09-25T16:12:17.776+0000] {logging_mixin.py:154} INFO - [2025-09-25T16:12:17.776+0000] {dag.py:2941} INFO - Sync 1 DAGs
[2025-09-25T16:12:17.817+0000] {logging_mixin.py:154} INFO - [2025-09-25T16:12:17.817+0000] {dag.py:3722} INFO - Setting next_dagrun for example_branch_labels to 2025-09-24T00:00:00+00:00, run_after=2025-09-25T00:00:00+00:00
[2025-09-25T16:12:17.851+0000] {processor.py:179} INFO - Processing /home/airflow/.local/lib/python3.8/site-packages/airflow/example_dags/example_branch_labels.py took 0.175 seconds
[2025-09-25T16:12:48.041+0000] {processor.py:157} INFO - Started process (PID=304) to work on /home/airflow/.local/lib/python3.8/site-packages/airflow/example_dags/example_branch_labels.py
[2025-09-25T16:12:48.044+0000] {processor.py:829} INFO - Processing file /home/airflow/.local/lib/python3.8/site-packages/airflow/example_dags/example_branch_labels.py for tasks to queue
[2025-09-25T16:12:48.048+0000] {logging_mixin.py:154} INFO - [2025-09-25T16:12:48.047+0000] {dagbag.py:536} INFO - Filling up the DagBag from /home/airflow/.local/lib/python3.8/site-packages/airflow/example_dags/example_branch_labels.py
[2025-09-25T16:12:48.060+0000] {processor.py:839} INFO - DAG(s) dict_keys(['example_branch_labels']) retrieved from /home/airflow/.local/lib/python3.8/site-packages/airflow/example_dags/example_branch_labels.py
[2025-09-25T16:12:48.089+0000] {logging_mixin.py:154} INFO - [2025-09-25T16:12:48.089+0000] {dag.py:2941} INFO - Sync 1 DAGs
[2025-09-25T16:12:48.119+0000] {logging_mixin.py:154} INFO - [2025-09-25T16:12:48.118+0000] {dag.py:3722} INFO - Setting next_dagrun for example_branch_labels to 2025-09-24T00:00:00+00:00, run_after=2025-09-25T00:00:00+00:00
[2025-09-25T16:12:48.142+0000] {processor.py:179} INFO - Processing /home/airflow/.local/lib/python3.8/site-packages/airflow/example_dags/example_branch_labels.py took 0.107 seconds
[2025-09-25T16:13:18.358+0000] {processor.py:157} INFO - Started process (PID=358) to work on /home/airflow/.local/lib/python3.8/site-packages/airflow/example_dags/example_branch_labels.py
[2025-09-25T16:13:18.360+0000] {processor.py:829} INFO - Processing file /home/airflow/.local/lib/python3.8/site-packages/airflow/example_dags/example_branch_labels.py for tasks to queue
[2025-09-25T16:13:18.363+0000] {logging_mixin.py:154} INFO - [2025-09-25T16:13:18.362+0000] {dagbag.py:536} INFO - Filling up the DagBag from /home/airflow/.local/lib/python3.8/site-packages/airflow/example_dags/example_branch_labels.py
[2025-09-25T16:13:18.372+0000] {processor.py:839} INFO - DAG(s) dict_keys(['example_branch_labels']) retrieved from /home/airflow/.local/lib/python3.8/site-packages/airflow/example_dags/example_branch_labels.py
[2025-09-25T16:13:18.406+0000] {logging_mixin.py:154} INFO - [2025-09-25T16:13:18.406+0000] {dag.py:2941} INFO - Sync 1 DAGs
[2025-09-25T16:13:18.441+0000] {logging_mixin.py:154} INFO - [2025-09-25T16:13:18.440+0000] {dag.py:3722} INFO - Setting next_dagrun for example_branch_labels to 2025-09-24T00:00:00+00:00, run_after=2025-09-25T00:00:00+00:00
[2025-09-25T16:13:18.468+0000] {processor.py:179} INFO - Processing /home/airflow/.local/lib/python3.8/site-packages/airflow/example_dags/example_branch_labels.py took 0.115 seconds
[2025-09-25T16:13:49.340+0000] {processor.py:157} INFO - Started process (PID=412) to work on /home/airflow/.local/lib/python3.8/site-packages/airflow/example_dags/example_branch_labels.py
[2025-09-25T16:13:49.342+0000] {processor.py:829} INFO - Processing file /home/airflow/.local/lib/python3.8/site-packages/airflow/example_dags/example_branch_labels.py for tasks to queue
[2025-09-25T16:13:49.345+0000] {logging_mixin.py:154} INFO - [2025-09-25T16:13:49.345+0000] {dagbag.py:536} INFO - Filling up the DagBag from /home/airflow/.local/lib/python3.8/site-packages/airflow/example_dags/example_branch_labels.py
[2025-09-25T16:13:49.355+0000] {processor.py:839} INFO - DAG(s) dict_keys(['example_branch_labels']) retrieved from /home/airflow/.local/lib/python3.8/site-packages/airflow/example_dags/example_branch_labels.py
[2025-09-25T16:13:49.390+0000] {logging_mixin.py:154} INFO - [2025-09-25T16:13:49.390+0000] {dag.py:2941} INFO - Sync 1 DAGs
[2025-09-25T16:13:49.421+0000] {logging_mixin.py:154} INFO - [2025-09-25T16:13:49.420+0000] {dag.py:3722} INFO - Setting next_dagrun for example_branch_labels to 2025-09-24T00:00:00+00:00, run_after=2025-09-25T00:00:00+00:00
[2025-09-25T16:13:49.451+0000] {processor.py:179} INFO - Processing /home/airflow/.local/lib/python3.8/site-packages/airflow/example_dags/example_branch_labels.py took 0.115 seconds
[2025-09-25T16:14:19.652+0000] {processor.py:157} INFO - Started process (PID=466) to work on /home/airflow/.local/lib/python3.8/site-packages/airflow/example_dags/example_branch_labels.py
[2025-09-25T16:14:19.653+0000] {processor.py:829} INFO - Processing file /home/airflow/.local/lib/python3.8/site-packages/airflow/example_dags/example_branch_labels.py for tasks to queue
[2025-09-25T16:14:19.657+0000] {logging_mixin.py:154} INFO - [2025-09-25T16:14:19.656+0000] {dagbag.py:536} INFO - Filling up the DagBag from /home/airflow/.local/lib/python3.8/site-packages/airflow/example_dags/example_branch_labels.py
[2025-09-25T16:14:19.667+0000] {processor.py:839} INFO - DAG(s) dict_keys(['example_branch_labels']) retrieved from /home/airflow/.local/lib/python3.8/site-packages/airflow/example_dags/example_branch_labels.py
[2025-09-25T16:14:19.701+0000] {logging_mixin.py:154} INFO - [2025-09-25T16:14:19.701+0000] {dag.py:2941} INFO - Sync 1 DAGs
[2025-09-25T16:14:19.729+0000] {logging_mixin.py:154} INFO - [2025-09-25T16:14:19.729+0000] {dag.py:3722} INFO - Setting next_dagrun for example_branch_labels to 2025-09-24T00:00:00+00:00, run_after=2025-09-25T00:00:00+00:00
[2025-09-25T16:14:19.754+0000] {processor.py:179} INFO - Processing /home/airflow/.local/lib/python3.8/site-packages/airflow/example_dags/example_branch_labels.py took 0.107 seconds
[2025-09-25T16:14:49.858+0000] {processor.py:157} INFO - Started process (PID=520) to work on /home/airflow/.local/lib/python3.8/site-packages/airflow/example_dags/example_branch_labels.py
[2025-09-25T16:14:49.859+0000] {processor.py:829} INFO - Processing file /home/airflow/.local/lib/python3.8/site-packages/airflow/example_dags/example_branch_labels.py for tasks to queue
[2025-09-25T16:14:49.862+0000] {logging_mixin.py:154} INFO - [2025-09-25T16:14:49.862+0000] {dagbag.py:536} INFO - Filling up the DagBag from /home/airflow/.local/lib/python3.8/site-packages/airflow/example_dags/example_branch_labels.py
[2025-09-25T16:14:49.872+0000] {processor.py:839} INFO - DAG(s) dict_keys(['example_branch_labels']) retrieved from /home/airflow/.local/lib/python3.8/site-packages/airflow/example_dags/example_branch_labels.py
[2025-09-25T16:14:49.900+0000] {logging_mixin.py:154} INFO - [2025-09-25T16:14:49.900+0000] {dag.py:2941} INFO - Sync 1 DAGs
[2025-09-25T16:14:49.926+0000] {logging_mixin.py:154} INFO - [2025-09-25T16:14:49.926+0000] {dag.py:3722} INFO - Setting next_dagrun for example_branch_labels to 2025-09-24T00:00:00+00:00, run_after=2025-09-25T00:00:00+00:00
[2025-09-25T16:14:49.959+0000] {processor.py:179} INFO - Processing /home/airflow/.local/lib/python3.8/site-packages/airflow/example_dags/example_branch_labels.py took 0.106 seconds
[2025-09-25T16:15:20.382+0000] {processor.py:157} INFO - Started process (PID=574) to work on /home/airflow/.local/lib/python3.8/site-packages/airflow/example_dags/example_branch_labels.py
[2025-09-25T16:15:20.385+0000] {processor.py:829} INFO - Processing file /home/airflow/.local/lib/python3.8/site-packages/airflow/example_dags/example_branch_labels.py for tasks to queue
[2025-09-25T16:15:20.390+0000] {logging_mixin.py:154} INFO - [2025-09-25T16:15:20.389+0000] {dagbag.py:536} INFO - Filling up the DagBag from /home/airflow/.local/lib/python3.8/site-packages/airflow/example_dags/example_branch_labels.py
[2025-09-25T16:15:20.403+0000] {processor.py:839} INFO - DAG(s) dict_keys(['example_branch_labels']) retrieved from /home/airflow/.local/lib/python3.8/site-packages/airflow/example_dags/example_branch_labels.py
[2025-09-25T16:15:20.436+0000] {logging_mixin.py:154} INFO - [2025-09-25T16:15:20.436+0000] {dag.py:2941} INFO - Sync 1 DAGs
[2025-09-25T16:15:20.465+0000] {logging_mixin.py:154} INFO - [2025-09-25T16:15:20.464+0000] {dag.py:3722} INFO - Setting next_dagrun for example_branch_labels to 2025-09-24T00:00:00+00:00, run_after=2025-09-25T00:00:00+00:00
[2025-09-25T16:15:20.490+0000] {processor.py:179} INFO - Processing /home/airflow/.local/lib/python3.8/site-packages/airflow/example_dags/example_branch_labels.py took 0.112 seconds
[2025-09-25T16:15:50.726+0000] {processor.py:157} INFO - Started process (PID=628) to work on /home/airflow/.local/lib/python3.8/site-packages/airflow/example_dags/example_branch_labels.py
[2025-09-25T16:15:50.728+0000] {processor.py:829} INFO - Processing file /home/airflow/.local/lib/python3.8/site-packages/airflow/example_dags/example_branch_labels.py for tasks to queue
[2025-09-25T16:15:50.731+0000] {logging_mixin.py:154} INFO - [2025-09-25T16:15:50.730+0000] {dagbag.py:536} INFO - Filling up the DagBag from /home/airflow/.local/lib/python3.8/site-packages/airflow/example_dags/example_branch_labels.py
[2025-09-25T16:15:50.741+0000] {processor.py:839} INFO - DAG(s) dict_keys(['example_branch_labels']) retrieved from /home/airflow/.local/lib/python3.8/site-packages/airflow/example_dags/example_branch_labels.py
[2025-09-25T16:15:50.770+0000] {logging_mixin.py:154} INFO - [2025-09-25T16:15:50.770+0000] {dag.py:2941} INFO - Sync 1 DAGs
[2025-09-25T16:15:50.800+0000] {logging_mixin.py:154} INFO - [2025-09-25T16:15:50.799+0000] {dag.py:3722} INFO - Setting next_dagrun for example_branch_labels to 2025-09-24T00:00:00+00:00, run_after=2025-09-25T00:00:00+00:00
[2025-09-25T16:15:50.828+0000] {processor.py:179} INFO - Processing /home/airflow/.local/lib/python3.8/site-packages/airflow/example_dags/example_branch_labels.py took 0.107 seconds
[2025-09-25T16:16:20.973+0000] {processor.py:157} INFO - Started process (PID=682) to work on /home/airflow/.local/lib/python3.8/site-packages/airflow/example_dags/example_branch_labels.py
[2025-09-25T16:16:20.974+0000] {processor.py:829} INFO - Processing file /home/airflow/.local/lib/python3.8/site-packages/airflow/example_dags/example_branch_labels.py for tasks to queue
[2025-09-25T16:16:20.978+0000] {logging_mixin.py:154} INFO - [2025-09-25T16:16:20.978+0000] {dagbag.py:536} INFO - Filling up the DagBag from /home/airflow/.local/lib/python3.8/site-packages/airflow/example_dags/example_branch_labels.py
[2025-09-25T16:16:20.989+0000] {processor.py:839} INFO - DAG(s) dict_keys(['example_branch_labels']) retrieved from /home/airflow/.local/lib/python3.8/site-packages/airflow/example_dags/example_branch_labels.py
[2025-09-25T16:16:21.027+0000] {logging_mixin.py:154} INFO - [2025-09-25T16:16:21.026+0000] {dag.py:2941} INFO - Sync 1 DAGs
[2025-09-25T16:16:21.058+0000] {logging_mixin.py:154} INFO - [2025-09-25T16:16:21.058+0000] {dag.py:3722} INFO - Setting next_dagrun for example_branch_labels to 2025-09-24T00:00:00+00:00, run_after=2025-09-25T00:00:00+00:00
[2025-09-25T16:16:21.101+0000] {processor.py:179} INFO - Processing /home/airflow/.local/lib/python3.8/site-packages/airflow/example_dags/example_branch_labels.py took 0.134 seconds
[2025-09-25T16:16:51.358+0000] {processor.py:157} INFO - Started process (PID=736) to work on /home/airflow/.local/lib/python3.8/site-packages/airflow/example_dags/example_branch_labels.py
[2025-09-25T16:16:51.360+0000] {processor.py:829} INFO - Processing file /home/airflow/.local/lib/python3.8/site-packages/airflow/example_dags/example_branch_labels.py for tasks to queue
[2025-09-25T16:16:51.363+0000] {logging_mixin.py:154} INFO - [2025-09-25T16:16:51.362+0000] {dagbag.py:536} INFO - Filling up the DagBag from /home/airflow/.local/lib/python3.8/site-packages/airflow/example_dags/example_branch_labels.py
[2025-09-25T16:16:51.372+0000] {processor.py:839} INFO - DAG(s) dict_keys(['example_branch_labels']) retrieved from /home/airflow/.local/lib/python3.8/site-packages/airflow/example_dags/example_branch_labels.py
[2025-09-25T16:16:51.402+0000] {logging_mixin.py:154} INFO - [2025-09-25T16:16:51.401+0000] {dag.py:2941} INFO - Sync 1 DAGs
[2025-09-25T16:16:51.428+0000] {logging_mixin.py:154} INFO - [2025-09-25T16:16:51.428+0000] {dag.py:3722} INFO - Setting next_dagrun for example_branch_labels to 2025-09-24T00:00:00+00:00, run_after=2025-09-25T00:00:00+00:00
[2025-09-25T16:16:51.460+0000] {processor.py:179} INFO - Processing /home/airflow/.local/lib/python3.8/site-packages/airflow/example_dags/example_branch_labels.py took 0.106 seconds
[2025-09-25T16:17:22.071+0000] {processor.py:157} INFO - Started process (PID=790) to work on /home/airflow/.local/lib/python3.8/site-packages/airflow/example_dags/example_branch_labels.py
[2025-09-25T16:17:22.073+0000] {processor.py:829} INFO - Processing file /home/airflow/.local/lib/python3.8/site-packages/airflow/example_dags/example_branch_labels.py for tasks to queue
[2025-09-25T16:17:22.077+0000] {logging_mixin.py:154} INFO - [2025-09-25T16:17:22.076+0000] {dagbag.py:536} INFO - Filling up the DagBag from /home/airflow/.local/lib/python3.8/site-packages/airflow/example_dags/example_branch_labels.py
[2025-09-25T16:17:22.087+0000] {processor.py:839} INFO - DAG(s) dict_keys(['example_branch_labels']) retrieved from /home/airflow/.local/lib/python3.8/site-packages/airflow/example_dags/example_branch_labels.py
[2025-09-25T16:17:22.118+0000] {logging_mixin.py:154} INFO - [2025-09-25T16:17:22.118+0000] {dag.py:2941} INFO - Sync 1 DAGs
[2025-09-25T16:17:22.147+0000] {logging_mixin.py:154} INFO - [2025-09-25T16:17:22.146+0000] {dag.py:3722} INFO - Setting next_dagrun for example_branch_labels to 2025-09-24T00:00:00+00:00, run_after=2025-09-25T00:00:00+00:00
[2025-09-25T16:17:22.175+0000] {processor.py:179} INFO - Processing /home/airflow/.local/lib/python3.8/site-packages/airflow/example_dags/example_branch_labels.py took 0.109 seconds
[2025-09-25T16:17:52.829+0000] {processor.py:157} INFO - Started process (PID=844) to work on /home/airflow/.local/lib/python3.8/site-packages/airflow/example_dags/example_branch_labels.py
[2025-09-25T16:17:52.831+0000] {processor.py:829} INFO - Processing file /home/airflow/.local/lib/python3.8/site-packages/airflow/example_dags/example_branch_labels.py for tasks to queue
[2025-09-25T16:17:52.836+0000] {logging_mixin.py:154} INFO - [2025-09-25T16:17:52.835+0000] {dagbag.py:536} INFO - Filling up the DagBag from /home/airflow/.local/lib/python3.8/site-packages/airflow/example_dags/example_branch_labels.py
[2025-09-25T16:17:52.855+0000] {processor.py:839} INFO - DAG(s) dict_keys(['example_branch_labels']) retrieved from /home/airflow/.local/lib/python3.8/site-packages/airflow/example_dags/example_branch_labels.py
[2025-09-25T16:17:52.906+0000] {logging_mixin.py:154} INFO - [2025-09-25T16:17:52.906+0000] {dag.py:2941} INFO - Sync 1 DAGs
[2025-09-25T16:17:52.941+0000] {logging_mixin.py:154} INFO - [2025-09-25T16:17:52.941+0000] {dag.py:3722} INFO - Setting next_dagrun for example_branch_labels to 2025-09-24T00:00:00+00:00, run_after=2025-09-25T00:00:00+00:00
[2025-09-25T16:17:52.973+0000] {processor.py:179} INFO - Processing /home/airflow/.local/lib/python3.8/site-packages/airflow/example_dags/example_branch_labels.py took 0.150 seconds
