[2025-09-25T16:10:46.875+0000] {processor.py:157} INFO - Started process (PID=96) to work on /home/airflow/.local/lib/python3.8/site-packages/airflow/example_dags/example_sensors.py
[2025-09-25T16:10:46.878+0000] {processor.py:829} INFO - Processing file /home/airflow/.local/lib/python3.8/site-packages/airflow/example_dags/example_sensors.py for tasks to queue
[2025-09-25T16:10:46.885+0000] {logging_mixin.py:154} INFO - [2025-09-25T16:10:46.884+0000] {dagbag.py:536} INFO - Filling up the DagBag from /home/airflow/.local/lib/python3.8/site-packages/airflow/example_dags/example_sensors.py
[2025-09-25T16:10:46.914+0000] {processor.py:839} INFO - DAG(s) dict_keys(['example_sensors']) retrieved from /home/airflow/.local/lib/python3.8/site-packages/airflow/example_dags/example_sensors.py
[2025-09-25T16:10:46.994+0000] {logging_mixin.py:154} INFO - [2025-09-25T16:10:46.993+0000] {dag.py:2941} INFO - Sync 1 DAGs
[2025-09-25T16:10:47.014+0000] {logging_mixin.py:154} INFO - [2025-09-25T16:10:47.014+0000] {dag.py:3722} INFO - Setting next_dagrun for example_sensors to None, run_after=None
[2025-09-25T16:10:47.056+0000] {processor.py:179} INFO - Processing /home/airflow/.local/lib/python3.8/site-packages/airflow/example_dags/example_sensors.py took 0.191 seconds
[2025-09-25T16:11:18.085+0000] {processor.py:157} INFO - Started process (PID=150) to work on /home/airflow/.local/lib/python3.8/site-packages/airflow/example_dags/example_sensors.py
[2025-09-25T16:11:18.087+0000] {processor.py:829} INFO - Processing file /home/airflow/.local/lib/python3.8/site-packages/airflow/example_dags/example_sensors.py for tasks to queue
[2025-09-25T16:11:18.092+0000] {logging_mixin.py:154} INFO - [2025-09-25T16:11:18.091+0000] {dagbag.py:536} INFO - Filling up the DagBag from /home/airflow/.local/lib/python3.8/site-packages/airflow/example_dags/example_sensors.py
[2025-09-25T16:11:18.107+0000] {processor.py:839} INFO - DAG(s) dict_keys(['example_sensors']) retrieved from /home/airflow/.local/lib/python3.8/site-packages/airflow/example_dags/example_sensors.py
[2025-09-25T16:11:18.156+0000] {logging_mixin.py:154} INFO - [2025-09-25T16:11:18.155+0000] {dag.py:2941} INFO - Sync 1 DAGs
[2025-09-25T16:11:18.179+0000] {logging_mixin.py:154} INFO - [2025-09-25T16:11:18.179+0000] {dag.py:3722} INFO - Setting next_dagrun for example_sensors to None, run_after=None
[2025-09-25T16:11:18.214+0000] {processor.py:179} INFO - Processing /home/airflow/.local/lib/python3.8/site-packages/airflow/example_dags/example_sensors.py took 0.135 seconds
[2025-09-25T16:11:48.302+0000] {processor.py:157} INFO - Started process (PID=204) to work on /home/airflow/.local/lib/python3.8/site-packages/airflow/example_dags/example_sensors.py
[2025-09-25T16:11:48.304+0000] {processor.py:829} INFO - Processing file /home/airflow/.local/lib/python3.8/site-packages/airflow/example_dags/example_sensors.py for tasks to queue
[2025-09-25T16:11:48.307+0000] {logging_mixin.py:154} INFO - [2025-09-25T16:11:48.307+0000] {dagbag.py:536} INFO - Filling up the DagBag from /home/airflow/.local/lib/python3.8/site-packages/airflow/example_dags/example_sensors.py
[2025-09-25T16:11:48.319+0000] {processor.py:839} INFO - DAG(s) dict_keys(['example_sensors']) retrieved from /home/airflow/.local/lib/python3.8/site-packages/airflow/example_dags/example_sensors.py
[2025-09-25T16:11:48.353+0000] {logging_mixin.py:154} INFO - [2025-09-25T16:11:48.352+0000] {dag.py:2941} INFO - Sync 1 DAGs
[2025-09-25T16:11:48.366+0000] {logging_mixin.py:154} INFO - [2025-09-25T16:11:48.366+0000] {dag.py:3722} INFO - Setting next_dagrun for example_sensors to None, run_after=None
[2025-09-25T16:11:48.391+0000] {processor.py:179} INFO - Processing /home/airflow/.local/lib/python3.8/site-packages/airflow/example_dags/example_sensors.py took 0.094 seconds
[2025-09-25T16:12:18.459+0000] {processor.py:157} INFO - Started process (PID=257) to work on /home/airflow/.local/lib/python3.8/site-packages/airflow/example_dags/example_sensors.py
[2025-09-25T16:12:18.461+0000] {processor.py:829} INFO - Processing file /home/airflow/.local/lib/python3.8/site-packages/airflow/example_dags/example_sensors.py for tasks to queue
[2025-09-25T16:12:18.465+0000] {logging_mixin.py:154} INFO - [2025-09-25T16:12:18.464+0000] {dagbag.py:536} INFO - Filling up the DagBag from /home/airflow/.local/lib/python3.8/site-packages/airflow/example_dags/example_sensors.py
[2025-09-25T16:12:18.476+0000] {processor.py:839} INFO - DAG(s) dict_keys(['example_sensors']) retrieved from /home/airflow/.local/lib/python3.8/site-packages/airflow/example_dags/example_sensors.py
[2025-09-25T16:12:18.514+0000] {logging_mixin.py:154} INFO - [2025-09-25T16:12:18.514+0000] {dag.py:2941} INFO - Sync 1 DAGs
[2025-09-25T16:12:18.532+0000] {logging_mixin.py:154} INFO - [2025-09-25T16:12:18.532+0000] {dag.py:3722} INFO - Setting next_dagrun for example_sensors to None, run_after=None
[2025-09-25T16:12:18.559+0000] {processor.py:179} INFO - Processing /home/airflow/.local/lib/python3.8/site-packages/airflow/example_dags/example_sensors.py took 0.105 seconds
[2025-09-25T16:12:48.689+0000] {processor.py:157} INFO - Started process (PID=311) to work on /home/airflow/.local/lib/python3.8/site-packages/airflow/example_dags/example_sensors.py
[2025-09-25T16:12:48.692+0000] {processor.py:829} INFO - Processing file /home/airflow/.local/lib/python3.8/site-packages/airflow/example_dags/example_sensors.py for tasks to queue
[2025-09-25T16:12:48.695+0000] {logging_mixin.py:154} INFO - [2025-09-25T16:12:48.695+0000] {dagbag.py:536} INFO - Filling up the DagBag from /home/airflow/.local/lib/python3.8/site-packages/airflow/example_dags/example_sensors.py
[2025-09-25T16:12:48.706+0000] {processor.py:839} INFO - DAG(s) dict_keys(['example_sensors']) retrieved from /home/airflow/.local/lib/python3.8/site-packages/airflow/example_dags/example_sensors.py
[2025-09-25T16:12:48.740+0000] {logging_mixin.py:154} INFO - [2025-09-25T16:12:48.740+0000] {dag.py:2941} INFO - Sync 1 DAGs
[2025-09-25T16:12:48.755+0000] {logging_mixin.py:154} INFO - [2025-09-25T16:12:48.755+0000] {dag.py:3722} INFO - Setting next_dagrun for example_sensors to None, run_after=None
[2025-09-25T16:12:48.777+0000] {processor.py:179} INFO - Processing /home/airflow/.local/lib/python3.8/site-packages/airflow/example_dags/example_sensors.py took 0.092 seconds
[2025-09-25T16:13:19.185+0000] {processor.py:157} INFO - Started process (PID=365) to work on /home/airflow/.local/lib/python3.8/site-packages/airflow/example_dags/example_sensors.py
[2025-09-25T16:13:19.187+0000] {processor.py:829} INFO - Processing file /home/airflow/.local/lib/python3.8/site-packages/airflow/example_dags/example_sensors.py for tasks to queue
[2025-09-25T16:13:19.190+0000] {logging_mixin.py:154} INFO - [2025-09-25T16:13:19.190+0000] {dagbag.py:536} INFO - Filling up the DagBag from /home/airflow/.local/lib/python3.8/site-packages/airflow/example_dags/example_sensors.py
[2025-09-25T16:13:19.201+0000] {processor.py:839} INFO - DAG(s) dict_keys(['example_sensors']) retrieved from /home/airflow/.local/lib/python3.8/site-packages/airflow/example_dags/example_sensors.py
[2025-09-25T16:13:19.233+0000] {logging_mixin.py:154} INFO - [2025-09-25T16:13:19.233+0000] {dag.py:2941} INFO - Sync 1 DAGs
[2025-09-25T16:13:19.248+0000] {logging_mixin.py:154} INFO - [2025-09-25T16:13:19.248+0000] {dag.py:3722} INFO - Setting next_dagrun for example_sensors to None, run_after=None
[2025-09-25T16:13:19.272+0000] {processor.py:179} INFO - Processing /home/airflow/.local/lib/python3.8/site-packages/airflow/example_dags/example_sensors.py took 0.092 seconds
[2025-09-25T16:13:50.105+0000] {processor.py:157} INFO - Started process (PID=419) to work on /home/airflow/.local/lib/python3.8/site-packages/airflow/example_dags/example_sensors.py
[2025-09-25T16:13:50.107+0000] {processor.py:829} INFO - Processing file /home/airflow/.local/lib/python3.8/site-packages/airflow/example_dags/example_sensors.py for tasks to queue
[2025-09-25T16:13:50.110+0000] {logging_mixin.py:154} INFO - [2025-09-25T16:13:50.110+0000] {dagbag.py:536} INFO - Filling up the DagBag from /home/airflow/.local/lib/python3.8/site-packages/airflow/example_dags/example_sensors.py
[2025-09-25T16:13:50.122+0000] {processor.py:839} INFO - DAG(s) dict_keys(['example_sensors']) retrieved from /home/airflow/.local/lib/python3.8/site-packages/airflow/example_dags/example_sensors.py
[2025-09-25T16:13:50.169+0000] {logging_mixin.py:154} INFO - [2025-09-25T16:13:50.168+0000] {dag.py:2941} INFO - Sync 1 DAGs
[2025-09-25T16:13:50.183+0000] {logging_mixin.py:154} INFO - [2025-09-25T16:13:50.183+0000] {dag.py:3722} INFO - Setting next_dagrun for example_sensors to None, run_after=None
[2025-09-25T16:13:50.207+0000] {processor.py:179} INFO - Processing /home/airflow/.local/lib/python3.8/site-packages/airflow/example_dags/example_sensors.py took 0.107 seconds
[2025-09-25T16:14:20.460+0000] {processor.py:157} INFO - Started process (PID=473) to work on /home/airflow/.local/lib/python3.8/site-packages/airflow/example_dags/example_sensors.py
[2025-09-25T16:14:20.461+0000] {processor.py:829} INFO - Processing file /home/airflow/.local/lib/python3.8/site-packages/airflow/example_dags/example_sensors.py for tasks to queue
[2025-09-25T16:14:20.465+0000] {logging_mixin.py:154} INFO - [2025-09-25T16:14:20.464+0000] {dagbag.py:536} INFO - Filling up the DagBag from /home/airflow/.local/lib/python3.8/site-packages/airflow/example_dags/example_sensors.py
[2025-09-25T16:14:20.476+0000] {processor.py:839} INFO - DAG(s) dict_keys(['example_sensors']) retrieved from /home/airflow/.local/lib/python3.8/site-packages/airflow/example_dags/example_sensors.py
[2025-09-25T16:14:20.508+0000] {logging_mixin.py:154} INFO - [2025-09-25T16:14:20.507+0000] {dag.py:2941} INFO - Sync 1 DAGs
[2025-09-25T16:14:20.523+0000] {logging_mixin.py:154} INFO - [2025-09-25T16:14:20.523+0000] {dag.py:3722} INFO - Setting next_dagrun for example_sensors to None, run_after=None
[2025-09-25T16:14:20.547+0000] {processor.py:179} INFO - Processing /home/airflow/.local/lib/python3.8/site-packages/airflow/example_dags/example_sensors.py took 0.092 seconds
[2025-09-25T16:14:51.363+0000] {processor.py:157} INFO - Started process (PID=527) to work on /home/airflow/.local/lib/python3.8/site-packages/airflow/example_dags/example_sensors.py
[2025-09-25T16:14:51.365+0000] {processor.py:829} INFO - Processing file /home/airflow/.local/lib/python3.8/site-packages/airflow/example_dags/example_sensors.py for tasks to queue
[2025-09-25T16:14:51.368+0000] {logging_mixin.py:154} INFO - [2025-09-25T16:14:51.368+0000] {dagbag.py:536} INFO - Filling up the DagBag from /home/airflow/.local/lib/python3.8/site-packages/airflow/example_dags/example_sensors.py
[2025-09-25T16:14:51.379+0000] {processor.py:839} INFO - DAG(s) dict_keys(['example_sensors']) retrieved from /home/airflow/.local/lib/python3.8/site-packages/airflow/example_dags/example_sensors.py
[2025-09-25T16:14:51.413+0000] {logging_mixin.py:154} INFO - [2025-09-25T16:14:51.412+0000] {dag.py:2941} INFO - Sync 1 DAGs
[2025-09-25T16:14:51.429+0000] {logging_mixin.py:154} INFO - [2025-09-25T16:14:51.428+0000] {dag.py:3722} INFO - Setting next_dagrun for example_sensors to None, run_after=None
[2025-09-25T16:14:51.452+0000] {processor.py:179} INFO - Processing /home/airflow/.local/lib/python3.8/site-packages/airflow/example_dags/example_sensors.py took 0.094 seconds
[2025-09-25T16:15:21.910+0000] {processor.py:157} INFO - Started process (PID=581) to work on /home/airflow/.local/lib/python3.8/site-packages/airflow/example_dags/example_sensors.py
[2025-09-25T16:15:21.911+0000] {processor.py:829} INFO - Processing file /home/airflow/.local/lib/python3.8/site-packages/airflow/example_dags/example_sensors.py for tasks to queue
[2025-09-25T16:15:21.915+0000] {logging_mixin.py:154} INFO - [2025-09-25T16:15:21.914+0000] {dagbag.py:536} INFO - Filling up the DagBag from /home/airflow/.local/lib/python3.8/site-packages/airflow/example_dags/example_sensors.py
[2025-09-25T16:15:21.926+0000] {processor.py:839} INFO - DAG(s) dict_keys(['example_sensors']) retrieved from /home/airflow/.local/lib/python3.8/site-packages/airflow/example_dags/example_sensors.py
[2025-09-25T16:15:21.957+0000] {logging_mixin.py:154} INFO - [2025-09-25T16:15:21.957+0000] {dag.py:2941} INFO - Sync 1 DAGs
[2025-09-25T16:15:21.971+0000] {logging_mixin.py:154} INFO - [2025-09-25T16:15:21.971+0000] {dag.py:3722} INFO - Setting next_dagrun for example_sensors to None, run_after=None
[2025-09-25T16:15:21.995+0000] {processor.py:179} INFO - Processing /home/airflow/.local/lib/python3.8/site-packages/airflow/example_dags/example_sensors.py took 0.089 seconds
[2025-09-25T16:15:52.265+0000] {processor.py:157} INFO - Started process (PID=635) to work on /home/airflow/.local/lib/python3.8/site-packages/airflow/example_dags/example_sensors.py
[2025-09-25T16:15:52.267+0000] {processor.py:829} INFO - Processing file /home/airflow/.local/lib/python3.8/site-packages/airflow/example_dags/example_sensors.py for tasks to queue
[2025-09-25T16:15:52.270+0000] {logging_mixin.py:154} INFO - [2025-09-25T16:15:52.269+0000] {dagbag.py:536} INFO - Filling up the DagBag from /home/airflow/.local/lib/python3.8/site-packages/airflow/example_dags/example_sensors.py
[2025-09-25T16:15:52.281+0000] {processor.py:839} INFO - DAG(s) dict_keys(['example_sensors']) retrieved from /home/airflow/.local/lib/python3.8/site-packages/airflow/example_dags/example_sensors.py
[2025-09-25T16:15:52.314+0000] {logging_mixin.py:154} INFO - [2025-09-25T16:15:52.314+0000] {dag.py:2941} INFO - Sync 1 DAGs
[2025-09-25T16:15:52.329+0000] {logging_mixin.py:154} INFO - [2025-09-25T16:15:52.329+0000] {dag.py:3722} INFO - Setting next_dagrun for example_sensors to None, run_after=None
[2025-09-25T16:15:52.353+0000] {processor.py:179} INFO - Processing /home/airflow/.local/lib/python3.8/site-packages/airflow/example_dags/example_sensors.py took 0.093 seconds
[2025-09-25T16:16:22.553+0000] {processor.py:157} INFO - Started process (PID=689) to work on /home/airflow/.local/lib/python3.8/site-packages/airflow/example_dags/example_sensors.py
[2025-09-25T16:16:22.555+0000] {processor.py:829} INFO - Processing file /home/airflow/.local/lib/python3.8/site-packages/airflow/example_dags/example_sensors.py for tasks to queue
[2025-09-25T16:16:22.559+0000] {logging_mixin.py:154} INFO - [2025-09-25T16:16:22.559+0000] {dagbag.py:536} INFO - Filling up the DagBag from /home/airflow/.local/lib/python3.8/site-packages/airflow/example_dags/example_sensors.py
[2025-09-25T16:16:22.571+0000] {processor.py:839} INFO - DAG(s) dict_keys(['example_sensors']) retrieved from /home/airflow/.local/lib/python3.8/site-packages/airflow/example_dags/example_sensors.py
[2025-09-25T16:16:22.604+0000] {logging_mixin.py:154} INFO - [2025-09-25T16:16:22.604+0000] {dag.py:2941} INFO - Sync 1 DAGs
[2025-09-25T16:16:22.621+0000] {logging_mixin.py:154} INFO - [2025-09-25T16:16:22.620+0000] {dag.py:3722} INFO - Setting next_dagrun for example_sensors to None, run_after=None
[2025-09-25T16:16:22.644+0000] {processor.py:179} INFO - Processing /home/airflow/.local/lib/python3.8/site-packages/airflow/example_dags/example_sensors.py took 0.097 seconds
[2025-09-25T16:16:52.860+0000] {processor.py:157} INFO - Started process (PID=743) to work on /home/airflow/.local/lib/python3.8/site-packages/airflow/example_dags/example_sensors.py
[2025-09-25T16:16:52.862+0000] {processor.py:829} INFO - Processing file /home/airflow/.local/lib/python3.8/site-packages/airflow/example_dags/example_sensors.py for tasks to queue
[2025-09-25T16:16:52.866+0000] {logging_mixin.py:154} INFO - [2025-09-25T16:16:52.865+0000] {dagbag.py:536} INFO - Filling up the DagBag from /home/airflow/.local/lib/python3.8/site-packages/airflow/example_dags/example_sensors.py
[2025-09-25T16:16:52.877+0000] {processor.py:839} INFO - DAG(s) dict_keys(['example_sensors']) retrieved from /home/airflow/.local/lib/python3.8/site-packages/airflow/example_dags/example_sensors.py
[2025-09-25T16:16:52.907+0000] {logging_mixin.py:154} INFO - [2025-09-25T16:16:52.907+0000] {dag.py:2941} INFO - Sync 1 DAGs
[2025-09-25T16:16:52.922+0000] {logging_mixin.py:154} INFO - [2025-09-25T16:16:52.922+0000] {dag.py:3722} INFO - Setting next_dagrun for example_sensors to None, run_after=None
[2025-09-25T16:16:52.946+0000] {processor.py:179} INFO - Processing /home/airflow/.local/lib/python3.8/site-packages/airflow/example_dags/example_sensors.py took 0.091 seconds
[2025-09-25T16:17:23.755+0000] {processor.py:157} INFO - Started process (PID=797) to work on /home/airflow/.local/lib/python3.8/site-packages/airflow/example_dags/example_sensors.py
[2025-09-25T16:17:23.758+0000] {processor.py:829} INFO - Processing file /home/airflow/.local/lib/python3.8/site-packages/airflow/example_dags/example_sensors.py for tasks to queue
[2025-09-25T16:17:23.763+0000] {logging_mixin.py:154} INFO - [2025-09-25T16:17:23.762+0000] {dagbag.py:536} INFO - Filling up the DagBag from /home/airflow/.local/lib/python3.8/site-packages/airflow/example_dags/example_sensors.py
[2025-09-25T16:17:23.779+0000] {processor.py:839} INFO - DAG(s) dict_keys(['example_sensors']) retrieved from /home/airflow/.local/lib/python3.8/site-packages/airflow/example_dags/example_sensors.py
[2025-09-25T16:17:23.816+0000] {logging_mixin.py:154} INFO - [2025-09-25T16:17:23.816+0000] {dag.py:2941} INFO - Sync 1 DAGs
[2025-09-25T16:17:23.834+0000] {logging_mixin.py:154} INFO - [2025-09-25T16:17:23.834+0000] {dag.py:3722} INFO - Setting next_dagrun for example_sensors to None, run_after=None
[2025-09-25T16:17:23.862+0000] {processor.py:179} INFO - Processing /home/airflow/.local/lib/python3.8/site-packages/airflow/example_dags/example_sensors.py took 0.112 seconds
[2025-09-25T16:17:54.605+0000] {processor.py:157} INFO - Started process (PID=851) to work on /home/airflow/.local/lib/python3.8/site-packages/airflow/example_dags/example_sensors.py
[2025-09-25T16:17:54.607+0000] {processor.py:829} INFO - Processing file /home/airflow/.local/lib/python3.8/site-packages/airflow/example_dags/example_sensors.py for tasks to queue
[2025-09-25T16:17:54.610+0000] {logging_mixin.py:154} INFO - [2025-09-25T16:17:54.610+0000] {dagbag.py:536} INFO - Filling up the DagBag from /home/airflow/.local/lib/python3.8/site-packages/airflow/example_dags/example_sensors.py
[2025-09-25T16:17:54.622+0000] {processor.py:839} INFO - DAG(s) dict_keys(['example_sensors']) retrieved from /home/airflow/.local/lib/python3.8/site-packages/airflow/example_dags/example_sensors.py
[2025-09-25T16:17:54.656+0000] {logging_mixin.py:154} INFO - [2025-09-25T16:17:54.656+0000] {dag.py:2941} INFO - Sync 1 DAGs
[2025-09-25T16:17:54.670+0000] {logging_mixin.py:154} INFO - [2025-09-25T16:17:54.670+0000] {dag.py:3722} INFO - Setting next_dagrun for example_sensors to None, run_after=None
[2025-09-25T16:17:54.692+0000] {processor.py:179} INFO - Processing /home/airflow/.local/lib/python3.8/site-packages/airflow/example_dags/example_sensors.py took 0.092 seconds
