[2025-09-25T16:10:51.511+0000] {processor.py:157} INFO - Started process (PID=114) to work on /home/airflow/.local/lib/python3.8/site-packages/airflow/example_dags/example_task_group_decorator.py
[2025-09-25T16:10:51.519+0000] {processor.py:829} INFO - Processing file /home/airflow/.local/lib/python3.8/site-packages/airflow/example_dags/example_task_group_decorator.py for tasks to queue
[2025-09-25T16:10:51.525+0000] {logging_mixin.py:154} INFO - [2025-09-25T16:10:51.524+0000] {dagbag.py:536} INFO - Filling up the DagBag from /home/airflow/.local/lib/python3.8/site-packages/airflow/example_dags/example_task_group_decorator.py
[2025-09-25T16:10:51.606+0000] {processor.py:839} INFO - DAG(s) dict_keys(['example_task_group_decorator']) retrieved from /home/airflow/.local/lib/python3.8/site-packages/airflow/example_dags/example_task_group_decorator.py
[2025-09-25T16:10:51.700+0000] {logging_mixin.py:154} INFO - [2025-09-25T16:10:51.700+0000] {dag.py:2941} INFO - Sync 1 DAGs
[2025-09-25T16:10:51.762+0000] {logging_mixin.py:154} INFO - [2025-09-25T16:10:51.761+0000] {dag.py:3722} INFO - Setting next_dagrun for example_task_group_decorator to 2025-09-24T16:10:51.761419+00:00, run_after=2025-09-25T16:10:51.761419+00:00
[2025-09-25T16:10:51.808+0000] {processor.py:179} INFO - Processing /home/airflow/.local/lib/python3.8/site-packages/airflow/example_dags/example_task_group_decorator.py took 0.307 seconds
[2025-09-25T16:11:22.526+0000] {processor.py:157} INFO - Started process (PID=168) to work on /home/airflow/.local/lib/python3.8/site-packages/airflow/example_dags/example_task_group_decorator.py
[2025-09-25T16:11:22.529+0000] {processor.py:829} INFO - Processing file /home/airflow/.local/lib/python3.8/site-packages/airflow/example_dags/example_task_group_decorator.py for tasks to queue
[2025-09-25T16:11:22.539+0000] {logging_mixin.py:154} INFO - [2025-09-25T16:11:22.537+0000] {dagbag.py:536} INFO - Filling up the DagBag from /home/airflow/.local/lib/python3.8/site-packages/airflow/example_dags/example_task_group_decorator.py
[2025-09-25T16:11:22.583+0000] {processor.py:839} INFO - DAG(s) dict_keys(['example_task_group_decorator']) retrieved from /home/airflow/.local/lib/python3.8/site-packages/airflow/example_dags/example_task_group_decorator.py
[2025-09-25T16:11:22.651+0000] {logging_mixin.py:154} INFO - [2025-09-25T16:11:22.650+0000] {dag.py:2941} INFO - Sync 1 DAGs
[2025-09-25T16:11:22.716+0000] {logging_mixin.py:154} INFO - [2025-09-25T16:11:22.716+0000] {dag.py:3722} INFO - Setting next_dagrun for example_task_group_decorator to 2025-09-24T16:11:22.716237+00:00, run_after=2025-09-25T16:11:22.716237+00:00
[2025-09-25T16:11:22.771+0000] {processor.py:179} INFO - Processing /home/airflow/.local/lib/python3.8/site-packages/airflow/example_dags/example_task_group_decorator.py took 0.254 seconds
[2025-09-25T16:11:52.890+0000] {processor.py:157} INFO - Started process (PID=222) to work on /home/airflow/.local/lib/python3.8/site-packages/airflow/example_dags/example_task_group_decorator.py
[2025-09-25T16:11:52.892+0000] {processor.py:829} INFO - Processing file /home/airflow/.local/lib/python3.8/site-packages/airflow/example_dags/example_task_group_decorator.py for tasks to queue
[2025-09-25T16:11:52.895+0000] {logging_mixin.py:154} INFO - [2025-09-25T16:11:52.895+0000] {dagbag.py:536} INFO - Filling up the DagBag from /home/airflow/.local/lib/python3.8/site-packages/airflow/example_dags/example_task_group_decorator.py
[2025-09-25T16:11:52.913+0000] {processor.py:839} INFO - DAG(s) dict_keys(['example_task_group_decorator']) retrieved from /home/airflow/.local/lib/python3.8/site-packages/airflow/example_dags/example_task_group_decorator.py
[2025-09-25T16:11:52.956+0000] {logging_mixin.py:154} INFO - [2025-09-25T16:11:52.956+0000] {dag.py:2941} INFO - Sync 1 DAGs
[2025-09-25T16:11:52.984+0000] {logging_mixin.py:154} INFO - [2025-09-25T16:11:52.984+0000] {dag.py:3722} INFO - Setting next_dagrun for example_task_group_decorator to 2025-09-24T16:11:52.984520+00:00, run_after=2025-09-25T16:11:52.984520+00:00
[2025-09-25T16:11:53.010+0000] {processor.py:179} INFO - Processing /home/airflow/.local/lib/python3.8/site-packages/airflow/example_dags/example_task_group_decorator.py took 0.124 seconds
[2025-09-25T16:12:23.417+0000] {processor.py:157} INFO - Started process (PID=276) to work on /home/airflow/.local/lib/python3.8/site-packages/airflow/example_dags/example_task_group_decorator.py
[2025-09-25T16:12:23.419+0000] {processor.py:829} INFO - Processing file /home/airflow/.local/lib/python3.8/site-packages/airflow/example_dags/example_task_group_decorator.py for tasks to queue
[2025-09-25T16:12:23.422+0000] {logging_mixin.py:154} INFO - [2025-09-25T16:12:23.422+0000] {dagbag.py:536} INFO - Filling up the DagBag from /home/airflow/.local/lib/python3.8/site-packages/airflow/example_dags/example_task_group_decorator.py
[2025-09-25T16:12:23.438+0000] {processor.py:839} INFO - DAG(s) dict_keys(['example_task_group_decorator']) retrieved from /home/airflow/.local/lib/python3.8/site-packages/airflow/example_dags/example_task_group_decorator.py
[2025-09-25T16:12:23.470+0000] {logging_mixin.py:154} INFO - [2025-09-25T16:12:23.470+0000] {dag.py:2941} INFO - Sync 1 DAGs
[2025-09-25T16:12:23.497+0000] {logging_mixin.py:154} INFO - [2025-09-25T16:12:23.497+0000] {dag.py:3722} INFO - Setting next_dagrun for example_task_group_decorator to 2025-09-24T16:12:23.497319+00:00, run_after=2025-09-25T16:12:23.497319+00:00
[2025-09-25T16:12:23.527+0000] {processor.py:179} INFO - Processing /home/airflow/.local/lib/python3.8/site-packages/airflow/example_dags/example_task_group_decorator.py took 0.114 seconds
[2025-09-25T16:12:54.278+0000] {processor.py:157} INFO - Started process (PID=330) to work on /home/airflow/.local/lib/python3.8/site-packages/airflow/example_dags/example_task_group_decorator.py
[2025-09-25T16:12:54.279+0000] {processor.py:829} INFO - Processing file /home/airflow/.local/lib/python3.8/site-packages/airflow/example_dags/example_task_group_decorator.py for tasks to queue
[2025-09-25T16:12:54.283+0000] {logging_mixin.py:154} INFO - [2025-09-25T16:12:54.283+0000] {dagbag.py:536} INFO - Filling up the DagBag from /home/airflow/.local/lib/python3.8/site-packages/airflow/example_dags/example_task_group_decorator.py
[2025-09-25T16:12:54.300+0000] {processor.py:839} INFO - DAG(s) dict_keys(['example_task_group_decorator']) retrieved from /home/airflow/.local/lib/python3.8/site-packages/airflow/example_dags/example_task_group_decorator.py
[2025-09-25T16:12:54.341+0000] {logging_mixin.py:154} INFO - [2025-09-25T16:12:54.341+0000] {dag.py:2941} INFO - Sync 1 DAGs
[2025-09-25T16:12:54.374+0000] {logging_mixin.py:154} INFO - [2025-09-25T16:12:54.373+0000] {dag.py:3722} INFO - Setting next_dagrun for example_task_group_decorator to 2025-09-24T16:12:54.373502+00:00, run_after=2025-09-25T16:12:54.373502+00:00
[2025-09-25T16:12:54.401+0000] {processor.py:179} INFO - Processing /home/airflow/.local/lib/python3.8/site-packages/airflow/example_dags/example_task_group_decorator.py took 0.128 seconds
[2025-09-25T16:13:24.906+0000] {processor.py:157} INFO - Started process (PID=384) to work on /home/airflow/.local/lib/python3.8/site-packages/airflow/example_dags/example_task_group_decorator.py
[2025-09-25T16:13:24.908+0000] {processor.py:829} INFO - Processing file /home/airflow/.local/lib/python3.8/site-packages/airflow/example_dags/example_task_group_decorator.py for tasks to queue
[2025-09-25T16:13:24.912+0000] {logging_mixin.py:154} INFO - [2025-09-25T16:13:24.911+0000] {dagbag.py:536} INFO - Filling up the DagBag from /home/airflow/.local/lib/python3.8/site-packages/airflow/example_dags/example_task_group_decorator.py
[2025-09-25T16:13:24.928+0000] {processor.py:839} INFO - DAG(s) dict_keys(['example_task_group_decorator']) retrieved from /home/airflow/.local/lib/python3.8/site-packages/airflow/example_dags/example_task_group_decorator.py
[2025-09-25T16:13:24.958+0000] {logging_mixin.py:154} INFO - [2025-09-25T16:13:24.958+0000] {dag.py:2941} INFO - Sync 1 DAGs
[2025-09-25T16:13:24.986+0000] {logging_mixin.py:154} INFO - [2025-09-25T16:13:24.986+0000] {dag.py:3722} INFO - Setting next_dagrun for example_task_group_decorator to 2025-09-24T16:13:24.986395+00:00, run_after=2025-09-25T16:13:24.986395+00:00
[2025-09-25T16:13:25.013+0000] {processor.py:179} INFO - Processing /home/airflow/.local/lib/python3.8/site-packages/airflow/example_dags/example_task_group_decorator.py took 0.112 seconds
[2025-09-25T16:13:55.940+0000] {processor.py:157} INFO - Started process (PID=438) to work on /home/airflow/.local/lib/python3.8/site-packages/airflow/example_dags/example_task_group_decorator.py
[2025-09-25T16:13:55.942+0000] {processor.py:829} INFO - Processing file /home/airflow/.local/lib/python3.8/site-packages/airflow/example_dags/example_task_group_decorator.py for tasks to queue
[2025-09-25T16:13:55.945+0000] {logging_mixin.py:154} INFO - [2025-09-25T16:13:55.945+0000] {dagbag.py:536} INFO - Filling up the DagBag from /home/airflow/.local/lib/python3.8/site-packages/airflow/example_dags/example_task_group_decorator.py
[2025-09-25T16:13:55.964+0000] {processor.py:839} INFO - DAG(s) dict_keys(['example_task_group_decorator']) retrieved from /home/airflow/.local/lib/python3.8/site-packages/airflow/example_dags/example_task_group_decorator.py
[2025-09-25T16:13:55.996+0000] {logging_mixin.py:154} INFO - [2025-09-25T16:13:55.996+0000] {dag.py:2941} INFO - Sync 1 DAGs
[2025-09-25T16:13:56.026+0000] {logging_mixin.py:154} INFO - [2025-09-25T16:13:56.026+0000] {dag.py:3722} INFO - Setting next_dagrun for example_task_group_decorator to 2025-09-24T16:13:56.026006+00:00, run_after=2025-09-25T16:13:56.026006+00:00
[2025-09-25T16:13:56.054+0000] {processor.py:179} INFO - Processing /home/airflow/.local/lib/python3.8/site-packages/airflow/example_dags/example_task_group_decorator.py took 0.122 seconds
[2025-09-25T16:14:26.247+0000] {processor.py:157} INFO - Started process (PID=492) to work on /home/airflow/.local/lib/python3.8/site-packages/airflow/example_dags/example_task_group_decorator.py
[2025-09-25T16:14:26.250+0000] {processor.py:829} INFO - Processing file /home/airflow/.local/lib/python3.8/site-packages/airflow/example_dags/example_task_group_decorator.py for tasks to queue
[2025-09-25T16:14:26.254+0000] {logging_mixin.py:154} INFO - [2025-09-25T16:14:26.254+0000] {dagbag.py:536} INFO - Filling up the DagBag from /home/airflow/.local/lib/python3.8/site-packages/airflow/example_dags/example_task_group_decorator.py
[2025-09-25T16:14:26.277+0000] {processor.py:839} INFO - DAG(s) dict_keys(['example_task_group_decorator']) retrieved from /home/airflow/.local/lib/python3.8/site-packages/airflow/example_dags/example_task_group_decorator.py
[2025-09-25T16:14:26.313+0000] {logging_mixin.py:154} INFO - [2025-09-25T16:14:26.312+0000] {dag.py:2941} INFO - Sync 1 DAGs
[2025-09-25T16:14:26.346+0000] {logging_mixin.py:154} INFO - [2025-09-25T16:14:26.346+0000] {dag.py:3722} INFO - Setting next_dagrun for example_task_group_decorator to 2025-09-24T16:14:26.345789+00:00, run_after=2025-09-25T16:14:26.345789+00:00
[2025-09-25T16:14:26.371+0000] {processor.py:179} INFO - Processing /home/airflow/.local/lib/python3.8/site-packages/airflow/example_dags/example_task_group_decorator.py took 0.130 seconds
[2025-09-25T16:14:57.014+0000] {processor.py:157} INFO - Started process (PID=546) to work on /home/airflow/.local/lib/python3.8/site-packages/airflow/example_dags/example_task_group_decorator.py
[2025-09-25T16:14:57.016+0000] {processor.py:829} INFO - Processing file /home/airflow/.local/lib/python3.8/site-packages/airflow/example_dags/example_task_group_decorator.py for tasks to queue
[2025-09-25T16:14:57.019+0000] {logging_mixin.py:154} INFO - [2025-09-25T16:14:57.019+0000] {dagbag.py:536} INFO - Filling up the DagBag from /home/airflow/.local/lib/python3.8/site-packages/airflow/example_dags/example_task_group_decorator.py
[2025-09-25T16:14:57.039+0000] {processor.py:839} INFO - DAG(s) dict_keys(['example_task_group_decorator']) retrieved from /home/airflow/.local/lib/python3.8/site-packages/airflow/example_dags/example_task_group_decorator.py
[2025-09-25T16:14:57.077+0000] {logging_mixin.py:154} INFO - [2025-09-25T16:14:57.077+0000] {dag.py:2941} INFO - Sync 1 DAGs
[2025-09-25T16:14:57.109+0000] {logging_mixin.py:154} INFO - [2025-09-25T16:14:57.109+0000] {dag.py:3722} INFO - Setting next_dagrun for example_task_group_decorator to 2025-09-24T16:14:57.108957+00:00, run_after=2025-09-25T16:14:57.108957+00:00
[2025-09-25T16:14:57.143+0000] {processor.py:179} INFO - Processing /home/airflow/.local/lib/python3.8/site-packages/airflow/example_dags/example_task_group_decorator.py took 0.134 seconds
[2025-09-25T16:15:27.572+0000] {processor.py:157} INFO - Started process (PID=600) to work on /home/airflow/.local/lib/python3.8/site-packages/airflow/example_dags/example_task_group_decorator.py
[2025-09-25T16:15:27.574+0000] {processor.py:829} INFO - Processing file /home/airflow/.local/lib/python3.8/site-packages/airflow/example_dags/example_task_group_decorator.py for tasks to queue
[2025-09-25T16:15:27.577+0000] {logging_mixin.py:154} INFO - [2025-09-25T16:15:27.577+0000] {dagbag.py:536} INFO - Filling up the DagBag from /home/airflow/.local/lib/python3.8/site-packages/airflow/example_dags/example_task_group_decorator.py
[2025-09-25T16:15:27.594+0000] {processor.py:839} INFO - DAG(s) dict_keys(['example_task_group_decorator']) retrieved from /home/airflow/.local/lib/python3.8/site-packages/airflow/example_dags/example_task_group_decorator.py
[2025-09-25T16:15:27.643+0000] {logging_mixin.py:154} INFO - [2025-09-25T16:15:27.640+0000] {dag.py:2941} INFO - Sync 1 DAGs
[2025-09-25T16:15:27.740+0000] {logging_mixin.py:154} INFO - [2025-09-25T16:15:27.739+0000] {dag.py:3722} INFO - Setting next_dagrun for example_task_group_decorator to 2025-09-24T16:15:27.739159+00:00, run_after=2025-09-25T16:15:27.739159+00:00
[2025-09-25T16:15:27.839+0000] {processor.py:179} INFO - Processing /home/airflow/.local/lib/python3.8/site-packages/airflow/example_dags/example_task_group_decorator.py took 0.271 seconds
[2025-09-25T16:15:58.308+0000] {processor.py:157} INFO - Started process (PID=654) to work on /home/airflow/.local/lib/python3.8/site-packages/airflow/example_dags/example_task_group_decorator.py
[2025-09-25T16:15:58.310+0000] {processor.py:829} INFO - Processing file /home/airflow/.local/lib/python3.8/site-packages/airflow/example_dags/example_task_group_decorator.py for tasks to queue
[2025-09-25T16:15:58.313+0000] {logging_mixin.py:154} INFO - [2025-09-25T16:15:58.312+0000] {dagbag.py:536} INFO - Filling up the DagBag from /home/airflow/.local/lib/python3.8/site-packages/airflow/example_dags/example_task_group_decorator.py
[2025-09-25T16:15:58.329+0000] {processor.py:839} INFO - DAG(s) dict_keys(['example_task_group_decorator']) retrieved from /home/airflow/.local/lib/python3.8/site-packages/airflow/example_dags/example_task_group_decorator.py
[2025-09-25T16:15:58.375+0000] {logging_mixin.py:154} INFO - [2025-09-25T16:15:58.374+0000] {dag.py:2941} INFO - Sync 1 DAGs
[2025-09-25T16:15:58.412+0000] {logging_mixin.py:154} INFO - [2025-09-25T16:15:58.412+0000] {dag.py:3722} INFO - Setting next_dagrun for example_task_group_decorator to 2025-09-24T16:15:58.412386+00:00, run_after=2025-09-25T16:15:58.412386+00:00
[2025-09-25T16:15:58.440+0000] {processor.py:179} INFO - Processing /home/airflow/.local/lib/python3.8/site-packages/airflow/example_dags/example_task_group_decorator.py took 0.137 seconds
[2025-09-25T16:16:28.634+0000] {processor.py:157} INFO - Started process (PID=708) to work on /home/airflow/.local/lib/python3.8/site-packages/airflow/example_dags/example_task_group_decorator.py
[2025-09-25T16:16:28.636+0000] {processor.py:829} INFO - Processing file /home/airflow/.local/lib/python3.8/site-packages/airflow/example_dags/example_task_group_decorator.py for tasks to queue
[2025-09-25T16:16:28.639+0000] {logging_mixin.py:154} INFO - [2025-09-25T16:16:28.639+0000] {dagbag.py:536} INFO - Filling up the DagBag from /home/airflow/.local/lib/python3.8/site-packages/airflow/example_dags/example_task_group_decorator.py
[2025-09-25T16:16:28.657+0000] {processor.py:839} INFO - DAG(s) dict_keys(['example_task_group_decorator']) retrieved from /home/airflow/.local/lib/python3.8/site-packages/airflow/example_dags/example_task_group_decorator.py
[2025-09-25T16:16:28.690+0000] {logging_mixin.py:154} INFO - [2025-09-25T16:16:28.690+0000] {dag.py:2941} INFO - Sync 1 DAGs
[2025-09-25T16:16:28.718+0000] {logging_mixin.py:154} INFO - [2025-09-25T16:16:28.718+0000] {dag.py:3722} INFO - Setting next_dagrun for example_task_group_decorator to 2025-09-24T16:16:28.718512+00:00, run_after=2025-09-25T16:16:28.718512+00:00
[2025-09-25T16:16:28.745+0000] {processor.py:179} INFO - Processing /home/airflow/.local/lib/python3.8/site-packages/airflow/example_dags/example_task_group_decorator.py took 0.116 seconds
[2025-09-25T16:16:59.439+0000] {processor.py:157} INFO - Started process (PID=762) to work on /home/airflow/.local/lib/python3.8/site-packages/airflow/example_dags/example_task_group_decorator.py
[2025-09-25T16:16:59.441+0000] {processor.py:829} INFO - Processing file /home/airflow/.local/lib/python3.8/site-packages/airflow/example_dags/example_task_group_decorator.py for tasks to queue
[2025-09-25T16:16:59.444+0000] {logging_mixin.py:154} INFO - [2025-09-25T16:16:59.444+0000] {dagbag.py:536} INFO - Filling up the DagBag from /home/airflow/.local/lib/python3.8/site-packages/airflow/example_dags/example_task_group_decorator.py
[2025-09-25T16:16:59.460+0000] {processor.py:839} INFO - DAG(s) dict_keys(['example_task_group_decorator']) retrieved from /home/airflow/.local/lib/python3.8/site-packages/airflow/example_dags/example_task_group_decorator.py
[2025-09-25T16:16:59.492+0000] {logging_mixin.py:154} INFO - [2025-09-25T16:16:59.492+0000] {dag.py:2941} INFO - Sync 1 DAGs
[2025-09-25T16:16:59.523+0000] {logging_mixin.py:154} INFO - [2025-09-25T16:16:59.523+0000] {dag.py:3722} INFO - Setting next_dagrun for example_task_group_decorator to 2025-09-24T16:16:59.523021+00:00, run_after=2025-09-25T16:16:59.523021+00:00
[2025-09-25T16:16:59.550+0000] {processor.py:179} INFO - Processing /home/airflow/.local/lib/python3.8/site-packages/airflow/example_dags/example_task_group_decorator.py took 0.115 seconds
[2025-09-25T16:17:29.772+0000] {processor.py:157} INFO - Started process (PID=816) to work on /home/airflow/.local/lib/python3.8/site-packages/airflow/example_dags/example_task_group_decorator.py
[2025-09-25T16:17:29.776+0000] {processor.py:829} INFO - Processing file /home/airflow/.local/lib/python3.8/site-packages/airflow/example_dags/example_task_group_decorator.py for tasks to queue
[2025-09-25T16:17:29.782+0000] {logging_mixin.py:154} INFO - [2025-09-25T16:17:29.781+0000] {dagbag.py:536} INFO - Filling up the DagBag from /home/airflow/.local/lib/python3.8/site-packages/airflow/example_dags/example_task_group_decorator.py
[2025-09-25T16:17:29.806+0000] {processor.py:839} INFO - DAG(s) dict_keys(['example_task_group_decorator']) retrieved from /home/airflow/.local/lib/python3.8/site-packages/airflow/example_dags/example_task_group_decorator.py
[2025-09-25T16:17:29.840+0000] {logging_mixin.py:154} INFO - [2025-09-25T16:17:29.840+0000] {dag.py:2941} INFO - Sync 1 DAGs
[2025-09-25T16:17:29.867+0000] {logging_mixin.py:154} INFO - [2025-09-25T16:17:29.866+0000] {dag.py:3722} INFO - Setting next_dagrun for example_task_group_decorator to 2025-09-24T16:17:29.866222+00:00, run_after=2025-09-25T16:17:29.866222+00:00
[2025-09-25T16:17:29.897+0000] {processor.py:179} INFO - Processing /home/airflow/.local/lib/python3.8/site-packages/airflow/example_dags/example_task_group_decorator.py took 0.136 seconds
[2025-09-25T16:18:00.563+0000] {processor.py:157} INFO - Started process (PID=870) to work on /home/airflow/.local/lib/python3.8/site-packages/airflow/example_dags/example_task_group_decorator.py
[2025-09-25T16:18:00.566+0000] {processor.py:829} INFO - Processing file /home/airflow/.local/lib/python3.8/site-packages/airflow/example_dags/example_task_group_decorator.py for tasks to queue
[2025-09-25T16:18:00.571+0000] {logging_mixin.py:154} INFO - [2025-09-25T16:18:00.570+0000] {dagbag.py:536} INFO - Filling up the DagBag from /home/airflow/.local/lib/python3.8/site-packages/airflow/example_dags/example_task_group_decorator.py
[2025-09-25T16:18:00.592+0000] {processor.py:839} INFO - DAG(s) dict_keys(['example_task_group_decorator']) retrieved from /home/airflow/.local/lib/python3.8/site-packages/airflow/example_dags/example_task_group_decorator.py
[2025-09-25T16:18:00.638+0000] {logging_mixin.py:154} INFO - [2025-09-25T16:18:00.638+0000] {dag.py:2941} INFO - Sync 1 DAGs
[2025-09-25T16:18:00.673+0000] {logging_mixin.py:154} INFO - [2025-09-25T16:18:00.673+0000] {dag.py:3722} INFO - Setting next_dagrun for example_task_group_decorator to 2025-09-24T16:18:00.673403+00:00, run_after=2025-09-25T16:18:00.673403+00:00
[2025-09-25T16:18:00.706+0000] {processor.py:179} INFO - Processing /home/airflow/.local/lib/python3.8/site-packages/airflow/example_dags/example_task_group_decorator.py took 0.149 seconds
