[2025-09-25T16:10:48.880+0000] {processor.py:157} INFO - Started process (PID=103) to work on /home/airflow/.local/lib/python3.8/site-packages/airflow/example_dags/example_short_circuit_decorator.py
[2025-09-25T16:10:48.885+0000] {processor.py:829} INFO - Processing file /home/airflow/.local/lib/python3.8/site-packages/airflow/example_dags/example_short_circuit_decorator.py for tasks to queue
[2025-09-25T16:10:48.895+0000] {logging_mixin.py:154} INFO - [2025-09-25T16:10:48.895+0000] {dagbag.py:536} INFO - Filling up the DagBag from /home/airflow/.local/lib/python3.8/site-packages/airflow/example_dags/example_short_circuit_decorator.py
[2025-09-25T16:10:48.957+0000] {processor.py:839} INFO - DAG(s) dict_keys(['example_short_circuit_decorator']) retrieved from /home/airflow/.local/lib/python3.8/site-packages/airflow/example_dags/example_short_circuit_decorator.py
[2025-09-25T16:10:49.065+0000] {logging_mixin.py:154} INFO - [2025-09-25T16:10:49.065+0000] {dag.py:2941} INFO - Sync 1 DAGs
[2025-09-25T16:10:49.151+0000] {logging_mixin.py:154} INFO - [2025-09-25T16:10:49.151+0000] {dag.py:3722} INFO - Setting next_dagrun for example_short_circuit_decorator to 2025-09-24T16:10:49.147575+00:00, run_after=2025-09-25T16:10:49.147575+00:00
[2025-09-25T16:10:49.241+0000] {processor.py:179} INFO - Processing /home/airflow/.local/lib/python3.8/site-packages/airflow/example_dags/example_short_circuit_decorator.py took 0.371 seconds
[2025-09-25T16:11:19.918+0000] {processor.py:157} INFO - Started process (PID=157) to work on /home/airflow/.local/lib/python3.8/site-packages/airflow/example_dags/example_short_circuit_decorator.py
[2025-09-25T16:11:19.921+0000] {processor.py:829} INFO - Processing file /home/airflow/.local/lib/python3.8/site-packages/airflow/example_dags/example_short_circuit_decorator.py for tasks to queue
[2025-09-25T16:11:19.929+0000] {logging_mixin.py:154} INFO - [2025-09-25T16:11:19.927+0000] {dagbag.py:536} INFO - Filling up the DagBag from /home/airflow/.local/lib/python3.8/site-packages/airflow/example_dags/example_short_circuit_decorator.py
[2025-09-25T16:11:19.960+0000] {processor.py:839} INFO - DAG(s) dict_keys(['example_short_circuit_decorator']) retrieved from /home/airflow/.local/lib/python3.8/site-packages/airflow/example_dags/example_short_circuit_decorator.py
[2025-09-25T16:11:20.018+0000] {logging_mixin.py:154} INFO - [2025-09-25T16:11:20.017+0000] {dag.py:2941} INFO - Sync 1 DAGs
[2025-09-25T16:11:20.074+0000] {logging_mixin.py:154} INFO - [2025-09-25T16:11:20.074+0000] {dag.py:3722} INFO - Setting next_dagrun for example_short_circuit_decorator to 2025-09-24T16:11:20.073749+00:00, run_after=2025-09-25T16:11:20.073749+00:00
[2025-09-25T16:11:20.120+0000] {processor.py:179} INFO - Processing /home/airflow/.local/lib/python3.8/site-packages/airflow/example_dags/example_short_circuit_decorator.py took 0.208 seconds
[2025-09-25T16:11:50.888+0000] {processor.py:157} INFO - Started process (PID=211) to work on /home/airflow/.local/lib/python3.8/site-packages/airflow/example_dags/example_short_circuit_decorator.py
[2025-09-25T16:11:50.890+0000] {processor.py:829} INFO - Processing file /home/airflow/.local/lib/python3.8/site-packages/airflow/example_dags/example_short_circuit_decorator.py for tasks to queue
[2025-09-25T16:11:50.893+0000] {logging_mixin.py:154} INFO - [2025-09-25T16:11:50.893+0000] {dagbag.py:536} INFO - Filling up the DagBag from /home/airflow/.local/lib/python3.8/site-packages/airflow/example_dags/example_short_circuit_decorator.py
[2025-09-25T16:11:50.905+0000] {processor.py:839} INFO - DAG(s) dict_keys(['example_short_circuit_decorator']) retrieved from /home/airflow/.local/lib/python3.8/site-packages/airflow/example_dags/example_short_circuit_decorator.py
[2025-09-25T16:11:50.934+0000] {logging_mixin.py:154} INFO - [2025-09-25T16:11:50.933+0000] {dag.py:2941} INFO - Sync 1 DAGs
[2025-09-25T16:11:50.965+0000] {logging_mixin.py:154} INFO - [2025-09-25T16:11:50.965+0000] {dag.py:3722} INFO - Setting next_dagrun for example_short_circuit_decorator to 2025-09-24T16:11:50.965069+00:00, run_after=2025-09-25T16:11:50.965069+00:00
[2025-09-25T16:11:50.991+0000] {processor.py:179} INFO - Processing /home/airflow/.local/lib/python3.8/site-packages/airflow/example_dags/example_short_circuit_decorator.py took 0.107 seconds
[2025-09-25T16:12:21.566+0000] {processor.py:157} INFO - Started process (PID=265) to work on /home/airflow/.local/lib/python3.8/site-packages/airflow/example_dags/example_short_circuit_decorator.py
[2025-09-25T16:12:21.567+0000] {processor.py:829} INFO - Processing file /home/airflow/.local/lib/python3.8/site-packages/airflow/example_dags/example_short_circuit_decorator.py for tasks to queue
[2025-09-25T16:12:21.571+0000] {logging_mixin.py:154} INFO - [2025-09-25T16:12:21.570+0000] {dagbag.py:536} INFO - Filling up the DagBag from /home/airflow/.local/lib/python3.8/site-packages/airflow/example_dags/example_short_circuit_decorator.py
[2025-09-25T16:12:21.588+0000] {processor.py:839} INFO - DAG(s) dict_keys(['example_short_circuit_decorator']) retrieved from /home/airflow/.local/lib/python3.8/site-packages/airflow/example_dags/example_short_circuit_decorator.py
[2025-09-25T16:12:21.630+0000] {logging_mixin.py:154} INFO - [2025-09-25T16:12:21.630+0000] {dag.py:2941} INFO - Sync 1 DAGs
[2025-09-25T16:12:21.664+0000] {logging_mixin.py:154} INFO - [2025-09-25T16:12:21.663+0000] {dag.py:3722} INFO - Setting next_dagrun for example_short_circuit_decorator to 2025-09-24T16:12:21.663489+00:00, run_after=2025-09-25T16:12:21.663489+00:00
[2025-09-25T16:12:21.695+0000] {processor.py:179} INFO - Processing /home/airflow/.local/lib/python3.8/site-packages/airflow/example_dags/example_short_circuit_decorator.py took 0.134 seconds
[2025-09-25T16:12:52.449+0000] {processor.py:157} INFO - Started process (PID=319) to work on /home/airflow/.local/lib/python3.8/site-packages/airflow/example_dags/example_short_circuit_decorator.py
[2025-09-25T16:12:52.451+0000] {processor.py:829} INFO - Processing file /home/airflow/.local/lib/python3.8/site-packages/airflow/example_dags/example_short_circuit_decorator.py for tasks to queue
[2025-09-25T16:12:52.454+0000] {logging_mixin.py:154} INFO - [2025-09-25T16:12:52.454+0000] {dagbag.py:536} INFO - Filling up the DagBag from /home/airflow/.local/lib/python3.8/site-packages/airflow/example_dags/example_short_circuit_decorator.py
[2025-09-25T16:12:52.464+0000] {processor.py:839} INFO - DAG(s) dict_keys(['example_short_circuit_decorator']) retrieved from /home/airflow/.local/lib/python3.8/site-packages/airflow/example_dags/example_short_circuit_decorator.py
[2025-09-25T16:12:52.493+0000] {logging_mixin.py:154} INFO - [2025-09-25T16:12:52.492+0000] {dag.py:2941} INFO - Sync 1 DAGs
[2025-09-25T16:12:52.518+0000] {logging_mixin.py:154} INFO - [2025-09-25T16:12:52.518+0000] {dag.py:3722} INFO - Setting next_dagrun for example_short_circuit_decorator to 2025-09-24T16:12:52.517946+00:00, run_after=2025-09-25T16:12:52.517946+00:00
[2025-09-25T16:12:52.541+0000] {processor.py:179} INFO - Processing /home/airflow/.local/lib/python3.8/site-packages/airflow/example_dags/example_short_circuit_decorator.py took 0.096 seconds
[2025-09-25T16:13:22.854+0000] {processor.py:157} INFO - Started process (PID=373) to work on /home/airflow/.local/lib/python3.8/site-packages/airflow/example_dags/example_short_circuit_decorator.py
[2025-09-25T16:13:22.856+0000] {processor.py:829} INFO - Processing file /home/airflow/.local/lib/python3.8/site-packages/airflow/example_dags/example_short_circuit_decorator.py for tasks to queue
[2025-09-25T16:13:22.860+0000] {logging_mixin.py:154} INFO - [2025-09-25T16:13:22.860+0000] {dagbag.py:536} INFO - Filling up the DagBag from /home/airflow/.local/lib/python3.8/site-packages/airflow/example_dags/example_short_circuit_decorator.py
[2025-09-25T16:13:22.872+0000] {processor.py:839} INFO - DAG(s) dict_keys(['example_short_circuit_decorator']) retrieved from /home/airflow/.local/lib/python3.8/site-packages/airflow/example_dags/example_short_circuit_decorator.py
[2025-09-25T16:13:22.905+0000] {logging_mixin.py:154} INFO - [2025-09-25T16:13:22.905+0000] {dag.py:2941} INFO - Sync 1 DAGs
[2025-09-25T16:13:22.930+0000] {logging_mixin.py:154} INFO - [2025-09-25T16:13:22.930+0000] {dag.py:3722} INFO - Setting next_dagrun for example_short_circuit_decorator to 2025-09-24T16:13:22.930401+00:00, run_after=2025-09-25T16:13:22.930401+00:00
[2025-09-25T16:13:22.958+0000] {processor.py:179} INFO - Processing /home/airflow/.local/lib/python3.8/site-packages/airflow/example_dags/example_short_circuit_decorator.py took 0.109 seconds
[2025-09-25T16:13:53.019+0000] {processor.py:157} INFO - Started process (PID=427) to work on /home/airflow/.local/lib/python3.8/site-packages/airflow/example_dags/example_short_circuit_decorator.py
[2025-09-25T16:13:53.022+0000] {processor.py:829} INFO - Processing file /home/airflow/.local/lib/python3.8/site-packages/airflow/example_dags/example_short_circuit_decorator.py for tasks to queue
[2025-09-25T16:13:53.025+0000] {logging_mixin.py:154} INFO - [2025-09-25T16:13:53.025+0000] {dagbag.py:536} INFO - Filling up the DagBag from /home/airflow/.local/lib/python3.8/site-packages/airflow/example_dags/example_short_circuit_decorator.py
[2025-09-25T16:13:53.036+0000] {processor.py:839} INFO - DAG(s) dict_keys(['example_short_circuit_decorator']) retrieved from /home/airflow/.local/lib/python3.8/site-packages/airflow/example_dags/example_short_circuit_decorator.py
[2025-09-25T16:13:53.069+0000] {logging_mixin.py:154} INFO - [2025-09-25T16:13:53.069+0000] {dag.py:2941} INFO - Sync 1 DAGs
[2025-09-25T16:13:53.096+0000] {logging_mixin.py:154} INFO - [2025-09-25T16:13:53.096+0000] {dag.py:3722} INFO - Setting next_dagrun for example_short_circuit_decorator to 2025-09-24T16:13:53.096313+00:00, run_after=2025-09-25T16:13:53.096313+00:00
[2025-09-25T16:13:53.122+0000] {processor.py:179} INFO - Processing /home/airflow/.local/lib/python3.8/site-packages/airflow/example_dags/example_short_circuit_decorator.py took 0.107 seconds
[2025-09-25T16:14:23.200+0000] {processor.py:157} INFO - Started process (PID=481) to work on /home/airflow/.local/lib/python3.8/site-packages/airflow/example_dags/example_short_circuit_decorator.py
[2025-09-25T16:14:23.202+0000] {processor.py:829} INFO - Processing file /home/airflow/.local/lib/python3.8/site-packages/airflow/example_dags/example_short_circuit_decorator.py for tasks to queue
[2025-09-25T16:14:23.205+0000] {logging_mixin.py:154} INFO - [2025-09-25T16:14:23.204+0000] {dagbag.py:536} INFO - Filling up the DagBag from /home/airflow/.local/lib/python3.8/site-packages/airflow/example_dags/example_short_circuit_decorator.py
[2025-09-25T16:14:23.216+0000] {processor.py:839} INFO - DAG(s) dict_keys(['example_short_circuit_decorator']) retrieved from /home/airflow/.local/lib/python3.8/site-packages/airflow/example_dags/example_short_circuit_decorator.py
[2025-09-25T16:14:23.246+0000] {logging_mixin.py:154} INFO - [2025-09-25T16:14:23.246+0000] {dag.py:2941} INFO - Sync 1 DAGs
[2025-09-25T16:14:23.271+0000] {logging_mixin.py:154} INFO - [2025-09-25T16:14:23.271+0000] {dag.py:3722} INFO - Setting next_dagrun for example_short_circuit_decorator to 2025-09-24T16:14:23.270765+00:00, run_after=2025-09-25T16:14:23.270765+00:00
[2025-09-25T16:14:23.298+0000] {processor.py:179} INFO - Processing /home/airflow/.local/lib/python3.8/site-packages/airflow/example_dags/example_short_circuit_decorator.py took 0.102 seconds
[2025-09-25T16:14:54.107+0000] {processor.py:157} INFO - Started process (PID=535) to work on /home/airflow/.local/lib/python3.8/site-packages/airflow/example_dags/example_short_circuit_decorator.py
[2025-09-25T16:14:54.108+0000] {processor.py:829} INFO - Processing file /home/airflow/.local/lib/python3.8/site-packages/airflow/example_dags/example_short_circuit_decorator.py for tasks to queue
[2025-09-25T16:14:54.111+0000] {logging_mixin.py:154} INFO - [2025-09-25T16:14:54.111+0000] {dagbag.py:536} INFO - Filling up the DagBag from /home/airflow/.local/lib/python3.8/site-packages/airflow/example_dags/example_short_circuit_decorator.py
[2025-09-25T16:14:54.124+0000] {processor.py:839} INFO - DAG(s) dict_keys(['example_short_circuit_decorator']) retrieved from /home/airflow/.local/lib/python3.8/site-packages/airflow/example_dags/example_short_circuit_decorator.py
[2025-09-25T16:14:54.158+0000] {logging_mixin.py:154} INFO - [2025-09-25T16:14:54.158+0000] {dag.py:2941} INFO - Sync 1 DAGs
[2025-09-25T16:14:54.188+0000] {logging_mixin.py:154} INFO - [2025-09-25T16:14:54.188+0000] {dag.py:3722} INFO - Setting next_dagrun for example_short_circuit_decorator to 2025-09-24T16:14:54.188398+00:00, run_after=2025-09-25T16:14:54.188398+00:00
[2025-09-25T16:14:54.213+0000] {processor.py:179} INFO - Processing /home/airflow/.local/lib/python3.8/site-packages/airflow/example_dags/example_short_circuit_decorator.py took 0.110 seconds
[2025-09-25T16:15:24.772+0000] {processor.py:157} INFO - Started process (PID=589) to work on /home/airflow/.local/lib/python3.8/site-packages/airflow/example_dags/example_short_circuit_decorator.py
[2025-09-25T16:15:24.774+0000] {processor.py:829} INFO - Processing file /home/airflow/.local/lib/python3.8/site-packages/airflow/example_dags/example_short_circuit_decorator.py for tasks to queue
[2025-09-25T16:15:24.777+0000] {logging_mixin.py:154} INFO - [2025-09-25T16:15:24.777+0000] {dagbag.py:536} INFO - Filling up the DagBag from /home/airflow/.local/lib/python3.8/site-packages/airflow/example_dags/example_short_circuit_decorator.py
[2025-09-25T16:15:24.789+0000] {processor.py:839} INFO - DAG(s) dict_keys(['example_short_circuit_decorator']) retrieved from /home/airflow/.local/lib/python3.8/site-packages/airflow/example_dags/example_short_circuit_decorator.py
[2025-09-25T16:15:24.818+0000] {logging_mixin.py:154} INFO - [2025-09-25T16:15:24.818+0000] {dag.py:2941} INFO - Sync 1 DAGs
[2025-09-25T16:15:24.852+0000] {logging_mixin.py:154} INFO - [2025-09-25T16:15:24.852+0000] {dag.py:3722} INFO - Setting next_dagrun for example_short_circuit_decorator to 2025-09-24T16:15:24.851349+00:00, run_after=2025-09-25T16:15:24.851349+00:00
[2025-09-25T16:15:24.887+0000] {processor.py:179} INFO - Processing /home/airflow/.local/lib/python3.8/site-packages/airflow/example_dags/example_short_circuit_decorator.py took 0.119 seconds
[2025-09-25T16:15:55.102+0000] {processor.py:157} INFO - Started process (PID=643) to work on /home/airflow/.local/lib/python3.8/site-packages/airflow/example_dags/example_short_circuit_decorator.py
[2025-09-25T16:15:55.104+0000] {processor.py:829} INFO - Processing file /home/airflow/.local/lib/python3.8/site-packages/airflow/example_dags/example_short_circuit_decorator.py for tasks to queue
[2025-09-25T16:15:55.108+0000] {logging_mixin.py:154} INFO - [2025-09-25T16:15:55.107+0000] {dagbag.py:536} INFO - Filling up the DagBag from /home/airflow/.local/lib/python3.8/site-packages/airflow/example_dags/example_short_circuit_decorator.py
[2025-09-25T16:15:55.121+0000] {processor.py:839} INFO - DAG(s) dict_keys(['example_short_circuit_decorator']) retrieved from /home/airflow/.local/lib/python3.8/site-packages/airflow/example_dags/example_short_circuit_decorator.py
[2025-09-25T16:15:55.163+0000] {logging_mixin.py:154} INFO - [2025-09-25T16:15:55.163+0000] {dag.py:2941} INFO - Sync 1 DAGs
[2025-09-25T16:15:55.197+0000] {logging_mixin.py:154} INFO - [2025-09-25T16:15:55.196+0000] {dag.py:3722} INFO - Setting next_dagrun for example_short_circuit_decorator to 2025-09-24T16:15:55.196677+00:00, run_after=2025-09-25T16:15:55.196677+00:00
[2025-09-25T16:15:55.226+0000] {processor.py:179} INFO - Processing /home/airflow/.local/lib/python3.8/site-packages/airflow/example_dags/example_short_circuit_decorator.py took 0.128 seconds
[2025-09-25T16:16:25.292+0000] {processor.py:157} INFO - Started process (PID=697) to work on /home/airflow/.local/lib/python3.8/site-packages/airflow/example_dags/example_short_circuit_decorator.py
[2025-09-25T16:16:25.293+0000] {processor.py:829} INFO - Processing file /home/airflow/.local/lib/python3.8/site-packages/airflow/example_dags/example_short_circuit_decorator.py for tasks to queue
[2025-09-25T16:16:25.297+0000] {logging_mixin.py:154} INFO - [2025-09-25T16:16:25.296+0000] {dagbag.py:536} INFO - Filling up the DagBag from /home/airflow/.local/lib/python3.8/site-packages/airflow/example_dags/example_short_circuit_decorator.py
[2025-09-25T16:16:25.307+0000] {processor.py:839} INFO - DAG(s) dict_keys(['example_short_circuit_decorator']) retrieved from /home/airflow/.local/lib/python3.8/site-packages/airflow/example_dags/example_short_circuit_decorator.py
[2025-09-25T16:16:25.335+0000] {logging_mixin.py:154} INFO - [2025-09-25T16:16:25.334+0000] {dag.py:2941} INFO - Sync 1 DAGs
[2025-09-25T16:16:25.358+0000] {logging_mixin.py:154} INFO - [2025-09-25T16:16:25.358+0000] {dag.py:3722} INFO - Setting next_dagrun for example_short_circuit_decorator to 2025-09-24T16:16:25.358332+00:00, run_after=2025-09-25T16:16:25.358332+00:00
[2025-09-25T16:16:25.386+0000] {processor.py:179} INFO - Processing /home/airflow/.local/lib/python3.8/site-packages/airflow/example_dags/example_short_circuit_decorator.py took 0.098 seconds
[2025-09-25T16:16:55.659+0000] {processor.py:157} INFO - Started process (PID=751) to work on /home/airflow/.local/lib/python3.8/site-packages/airflow/example_dags/example_short_circuit_decorator.py
[2025-09-25T16:16:55.660+0000] {processor.py:829} INFO - Processing file /home/airflow/.local/lib/python3.8/site-packages/airflow/example_dags/example_short_circuit_decorator.py for tasks to queue
[2025-09-25T16:16:55.664+0000] {logging_mixin.py:154} INFO - [2025-09-25T16:16:55.663+0000] {dagbag.py:536} INFO - Filling up the DagBag from /home/airflow/.local/lib/python3.8/site-packages/airflow/example_dags/example_short_circuit_decorator.py
[2025-09-25T16:16:55.675+0000] {processor.py:839} INFO - DAG(s) dict_keys(['example_short_circuit_decorator']) retrieved from /home/airflow/.local/lib/python3.8/site-packages/airflow/example_dags/example_short_circuit_decorator.py
[2025-09-25T16:16:55.702+0000] {logging_mixin.py:154} INFO - [2025-09-25T16:16:55.702+0000] {dag.py:2941} INFO - Sync 1 DAGs
[2025-09-25T16:16:55.729+0000] {logging_mixin.py:154} INFO - [2025-09-25T16:16:55.729+0000] {dag.py:3722} INFO - Setting next_dagrun for example_short_circuit_decorator to 2025-09-24T16:16:55.728856+00:00, run_after=2025-09-25T16:16:55.728856+00:00
[2025-09-25T16:16:55.752+0000] {processor.py:179} INFO - Processing /home/airflow/.local/lib/python3.8/site-packages/airflow/example_dags/example_short_circuit_decorator.py took 0.098 seconds
[2025-09-25T16:17:26.437+0000] {processor.py:157} INFO - Started process (PID=805) to work on /home/airflow/.local/lib/python3.8/site-packages/airflow/example_dags/example_short_circuit_decorator.py
[2025-09-25T16:17:26.439+0000] {processor.py:829} INFO - Processing file /home/airflow/.local/lib/python3.8/site-packages/airflow/example_dags/example_short_circuit_decorator.py for tasks to queue
[2025-09-25T16:17:26.443+0000] {logging_mixin.py:154} INFO - [2025-09-25T16:17:26.442+0000] {dagbag.py:536} INFO - Filling up the DagBag from /home/airflow/.local/lib/python3.8/site-packages/airflow/example_dags/example_short_circuit_decorator.py
[2025-09-25T16:17:26.457+0000] {processor.py:839} INFO - DAG(s) dict_keys(['example_short_circuit_decorator']) retrieved from /home/airflow/.local/lib/python3.8/site-packages/airflow/example_dags/example_short_circuit_decorator.py
[2025-09-25T16:17:26.494+0000] {logging_mixin.py:154} INFO - [2025-09-25T16:17:26.494+0000] {dag.py:2941} INFO - Sync 1 DAGs
[2025-09-25T16:17:26.524+0000] {logging_mixin.py:154} INFO - [2025-09-25T16:17:26.524+0000] {dag.py:3722} INFO - Setting next_dagrun for example_short_circuit_decorator to 2025-09-24T16:17:26.523950+00:00, run_after=2025-09-25T16:17:26.523950+00:00
[2025-09-25T16:17:26.550+0000] {processor.py:179} INFO - Processing /home/airflow/.local/lib/python3.8/site-packages/airflow/example_dags/example_short_circuit_decorator.py took 0.120 seconds
[2025-09-25T16:17:57.300+0000] {processor.py:157} INFO - Started process (PID=859) to work on /home/airflow/.local/lib/python3.8/site-packages/airflow/example_dags/example_short_circuit_decorator.py
[2025-09-25T16:17:57.302+0000] {processor.py:829} INFO - Processing file /home/airflow/.local/lib/python3.8/site-packages/airflow/example_dags/example_short_circuit_decorator.py for tasks to queue
[2025-09-25T16:17:57.307+0000] {logging_mixin.py:154} INFO - [2025-09-25T16:17:57.306+0000] {dagbag.py:536} INFO - Filling up the DagBag from /home/airflow/.local/lib/python3.8/site-packages/airflow/example_dags/example_short_circuit_decorator.py
[2025-09-25T16:17:57.321+0000] {processor.py:839} INFO - DAG(s) dict_keys(['example_short_circuit_decorator']) retrieved from /home/airflow/.local/lib/python3.8/site-packages/airflow/example_dags/example_short_circuit_decorator.py
[2025-09-25T16:17:57.363+0000] {logging_mixin.py:154} INFO - [2025-09-25T16:17:57.363+0000] {dag.py:2941} INFO - Sync 1 DAGs
[2025-09-25T16:17:57.395+0000] {logging_mixin.py:154} INFO - [2025-09-25T16:17:57.395+0000] {dag.py:3722} INFO - Setting next_dagrun for example_short_circuit_decorator to 2025-09-24T16:17:57.394795+00:00, run_after=2025-09-25T16:17:57.394795+00:00
[2025-09-25T16:17:57.432+0000] {processor.py:179} INFO - Processing /home/airflow/.local/lib/python3.8/site-packages/airflow/example_dags/example_short_circuit_decorator.py took 0.137 seconds
