[2025-09-25T16:10:48.514+0000] {processor.py:157} INFO - Started process (PID=102) to work on /home/airflow/.local/lib/python3.8/site-packages/airflow/example_dags/example_setup_teardown.py
[2025-09-25T16:10:48.534+0000] {processor.py:829} INFO - Processing file /home/airflow/.local/lib/python3.8/site-packages/airflow/example_dags/example_setup_teardown.py for tasks to queue
[2025-09-25T16:10:48.564+0000] {logging_mixin.py:154} INFO - [2025-09-25T16:10:48.563+0000] {dagbag.py:536} INFO - Filling up the DagBag from /home/airflow/.local/lib/python3.8/site-packages/airflow/example_dags/example_setup_teardown.py
[2025-09-25T16:10:48.624+0000] {processor.py:839} INFO - DAG(s) dict_keys(['example_setup_teardown']) retrieved from /home/airflow/.local/lib/python3.8/site-packages/airflow/example_dags/example_setup_teardown.py
[2025-09-25T16:10:48.745+0000] {logging_mixin.py:154} INFO - [2025-09-25T16:10:48.744+0000] {dag.py:2941} INFO - Sync 1 DAGs
[2025-09-25T16:10:48.843+0000] {logging_mixin.py:154} INFO - [2025-09-25T16:10:48.842+0000] {dag.py:3722} INFO - Setting next_dagrun for example_setup_teardown to 2025-09-24T16:10:48.841932+00:00, run_after=2025-09-25T16:10:48.841932+00:00
[2025-09-25T16:10:48.912+0000] {processor.py:179} INFO - Processing /home/airflow/.local/lib/python3.8/site-packages/airflow/example_dags/example_setup_teardown.py took 0.435 seconds
[2025-09-25T16:11:19.615+0000] {processor.py:157} INFO - Started process (PID=156) to work on /home/airflow/.local/lib/python3.8/site-packages/airflow/example_dags/example_setup_teardown.py
[2025-09-25T16:11:19.618+0000] {processor.py:829} INFO - Processing file /home/airflow/.local/lib/python3.8/site-packages/airflow/example_dags/example_setup_teardown.py for tasks to queue
[2025-09-25T16:11:19.623+0000] {logging_mixin.py:154} INFO - [2025-09-25T16:11:19.622+0000] {dagbag.py:536} INFO - Filling up the DagBag from /home/airflow/.local/lib/python3.8/site-packages/airflow/example_dags/example_setup_teardown.py
[2025-09-25T16:11:19.646+0000] {processor.py:839} INFO - DAG(s) dict_keys(['example_setup_teardown']) retrieved from /home/airflow/.local/lib/python3.8/site-packages/airflow/example_dags/example_setup_teardown.py
[2025-09-25T16:11:19.731+0000] {logging_mixin.py:154} INFO - [2025-09-25T16:11:19.731+0000] {dag.py:2941} INFO - Sync 1 DAGs
[2025-09-25T16:11:19.810+0000] {logging_mixin.py:154} INFO - [2025-09-25T16:11:19.810+0000] {dag.py:3722} INFO - Setting next_dagrun for example_setup_teardown to 2025-09-24T16:11:19.810039+00:00, run_after=2025-09-25T16:11:19.810039+00:00
[2025-09-25T16:11:19.869+0000] {processor.py:179} INFO - Processing /home/airflow/.local/lib/python3.8/site-packages/airflow/example_dags/example_setup_teardown.py took 0.267 seconds
[2025-09-25T16:11:50.758+0000] {processor.py:157} INFO - Started process (PID=210) to work on /home/airflow/.local/lib/python3.8/site-packages/airflow/example_dags/example_setup_teardown.py
[2025-09-25T16:11:50.760+0000] {processor.py:829} INFO - Processing file /home/airflow/.local/lib/python3.8/site-packages/airflow/example_dags/example_setup_teardown.py for tasks to queue
[2025-09-25T16:11:50.763+0000] {logging_mixin.py:154} INFO - [2025-09-25T16:11:50.763+0000] {dagbag.py:536} INFO - Filling up the DagBag from /home/airflow/.local/lib/python3.8/site-packages/airflow/example_dags/example_setup_teardown.py
[2025-09-25T16:11:50.772+0000] {processor.py:839} INFO - DAG(s) dict_keys(['example_setup_teardown']) retrieved from /home/airflow/.local/lib/python3.8/site-packages/airflow/example_dags/example_setup_teardown.py
[2025-09-25T16:11:50.799+0000] {logging_mixin.py:154} INFO - [2025-09-25T16:11:50.798+0000] {dag.py:2941} INFO - Sync 1 DAGs
[2025-09-25T16:11:50.824+0000] {logging_mixin.py:154} INFO - [2025-09-25T16:11:50.824+0000] {dag.py:3722} INFO - Setting next_dagrun for example_setup_teardown to 2025-09-24T16:11:50.824211+00:00, run_after=2025-09-25T16:11:50.824211+00:00
[2025-09-25T16:11:50.849+0000] {processor.py:179} INFO - Processing /home/airflow/.local/lib/python3.8/site-packages/airflow/example_dags/example_setup_teardown.py took 0.096 seconds
[2025-09-25T16:12:21.417+0000] {processor.py:157} INFO - Started process (PID=264) to work on /home/airflow/.local/lib/python3.8/site-packages/airflow/example_dags/example_setup_teardown.py
[2025-09-25T16:12:21.418+0000] {processor.py:829} INFO - Processing file /home/airflow/.local/lib/python3.8/site-packages/airflow/example_dags/example_setup_teardown.py for tasks to queue
[2025-09-25T16:12:21.422+0000] {logging_mixin.py:154} INFO - [2025-09-25T16:12:21.421+0000] {dagbag.py:536} INFO - Filling up the DagBag from /home/airflow/.local/lib/python3.8/site-packages/airflow/example_dags/example_setup_teardown.py
[2025-09-25T16:12:21.431+0000] {processor.py:839} INFO - DAG(s) dict_keys(['example_setup_teardown']) retrieved from /home/airflow/.local/lib/python3.8/site-packages/airflow/example_dags/example_setup_teardown.py
[2025-09-25T16:12:21.462+0000] {logging_mixin.py:154} INFO - [2025-09-25T16:12:21.461+0000] {dag.py:2941} INFO - Sync 1 DAGs
[2025-09-25T16:12:21.494+0000] {logging_mixin.py:154} INFO - [2025-09-25T16:12:21.494+0000] {dag.py:3722} INFO - Setting next_dagrun for example_setup_teardown to 2025-09-24T16:12:21.494238+00:00, run_after=2025-09-25T16:12:21.494238+00:00
[2025-09-25T16:12:21.521+0000] {processor.py:179} INFO - Processing /home/airflow/.local/lib/python3.8/site-packages/airflow/example_dags/example_setup_teardown.py took 0.109 seconds
[2025-09-25T16:12:52.335+0000] {processor.py:157} INFO - Started process (PID=318) to work on /home/airflow/.local/lib/python3.8/site-packages/airflow/example_dags/example_setup_teardown.py
[2025-09-25T16:12:52.338+0000] {processor.py:829} INFO - Processing file /home/airflow/.local/lib/python3.8/site-packages/airflow/example_dags/example_setup_teardown.py for tasks to queue
[2025-09-25T16:12:52.343+0000] {logging_mixin.py:154} INFO - [2025-09-25T16:12:52.342+0000] {dagbag.py:536} INFO - Filling up the DagBag from /home/airflow/.local/lib/python3.8/site-packages/airflow/example_dags/example_setup_teardown.py
[2025-09-25T16:12:52.356+0000] {processor.py:839} INFO - DAG(s) dict_keys(['example_setup_teardown']) retrieved from /home/airflow/.local/lib/python3.8/site-packages/airflow/example_dags/example_setup_teardown.py
[2025-09-25T16:12:52.382+0000] {logging_mixin.py:154} INFO - [2025-09-25T16:12:52.382+0000] {dag.py:2941} INFO - Sync 1 DAGs
[2025-09-25T16:12:52.406+0000] {logging_mixin.py:154} INFO - [2025-09-25T16:12:52.406+0000] {dag.py:3722} INFO - Setting next_dagrun for example_setup_teardown to 2025-09-24T16:12:52.405774+00:00, run_after=2025-09-25T16:12:52.405774+00:00
[2025-09-25T16:12:52.430+0000] {processor.py:179} INFO - Processing /home/airflow/.local/lib/python3.8/site-packages/airflow/example_dags/example_setup_teardown.py took 0.100 seconds
[2025-09-25T16:13:22.711+0000] {processor.py:157} INFO - Started process (PID=372) to work on /home/airflow/.local/lib/python3.8/site-packages/airflow/example_dags/example_setup_teardown.py
[2025-09-25T16:13:22.713+0000] {processor.py:829} INFO - Processing file /home/airflow/.local/lib/python3.8/site-packages/airflow/example_dags/example_setup_teardown.py for tasks to queue
[2025-09-25T16:13:22.716+0000] {logging_mixin.py:154} INFO - [2025-09-25T16:13:22.716+0000] {dagbag.py:536} INFO - Filling up the DagBag from /home/airflow/.local/lib/python3.8/site-packages/airflow/example_dags/example_setup_teardown.py
[2025-09-25T16:13:22.726+0000] {processor.py:839} INFO - DAG(s) dict_keys(['example_setup_teardown']) retrieved from /home/airflow/.local/lib/python3.8/site-packages/airflow/example_dags/example_setup_teardown.py
[2025-09-25T16:13:22.756+0000] {logging_mixin.py:154} INFO - [2025-09-25T16:13:22.755+0000] {dag.py:2941} INFO - Sync 1 DAGs
[2025-09-25T16:13:22.785+0000] {logging_mixin.py:154} INFO - [2025-09-25T16:13:22.785+0000] {dag.py:3722} INFO - Setting next_dagrun for example_setup_teardown to 2025-09-24T16:13:22.784786+00:00, run_after=2025-09-25T16:13:22.784786+00:00
[2025-09-25T16:13:22.814+0000] {processor.py:179} INFO - Processing /home/airflow/.local/lib/python3.8/site-packages/airflow/example_dags/example_setup_teardown.py took 0.106 seconds
[2025-09-25T16:13:52.879+0000] {processor.py:157} INFO - Started process (PID=426) to work on /home/airflow/.local/lib/python3.8/site-packages/airflow/example_dags/example_setup_teardown.py
[2025-09-25T16:13:52.881+0000] {processor.py:829} INFO - Processing file /home/airflow/.local/lib/python3.8/site-packages/airflow/example_dags/example_setup_teardown.py for tasks to queue
[2025-09-25T16:13:52.885+0000] {logging_mixin.py:154} INFO - [2025-09-25T16:13:52.884+0000] {dagbag.py:536} INFO - Filling up the DagBag from /home/airflow/.local/lib/python3.8/site-packages/airflow/example_dags/example_setup_teardown.py
[2025-09-25T16:13:52.895+0000] {processor.py:839} INFO - DAG(s) dict_keys(['example_setup_teardown']) retrieved from /home/airflow/.local/lib/python3.8/site-packages/airflow/example_dags/example_setup_teardown.py
[2025-09-25T16:13:52.927+0000] {logging_mixin.py:154} INFO - [2025-09-25T16:13:52.927+0000] {dag.py:2941} INFO - Sync 1 DAGs
[2025-09-25T16:13:52.955+0000] {logging_mixin.py:154} INFO - [2025-09-25T16:13:52.954+0000] {dag.py:3722} INFO - Setting next_dagrun for example_setup_teardown to 2025-09-24T16:13:52.954547+00:00, run_after=2025-09-25T16:13:52.954547+00:00
[2025-09-25T16:13:52.982+0000] {processor.py:179} INFO - Processing /home/airflow/.local/lib/python3.8/site-packages/airflow/example_dags/example_setup_teardown.py took 0.107 seconds
[2025-09-25T16:14:23.069+0000] {processor.py:157} INFO - Started process (PID=480) to work on /home/airflow/.local/lib/python3.8/site-packages/airflow/example_dags/example_setup_teardown.py
[2025-09-25T16:14:23.071+0000] {processor.py:829} INFO - Processing file /home/airflow/.local/lib/python3.8/site-packages/airflow/example_dags/example_setup_teardown.py for tasks to queue
[2025-09-25T16:14:23.074+0000] {logging_mixin.py:154} INFO - [2025-09-25T16:14:23.074+0000] {dagbag.py:536} INFO - Filling up the DagBag from /home/airflow/.local/lib/python3.8/site-packages/airflow/example_dags/example_setup_teardown.py
[2025-09-25T16:14:23.083+0000] {processor.py:839} INFO - DAG(s) dict_keys(['example_setup_teardown']) retrieved from /home/airflow/.local/lib/python3.8/site-packages/airflow/example_dags/example_setup_teardown.py
[2025-09-25T16:14:23.111+0000] {logging_mixin.py:154} INFO - [2025-09-25T16:14:23.111+0000] {dag.py:2941} INFO - Sync 1 DAGs
[2025-09-25T16:14:23.138+0000] {logging_mixin.py:154} INFO - [2025-09-25T16:14:23.138+0000] {dag.py:3722} INFO - Setting next_dagrun for example_setup_teardown to 2025-09-24T16:14:23.137857+00:00, run_after=2025-09-25T16:14:23.137857+00:00
[2025-09-25T16:14:23.164+0000] {processor.py:179} INFO - Processing /home/airflow/.local/lib/python3.8/site-packages/airflow/example_dags/example_setup_teardown.py took 0.099 seconds
[2025-09-25T16:14:53.976+0000] {processor.py:157} INFO - Started process (PID=534) to work on /home/airflow/.local/lib/python3.8/site-packages/airflow/example_dags/example_setup_teardown.py
[2025-09-25T16:14:53.977+0000] {processor.py:829} INFO - Processing file /home/airflow/.local/lib/python3.8/site-packages/airflow/example_dags/example_setup_teardown.py for tasks to queue
[2025-09-25T16:14:53.981+0000] {logging_mixin.py:154} INFO - [2025-09-25T16:14:53.980+0000] {dagbag.py:536} INFO - Filling up the DagBag from /home/airflow/.local/lib/python3.8/site-packages/airflow/example_dags/example_setup_teardown.py
[2025-09-25T16:14:53.992+0000] {processor.py:839} INFO - DAG(s) dict_keys(['example_setup_teardown']) retrieved from /home/airflow/.local/lib/python3.8/site-packages/airflow/example_dags/example_setup_teardown.py
[2025-09-25T16:14:54.023+0000] {logging_mixin.py:154} INFO - [2025-09-25T16:14:54.023+0000] {dag.py:2941} INFO - Sync 1 DAGs
[2025-09-25T16:14:54.057+0000] {logging_mixin.py:154} INFO - [2025-09-25T16:14:54.056+0000] {dag.py:3722} INFO - Setting next_dagrun for example_setup_teardown to 2025-09-24T16:14:54.056695+00:00, run_after=2025-09-25T16:14:54.056695+00:00
[2025-09-25T16:14:54.085+0000] {processor.py:179} INFO - Processing /home/airflow/.local/lib/python3.8/site-packages/airflow/example_dags/example_setup_teardown.py took 0.114 seconds
[2025-09-25T16:15:24.637+0000] {processor.py:157} INFO - Started process (PID=588) to work on /home/airflow/.local/lib/python3.8/site-packages/airflow/example_dags/example_setup_teardown.py
[2025-09-25T16:15:24.638+0000] {processor.py:829} INFO - Processing file /home/airflow/.local/lib/python3.8/site-packages/airflow/example_dags/example_setup_teardown.py for tasks to queue
[2025-09-25T16:15:24.642+0000] {logging_mixin.py:154} INFO - [2025-09-25T16:15:24.641+0000] {dagbag.py:536} INFO - Filling up the DagBag from /home/airflow/.local/lib/python3.8/site-packages/airflow/example_dags/example_setup_teardown.py
[2025-09-25T16:15:24.651+0000] {processor.py:839} INFO - DAG(s) dict_keys(['example_setup_teardown']) retrieved from /home/airflow/.local/lib/python3.8/site-packages/airflow/example_dags/example_setup_teardown.py
[2025-09-25T16:15:24.682+0000] {logging_mixin.py:154} INFO - [2025-09-25T16:15:24.682+0000] {dag.py:2941} INFO - Sync 1 DAGs
[2025-09-25T16:15:24.707+0000] {logging_mixin.py:154} INFO - [2025-09-25T16:15:24.707+0000] {dag.py:3722} INFO - Setting next_dagrun for example_setup_teardown to 2025-09-24T16:15:24.706826+00:00, run_after=2025-09-25T16:15:24.706826+00:00
[2025-09-25T16:15:24.730+0000] {processor.py:179} INFO - Processing /home/airflow/.local/lib/python3.8/site-packages/airflow/example_dags/example_setup_teardown.py took 0.099 seconds
[2025-09-25T16:15:54.968+0000] {processor.py:157} INFO - Started process (PID=642) to work on /home/airflow/.local/lib/python3.8/site-packages/airflow/example_dags/example_setup_teardown.py
[2025-09-25T16:15:54.970+0000] {processor.py:829} INFO - Processing file /home/airflow/.local/lib/python3.8/site-packages/airflow/example_dags/example_setup_teardown.py for tasks to queue
[2025-09-25T16:15:54.975+0000] {logging_mixin.py:154} INFO - [2025-09-25T16:15:54.974+0000] {dagbag.py:536} INFO - Filling up the DagBag from /home/airflow/.local/lib/python3.8/site-packages/airflow/example_dags/example_setup_teardown.py
[2025-09-25T16:15:54.987+0000] {processor.py:839} INFO - DAG(s) dict_keys(['example_setup_teardown']) retrieved from /home/airflow/.local/lib/python3.8/site-packages/airflow/example_dags/example_setup_teardown.py
[2025-09-25T16:15:55.022+0000] {logging_mixin.py:154} INFO - [2025-09-25T16:15:55.022+0000] {dag.py:2941} INFO - Sync 1 DAGs
[2025-09-25T16:15:55.049+0000] {logging_mixin.py:154} INFO - [2025-09-25T16:15:55.049+0000] {dag.py:3722} INFO - Setting next_dagrun for example_setup_teardown to 2025-09-24T16:15:55.049254+00:00, run_after=2025-09-25T16:15:55.049254+00:00
[2025-09-25T16:15:55.077+0000] {processor.py:179} INFO - Processing /home/airflow/.local/lib/python3.8/site-packages/airflow/example_dags/example_setup_teardown.py took 0.116 seconds
[2025-09-25T16:16:25.168+0000] {processor.py:157} INFO - Started process (PID=696) to work on /home/airflow/.local/lib/python3.8/site-packages/airflow/example_dags/example_setup_teardown.py
[2025-09-25T16:16:25.170+0000] {processor.py:829} INFO - Processing file /home/airflow/.local/lib/python3.8/site-packages/airflow/example_dags/example_setup_teardown.py for tasks to queue
[2025-09-25T16:16:25.173+0000] {logging_mixin.py:154} INFO - [2025-09-25T16:16:25.173+0000] {dagbag.py:536} INFO - Filling up the DagBag from /home/airflow/.local/lib/python3.8/site-packages/airflow/example_dags/example_setup_teardown.py
[2025-09-25T16:16:25.185+0000] {processor.py:839} INFO - DAG(s) dict_keys(['example_setup_teardown']) retrieved from /home/airflow/.local/lib/python3.8/site-packages/airflow/example_dags/example_setup_teardown.py
[2025-09-25T16:16:25.213+0000] {logging_mixin.py:154} INFO - [2025-09-25T16:16:25.213+0000] {dag.py:2941} INFO - Sync 1 DAGs
[2025-09-25T16:16:25.242+0000] {logging_mixin.py:154} INFO - [2025-09-25T16:16:25.241+0000] {dag.py:3722} INFO - Setting next_dagrun for example_setup_teardown to 2025-09-24T16:16:25.241468+00:00, run_after=2025-09-25T16:16:25.241468+00:00
[2025-09-25T16:16:25.267+0000] {processor.py:179} INFO - Processing /home/airflow/.local/lib/python3.8/site-packages/airflow/example_dags/example_setup_teardown.py took 0.102 seconds
[2025-09-25T16:16:55.507+0000] {processor.py:157} INFO - Started process (PID=750) to work on /home/airflow/.local/lib/python3.8/site-packages/airflow/example_dags/example_setup_teardown.py
[2025-09-25T16:16:55.509+0000] {processor.py:829} INFO - Processing file /home/airflow/.local/lib/python3.8/site-packages/airflow/example_dags/example_setup_teardown.py for tasks to queue
[2025-09-25T16:16:55.514+0000] {logging_mixin.py:154} INFO - [2025-09-25T16:16:55.513+0000] {dagbag.py:536} INFO - Filling up the DagBag from /home/airflow/.local/lib/python3.8/site-packages/airflow/example_dags/example_setup_teardown.py
[2025-09-25T16:16:55.526+0000] {processor.py:839} INFO - DAG(s) dict_keys(['example_setup_teardown']) retrieved from /home/airflow/.local/lib/python3.8/site-packages/airflow/example_dags/example_setup_teardown.py
[2025-09-25T16:16:55.560+0000] {logging_mixin.py:154} INFO - [2025-09-25T16:16:55.560+0000] {dag.py:2941} INFO - Sync 1 DAGs
[2025-09-25T16:16:55.588+0000] {logging_mixin.py:154} INFO - [2025-09-25T16:16:55.588+0000] {dag.py:3722} INFO - Setting next_dagrun for example_setup_teardown to 2025-09-24T16:16:55.588015+00:00, run_after=2025-09-25T16:16:55.588015+00:00
[2025-09-25T16:16:55.614+0000] {processor.py:179} INFO - Processing /home/airflow/.local/lib/python3.8/site-packages/airflow/example_dags/example_setup_teardown.py took 0.113 seconds
[2025-09-25T16:17:26.279+0000] {processor.py:157} INFO - Started process (PID=804) to work on /home/airflow/.local/lib/python3.8/site-packages/airflow/example_dags/example_setup_teardown.py
[2025-09-25T16:17:26.281+0000] {processor.py:829} INFO - Processing file /home/airflow/.local/lib/python3.8/site-packages/airflow/example_dags/example_setup_teardown.py for tasks to queue
[2025-09-25T16:17:26.284+0000] {logging_mixin.py:154} INFO - [2025-09-25T16:17:26.284+0000] {dagbag.py:536} INFO - Filling up the DagBag from /home/airflow/.local/lib/python3.8/site-packages/airflow/example_dags/example_setup_teardown.py
[2025-09-25T16:17:26.293+0000] {processor.py:839} INFO - DAG(s) dict_keys(['example_setup_teardown']) retrieved from /home/airflow/.local/lib/python3.8/site-packages/airflow/example_dags/example_setup_teardown.py
[2025-09-25T16:17:26.328+0000] {logging_mixin.py:154} INFO - [2025-09-25T16:17:26.328+0000] {dag.py:2941} INFO - Sync 1 DAGs
[2025-09-25T16:17:26.359+0000] {logging_mixin.py:154} INFO - [2025-09-25T16:17:26.359+0000] {dag.py:3722} INFO - Setting next_dagrun for example_setup_teardown to 2025-09-24T16:17:26.358984+00:00, run_after=2025-09-25T16:17:26.358984+00:00
[2025-09-25T16:17:26.391+0000] {processor.py:179} INFO - Processing /home/airflow/.local/lib/python3.8/site-packages/airflow/example_dags/example_setup_teardown.py took 0.117 seconds
[2025-09-25T16:17:57.145+0000] {processor.py:157} INFO - Started process (PID=858) to work on /home/airflow/.local/lib/python3.8/site-packages/airflow/example_dags/example_setup_teardown.py
[2025-09-25T16:17:57.147+0000] {processor.py:829} INFO - Processing file /home/airflow/.local/lib/python3.8/site-packages/airflow/example_dags/example_setup_teardown.py for tasks to queue
[2025-09-25T16:17:57.151+0000] {logging_mixin.py:154} INFO - [2025-09-25T16:17:57.150+0000] {dagbag.py:536} INFO - Filling up the DagBag from /home/airflow/.local/lib/python3.8/site-packages/airflow/example_dags/example_setup_teardown.py
[2025-09-25T16:17:57.160+0000] {processor.py:839} INFO - DAG(s) dict_keys(['example_setup_teardown']) retrieved from /home/airflow/.local/lib/python3.8/site-packages/airflow/example_dags/example_setup_teardown.py
[2025-09-25T16:17:57.195+0000] {logging_mixin.py:154} INFO - [2025-09-25T16:17:57.194+0000] {dag.py:2941} INFO - Sync 1 DAGs
[2025-09-25T16:17:57.226+0000] {logging_mixin.py:154} INFO - [2025-09-25T16:17:57.226+0000] {dag.py:3722} INFO - Setting next_dagrun for example_setup_teardown to 2025-09-24T16:17:57.225929+00:00, run_after=2025-09-25T16:17:57.225929+00:00
[2025-09-25T16:17:57.258+0000] {processor.py:179} INFO - Processing /home/airflow/.local/lib/python3.8/site-packages/airflow/example_dags/example_setup_teardown.py took 0.118 seconds
