[2025-09-25T16:10:51.883+0000] {processor.py:157} INFO - Started process (PID=116) to work on /home/airflow/.local/lib/python3.8/site-packages/airflow/example_dags/example_local_kubernetes_executor.py
[2025-09-25T16:10:51.885+0000] {processor.py:829} INFO - Processing file /home/airflow/.local/lib/python3.8/site-packages/airflow/example_dags/example_local_kubernetes_executor.py for tasks to queue
[2025-09-25T16:10:51.889+0000] {logging_mixin.py:154} INFO - [2025-09-25T16:10:51.889+0000] {dagbag.py:536} INFO - Filling up the DagBag from /home/airflow/.local/lib/python3.8/site-packages/airflow/example_dags/example_local_kubernetes_executor.py
[2025-09-25T16:10:51.909+0000] {processor.py:839} INFO - DAG(s) dict_keys(['example_local_kubernetes_executor']) retrieved from /home/airflow/.local/lib/python3.8/site-packages/airflow/example_dags/example_local_kubernetes_executor.py
[2025-09-25T16:10:52.001+0000] {logging_mixin.py:154} INFO - [2025-09-25T16:10:52.001+0000] {dag.py:2941} INFO - Sync 1 DAGs
[2025-09-25T16:10:52.023+0000] {logging_mixin.py:154} INFO - [2025-09-25T16:10:52.023+0000] {dag.py:3722} INFO - Setting next_dagrun for example_local_kubernetes_executor to None, run_after=None
[2025-09-25T16:10:52.058+0000] {processor.py:179} INFO - Processing /home/airflow/.local/lib/python3.8/site-packages/airflow/example_dags/example_local_kubernetes_executor.py took 0.181 seconds
[2025-09-25T16:11:22.842+0000] {processor.py:157} INFO - Started process (PID=170) to work on /home/airflow/.local/lib/python3.8/site-packages/airflow/example_dags/example_local_kubernetes_executor.py
[2025-09-25T16:11:22.845+0000] {processor.py:829} INFO - Processing file /home/airflow/.local/lib/python3.8/site-packages/airflow/example_dags/example_local_kubernetes_executor.py for tasks to queue
[2025-09-25T16:11:22.851+0000] {logging_mixin.py:154} INFO - [2025-09-25T16:11:22.850+0000] {dagbag.py:536} INFO - Filling up the DagBag from /home/airflow/.local/lib/python3.8/site-packages/airflow/example_dags/example_local_kubernetes_executor.py
[2025-09-25T16:11:22.875+0000] {processor.py:839} INFO - DAG(s) dict_keys(['example_local_kubernetes_executor']) retrieved from /home/airflow/.local/lib/python3.8/site-packages/airflow/example_dags/example_local_kubernetes_executor.py
[2025-09-25T16:11:22.967+0000] {logging_mixin.py:154} INFO - [2025-09-25T16:11:22.967+0000] {dag.py:2941} INFO - Sync 1 DAGs
[2025-09-25T16:11:23.002+0000] {logging_mixin.py:154} INFO - [2025-09-25T16:11:23.001+0000] {dag.py:3722} INFO - Setting next_dagrun for example_local_kubernetes_executor to None, run_after=None
[2025-09-25T16:11:23.054+0000] {processor.py:179} INFO - Processing /home/airflow/.local/lib/python3.8/site-packages/airflow/example_dags/example_local_kubernetes_executor.py took 0.221 seconds
[2025-09-25T16:11:54.076+0000] {processor.py:157} INFO - Started process (PID=224) to work on /home/airflow/.local/lib/python3.8/site-packages/airflow/example_dags/example_local_kubernetes_executor.py
[2025-09-25T16:11:54.078+0000] {processor.py:829} INFO - Processing file /home/airflow/.local/lib/python3.8/site-packages/airflow/example_dags/example_local_kubernetes_executor.py for tasks to queue
[2025-09-25T16:11:54.082+0000] {logging_mixin.py:154} INFO - [2025-09-25T16:11:54.081+0000] {dagbag.py:536} INFO - Filling up the DagBag from /home/airflow/.local/lib/python3.8/site-packages/airflow/example_dags/example_local_kubernetes_executor.py
[2025-09-25T16:11:54.101+0000] {processor.py:839} INFO - DAG(s) dict_keys(['example_local_kubernetes_executor']) retrieved from /home/airflow/.local/lib/python3.8/site-packages/airflow/example_dags/example_local_kubernetes_executor.py
[2025-09-25T16:11:54.149+0000] {logging_mixin.py:154} INFO - [2025-09-25T16:11:54.149+0000] {dag.py:2941} INFO - Sync 1 DAGs
[2025-09-25T16:11:54.173+0000] {logging_mixin.py:154} INFO - [2025-09-25T16:11:54.172+0000] {dag.py:3722} INFO - Setting next_dagrun for example_local_kubernetes_executor to None, run_after=None
[2025-09-25T16:11:54.202+0000] {processor.py:179} INFO - Processing /home/airflow/.local/lib/python3.8/site-packages/airflow/example_dags/example_local_kubernetes_executor.py took 0.133 seconds
[2025-09-25T16:12:24.580+0000] {processor.py:157} INFO - Started process (PID=278) to work on /home/airflow/.local/lib/python3.8/site-packages/airflow/example_dags/example_local_kubernetes_executor.py
[2025-09-25T16:12:24.582+0000] {processor.py:829} INFO - Processing file /home/airflow/.local/lib/python3.8/site-packages/airflow/example_dags/example_local_kubernetes_executor.py for tasks to queue
[2025-09-25T16:12:24.586+0000] {logging_mixin.py:154} INFO - [2025-09-25T16:12:24.586+0000] {dagbag.py:536} INFO - Filling up the DagBag from /home/airflow/.local/lib/python3.8/site-packages/airflow/example_dags/example_local_kubernetes_executor.py
[2025-09-25T16:12:24.599+0000] {processor.py:839} INFO - DAG(s) dict_keys(['example_local_kubernetes_executor']) retrieved from /home/airflow/.local/lib/python3.8/site-packages/airflow/example_dags/example_local_kubernetes_executor.py
[2025-09-25T16:12:24.648+0000] {logging_mixin.py:154} INFO - [2025-09-25T16:12:24.648+0000] {dag.py:2941} INFO - Sync 1 DAGs
[2025-09-25T16:12:24.662+0000] {logging_mixin.py:154} INFO - [2025-09-25T16:12:24.662+0000] {dag.py:3722} INFO - Setting next_dagrun for example_local_kubernetes_executor to None, run_after=None
[2025-09-25T16:12:24.686+0000] {processor.py:179} INFO - Processing /home/airflow/.local/lib/python3.8/site-packages/airflow/example_dags/example_local_kubernetes_executor.py took 0.111 seconds
[2025-09-25T16:12:55.457+0000] {processor.py:157} INFO - Started process (PID=332) to work on /home/airflow/.local/lib/python3.8/site-packages/airflow/example_dags/example_local_kubernetes_executor.py
[2025-09-25T16:12:55.459+0000] {processor.py:829} INFO - Processing file /home/airflow/.local/lib/python3.8/site-packages/airflow/example_dags/example_local_kubernetes_executor.py for tasks to queue
[2025-09-25T16:12:55.462+0000] {logging_mixin.py:154} INFO - [2025-09-25T16:12:55.462+0000] {dagbag.py:536} INFO - Filling up the DagBag from /home/airflow/.local/lib/python3.8/site-packages/airflow/example_dags/example_local_kubernetes_executor.py
[2025-09-25T16:12:55.472+0000] {processor.py:839} INFO - DAG(s) dict_keys(['example_local_kubernetes_executor']) retrieved from /home/airflow/.local/lib/python3.8/site-packages/airflow/example_dags/example_local_kubernetes_executor.py
[2025-09-25T16:12:55.517+0000] {logging_mixin.py:154} INFO - [2025-09-25T16:12:55.517+0000] {dag.py:2941} INFO - Sync 1 DAGs
[2025-09-25T16:12:55.531+0000] {logging_mixin.py:154} INFO - [2025-09-25T16:12:55.531+0000] {dag.py:3722} INFO - Setting next_dagrun for example_local_kubernetes_executor to None, run_after=None
[2025-09-25T16:12:55.561+0000] {processor.py:179} INFO - Processing /home/airflow/.local/lib/python3.8/site-packages/airflow/example_dags/example_local_kubernetes_executor.py took 0.109 seconds
[2025-09-25T16:13:26.071+0000] {processor.py:157} INFO - Started process (PID=386) to work on /home/airflow/.local/lib/python3.8/site-packages/airflow/example_dags/example_local_kubernetes_executor.py
[2025-09-25T16:13:26.072+0000] {processor.py:829} INFO - Processing file /home/airflow/.local/lib/python3.8/site-packages/airflow/example_dags/example_local_kubernetes_executor.py for tasks to queue
[2025-09-25T16:13:26.077+0000] {logging_mixin.py:154} INFO - [2025-09-25T16:13:26.076+0000] {dagbag.py:536} INFO - Filling up the DagBag from /home/airflow/.local/lib/python3.8/site-packages/airflow/example_dags/example_local_kubernetes_executor.py
[2025-09-25T16:13:26.086+0000] {processor.py:839} INFO - DAG(s) dict_keys(['example_local_kubernetes_executor']) retrieved from /home/airflow/.local/lib/python3.8/site-packages/airflow/example_dags/example_local_kubernetes_executor.py
[2025-09-25T16:13:26.129+0000] {logging_mixin.py:154} INFO - [2025-09-25T16:13:26.128+0000] {dag.py:2941} INFO - Sync 1 DAGs
[2025-09-25T16:13:26.145+0000] {logging_mixin.py:154} INFO - [2025-09-25T16:13:26.145+0000] {dag.py:3722} INFO - Setting next_dagrun for example_local_kubernetes_executor to None, run_after=None
[2025-09-25T16:13:26.171+0000] {processor.py:179} INFO - Processing /home/airflow/.local/lib/python3.8/site-packages/airflow/example_dags/example_local_kubernetes_executor.py took 0.105 seconds
[2025-09-25T16:13:57.110+0000] {processor.py:157} INFO - Started process (PID=440) to work on /home/airflow/.local/lib/python3.8/site-packages/airflow/example_dags/example_local_kubernetes_executor.py
[2025-09-25T16:13:57.112+0000] {processor.py:829} INFO - Processing file /home/airflow/.local/lib/python3.8/site-packages/airflow/example_dags/example_local_kubernetes_executor.py for tasks to queue
[2025-09-25T16:13:57.116+0000] {logging_mixin.py:154} INFO - [2025-09-25T16:13:57.115+0000] {dagbag.py:536} INFO - Filling up the DagBag from /home/airflow/.local/lib/python3.8/site-packages/airflow/example_dags/example_local_kubernetes_executor.py
[2025-09-25T16:13:57.125+0000] {processor.py:839} INFO - DAG(s) dict_keys(['example_local_kubernetes_executor']) retrieved from /home/airflow/.local/lib/python3.8/site-packages/airflow/example_dags/example_local_kubernetes_executor.py
[2025-09-25T16:13:57.170+0000] {logging_mixin.py:154} INFO - [2025-09-25T16:13:57.170+0000] {dag.py:2941} INFO - Sync 1 DAGs
[2025-09-25T16:13:57.185+0000] {logging_mixin.py:154} INFO - [2025-09-25T16:13:57.185+0000] {dag.py:3722} INFO - Setting next_dagrun for example_local_kubernetes_executor to None, run_after=None
[2025-09-25T16:13:57.215+0000] {processor.py:179} INFO - Processing /home/airflow/.local/lib/python3.8/site-packages/airflow/example_dags/example_local_kubernetes_executor.py took 0.109 seconds
[2025-09-25T16:14:27.439+0000] {processor.py:157} INFO - Started process (PID=494) to work on /home/airflow/.local/lib/python3.8/site-packages/airflow/example_dags/example_local_kubernetes_executor.py
[2025-09-25T16:14:27.440+0000] {processor.py:829} INFO - Processing file /home/airflow/.local/lib/python3.8/site-packages/airflow/example_dags/example_local_kubernetes_executor.py for tasks to queue
[2025-09-25T16:14:27.444+0000] {logging_mixin.py:154} INFO - [2025-09-25T16:14:27.443+0000] {dagbag.py:536} INFO - Filling up the DagBag from /home/airflow/.local/lib/python3.8/site-packages/airflow/example_dags/example_local_kubernetes_executor.py
[2025-09-25T16:14:27.455+0000] {processor.py:839} INFO - DAG(s) dict_keys(['example_local_kubernetes_executor']) retrieved from /home/airflow/.local/lib/python3.8/site-packages/airflow/example_dags/example_local_kubernetes_executor.py
[2025-09-25T16:14:27.500+0000] {logging_mixin.py:154} INFO - [2025-09-25T16:14:27.500+0000] {dag.py:2941} INFO - Sync 1 DAGs
[2025-09-25T16:14:27.519+0000] {logging_mixin.py:154} INFO - [2025-09-25T16:14:27.519+0000] {dag.py:3722} INFO - Setting next_dagrun for example_local_kubernetes_executor to None, run_after=None
[2025-09-25T16:14:27.547+0000] {processor.py:179} INFO - Processing /home/airflow/.local/lib/python3.8/site-packages/airflow/example_dags/example_local_kubernetes_executor.py took 0.113 seconds
[2025-09-25T16:14:58.203+0000] {processor.py:157} INFO - Started process (PID=548) to work on /home/airflow/.local/lib/python3.8/site-packages/airflow/example_dags/example_local_kubernetes_executor.py
[2025-09-25T16:14:58.205+0000] {processor.py:829} INFO - Processing file /home/airflow/.local/lib/python3.8/site-packages/airflow/example_dags/example_local_kubernetes_executor.py for tasks to queue
[2025-09-25T16:14:58.209+0000] {logging_mixin.py:154} INFO - [2025-09-25T16:14:58.208+0000] {dagbag.py:536} INFO - Filling up the DagBag from /home/airflow/.local/lib/python3.8/site-packages/airflow/example_dags/example_local_kubernetes_executor.py
[2025-09-25T16:14:58.222+0000] {processor.py:839} INFO - DAG(s) dict_keys(['example_local_kubernetes_executor']) retrieved from /home/airflow/.local/lib/python3.8/site-packages/airflow/example_dags/example_local_kubernetes_executor.py
[2025-09-25T16:14:58.282+0000] {logging_mixin.py:154} INFO - [2025-09-25T16:14:58.281+0000] {dag.py:2941} INFO - Sync 1 DAGs
[2025-09-25T16:14:58.302+0000] {logging_mixin.py:154} INFO - [2025-09-25T16:14:58.302+0000] {dag.py:3722} INFO - Setting next_dagrun for example_local_kubernetes_executor to None, run_after=None
[2025-09-25T16:14:58.326+0000] {processor.py:179} INFO - Processing /home/airflow/.local/lib/python3.8/site-packages/airflow/example_dags/example_local_kubernetes_executor.py took 0.129 seconds
[2025-09-25T16:15:28.921+0000] {processor.py:157} INFO - Started process (PID=602) to work on /home/airflow/.local/lib/python3.8/site-packages/airflow/example_dags/example_local_kubernetes_executor.py
[2025-09-25T16:15:28.923+0000] {processor.py:829} INFO - Processing file /home/airflow/.local/lib/python3.8/site-packages/airflow/example_dags/example_local_kubernetes_executor.py for tasks to queue
[2025-09-25T16:15:28.928+0000] {logging_mixin.py:154} INFO - [2025-09-25T16:15:28.928+0000] {dagbag.py:536} INFO - Filling up the DagBag from /home/airflow/.local/lib/python3.8/site-packages/airflow/example_dags/example_local_kubernetes_executor.py
[2025-09-25T16:15:28.938+0000] {processor.py:839} INFO - DAG(s) dict_keys(['example_local_kubernetes_executor']) retrieved from /home/airflow/.local/lib/python3.8/site-packages/airflow/example_dags/example_local_kubernetes_executor.py
[2025-09-25T16:15:28.988+0000] {logging_mixin.py:154} INFO - [2025-09-25T16:15:28.987+0000] {dag.py:2941} INFO - Sync 1 DAGs
[2025-09-25T16:15:29.008+0000] {logging_mixin.py:154} INFO - [2025-09-25T16:15:29.008+0000] {dag.py:3722} INFO - Setting next_dagrun for example_local_kubernetes_executor to None, run_after=None
[2025-09-25T16:15:29.035+0000] {processor.py:179} INFO - Processing /home/airflow/.local/lib/python3.8/site-packages/airflow/example_dags/example_local_kubernetes_executor.py took 0.120 seconds
[2025-09-25T16:15:59.498+0000] {processor.py:157} INFO - Started process (PID=656) to work on /home/airflow/.local/lib/python3.8/site-packages/airflow/example_dags/example_local_kubernetes_executor.py
[2025-09-25T16:15:59.500+0000] {processor.py:829} INFO - Processing file /home/airflow/.local/lib/python3.8/site-packages/airflow/example_dags/example_local_kubernetes_executor.py for tasks to queue
[2025-09-25T16:15:59.503+0000] {logging_mixin.py:154} INFO - [2025-09-25T16:15:59.503+0000] {dagbag.py:536} INFO - Filling up the DagBag from /home/airflow/.local/lib/python3.8/site-packages/airflow/example_dags/example_local_kubernetes_executor.py
[2025-09-25T16:15:59.513+0000] {processor.py:839} INFO - DAG(s) dict_keys(['example_local_kubernetes_executor']) retrieved from /home/airflow/.local/lib/python3.8/site-packages/airflow/example_dags/example_local_kubernetes_executor.py
[2025-09-25T16:15:59.591+0000] {logging_mixin.py:154} INFO - [2025-09-25T16:15:59.590+0000] {dag.py:2941} INFO - Sync 1 DAGs
[2025-09-25T16:15:59.635+0000] {logging_mixin.py:154} INFO - [2025-09-25T16:15:59.635+0000] {dag.py:3722} INFO - Setting next_dagrun for example_local_kubernetes_executor to None, run_after=None
[2025-09-25T16:15:59.690+0000] {processor.py:179} INFO - Processing /home/airflow/.local/lib/python3.8/site-packages/airflow/example_dags/example_local_kubernetes_executor.py took 0.196 seconds
[2025-09-25T16:16:29.810+0000] {processor.py:157} INFO - Started process (PID=710) to work on /home/airflow/.local/lib/python3.8/site-packages/airflow/example_dags/example_local_kubernetes_executor.py
[2025-09-25T16:16:29.811+0000] {processor.py:829} INFO - Processing file /home/airflow/.local/lib/python3.8/site-packages/airflow/example_dags/example_local_kubernetes_executor.py for tasks to queue
[2025-09-25T16:16:29.815+0000] {logging_mixin.py:154} INFO - [2025-09-25T16:16:29.814+0000] {dagbag.py:536} INFO - Filling up the DagBag from /home/airflow/.local/lib/python3.8/site-packages/airflow/example_dags/example_local_kubernetes_executor.py
[2025-09-25T16:16:29.828+0000] {processor.py:839} INFO - DAG(s) dict_keys(['example_local_kubernetes_executor']) retrieved from /home/airflow/.local/lib/python3.8/site-packages/airflow/example_dags/example_local_kubernetes_executor.py
[2025-09-25T16:16:29.878+0000] {logging_mixin.py:154} INFO - [2025-09-25T16:16:29.878+0000] {dag.py:2941} INFO - Sync 1 DAGs
[2025-09-25T16:16:29.902+0000] {logging_mixin.py:154} INFO - [2025-09-25T16:16:29.902+0000] {dag.py:3722} INFO - Setting next_dagrun for example_local_kubernetes_executor to None, run_after=None
[2025-09-25T16:16:29.929+0000] {processor.py:179} INFO - Processing /home/airflow/.local/lib/python3.8/site-packages/airflow/example_dags/example_local_kubernetes_executor.py took 0.123 seconds
[2025-09-25T16:17:00.624+0000] {processor.py:157} INFO - Started process (PID=764) to work on /home/airflow/.local/lib/python3.8/site-packages/airflow/example_dags/example_local_kubernetes_executor.py
[2025-09-25T16:17:00.627+0000] {processor.py:829} INFO - Processing file /home/airflow/.local/lib/python3.8/site-packages/airflow/example_dags/example_local_kubernetes_executor.py for tasks to queue
[2025-09-25T16:17:00.631+0000] {logging_mixin.py:154} INFO - [2025-09-25T16:17:00.630+0000] {dagbag.py:536} INFO - Filling up the DagBag from /home/airflow/.local/lib/python3.8/site-packages/airflow/example_dags/example_local_kubernetes_executor.py
[2025-09-25T16:17:00.645+0000] {processor.py:839} INFO - DAG(s) dict_keys(['example_local_kubernetes_executor']) retrieved from /home/airflow/.local/lib/python3.8/site-packages/airflow/example_dags/example_local_kubernetes_executor.py
[2025-09-25T16:17:00.726+0000] {logging_mixin.py:154} INFO - [2025-09-25T16:17:00.726+0000] {dag.py:2941} INFO - Sync 1 DAGs
[2025-09-25T16:17:00.748+0000] {logging_mixin.py:154} INFO - [2025-09-25T16:17:00.748+0000] {dag.py:3722} INFO - Setting next_dagrun for example_local_kubernetes_executor to None, run_after=None
[2025-09-25T16:17:00.781+0000] {processor.py:179} INFO - Processing /home/airflow/.local/lib/python3.8/site-packages/airflow/example_dags/example_local_kubernetes_executor.py took 0.162 seconds
[2025-09-25T16:17:30.967+0000] {processor.py:157} INFO - Started process (PID=818) to work on /home/airflow/.local/lib/python3.8/site-packages/airflow/example_dags/example_local_kubernetes_executor.py
[2025-09-25T16:17:30.968+0000] {processor.py:829} INFO - Processing file /home/airflow/.local/lib/python3.8/site-packages/airflow/example_dags/example_local_kubernetes_executor.py for tasks to queue
[2025-09-25T16:17:30.972+0000] {logging_mixin.py:154} INFO - [2025-09-25T16:17:30.972+0000] {dagbag.py:536} INFO - Filling up the DagBag from /home/airflow/.local/lib/python3.8/site-packages/airflow/example_dags/example_local_kubernetes_executor.py
[2025-09-25T16:17:30.983+0000] {processor.py:839} INFO - DAG(s) dict_keys(['example_local_kubernetes_executor']) retrieved from /home/airflow/.local/lib/python3.8/site-packages/airflow/example_dags/example_local_kubernetes_executor.py
[2025-09-25T16:17:31.029+0000] {logging_mixin.py:154} INFO - [2025-09-25T16:17:31.029+0000] {dag.py:2941} INFO - Sync 1 DAGs
[2025-09-25T16:17:31.044+0000] {logging_mixin.py:154} INFO - [2025-09-25T16:17:31.044+0000] {dag.py:3722} INFO - Setting next_dagrun for example_local_kubernetes_executor to None, run_after=None
[2025-09-25T16:17:31.068+0000] {processor.py:179} INFO - Processing /home/airflow/.local/lib/python3.8/site-packages/airflow/example_dags/example_local_kubernetes_executor.py took 0.106 seconds
[2025-09-25T16:18:01.767+0000] {processor.py:157} INFO - Started process (PID=872) to work on /home/airflow/.local/lib/python3.8/site-packages/airflow/example_dags/example_local_kubernetes_executor.py
[2025-09-25T16:18:01.769+0000] {processor.py:829} INFO - Processing file /home/airflow/.local/lib/python3.8/site-packages/airflow/example_dags/example_local_kubernetes_executor.py for tasks to queue
[2025-09-25T16:18:01.773+0000] {logging_mixin.py:154} INFO - [2025-09-25T16:18:01.772+0000] {dagbag.py:536} INFO - Filling up the DagBag from /home/airflow/.local/lib/python3.8/site-packages/airflow/example_dags/example_local_kubernetes_executor.py
[2025-09-25T16:18:01.787+0000] {processor.py:839} INFO - DAG(s) dict_keys(['example_local_kubernetes_executor']) retrieved from /home/airflow/.local/lib/python3.8/site-packages/airflow/example_dags/example_local_kubernetes_executor.py
[2025-09-25T16:18:01.854+0000] {logging_mixin.py:154} INFO - [2025-09-25T16:18:01.854+0000] {dag.py:2941} INFO - Sync 1 DAGs
[2025-09-25T16:18:01.879+0000] {logging_mixin.py:154} INFO - [2025-09-25T16:18:01.879+0000] {dag.py:3722} INFO - Setting next_dagrun for example_local_kubernetes_executor to None, run_after=None
[2025-09-25T16:18:01.910+0000] {processor.py:179} INFO - Processing /home/airflow/.local/lib/python3.8/site-packages/airflow/example_dags/example_local_kubernetes_executor.py took 0.148 seconds
