[2025-09-25T16:10:44.541+0000] {processor.py:157} INFO - Started process (PID=86) to work on /home/airflow/.local/lib/python3.8/site-packages/airflow/example_dags/example_kubernetes_executor.py
[2025-09-25T16:10:44.544+0000] {processor.py:829} INFO - Processing file /home/airflow/.local/lib/python3.8/site-packages/airflow/example_dags/example_kubernetes_executor.py for tasks to queue
[2025-09-25T16:10:44.549+0000] {logging_mixin.py:154} INFO - [2025-09-25T16:10:44.549+0000] {dagbag.py:536} INFO - Filling up the DagBag from /home/airflow/.local/lib/python3.8/site-packages/airflow/example_dags/example_kubernetes_executor.py
[2025-09-25T16:10:44.592+0000] {processor.py:839} INFO - DAG(s) dict_keys(['example_kubernetes_executor']) retrieved from /home/airflow/.local/lib/python3.8/site-packages/airflow/example_dags/example_kubernetes_executor.py
[2025-09-25T16:10:44.716+0000] {logging_mixin.py:154} INFO - [2025-09-25T16:10:44.716+0000] {dag.py:2941} INFO - Sync 1 DAGs
[2025-09-25T16:10:44.743+0000] {logging_mixin.py:154} INFO - [2025-09-25T16:10:44.743+0000] {dag.py:3722} INFO - Setting next_dagrun for example_kubernetes_executor to None, run_after=None
[2025-09-25T16:10:44.787+0000] {processor.py:179} INFO - Processing /home/airflow/.local/lib/python3.8/site-packages/airflow/example_dags/example_kubernetes_executor.py took 0.254 seconds
[2025-09-25T16:11:15.588+0000] {processor.py:157} INFO - Started process (PID=140) to work on /home/airflow/.local/lib/python3.8/site-packages/airflow/example_dags/example_kubernetes_executor.py
[2025-09-25T16:11:15.590+0000] {processor.py:829} INFO - Processing file /home/airflow/.local/lib/python3.8/site-packages/airflow/example_dags/example_kubernetes_executor.py for tasks to queue
[2025-09-25T16:11:15.595+0000] {logging_mixin.py:154} INFO - [2025-09-25T16:11:15.594+0000] {dagbag.py:536} INFO - Filling up the DagBag from /home/airflow/.local/lib/python3.8/site-packages/airflow/example_dags/example_kubernetes_executor.py
[2025-09-25T16:11:15.614+0000] {processor.py:839} INFO - DAG(s) dict_keys(['example_kubernetes_executor']) retrieved from /home/airflow/.local/lib/python3.8/site-packages/airflow/example_dags/example_kubernetes_executor.py
[2025-09-25T16:11:15.676+0000] {logging_mixin.py:154} INFO - [2025-09-25T16:11:15.676+0000] {dag.py:2941} INFO - Sync 1 DAGs
[2025-09-25T16:11:15.697+0000] {logging_mixin.py:154} INFO - [2025-09-25T16:11:15.696+0000] {dag.py:3722} INFO - Setting next_dagrun for example_kubernetes_executor to None, run_after=None
[2025-09-25T16:11:15.732+0000] {processor.py:179} INFO - Processing /home/airflow/.local/lib/python3.8/site-packages/airflow/example_dags/example_kubernetes_executor.py took 0.148 seconds
[2025-09-25T16:11:46.188+0000] {processor.py:157} INFO - Started process (PID=194) to work on /home/airflow/.local/lib/python3.8/site-packages/airflow/example_dags/example_kubernetes_executor.py
[2025-09-25T16:11:46.190+0000] {processor.py:829} INFO - Processing file /home/airflow/.local/lib/python3.8/site-packages/airflow/example_dags/example_kubernetes_executor.py for tasks to queue
[2025-09-25T16:11:46.194+0000] {logging_mixin.py:154} INFO - [2025-09-25T16:11:46.194+0000] {dagbag.py:536} INFO - Filling up the DagBag from /home/airflow/.local/lib/python3.8/site-packages/airflow/example_dags/example_kubernetes_executor.py
[2025-09-25T16:11:46.217+0000] {processor.py:839} INFO - DAG(s) dict_keys(['example_kubernetes_executor']) retrieved from /home/airflow/.local/lib/python3.8/site-packages/airflow/example_dags/example_kubernetes_executor.py
[2025-09-25T16:11:46.273+0000] {logging_mixin.py:154} INFO - [2025-09-25T16:11:46.272+0000] {dag.py:2941} INFO - Sync 1 DAGs
[2025-09-25T16:11:46.292+0000] {logging_mixin.py:154} INFO - [2025-09-25T16:11:46.292+0000] {dag.py:3722} INFO - Setting next_dagrun for example_kubernetes_executor to None, run_after=None
[2025-09-25T16:11:46.345+0000] {processor.py:179} INFO - Processing /home/airflow/.local/lib/python3.8/site-packages/airflow/example_dags/example_kubernetes_executor.py took 0.162 seconds
[2025-09-25T16:12:16.451+0000] {processor.py:157} INFO - Started process (PID=248) to work on /home/airflow/.local/lib/python3.8/site-packages/airflow/example_dags/example_kubernetes_executor.py
[2025-09-25T16:12:16.452+0000] {processor.py:829} INFO - Processing file /home/airflow/.local/lib/python3.8/site-packages/airflow/example_dags/example_kubernetes_executor.py for tasks to queue
[2025-09-25T16:12:16.456+0000] {logging_mixin.py:154} INFO - [2025-09-25T16:12:16.455+0000] {dagbag.py:536} INFO - Filling up the DagBag from /home/airflow/.local/lib/python3.8/site-packages/airflow/example_dags/example_kubernetes_executor.py
[2025-09-25T16:12:16.472+0000] {processor.py:839} INFO - DAG(s) dict_keys(['example_kubernetes_executor']) retrieved from /home/airflow/.local/lib/python3.8/site-packages/airflow/example_dags/example_kubernetes_executor.py
[2025-09-25T16:12:16.517+0000] {logging_mixin.py:154} INFO - [2025-09-25T16:12:16.517+0000] {dag.py:2941} INFO - Sync 1 DAGs
[2025-09-25T16:12:16.532+0000] {logging_mixin.py:154} INFO - [2025-09-25T16:12:16.531+0000] {dag.py:3722} INFO - Setting next_dagrun for example_kubernetes_executor to None, run_after=None
[2025-09-25T16:12:16.555+0000] {processor.py:179} INFO - Processing /home/airflow/.local/lib/python3.8/site-packages/airflow/example_dags/example_kubernetes_executor.py took 0.110 seconds
[2025-09-25T16:12:46.836+0000] {processor.py:157} INFO - Started process (PID=302) to work on /home/airflow/.local/lib/python3.8/site-packages/airflow/example_dags/example_kubernetes_executor.py
[2025-09-25T16:12:46.838+0000] {processor.py:829} INFO - Processing file /home/airflow/.local/lib/python3.8/site-packages/airflow/example_dags/example_kubernetes_executor.py for tasks to queue
[2025-09-25T16:12:46.842+0000] {logging_mixin.py:154} INFO - [2025-09-25T16:12:46.842+0000] {dagbag.py:536} INFO - Filling up the DagBag from /home/airflow/.local/lib/python3.8/site-packages/airflow/example_dags/example_kubernetes_executor.py
[2025-09-25T16:12:46.862+0000] {processor.py:839} INFO - DAG(s) dict_keys(['example_kubernetes_executor']) retrieved from /home/airflow/.local/lib/python3.8/site-packages/airflow/example_dags/example_kubernetes_executor.py
[2025-09-25T16:12:46.920+0000] {logging_mixin.py:154} INFO - [2025-09-25T16:12:46.920+0000] {dag.py:2941} INFO - Sync 1 DAGs
[2025-09-25T16:12:46.938+0000] {logging_mixin.py:154} INFO - [2025-09-25T16:12:46.937+0000] {dag.py:3722} INFO - Setting next_dagrun for example_kubernetes_executor to None, run_after=None
[2025-09-25T16:12:46.966+0000] {processor.py:179} INFO - Processing /home/airflow/.local/lib/python3.8/site-packages/airflow/example_dags/example_kubernetes_executor.py took 0.135 seconds
[2025-09-25T16:13:17.299+0000] {processor.py:157} INFO - Started process (PID=356) to work on /home/airflow/.local/lib/python3.8/site-packages/airflow/example_dags/example_kubernetes_executor.py
[2025-09-25T16:13:17.300+0000] {processor.py:829} INFO - Processing file /home/airflow/.local/lib/python3.8/site-packages/airflow/example_dags/example_kubernetes_executor.py for tasks to queue
[2025-09-25T16:13:17.304+0000] {logging_mixin.py:154} INFO - [2025-09-25T16:13:17.303+0000] {dagbag.py:536} INFO - Filling up the DagBag from /home/airflow/.local/lib/python3.8/site-packages/airflow/example_dags/example_kubernetes_executor.py
[2025-09-25T16:13:17.321+0000] {processor.py:839} INFO - DAG(s) dict_keys(['example_kubernetes_executor']) retrieved from /home/airflow/.local/lib/python3.8/site-packages/airflow/example_dags/example_kubernetes_executor.py
[2025-09-25T16:13:17.459+0000] {logging_mixin.py:154} INFO - [2025-09-25T16:13:17.459+0000] {dag.py:2941} INFO - Sync 1 DAGs
[2025-09-25T16:13:17.488+0000] {logging_mixin.py:154} INFO - [2025-09-25T16:13:17.488+0000] {dag.py:3722} INFO - Setting next_dagrun for example_kubernetes_executor to None, run_after=None
[2025-09-25T16:13:17.539+0000] {processor.py:179} INFO - Processing /home/airflow/.local/lib/python3.8/site-packages/airflow/example_dags/example_kubernetes_executor.py took 0.246 seconds
[2025-09-25T16:13:48.169+0000] {processor.py:157} INFO - Started process (PID=410) to work on /home/airflow/.local/lib/python3.8/site-packages/airflow/example_dags/example_kubernetes_executor.py
[2025-09-25T16:13:48.171+0000] {processor.py:829} INFO - Processing file /home/airflow/.local/lib/python3.8/site-packages/airflow/example_dags/example_kubernetes_executor.py for tasks to queue
[2025-09-25T16:13:48.175+0000] {logging_mixin.py:154} INFO - [2025-09-25T16:13:48.174+0000] {dagbag.py:536} INFO - Filling up the DagBag from /home/airflow/.local/lib/python3.8/site-packages/airflow/example_dags/example_kubernetes_executor.py
[2025-09-25T16:13:48.193+0000] {processor.py:839} INFO - DAG(s) dict_keys(['example_kubernetes_executor']) retrieved from /home/airflow/.local/lib/python3.8/site-packages/airflow/example_dags/example_kubernetes_executor.py
[2025-09-25T16:13:48.241+0000] {logging_mixin.py:154} INFO - [2025-09-25T16:13:48.240+0000] {dag.py:2941} INFO - Sync 1 DAGs
[2025-09-25T16:13:48.255+0000] {logging_mixin.py:154} INFO - [2025-09-25T16:13:48.255+0000] {dag.py:3722} INFO - Setting next_dagrun for example_kubernetes_executor to None, run_after=None
[2025-09-25T16:13:48.284+0000] {processor.py:179} INFO - Processing /home/airflow/.local/lib/python3.8/site-packages/airflow/example_dags/example_kubernetes_executor.py took 0.119 seconds
[2025-09-25T16:14:18.422+0000] {processor.py:157} INFO - Started process (PID=464) to work on /home/airflow/.local/lib/python3.8/site-packages/airflow/example_dags/example_kubernetes_executor.py
[2025-09-25T16:14:18.425+0000] {processor.py:829} INFO - Processing file /home/airflow/.local/lib/python3.8/site-packages/airflow/example_dags/example_kubernetes_executor.py for tasks to queue
[2025-09-25T16:14:18.429+0000] {logging_mixin.py:154} INFO - [2025-09-25T16:14:18.429+0000] {dagbag.py:536} INFO - Filling up the DagBag from /home/airflow/.local/lib/python3.8/site-packages/airflow/example_dags/example_kubernetes_executor.py
[2025-09-25T16:14:18.455+0000] {processor.py:839} INFO - DAG(s) dict_keys(['example_kubernetes_executor']) retrieved from /home/airflow/.local/lib/python3.8/site-packages/airflow/example_dags/example_kubernetes_executor.py
[2025-09-25T16:14:18.533+0000] {logging_mixin.py:154} INFO - [2025-09-25T16:14:18.531+0000] {dag.py:2941} INFO - Sync 1 DAGs
[2025-09-25T16:14:18.555+0000] {logging_mixin.py:154} INFO - [2025-09-25T16:14:18.555+0000] {dag.py:3722} INFO - Setting next_dagrun for example_kubernetes_executor to None, run_after=None
[2025-09-25T16:14:18.591+0000] {processor.py:179} INFO - Processing /home/airflow/.local/lib/python3.8/site-packages/airflow/example_dags/example_kubernetes_executor.py took 0.175 seconds
[2025-09-25T16:14:48.717+0000] {processor.py:157} INFO - Started process (PID=518) to work on /home/airflow/.local/lib/python3.8/site-packages/airflow/example_dags/example_kubernetes_executor.py
[2025-09-25T16:14:48.719+0000] {processor.py:829} INFO - Processing file /home/airflow/.local/lib/python3.8/site-packages/airflow/example_dags/example_kubernetes_executor.py for tasks to queue
[2025-09-25T16:14:48.722+0000] {logging_mixin.py:154} INFO - [2025-09-25T16:14:48.721+0000] {dagbag.py:536} INFO - Filling up the DagBag from /home/airflow/.local/lib/python3.8/site-packages/airflow/example_dags/example_kubernetes_executor.py
[2025-09-25T16:14:48.740+0000] {processor.py:839} INFO - DAG(s) dict_keys(['example_kubernetes_executor']) retrieved from /home/airflow/.local/lib/python3.8/site-packages/airflow/example_dags/example_kubernetes_executor.py
[2025-09-25T16:14:48.790+0000] {logging_mixin.py:154} INFO - [2025-09-25T16:14:48.790+0000] {dag.py:2941} INFO - Sync 1 DAGs
[2025-09-25T16:14:48.806+0000] {logging_mixin.py:154} INFO - [2025-09-25T16:14:48.806+0000] {dag.py:3722} INFO - Setting next_dagrun for example_kubernetes_executor to None, run_after=None
[2025-09-25T16:14:48.831+0000] {processor.py:179} INFO - Processing /home/airflow/.local/lib/python3.8/site-packages/airflow/example_dags/example_kubernetes_executor.py took 0.119 seconds
[2025-09-25T16:15:19.137+0000] {processor.py:157} INFO - Started process (PID=572) to work on /home/airflow/.local/lib/python3.8/site-packages/airflow/example_dags/example_kubernetes_executor.py
[2025-09-25T16:15:19.138+0000] {processor.py:829} INFO - Processing file /home/airflow/.local/lib/python3.8/site-packages/airflow/example_dags/example_kubernetes_executor.py for tasks to queue
[2025-09-25T16:15:19.142+0000] {logging_mixin.py:154} INFO - [2025-09-25T16:15:19.141+0000] {dagbag.py:536} INFO - Filling up the DagBag from /home/airflow/.local/lib/python3.8/site-packages/airflow/example_dags/example_kubernetes_executor.py
[2025-09-25T16:15:19.170+0000] {processor.py:839} INFO - DAG(s) dict_keys(['example_kubernetes_executor']) retrieved from /home/airflow/.local/lib/python3.8/site-packages/airflow/example_dags/example_kubernetes_executor.py
[2025-09-25T16:15:19.250+0000] {logging_mixin.py:154} INFO - [2025-09-25T16:15:19.249+0000] {dag.py:2941} INFO - Sync 1 DAGs
[2025-09-25T16:15:19.269+0000] {logging_mixin.py:154} INFO - [2025-09-25T16:15:19.269+0000] {dag.py:3722} INFO - Setting next_dagrun for example_kubernetes_executor to None, run_after=None
[2025-09-25T16:15:19.309+0000] {processor.py:179} INFO - Processing /home/airflow/.local/lib/python3.8/site-packages/airflow/example_dags/example_kubernetes_executor.py took 0.179 seconds
[2025-09-25T16:15:49.466+0000] {processor.py:157} INFO - Started process (PID=626) to work on /home/airflow/.local/lib/python3.8/site-packages/airflow/example_dags/example_kubernetes_executor.py
[2025-09-25T16:15:49.468+0000] {processor.py:829} INFO - Processing file /home/airflow/.local/lib/python3.8/site-packages/airflow/example_dags/example_kubernetes_executor.py for tasks to queue
[2025-09-25T16:15:49.471+0000] {logging_mixin.py:154} INFO - [2025-09-25T16:15:49.471+0000] {dagbag.py:536} INFO - Filling up the DagBag from /home/airflow/.local/lib/python3.8/site-packages/airflow/example_dags/example_kubernetes_executor.py
[2025-09-25T16:15:49.487+0000] {processor.py:839} INFO - DAG(s) dict_keys(['example_kubernetes_executor']) retrieved from /home/airflow/.local/lib/python3.8/site-packages/airflow/example_dags/example_kubernetes_executor.py
[2025-09-25T16:15:49.545+0000] {logging_mixin.py:154} INFO - [2025-09-25T16:15:49.544+0000] {dag.py:2941} INFO - Sync 1 DAGs
[2025-09-25T16:15:49.599+0000] {logging_mixin.py:154} INFO - [2025-09-25T16:15:49.598+0000] {dag.py:3722} INFO - Setting next_dagrun for example_kubernetes_executor to None, run_after=None
[2025-09-25T16:15:49.656+0000] {processor.py:179} INFO - Processing /home/airflow/.local/lib/python3.8/site-packages/airflow/example_dags/example_kubernetes_executor.py took 0.194 seconds
[2025-09-25T16:16:19.788+0000] {processor.py:157} INFO - Started process (PID=680) to work on /home/airflow/.local/lib/python3.8/site-packages/airflow/example_dags/example_kubernetes_executor.py
[2025-09-25T16:16:19.790+0000] {processor.py:829} INFO - Processing file /home/airflow/.local/lib/python3.8/site-packages/airflow/example_dags/example_kubernetes_executor.py for tasks to queue
[2025-09-25T16:16:19.794+0000] {logging_mixin.py:154} INFO - [2025-09-25T16:16:19.793+0000] {dagbag.py:536} INFO - Filling up the DagBag from /home/airflow/.local/lib/python3.8/site-packages/airflow/example_dags/example_kubernetes_executor.py
[2025-09-25T16:16:19.810+0000] {processor.py:839} INFO - DAG(s) dict_keys(['example_kubernetes_executor']) retrieved from /home/airflow/.local/lib/python3.8/site-packages/airflow/example_dags/example_kubernetes_executor.py
[2025-09-25T16:16:19.855+0000] {logging_mixin.py:154} INFO - [2025-09-25T16:16:19.854+0000] {dag.py:2941} INFO - Sync 1 DAGs
[2025-09-25T16:16:19.874+0000] {logging_mixin.py:154} INFO - [2025-09-25T16:16:19.873+0000] {dag.py:3722} INFO - Setting next_dagrun for example_kubernetes_executor to None, run_after=None
[2025-09-25T16:16:19.904+0000] {processor.py:179} INFO - Processing /home/airflow/.local/lib/python3.8/site-packages/airflow/example_dags/example_kubernetes_executor.py took 0.121 seconds
[2025-09-25T16:16:50.187+0000] {processor.py:157} INFO - Started process (PID=734) to work on /home/airflow/.local/lib/python3.8/site-packages/airflow/example_dags/example_kubernetes_executor.py
[2025-09-25T16:16:50.189+0000] {processor.py:829} INFO - Processing file /home/airflow/.local/lib/python3.8/site-packages/airflow/example_dags/example_kubernetes_executor.py for tasks to queue
[2025-09-25T16:16:50.192+0000] {logging_mixin.py:154} INFO - [2025-09-25T16:16:50.191+0000] {dagbag.py:536} INFO - Filling up the DagBag from /home/airflow/.local/lib/python3.8/site-packages/airflow/example_dags/example_kubernetes_executor.py
[2025-09-25T16:16:50.208+0000] {processor.py:839} INFO - DAG(s) dict_keys(['example_kubernetes_executor']) retrieved from /home/airflow/.local/lib/python3.8/site-packages/airflow/example_dags/example_kubernetes_executor.py
[2025-09-25T16:16:50.257+0000] {logging_mixin.py:154} INFO - [2025-09-25T16:16:50.257+0000] {dag.py:2941} INFO - Sync 1 DAGs
[2025-09-25T16:16:50.273+0000] {logging_mixin.py:154} INFO - [2025-09-25T16:16:50.272+0000] {dag.py:3722} INFO - Setting next_dagrun for example_kubernetes_executor to None, run_after=None
[2025-09-25T16:16:50.304+0000] {processor.py:179} INFO - Processing /home/airflow/.local/lib/python3.8/site-packages/airflow/example_dags/example_kubernetes_executor.py took 0.121 seconds
[2025-09-25T16:17:21.012+0000] {processor.py:157} INFO - Started process (PID=788) to work on /home/airflow/.local/lib/python3.8/site-packages/airflow/example_dags/example_kubernetes_executor.py
[2025-09-25T16:17:21.018+0000] {processor.py:829} INFO - Processing file /home/airflow/.local/lib/python3.8/site-packages/airflow/example_dags/example_kubernetes_executor.py for tasks to queue
[2025-09-25T16:17:21.027+0000] {logging_mixin.py:154} INFO - [2025-09-25T16:17:21.026+0000] {dagbag.py:536} INFO - Filling up the DagBag from /home/airflow/.local/lib/python3.8/site-packages/airflow/example_dags/example_kubernetes_executor.py
[2025-09-25T16:17:21.046+0000] {processor.py:839} INFO - DAG(s) dict_keys(['example_kubernetes_executor']) retrieved from /home/airflow/.local/lib/python3.8/site-packages/airflow/example_dags/example_kubernetes_executor.py
[2025-09-25T16:17:21.097+0000] {logging_mixin.py:154} INFO - [2025-09-25T16:17:21.097+0000] {dag.py:2941} INFO - Sync 1 DAGs
[2025-09-25T16:17:21.113+0000] {logging_mixin.py:154} INFO - [2025-09-25T16:17:21.112+0000] {dag.py:3722} INFO - Setting next_dagrun for example_kubernetes_executor to None, run_after=None
[2025-09-25T16:17:21.140+0000] {processor.py:179} INFO - Processing /home/airflow/.local/lib/python3.8/site-packages/airflow/example_dags/example_kubernetes_executor.py took 0.132 seconds
[2025-09-25T16:17:51.615+0000] {processor.py:157} INFO - Started process (PID=842) to work on /home/airflow/.local/lib/python3.8/site-packages/airflow/example_dags/example_kubernetes_executor.py
[2025-09-25T16:17:51.617+0000] {processor.py:829} INFO - Processing file /home/airflow/.local/lib/python3.8/site-packages/airflow/example_dags/example_kubernetes_executor.py for tasks to queue
[2025-09-25T16:17:51.623+0000] {logging_mixin.py:154} INFO - [2025-09-25T16:17:51.622+0000] {dagbag.py:536} INFO - Filling up the DagBag from /home/airflow/.local/lib/python3.8/site-packages/airflow/example_dags/example_kubernetes_executor.py
[2025-09-25T16:17:51.653+0000] {processor.py:839} INFO - DAG(s) dict_keys(['example_kubernetes_executor']) retrieved from /home/airflow/.local/lib/python3.8/site-packages/airflow/example_dags/example_kubernetes_executor.py
[2025-09-25T16:17:51.726+0000] {logging_mixin.py:154} INFO - [2025-09-25T16:17:51.726+0000] {dag.py:2941} INFO - Sync 1 DAGs
[2025-09-25T16:17:51.742+0000] {logging_mixin.py:154} INFO - [2025-09-25T16:17:51.742+0000] {dag.py:3722} INFO - Setting next_dagrun for example_kubernetes_executor to None, run_after=None
[2025-09-25T16:17:51.769+0000] {processor.py:179} INFO - Processing /home/airflow/.local/lib/python3.8/site-packages/airflow/example_dags/example_kubernetes_executor.py took 0.162 seconds
