[2025-09-25T16:10:45.673+0000] {processor.py:157} INFO - Started process (PID=93) to work on /home/airflow/.local/lib/python3.8/site-packages/airflow/example_dags/example_datasets.py
[2025-09-25T16:10:45.680+0000] {processor.py:829} INFO - Processing file /home/airflow/.local/lib/python3.8/site-packages/airflow/example_dags/example_datasets.py for tasks to queue
[2025-09-25T16:10:45.686+0000] {logging_mixin.py:154} INFO - [2025-09-25T16:10:45.685+0000] {dagbag.py:536} INFO - Filling up the DagBag from /home/airflow/.local/lib/python3.8/site-packages/airflow/example_dags/example_datasets.py
[2025-09-25T16:10:45.738+0000] {processor.py:839} INFO - DAG(s) dict_keys(['dataset_consumes_unknown_never_scheduled', 'dataset_consumes_1_never_scheduled', 'dataset_produces_2', 'dataset_produces_1', 'dataset_consumes_1', 'dataset_consumes_1_and_2']) retrieved from /home/airflow/.local/lib/python3.8/site-packages/airflow/example_dags/example_datasets.py
[2025-09-25T16:10:45.893+0000] {logging_mixin.py:154} INFO - [2025-09-25T16:10:45.892+0000] {dag.py:2941} INFO - Sync 6 DAGs
[2025-09-25T16:10:46.002+0000] {logging_mixin.py:154} INFO - [2025-09-25T16:10:46.002+0000] {dag.py:3722} INFO - Setting next_dagrun for dataset_consumes_1 to None, run_after=None
[2025-09-25T16:10:46.011+0000] {logging_mixin.py:154} INFO - [2025-09-25T16:10:46.011+0000] {dag.py:3722} INFO - Setting next_dagrun for dataset_consumes_1_and_2 to None, run_after=None
[2025-09-25T16:10:46.016+0000] {logging_mixin.py:154} INFO - [2025-09-25T16:10:46.015+0000] {dag.py:3722} INFO - Setting next_dagrun for dataset_consumes_1_never_scheduled to None, run_after=None
[2025-09-25T16:10:46.022+0000] {logging_mixin.py:154} INFO - [2025-09-25T16:10:46.022+0000] {dag.py:3722} INFO - Setting next_dagrun for dataset_consumes_unknown_never_scheduled to None, run_after=None
[2025-09-25T16:10:46.037+0000] {logging_mixin.py:154} INFO - [2025-09-25T16:10:46.036+0000] {dag.py:3722} INFO - Setting next_dagrun for dataset_produces_1 to 2025-09-24T00:00:00+00:00, run_after=2025-09-25T00:00:00+00:00
[2025-09-25T16:10:46.042+0000] {logging_mixin.py:154} INFO - [2025-09-25T16:10:46.041+0000] {dag.py:3722} INFO - Setting next_dagrun for dataset_produces_2 to None, run_after=None
[2025-09-25T16:10:46.156+0000] {processor.py:179} INFO - Processing /home/airflow/.local/lib/python3.8/site-packages/airflow/example_dags/example_datasets.py took 0.493 seconds
[2025-09-25T16:11:17.153+0000] {processor.py:157} INFO - Started process (PID=147) to work on /home/airflow/.local/lib/python3.8/site-packages/airflow/example_dags/example_datasets.py
[2025-09-25T16:11:17.160+0000] {processor.py:829} INFO - Processing file /home/airflow/.local/lib/python3.8/site-packages/airflow/example_dags/example_datasets.py for tasks to queue
[2025-09-25T16:11:17.165+0000] {logging_mixin.py:154} INFO - [2025-09-25T16:11:17.164+0000] {dagbag.py:536} INFO - Filling up the DagBag from /home/airflow/.local/lib/python3.8/site-packages/airflow/example_dags/example_datasets.py
[2025-09-25T16:11:17.178+0000] {processor.py:839} INFO - DAG(s) dict_keys(['dataset_consumes_1_never_scheduled', 'dataset_produces_2', 'dataset_consumes_1_and_2', 'dataset_consumes_unknown_never_scheduled', 'dataset_produces_1', 'dataset_consumes_1']) retrieved from /home/airflow/.local/lib/python3.8/site-packages/airflow/example_dags/example_datasets.py
[2025-09-25T16:11:17.233+0000] {logging_mixin.py:154} INFO - [2025-09-25T16:11:17.233+0000] {dag.py:2941} INFO - Sync 6 DAGs
[2025-09-25T16:11:17.286+0000] {logging_mixin.py:154} INFO - [2025-09-25T16:11:17.286+0000] {dag.py:3722} INFO - Setting next_dagrun for dataset_consumes_1 to None, run_after=None
[2025-09-25T16:11:17.292+0000] {logging_mixin.py:154} INFO - [2025-09-25T16:11:17.292+0000] {dag.py:3722} INFO - Setting next_dagrun for dataset_consumes_1_and_2 to None, run_after=None
[2025-09-25T16:11:17.294+0000] {logging_mixin.py:154} INFO - [2025-09-25T16:11:17.294+0000] {dag.py:3722} INFO - Setting next_dagrun for dataset_consumes_1_never_scheduled to None, run_after=None
[2025-09-25T16:11:17.297+0000] {logging_mixin.py:154} INFO - [2025-09-25T16:11:17.296+0000] {dag.py:3722} INFO - Setting next_dagrun for dataset_consumes_unknown_never_scheduled to None, run_after=None
[2025-09-25T16:11:17.302+0000] {logging_mixin.py:154} INFO - [2025-09-25T16:11:17.302+0000] {dag.py:3722} INFO - Setting next_dagrun for dataset_produces_1 to 2025-09-24T00:00:00+00:00, run_after=2025-09-25T00:00:00+00:00
[2025-09-25T16:11:17.305+0000] {logging_mixin.py:154} INFO - [2025-09-25T16:11:17.305+0000] {dag.py:3722} INFO - Setting next_dagrun for dataset_produces_2 to None, run_after=None
[2025-09-25T16:11:17.382+0000] {processor.py:179} INFO - Processing /home/airflow/.local/lib/python3.8/site-packages/airflow/example_dags/example_datasets.py took 0.234 seconds
[2025-09-25T16:11:47.844+0000] {processor.py:157} INFO - Started process (PID=200) to work on /home/airflow/.local/lib/python3.8/site-packages/airflow/example_dags/example_datasets.py
[2025-09-25T16:11:47.846+0000] {processor.py:829} INFO - Processing file /home/airflow/.local/lib/python3.8/site-packages/airflow/example_dags/example_datasets.py for tasks to queue
[2025-09-25T16:11:47.851+0000] {logging_mixin.py:154} INFO - [2025-09-25T16:11:47.851+0000] {dagbag.py:536} INFO - Filling up the DagBag from /home/airflow/.local/lib/python3.8/site-packages/airflow/example_dags/example_datasets.py
[2025-09-25T16:11:47.874+0000] {processor.py:839} INFO - DAG(s) dict_keys(['dataset_produces_1', 'dataset_consumes_1_never_scheduled', 'dataset_consumes_unknown_never_scheduled', 'dataset_consumes_1_and_2', 'dataset_consumes_1', 'dataset_produces_2']) retrieved from /home/airflow/.local/lib/python3.8/site-packages/airflow/example_dags/example_datasets.py
[2025-09-25T16:11:47.942+0000] {logging_mixin.py:154} INFO - [2025-09-25T16:11:47.942+0000] {dag.py:2941} INFO - Sync 6 DAGs
[2025-09-25T16:11:47.984+0000] {logging_mixin.py:154} INFO - [2025-09-25T16:11:47.983+0000] {dag.py:3722} INFO - Setting next_dagrun for dataset_consumes_1 to None, run_after=None
[2025-09-25T16:11:47.992+0000] {logging_mixin.py:154} INFO - [2025-09-25T16:11:47.992+0000] {dag.py:3722} INFO - Setting next_dagrun for dataset_consumes_1_and_2 to None, run_after=None
[2025-09-25T16:11:47.995+0000] {logging_mixin.py:154} INFO - [2025-09-25T16:11:47.995+0000] {dag.py:3722} INFO - Setting next_dagrun for dataset_consumes_1_never_scheduled to None, run_after=None
[2025-09-25T16:11:47.998+0000] {logging_mixin.py:154} INFO - [2025-09-25T16:11:47.998+0000] {dag.py:3722} INFO - Setting next_dagrun for dataset_consumes_unknown_never_scheduled to None, run_after=None
[2025-09-25T16:11:48.011+0000] {logging_mixin.py:154} INFO - [2025-09-25T16:11:48.011+0000] {dag.py:3722} INFO - Setting next_dagrun for dataset_produces_1 to 2025-09-24T00:00:00+00:00, run_after=2025-09-25T00:00:00+00:00
[2025-09-25T16:11:48.015+0000] {logging_mixin.py:154} INFO - [2025-09-25T16:11:48.014+0000] {dag.py:3722} INFO - Setting next_dagrun for dataset_produces_2 to None, run_after=None
[2025-09-25T16:11:48.080+0000] {processor.py:179} INFO - Processing /home/airflow/.local/lib/python3.8/site-packages/airflow/example_dags/example_datasets.py took 0.244 seconds
[2025-09-25T16:12:18.245+0000] {processor.py:157} INFO - Started process (PID=255) to work on /home/airflow/.local/lib/python3.8/site-packages/airflow/example_dags/example_datasets.py
[2025-09-25T16:12:18.247+0000] {processor.py:829} INFO - Processing file /home/airflow/.local/lib/python3.8/site-packages/airflow/example_dags/example_datasets.py for tasks to queue
[2025-09-25T16:12:18.250+0000] {logging_mixin.py:154} INFO - [2025-09-25T16:12:18.250+0000] {dagbag.py:536} INFO - Filling up the DagBag from /home/airflow/.local/lib/python3.8/site-packages/airflow/example_dags/example_datasets.py
[2025-09-25T16:12:18.263+0000] {processor.py:839} INFO - DAG(s) dict_keys(['dataset_consumes_1', 'dataset_produces_2', 'dataset_consumes_unknown_never_scheduled', 'dataset_consumes_1_and_2', 'dataset_consumes_1_never_scheduled', 'dataset_produces_1']) retrieved from /home/airflow/.local/lib/python3.8/site-packages/airflow/example_dags/example_datasets.py
[2025-09-25T16:12:18.315+0000] {logging_mixin.py:154} INFO - [2025-09-25T16:12:18.315+0000] {dag.py:2941} INFO - Sync 6 DAGs
[2025-09-25T16:12:18.342+0000] {logging_mixin.py:154} INFO - [2025-09-25T16:12:18.342+0000] {dag.py:3722} INFO - Setting next_dagrun for dataset_consumes_1 to None, run_after=None
[2025-09-25T16:12:18.346+0000] {logging_mixin.py:154} INFO - [2025-09-25T16:12:18.346+0000] {dag.py:3722} INFO - Setting next_dagrun for dataset_consumes_1_and_2 to None, run_after=None
[2025-09-25T16:12:18.349+0000] {logging_mixin.py:154} INFO - [2025-09-25T16:12:18.348+0000] {dag.py:3722} INFO - Setting next_dagrun for dataset_consumes_1_never_scheduled to None, run_after=None
[2025-09-25T16:12:18.350+0000] {logging_mixin.py:154} INFO - [2025-09-25T16:12:18.350+0000] {dag.py:3722} INFO - Setting next_dagrun for dataset_consumes_unknown_never_scheduled to None, run_after=None
[2025-09-25T16:12:18.354+0000] {logging_mixin.py:154} INFO - [2025-09-25T16:12:18.354+0000] {dag.py:3722} INFO - Setting next_dagrun for dataset_produces_1 to 2025-09-24T00:00:00+00:00, run_after=2025-09-25T00:00:00+00:00
[2025-09-25T16:12:18.356+0000] {logging_mixin.py:154} INFO - [2025-09-25T16:12:18.356+0000] {dag.py:3722} INFO - Setting next_dagrun for dataset_produces_2 to None, run_after=None
[2025-09-25T16:12:18.402+0000] {processor.py:179} INFO - Processing /home/airflow/.local/lib/python3.8/site-packages/airflow/example_dags/example_datasets.py took 0.162 seconds
[2025-09-25T16:12:48.488+0000] {processor.py:157} INFO - Started process (PID=308) to work on /home/airflow/.local/lib/python3.8/site-packages/airflow/example_dags/example_datasets.py
[2025-09-25T16:12:48.489+0000] {processor.py:829} INFO - Processing file /home/airflow/.local/lib/python3.8/site-packages/airflow/example_dags/example_datasets.py for tasks to queue
[2025-09-25T16:12:48.493+0000] {logging_mixin.py:154} INFO - [2025-09-25T16:12:48.493+0000] {dagbag.py:536} INFO - Filling up the DagBag from /home/airflow/.local/lib/python3.8/site-packages/airflow/example_dags/example_datasets.py
[2025-09-25T16:12:48.504+0000] {processor.py:839} INFO - DAG(s) dict_keys(['dataset_produces_1', 'dataset_consumes_1', 'dataset_consumes_1_never_scheduled', 'dataset_produces_2', 'dataset_consumes_1_and_2', 'dataset_consumes_unknown_never_scheduled']) retrieved from /home/airflow/.local/lib/python3.8/site-packages/airflow/example_dags/example_datasets.py
[2025-09-25T16:12:48.553+0000] {logging_mixin.py:154} INFO - [2025-09-25T16:12:48.553+0000] {dag.py:2941} INFO - Sync 6 DAGs
[2025-09-25T16:12:48.585+0000] {logging_mixin.py:154} INFO - [2025-09-25T16:12:48.585+0000] {dag.py:3722} INFO - Setting next_dagrun for dataset_consumes_1 to None, run_after=None
[2025-09-25T16:12:48.590+0000] {logging_mixin.py:154} INFO - [2025-09-25T16:12:48.590+0000] {dag.py:3722} INFO - Setting next_dagrun for dataset_consumes_1_and_2 to None, run_after=None
[2025-09-25T16:12:48.594+0000] {logging_mixin.py:154} INFO - [2025-09-25T16:12:48.593+0000] {dag.py:3722} INFO - Setting next_dagrun for dataset_consumes_1_never_scheduled to None, run_after=None
[2025-09-25T16:12:48.597+0000] {logging_mixin.py:154} INFO - [2025-09-25T16:12:48.596+0000] {dag.py:3722} INFO - Setting next_dagrun for dataset_consumes_unknown_never_scheduled to None, run_after=None
[2025-09-25T16:12:48.601+0000] {logging_mixin.py:154} INFO - [2025-09-25T16:12:48.601+0000] {dag.py:3722} INFO - Setting next_dagrun for dataset_produces_1 to 2025-09-24T00:00:00+00:00, run_after=2025-09-25T00:00:00+00:00
[2025-09-25T16:12:48.603+0000] {logging_mixin.py:154} INFO - [2025-09-25T16:12:48.603+0000] {dag.py:3722} INFO - Setting next_dagrun for dataset_produces_2 to None, run_after=None
[2025-09-25T16:12:48.647+0000] {processor.py:179} INFO - Processing /home/airflow/.local/lib/python3.8/site-packages/airflow/example_dags/example_datasets.py took 0.164 seconds
[2025-09-25T16:13:18.814+0000] {processor.py:157} INFO - Started process (PID=363) to work on /home/airflow/.local/lib/python3.8/site-packages/airflow/example_dags/example_datasets.py
[2025-09-25T16:13:18.815+0000] {processor.py:829} INFO - Processing file /home/airflow/.local/lib/python3.8/site-packages/airflow/example_dags/example_datasets.py for tasks to queue
[2025-09-25T16:13:18.819+0000] {logging_mixin.py:154} INFO - [2025-09-25T16:13:18.818+0000] {dagbag.py:536} INFO - Filling up the DagBag from /home/airflow/.local/lib/python3.8/site-packages/airflow/example_dags/example_datasets.py
[2025-09-25T16:13:18.831+0000] {processor.py:839} INFO - DAG(s) dict_keys(['dataset_consumes_1', 'dataset_consumes_1_and_2', 'dataset_consumes_unknown_never_scheduled', 'dataset_produces_2', 'dataset_consumes_1_never_scheduled', 'dataset_produces_1']) retrieved from /home/airflow/.local/lib/python3.8/site-packages/airflow/example_dags/example_datasets.py
[2025-09-25T16:13:18.880+0000] {logging_mixin.py:154} INFO - [2025-09-25T16:13:18.880+0000] {dag.py:2941} INFO - Sync 6 DAGs
[2025-09-25T16:13:18.906+0000] {logging_mixin.py:154} INFO - [2025-09-25T16:13:18.906+0000] {dag.py:3722} INFO - Setting next_dagrun for dataset_consumes_1 to None, run_after=None
[2025-09-25T16:13:18.911+0000] {logging_mixin.py:154} INFO - [2025-09-25T16:13:18.910+0000] {dag.py:3722} INFO - Setting next_dagrun for dataset_consumes_1_and_2 to None, run_after=None
[2025-09-25T16:13:18.913+0000] {logging_mixin.py:154} INFO - [2025-09-25T16:13:18.913+0000] {dag.py:3722} INFO - Setting next_dagrun for dataset_consumes_1_never_scheduled to None, run_after=None
[2025-09-25T16:13:18.915+0000] {logging_mixin.py:154} INFO - [2025-09-25T16:13:18.914+0000] {dag.py:3722} INFO - Setting next_dagrun for dataset_consumes_unknown_never_scheduled to None, run_after=None
[2025-09-25T16:13:18.919+0000] {logging_mixin.py:154} INFO - [2025-09-25T16:13:18.919+0000] {dag.py:3722} INFO - Setting next_dagrun for dataset_produces_1 to 2025-09-24T00:00:00+00:00, run_after=2025-09-25T00:00:00+00:00
[2025-09-25T16:13:18.922+0000] {logging_mixin.py:154} INFO - [2025-09-25T16:13:18.922+0000] {dag.py:3722} INFO - Setting next_dagrun for dataset_produces_2 to None, run_after=None
[2025-09-25T16:13:18.971+0000] {processor.py:179} INFO - Processing /home/airflow/.local/lib/python3.8/site-packages/airflow/example_dags/example_datasets.py took 0.162 seconds
[2025-09-25T16:13:49.761+0000] {processor.py:157} INFO - Started process (PID=416) to work on /home/airflow/.local/lib/python3.8/site-packages/airflow/example_dags/example_datasets.py
[2025-09-25T16:13:49.763+0000] {processor.py:829} INFO - Processing file /home/airflow/.local/lib/python3.8/site-packages/airflow/example_dags/example_datasets.py for tasks to queue
[2025-09-25T16:13:49.767+0000] {logging_mixin.py:154} INFO - [2025-09-25T16:13:49.767+0000] {dagbag.py:536} INFO - Filling up the DagBag from /home/airflow/.local/lib/python3.8/site-packages/airflow/example_dags/example_datasets.py
[2025-09-25T16:13:49.781+0000] {processor.py:839} INFO - DAG(s) dict_keys(['dataset_produces_1', 'dataset_consumes_1', 'dataset_consumes_unknown_never_scheduled', 'dataset_produces_2', 'dataset_consumes_1_never_scheduled', 'dataset_consumes_1_and_2']) retrieved from /home/airflow/.local/lib/python3.8/site-packages/airflow/example_dags/example_datasets.py
[2025-09-25T16:13:49.833+0000] {logging_mixin.py:154} INFO - [2025-09-25T16:13:49.833+0000] {dag.py:2941} INFO - Sync 6 DAGs
[2025-09-25T16:13:49.863+0000] {logging_mixin.py:154} INFO - [2025-09-25T16:13:49.863+0000] {dag.py:3722} INFO - Setting next_dagrun for dataset_consumes_1 to None, run_after=None
[2025-09-25T16:13:49.868+0000] {logging_mixin.py:154} INFO - [2025-09-25T16:13:49.868+0000] {dag.py:3722} INFO - Setting next_dagrun for dataset_consumes_1_and_2 to None, run_after=None
[2025-09-25T16:13:49.872+0000] {logging_mixin.py:154} INFO - [2025-09-25T16:13:49.871+0000] {dag.py:3722} INFO - Setting next_dagrun for dataset_consumes_1_never_scheduled to None, run_after=None
[2025-09-25T16:13:49.876+0000] {logging_mixin.py:154} INFO - [2025-09-25T16:13:49.876+0000] {dag.py:3722} INFO - Setting next_dagrun for dataset_consumes_unknown_never_scheduled to None, run_after=None
[2025-09-25T16:13:49.883+0000] {logging_mixin.py:154} INFO - [2025-09-25T16:13:49.882+0000] {dag.py:3722} INFO - Setting next_dagrun for dataset_produces_1 to 2025-09-24T00:00:00+00:00, run_after=2025-09-25T00:00:00+00:00
[2025-09-25T16:13:49.885+0000] {logging_mixin.py:154} INFO - [2025-09-25T16:13:49.885+0000] {dag.py:3722} INFO - Setting next_dagrun for dataset_produces_2 to None, run_after=None
[2025-09-25T16:13:49.955+0000] {processor.py:179} INFO - Processing /home/airflow/.local/lib/python3.8/site-packages/airflow/example_dags/example_datasets.py took 0.198 seconds
[2025-09-25T16:14:20.105+0000] {processor.py:157} INFO - Started process (PID=470) to work on /home/airflow/.local/lib/python3.8/site-packages/airflow/example_dags/example_datasets.py
[2025-09-25T16:14:20.108+0000] {processor.py:829} INFO - Processing file /home/airflow/.local/lib/python3.8/site-packages/airflow/example_dags/example_datasets.py for tasks to queue
[2025-09-25T16:14:20.113+0000] {logging_mixin.py:154} INFO - [2025-09-25T16:14:20.113+0000] {dagbag.py:536} INFO - Filling up the DagBag from /home/airflow/.local/lib/python3.8/site-packages/airflow/example_dags/example_datasets.py
[2025-09-25T16:14:20.126+0000] {processor.py:839} INFO - DAG(s) dict_keys(['dataset_consumes_1_and_2', 'dataset_produces_1', 'dataset_consumes_unknown_never_scheduled', 'dataset_consumes_1', 'dataset_consumes_1_never_scheduled', 'dataset_produces_2']) retrieved from /home/airflow/.local/lib/python3.8/site-packages/airflow/example_dags/example_datasets.py
[2025-09-25T16:14:20.171+0000] {logging_mixin.py:154} INFO - [2025-09-25T16:14:20.171+0000] {dag.py:2941} INFO - Sync 6 DAGs
[2025-09-25T16:14:20.199+0000] {logging_mixin.py:154} INFO - [2025-09-25T16:14:20.199+0000] {dag.py:3722} INFO - Setting next_dagrun for dataset_consumes_1 to None, run_after=None
[2025-09-25T16:14:20.203+0000] {logging_mixin.py:154} INFO - [2025-09-25T16:14:20.203+0000] {dag.py:3722} INFO - Setting next_dagrun for dataset_consumes_1_and_2 to None, run_after=None
[2025-09-25T16:14:20.205+0000] {logging_mixin.py:154} INFO - [2025-09-25T16:14:20.205+0000] {dag.py:3722} INFO - Setting next_dagrun for dataset_consumes_1_never_scheduled to None, run_after=None
[2025-09-25T16:14:20.208+0000] {logging_mixin.py:154} INFO - [2025-09-25T16:14:20.208+0000] {dag.py:3722} INFO - Setting next_dagrun for dataset_consumes_unknown_never_scheduled to None, run_after=None
[2025-09-25T16:14:20.212+0000] {logging_mixin.py:154} INFO - [2025-09-25T16:14:20.212+0000] {dag.py:3722} INFO - Setting next_dagrun for dataset_produces_1 to 2025-09-24T00:00:00+00:00, run_after=2025-09-25T00:00:00+00:00
[2025-09-25T16:14:20.214+0000] {logging_mixin.py:154} INFO - [2025-09-25T16:14:20.214+0000] {dag.py:3722} INFO - Setting next_dagrun for dataset_produces_2 to None, run_after=None
[2025-09-25T16:14:20.256+0000] {processor.py:179} INFO - Processing /home/airflow/.local/lib/python3.8/site-packages/airflow/example_dags/example_datasets.py took 0.156 seconds
[2025-09-25T16:14:51.170+0000] {processor.py:157} INFO - Started process (PID=524) to work on /home/airflow/.local/lib/python3.8/site-packages/airflow/example_dags/example_datasets.py
[2025-09-25T16:14:51.171+0000] {processor.py:829} INFO - Processing file /home/airflow/.local/lib/python3.8/site-packages/airflow/example_dags/example_datasets.py for tasks to queue
[2025-09-25T16:14:51.174+0000] {logging_mixin.py:154} INFO - [2025-09-25T16:14:51.174+0000] {dagbag.py:536} INFO - Filling up the DagBag from /home/airflow/.local/lib/python3.8/site-packages/airflow/example_dags/example_datasets.py
[2025-09-25T16:14:51.185+0000] {processor.py:839} INFO - DAG(s) dict_keys(['dataset_consumes_1_never_scheduled', 'dataset_produces_1', 'dataset_produces_2', 'dataset_consumes_1', 'dataset_consumes_unknown_never_scheduled', 'dataset_consumes_1_and_2']) retrieved from /home/airflow/.local/lib/python3.8/site-packages/airflow/example_dags/example_datasets.py
[2025-09-25T16:14:51.230+0000] {logging_mixin.py:154} INFO - [2025-09-25T16:14:51.230+0000] {dag.py:2941} INFO - Sync 6 DAGs
[2025-09-25T16:14:51.255+0000] {logging_mixin.py:154} INFO - [2025-09-25T16:14:51.255+0000] {dag.py:3722} INFO - Setting next_dagrun for dataset_consumes_1 to None, run_after=None
[2025-09-25T16:14:51.259+0000] {logging_mixin.py:154} INFO - [2025-09-25T16:14:51.259+0000] {dag.py:3722} INFO - Setting next_dagrun for dataset_consumes_1_and_2 to None, run_after=None
[2025-09-25T16:14:51.261+0000] {logging_mixin.py:154} INFO - [2025-09-25T16:14:51.261+0000] {dag.py:3722} INFO - Setting next_dagrun for dataset_consumes_1_never_scheduled to None, run_after=None
[2025-09-25T16:14:51.263+0000] {logging_mixin.py:154} INFO - [2025-09-25T16:14:51.263+0000] {dag.py:3722} INFO - Setting next_dagrun for dataset_consumes_unknown_never_scheduled to None, run_after=None
[2025-09-25T16:14:51.267+0000] {logging_mixin.py:154} INFO - [2025-09-25T16:14:51.267+0000] {dag.py:3722} INFO - Setting next_dagrun for dataset_produces_1 to 2025-09-24T00:00:00+00:00, run_after=2025-09-25T00:00:00+00:00
[2025-09-25T16:14:51.270+0000] {logging_mixin.py:154} INFO - [2025-09-25T16:14:51.269+0000] {dag.py:3722} INFO - Setting next_dagrun for dataset_produces_2 to None, run_after=None
[2025-09-25T16:14:51.313+0000] {processor.py:179} INFO - Processing /home/airflow/.local/lib/python3.8/site-packages/airflow/example_dags/example_datasets.py took 0.148 seconds
[2025-09-25T16:15:21.701+0000] {processor.py:157} INFO - Started process (PID=578) to work on /home/airflow/.local/lib/python3.8/site-packages/airflow/example_dags/example_datasets.py
[2025-09-25T16:15:21.703+0000] {processor.py:829} INFO - Processing file /home/airflow/.local/lib/python3.8/site-packages/airflow/example_dags/example_datasets.py for tasks to queue
[2025-09-25T16:15:21.706+0000] {logging_mixin.py:154} INFO - [2025-09-25T16:15:21.706+0000] {dagbag.py:536} INFO - Filling up the DagBag from /home/airflow/.local/lib/python3.8/site-packages/airflow/example_dags/example_datasets.py
[2025-09-25T16:15:21.723+0000] {processor.py:839} INFO - DAG(s) dict_keys(['dataset_produces_2', 'dataset_produces_1', 'dataset_consumes_1', 'dataset_consumes_unknown_never_scheduled', 'dataset_consumes_1_and_2', 'dataset_consumes_1_never_scheduled']) retrieved from /home/airflow/.local/lib/python3.8/site-packages/airflow/example_dags/example_datasets.py
[2025-09-25T16:15:21.774+0000] {logging_mixin.py:154} INFO - [2025-09-25T16:15:21.774+0000] {dag.py:2941} INFO - Sync 6 DAGs
[2025-09-25T16:15:21.806+0000] {logging_mixin.py:154} INFO - [2025-09-25T16:15:21.806+0000] {dag.py:3722} INFO - Setting next_dagrun for dataset_consumes_1 to None, run_after=None
[2025-09-25T16:15:21.811+0000] {logging_mixin.py:154} INFO - [2025-09-25T16:15:21.811+0000] {dag.py:3722} INFO - Setting next_dagrun for dataset_consumes_1_and_2 to None, run_after=None
[2025-09-25T16:15:21.813+0000] {logging_mixin.py:154} INFO - [2025-09-25T16:15:21.813+0000] {dag.py:3722} INFO - Setting next_dagrun for dataset_consumes_1_never_scheduled to None, run_after=None
[2025-09-25T16:15:21.816+0000] {logging_mixin.py:154} INFO - [2025-09-25T16:15:21.816+0000] {dag.py:3722} INFO - Setting next_dagrun for dataset_consumes_unknown_never_scheduled to None, run_after=None
[2025-09-25T16:15:21.820+0000] {logging_mixin.py:154} INFO - [2025-09-25T16:15:21.820+0000] {dag.py:3722} INFO - Setting next_dagrun for dataset_produces_1 to 2025-09-24T00:00:00+00:00, run_after=2025-09-25T00:00:00+00:00
[2025-09-25T16:15:21.822+0000] {logging_mixin.py:154} INFO - [2025-09-25T16:15:21.822+0000] {dag.py:3722} INFO - Setting next_dagrun for dataset_produces_2 to None, run_after=None
[2025-09-25T16:15:21.865+0000] {processor.py:179} INFO - Processing /home/airflow/.local/lib/python3.8/site-packages/airflow/example_dags/example_datasets.py took 0.169 seconds
[2025-09-25T16:15:52.036+0000] {processor.py:157} INFO - Started process (PID=632) to work on /home/airflow/.local/lib/python3.8/site-packages/airflow/example_dags/example_datasets.py
[2025-09-25T16:15:52.038+0000] {processor.py:829} INFO - Processing file /home/airflow/.local/lib/python3.8/site-packages/airflow/example_dags/example_datasets.py for tasks to queue
[2025-09-25T16:15:52.042+0000] {logging_mixin.py:154} INFO - [2025-09-25T16:15:52.041+0000] {dagbag.py:536} INFO - Filling up the DagBag from /home/airflow/.local/lib/python3.8/site-packages/airflow/example_dags/example_datasets.py
[2025-09-25T16:15:52.054+0000] {processor.py:839} INFO - DAG(s) dict_keys(['dataset_consumes_1_never_scheduled', 'dataset_consumes_1', 'dataset_consumes_unknown_never_scheduled', 'dataset_produces_1', 'dataset_consumes_1_and_2', 'dataset_produces_2']) retrieved from /home/airflow/.local/lib/python3.8/site-packages/airflow/example_dags/example_datasets.py
[2025-09-25T16:15:52.112+0000] {logging_mixin.py:154} INFO - [2025-09-25T16:15:52.112+0000] {dag.py:2941} INFO - Sync 6 DAGs
[2025-09-25T16:15:52.152+0000] {logging_mixin.py:154} INFO - [2025-09-25T16:15:52.152+0000] {dag.py:3722} INFO - Setting next_dagrun for dataset_consumes_1 to None, run_after=None
[2025-09-25T16:15:52.158+0000] {logging_mixin.py:154} INFO - [2025-09-25T16:15:52.157+0000] {dag.py:3722} INFO - Setting next_dagrun for dataset_consumes_1_and_2 to None, run_after=None
[2025-09-25T16:15:52.160+0000] {logging_mixin.py:154} INFO - [2025-09-25T16:15:52.160+0000] {dag.py:3722} INFO - Setting next_dagrun for dataset_consumes_1_never_scheduled to None, run_after=None
[2025-09-25T16:15:52.163+0000] {logging_mixin.py:154} INFO - [2025-09-25T16:15:52.163+0000] {dag.py:3722} INFO - Setting next_dagrun for dataset_consumes_unknown_never_scheduled to None, run_after=None
[2025-09-25T16:15:52.168+0000] {logging_mixin.py:154} INFO - [2025-09-25T16:15:52.167+0000] {dag.py:3722} INFO - Setting next_dagrun for dataset_produces_1 to 2025-09-24T00:00:00+00:00, run_after=2025-09-25T00:00:00+00:00
[2025-09-25T16:15:52.170+0000] {logging_mixin.py:154} INFO - [2025-09-25T16:15:52.169+0000] {dag.py:3722} INFO - Setting next_dagrun for dataset_produces_2 to None, run_after=None
[2025-09-25T16:15:52.219+0000] {processor.py:179} INFO - Processing /home/airflow/.local/lib/python3.8/site-packages/airflow/example_dags/example_datasets.py took 0.187 seconds
[2025-09-25T16:16:22.331+0000] {processor.py:157} INFO - Started process (PID=686) to work on /home/airflow/.local/lib/python3.8/site-packages/airflow/example_dags/example_datasets.py
[2025-09-25T16:16:22.333+0000] {processor.py:829} INFO - Processing file /home/airflow/.local/lib/python3.8/site-packages/airflow/example_dags/example_datasets.py for tasks to queue
[2025-09-25T16:16:22.337+0000] {logging_mixin.py:154} INFO - [2025-09-25T16:16:22.337+0000] {dagbag.py:536} INFO - Filling up the DagBag from /home/airflow/.local/lib/python3.8/site-packages/airflow/example_dags/example_datasets.py
[2025-09-25T16:16:22.348+0000] {processor.py:839} INFO - DAG(s) dict_keys(['dataset_consumes_1_never_scheduled', 'dataset_consumes_1_and_2', 'dataset_consumes_1', 'dataset_produces_2', 'dataset_produces_1', 'dataset_consumes_unknown_never_scheduled']) retrieved from /home/airflow/.local/lib/python3.8/site-packages/airflow/example_dags/example_datasets.py
[2025-09-25T16:16:22.398+0000] {logging_mixin.py:154} INFO - [2025-09-25T16:16:22.398+0000] {dag.py:2941} INFO - Sync 6 DAGs
[2025-09-25T16:16:22.434+0000] {logging_mixin.py:154} INFO - [2025-09-25T16:16:22.434+0000] {dag.py:3722} INFO - Setting next_dagrun for dataset_consumes_1 to None, run_after=None
[2025-09-25T16:16:22.440+0000] {logging_mixin.py:154} INFO - [2025-09-25T16:16:22.440+0000] {dag.py:3722} INFO - Setting next_dagrun for dataset_consumes_1_and_2 to None, run_after=None
[2025-09-25T16:16:22.442+0000] {logging_mixin.py:154} INFO - [2025-09-25T16:16:22.442+0000] {dag.py:3722} INFO - Setting next_dagrun for dataset_consumes_1_never_scheduled to None, run_after=None
[2025-09-25T16:16:22.445+0000] {logging_mixin.py:154} INFO - [2025-09-25T16:16:22.444+0000] {dag.py:3722} INFO - Setting next_dagrun for dataset_consumes_unknown_never_scheduled to None, run_after=None
[2025-09-25T16:16:22.449+0000] {logging_mixin.py:154} INFO - [2025-09-25T16:16:22.449+0000] {dag.py:3722} INFO - Setting next_dagrun for dataset_produces_1 to 2025-09-24T00:00:00+00:00, run_after=2025-09-25T00:00:00+00:00
[2025-09-25T16:16:22.452+0000] {logging_mixin.py:154} INFO - [2025-09-25T16:16:22.452+0000] {dag.py:3722} INFO - Setting next_dagrun for dataset_produces_2 to None, run_after=None
[2025-09-25T16:16:22.506+0000] {processor.py:179} INFO - Processing /home/airflow/.local/lib/python3.8/site-packages/airflow/example_dags/example_datasets.py took 0.180 seconds
[2025-09-25T16:16:52.670+0000] {processor.py:157} INFO - Started process (PID=740) to work on /home/airflow/.local/lib/python3.8/site-packages/airflow/example_dags/example_datasets.py
[2025-09-25T16:16:52.672+0000] {processor.py:829} INFO - Processing file /home/airflow/.local/lib/python3.8/site-packages/airflow/example_dags/example_datasets.py for tasks to queue
[2025-09-25T16:16:52.676+0000] {logging_mixin.py:154} INFO - [2025-09-25T16:16:52.675+0000] {dagbag.py:536} INFO - Filling up the DagBag from /home/airflow/.local/lib/python3.8/site-packages/airflow/example_dags/example_datasets.py
[2025-09-25T16:16:52.687+0000] {processor.py:839} INFO - DAG(s) dict_keys(['dataset_consumes_1_and_2', 'dataset_produces_2', 'dataset_consumes_unknown_never_scheduled', 'dataset_produces_1', 'dataset_consumes_1_never_scheduled', 'dataset_consumes_1']) retrieved from /home/airflow/.local/lib/python3.8/site-packages/airflow/example_dags/example_datasets.py
[2025-09-25T16:16:52.734+0000] {logging_mixin.py:154} INFO - [2025-09-25T16:16:52.734+0000] {dag.py:2941} INFO - Sync 6 DAGs
[2025-09-25T16:16:52.764+0000] {logging_mixin.py:154} INFO - [2025-09-25T16:16:52.763+0000] {dag.py:3722} INFO - Setting next_dagrun for dataset_consumes_1 to None, run_after=None
[2025-09-25T16:16:52.768+0000] {logging_mixin.py:154} INFO - [2025-09-25T16:16:52.768+0000] {dag.py:3722} INFO - Setting next_dagrun for dataset_consumes_1_and_2 to None, run_after=None
[2025-09-25T16:16:52.770+0000] {logging_mixin.py:154} INFO - [2025-09-25T16:16:52.770+0000] {dag.py:3722} INFO - Setting next_dagrun for dataset_consumes_1_never_scheduled to None, run_after=None
[2025-09-25T16:16:52.772+0000] {logging_mixin.py:154} INFO - [2025-09-25T16:16:52.772+0000] {dag.py:3722} INFO - Setting next_dagrun for dataset_consumes_unknown_never_scheduled to None, run_after=None
[2025-09-25T16:16:52.776+0000] {logging_mixin.py:154} INFO - [2025-09-25T16:16:52.776+0000] {dag.py:3722} INFO - Setting next_dagrun for dataset_produces_1 to 2025-09-24T00:00:00+00:00, run_after=2025-09-25T00:00:00+00:00
[2025-09-25T16:16:52.779+0000] {logging_mixin.py:154} INFO - [2025-09-25T16:16:52.779+0000] {dag.py:3722} INFO - Setting next_dagrun for dataset_produces_2 to None, run_after=None
[2025-09-25T16:16:52.818+0000] {processor.py:179} INFO - Processing /home/airflow/.local/lib/python3.8/site-packages/airflow/example_dags/example_datasets.py took 0.153 seconds
[2025-09-25T16:17:23.403+0000] {processor.py:157} INFO - Started process (PID=794) to work on /home/airflow/.local/lib/python3.8/site-packages/airflow/example_dags/example_datasets.py
[2025-09-25T16:17:23.404+0000] {processor.py:829} INFO - Processing file /home/airflow/.local/lib/python3.8/site-packages/airflow/example_dags/example_datasets.py for tasks to queue
[2025-09-25T16:17:23.408+0000] {logging_mixin.py:154} INFO - [2025-09-25T16:17:23.408+0000] {dagbag.py:536} INFO - Filling up the DagBag from /home/airflow/.local/lib/python3.8/site-packages/airflow/example_dags/example_datasets.py
[2025-09-25T16:17:23.421+0000] {processor.py:839} INFO - DAG(s) dict_keys(['dataset_produces_1', 'dataset_consumes_1_never_scheduled', 'dataset_consumes_1_and_2', 'dataset_consumes_1', 'dataset_consumes_unknown_never_scheduled', 'dataset_produces_2']) retrieved from /home/airflow/.local/lib/python3.8/site-packages/airflow/example_dags/example_datasets.py
[2025-09-25T16:17:23.533+0000] {logging_mixin.py:154} INFO - [2025-09-25T16:17:23.533+0000] {dag.py:2941} INFO - Sync 6 DAGs
[2025-09-25T16:17:23.587+0000] {logging_mixin.py:154} INFO - [2025-09-25T16:17:23.586+0000] {dag.py:3722} INFO - Setting next_dagrun for dataset_consumes_1 to None, run_after=None
[2025-09-25T16:17:23.596+0000] {logging_mixin.py:154} INFO - [2025-09-25T16:17:23.595+0000] {dag.py:3722} INFO - Setting next_dagrun for dataset_consumes_1_and_2 to None, run_after=None
[2025-09-25T16:17:23.599+0000] {logging_mixin.py:154} INFO - [2025-09-25T16:17:23.599+0000] {dag.py:3722} INFO - Setting next_dagrun for dataset_consumes_1_never_scheduled to None, run_after=None
[2025-09-25T16:17:23.606+0000] {logging_mixin.py:154} INFO - [2025-09-25T16:17:23.606+0000] {dag.py:3722} INFO - Setting next_dagrun for dataset_consumes_unknown_never_scheduled to None, run_after=None
[2025-09-25T16:17:23.624+0000] {logging_mixin.py:154} INFO - [2025-09-25T16:17:23.624+0000] {dag.py:3722} INFO - Setting next_dagrun for dataset_produces_1 to 2025-09-24T00:00:00+00:00, run_after=2025-09-25T00:00:00+00:00
[2025-09-25T16:17:23.628+0000] {logging_mixin.py:154} INFO - [2025-09-25T16:17:23.627+0000] {dag.py:3722} INFO - Setting next_dagrun for dataset_produces_2 to None, run_after=None
[2025-09-25T16:17:23.697+0000] {processor.py:179} INFO - Processing /home/airflow/.local/lib/python3.8/site-packages/airflow/example_dags/example_datasets.py took 0.300 seconds
[2025-09-25T16:17:54.377+0000] {processor.py:157} INFO - Started process (PID=848) to work on /home/airflow/.local/lib/python3.8/site-packages/airflow/example_dags/example_datasets.py
[2025-09-25T16:17:54.379+0000] {processor.py:829} INFO - Processing file /home/airflow/.local/lib/python3.8/site-packages/airflow/example_dags/example_datasets.py for tasks to queue
[2025-09-25T16:17:54.384+0000] {logging_mixin.py:154} INFO - [2025-09-25T16:17:54.383+0000] {dagbag.py:536} INFO - Filling up the DagBag from /home/airflow/.local/lib/python3.8/site-packages/airflow/example_dags/example_datasets.py
[2025-09-25T16:17:54.404+0000] {processor.py:839} INFO - DAG(s) dict_keys(['dataset_consumes_unknown_never_scheduled', 'dataset_consumes_1_and_2', 'dataset_produces_1', 'dataset_consumes_1_never_scheduled', 'dataset_consumes_1', 'dataset_produces_2']) retrieved from /home/airflow/.local/lib/python3.8/site-packages/airflow/example_dags/example_datasets.py
[2025-09-25T16:17:54.463+0000] {logging_mixin.py:154} INFO - [2025-09-25T16:17:54.463+0000] {dag.py:2941} INFO - Sync 6 DAGs
[2025-09-25T16:17:54.492+0000] {logging_mixin.py:154} INFO - [2025-09-25T16:17:54.492+0000] {dag.py:3722} INFO - Setting next_dagrun for dataset_consumes_1 to None, run_after=None
[2025-09-25T16:17:54.498+0000] {logging_mixin.py:154} INFO - [2025-09-25T16:17:54.498+0000] {dag.py:3722} INFO - Setting next_dagrun for dataset_consumes_1_and_2 to None, run_after=None
[2025-09-25T16:17:54.500+0000] {logging_mixin.py:154} INFO - [2025-09-25T16:17:54.500+0000] {dag.py:3722} INFO - Setting next_dagrun for dataset_consumes_1_never_scheduled to None, run_after=None
[2025-09-25T16:17:54.502+0000] {logging_mixin.py:154} INFO - [2025-09-25T16:17:54.502+0000] {dag.py:3722} INFO - Setting next_dagrun for dataset_consumes_unknown_never_scheduled to None, run_after=None
[2025-09-25T16:17:54.506+0000] {logging_mixin.py:154} INFO - [2025-09-25T16:17:54.506+0000] {dag.py:3722} INFO - Setting next_dagrun for dataset_produces_1 to 2025-09-24T00:00:00+00:00, run_after=2025-09-25T00:00:00+00:00
[2025-09-25T16:17:54.508+0000] {logging_mixin.py:154} INFO - [2025-09-25T16:17:54.508+0000] {dag.py:3722} INFO - Setting next_dagrun for dataset_produces_2 to None, run_after=None
[2025-09-25T16:17:54.559+0000] {processor.py:179} INFO - Processing /home/airflow/.local/lib/python3.8/site-packages/airflow/example_dags/example_datasets.py took 0.188 seconds
