[2025-09-25T16:10:45.370+0000] {processor.py:157} INFO - Started process (PID=92) to work on /home/airflow/.local/lib/python3.8/site-packages/airflow/example_dags/example_task_group.py
[2025-09-25T16:10:45.374+0000] {processor.py:829} INFO - Processing file /home/airflow/.local/lib/python3.8/site-packages/airflow/example_dags/example_task_group.py for tasks to queue
[2025-09-25T16:10:45.381+0000] {logging_mixin.py:154} INFO - [2025-09-25T16:10:45.380+0000] {dagbag.py:536} INFO - Filling up the DagBag from /home/airflow/.local/lib/python3.8/site-packages/airflow/example_dags/example_task_group.py
[2025-09-25T16:10:45.408+0000] {processor.py:839} INFO - DAG(s) dict_keys(['example_task_group']) retrieved from /home/airflow/.local/lib/python3.8/site-packages/airflow/example_dags/example_task_group.py
[2025-09-25T16:10:45.473+0000] {logging_mixin.py:154} INFO - [2025-09-25T16:10:45.473+0000] {dag.py:2941} INFO - Sync 1 DAGs
[2025-09-25T16:10:45.527+0000] {logging_mixin.py:154} INFO - [2025-09-25T16:10:45.527+0000] {dag.py:3722} INFO - Setting next_dagrun for example_task_group to 2025-09-24T16:10:45.526755+00:00, run_after=2025-09-25T16:10:45.526755+00:00
[2025-09-25T16:10:45.586+0000] {processor.py:179} INFO - Processing /home/airflow/.local/lib/python3.8/site-packages/airflow/example_dags/example_task_group.py took 0.227 seconds
[2025-09-25T16:11:16.037+0000] {processor.py:157} INFO - Started process (PID=145) to work on /home/airflow/.local/lib/python3.8/site-packages/airflow/example_dags/example_task_group.py
[2025-09-25T16:11:16.039+0000] {processor.py:829} INFO - Processing file /home/airflow/.local/lib/python3.8/site-packages/airflow/example_dags/example_task_group.py for tasks to queue
[2025-09-25T16:11:16.042+0000] {logging_mixin.py:154} INFO - [2025-09-25T16:11:16.042+0000] {dagbag.py:536} INFO - Filling up the DagBag from /home/airflow/.local/lib/python3.8/site-packages/airflow/example_dags/example_task_group.py
[2025-09-25T16:11:16.055+0000] {processor.py:839} INFO - DAG(s) dict_keys(['example_task_group']) retrieved from /home/airflow/.local/lib/python3.8/site-packages/airflow/example_dags/example_task_group.py
[2025-09-25T16:11:16.093+0000] {logging_mixin.py:154} INFO - [2025-09-25T16:11:16.092+0000] {dag.py:2941} INFO - Sync 1 DAGs
[2025-09-25T16:11:16.128+0000] {logging_mixin.py:154} INFO - [2025-09-25T16:11:16.128+0000] {dag.py:3722} INFO - Setting next_dagrun for example_task_group to 2025-09-24T16:11:16.127620+00:00, run_after=2025-09-25T16:11:16.127620+00:00
[2025-09-25T16:11:16.157+0000] {processor.py:179} INFO - Processing /home/airflow/.local/lib/python3.8/site-packages/airflow/example_dags/example_task_group.py took 0.126 seconds
[2025-09-25T16:11:46.798+0000] {processor.py:157} INFO - Started process (PID=199) to work on /home/airflow/.local/lib/python3.8/site-packages/airflow/example_dags/example_task_group.py
[2025-09-25T16:11:46.799+0000] {processor.py:829} INFO - Processing file /home/airflow/.local/lib/python3.8/site-packages/airflow/example_dags/example_task_group.py for tasks to queue
[2025-09-25T16:11:46.803+0000] {logging_mixin.py:154} INFO - [2025-09-25T16:11:46.802+0000] {dagbag.py:536} INFO - Filling up the DagBag from /home/airflow/.local/lib/python3.8/site-packages/airflow/example_dags/example_task_group.py
[2025-09-25T16:11:46.812+0000] {processor.py:839} INFO - DAG(s) dict_keys(['example_task_group']) retrieved from /home/airflow/.local/lib/python3.8/site-packages/airflow/example_dags/example_task_group.py
[2025-09-25T16:11:46.848+0000] {logging_mixin.py:154} INFO - [2025-09-25T16:11:46.848+0000] {dag.py:2941} INFO - Sync 1 DAGs
[2025-09-25T16:11:46.877+0000] {logging_mixin.py:154} INFO - [2025-09-25T16:11:46.876+0000] {dag.py:3722} INFO - Setting next_dagrun for example_task_group to 2025-09-24T16:11:46.876283+00:00, run_after=2025-09-25T16:11:46.876283+00:00
[2025-09-25T16:11:46.910+0000] {processor.py:179} INFO - Processing /home/airflow/.local/lib/python3.8/site-packages/airflow/example_dags/example_task_group.py took 0.117 seconds
[2025-09-25T16:12:17.913+0000] {processor.py:157} INFO - Started process (PID=253) to work on /home/airflow/.local/lib/python3.8/site-packages/airflow/example_dags/example_task_group.py
[2025-09-25T16:12:17.915+0000] {processor.py:829} INFO - Processing file /home/airflow/.local/lib/python3.8/site-packages/airflow/example_dags/example_task_group.py for tasks to queue
[2025-09-25T16:12:17.921+0000] {logging_mixin.py:154} INFO - [2025-09-25T16:12:17.920+0000] {dagbag.py:536} INFO - Filling up the DagBag from /home/airflow/.local/lib/python3.8/site-packages/airflow/example_dags/example_task_group.py
[2025-09-25T16:12:17.933+0000] {processor.py:839} INFO - DAG(s) dict_keys(['example_task_group']) retrieved from /home/airflow/.local/lib/python3.8/site-packages/airflow/example_dags/example_task_group.py
[2025-09-25T16:12:17.968+0000] {logging_mixin.py:154} INFO - [2025-09-25T16:12:17.968+0000] {dag.py:2941} INFO - Sync 1 DAGs
[2025-09-25T16:12:18.011+0000] {logging_mixin.py:154} INFO - [2025-09-25T16:12:18.011+0000] {dag.py:3722} INFO - Setting next_dagrun for example_task_group to 2025-09-24T16:12:18.010577+00:00, run_after=2025-09-25T16:12:18.010577+00:00
[2025-09-25T16:12:18.044+0000] {processor.py:179} INFO - Processing /home/airflow/.local/lib/python3.8/site-packages/airflow/example_dags/example_task_group.py took 0.136 seconds
[2025-09-25T16:12:48.336+0000] {processor.py:157} INFO - Started process (PID=307) to work on /home/airflow/.local/lib/python3.8/site-packages/airflow/example_dags/example_task_group.py
[2025-09-25T16:12:48.338+0000] {processor.py:829} INFO - Processing file /home/airflow/.local/lib/python3.8/site-packages/airflow/example_dags/example_task_group.py for tasks to queue
[2025-09-25T16:12:48.343+0000] {logging_mixin.py:154} INFO - [2025-09-25T16:12:48.342+0000] {dagbag.py:536} INFO - Filling up the DagBag from /home/airflow/.local/lib/python3.8/site-packages/airflow/example_dags/example_task_group.py
[2025-09-25T16:12:48.352+0000] {processor.py:839} INFO - DAG(s) dict_keys(['example_task_group']) retrieved from /home/airflow/.local/lib/python3.8/site-packages/airflow/example_dags/example_task_group.py
[2025-09-25T16:12:48.382+0000] {logging_mixin.py:154} INFO - [2025-09-25T16:12:48.382+0000] {dag.py:2941} INFO - Sync 1 DAGs
[2025-09-25T16:12:48.410+0000] {logging_mixin.py:154} INFO - [2025-09-25T16:12:48.410+0000] {dag.py:3722} INFO - Setting next_dagrun for example_task_group to 2025-09-24T16:12:48.410176+00:00, run_after=2025-09-25T16:12:48.410176+00:00
[2025-09-25T16:12:48.436+0000] {processor.py:179} INFO - Processing /home/airflow/.local/lib/python3.8/site-packages/airflow/example_dags/example_task_group.py took 0.105 seconds
[2025-09-25T16:13:18.664+0000] {processor.py:157} INFO - Started process (PID=361) to work on /home/airflow/.local/lib/python3.8/site-packages/airflow/example_dags/example_task_group.py
[2025-09-25T16:13:18.665+0000] {processor.py:829} INFO - Processing file /home/airflow/.local/lib/python3.8/site-packages/airflow/example_dags/example_task_group.py for tasks to queue
[2025-09-25T16:13:18.669+0000] {logging_mixin.py:154} INFO - [2025-09-25T16:13:18.668+0000] {dagbag.py:536} INFO - Filling up the DagBag from /home/airflow/.local/lib/python3.8/site-packages/airflow/example_dags/example_task_group.py
[2025-09-25T16:13:18.681+0000] {processor.py:839} INFO - DAG(s) dict_keys(['example_task_group']) retrieved from /home/airflow/.local/lib/python3.8/site-packages/airflow/example_dags/example_task_group.py
[2025-09-25T16:13:18.711+0000] {logging_mixin.py:154} INFO - [2025-09-25T16:13:18.711+0000] {dag.py:2941} INFO - Sync 1 DAGs
[2025-09-25T16:13:18.741+0000] {logging_mixin.py:154} INFO - [2025-09-25T16:13:18.741+0000] {dag.py:3722} INFO - Setting next_dagrun for example_task_group to 2025-09-24T16:13:18.740810+00:00, run_after=2025-09-25T16:13:18.740810+00:00
[2025-09-25T16:13:18.769+0000] {processor.py:179} INFO - Processing /home/airflow/.local/lib/python3.8/site-packages/airflow/example_dags/example_task_group.py took 0.109 seconds
[2025-09-25T16:13:49.761+0000] {processor.py:157} INFO - Started process (PID=415) to work on /home/airflow/.local/lib/python3.8/site-packages/airflow/example_dags/example_task_group.py
[2025-09-25T16:13:49.762+0000] {processor.py:829} INFO - Processing file /home/airflow/.local/lib/python3.8/site-packages/airflow/example_dags/example_task_group.py for tasks to queue
[2025-09-25T16:13:49.766+0000] {logging_mixin.py:154} INFO - [2025-09-25T16:13:49.766+0000] {dagbag.py:536} INFO - Filling up the DagBag from /home/airflow/.local/lib/python3.8/site-packages/airflow/example_dags/example_task_group.py
[2025-09-25T16:13:49.776+0000] {processor.py:839} INFO - DAG(s) dict_keys(['example_task_group']) retrieved from /home/airflow/.local/lib/python3.8/site-packages/airflow/example_dags/example_task_group.py
[2025-09-25T16:13:49.806+0000] {logging_mixin.py:154} INFO - [2025-09-25T16:13:49.806+0000] {dag.py:2941} INFO - Sync 1 DAGs
[2025-09-25T16:13:49.833+0000] {logging_mixin.py:154} INFO - [2025-09-25T16:13:49.833+0000] {dag.py:3722} INFO - Setting next_dagrun for example_task_group to 2025-09-24T16:13:49.832990+00:00, run_after=2025-09-25T16:13:49.832990+00:00
[2025-09-25T16:13:49.859+0000] {processor.py:179} INFO - Processing /home/airflow/.local/lib/python3.8/site-packages/airflow/example_dags/example_task_group.py took 0.103 seconds
[2025-09-25T16:14:19.949+0000] {processor.py:157} INFO - Started process (PID=469) to work on /home/airflow/.local/lib/python3.8/site-packages/airflow/example_dags/example_task_group.py
[2025-09-25T16:14:19.950+0000] {processor.py:829} INFO - Processing file /home/airflow/.local/lib/python3.8/site-packages/airflow/example_dags/example_task_group.py for tasks to queue
[2025-09-25T16:14:19.954+0000] {logging_mixin.py:154} INFO - [2025-09-25T16:14:19.953+0000] {dagbag.py:536} INFO - Filling up the DagBag from /home/airflow/.local/lib/python3.8/site-packages/airflow/example_dags/example_task_group.py
[2025-09-25T16:14:19.963+0000] {processor.py:839} INFO - DAG(s) dict_keys(['example_task_group']) retrieved from /home/airflow/.local/lib/python3.8/site-packages/airflow/example_dags/example_task_group.py
[2025-09-25T16:14:19.994+0000] {logging_mixin.py:154} INFO - [2025-09-25T16:14:19.994+0000] {dag.py:2941} INFO - Sync 1 DAGs
[2025-09-25T16:14:20.020+0000] {logging_mixin.py:154} INFO - [2025-09-25T16:14:20.020+0000] {dag.py:3722} INFO - Setting next_dagrun for example_task_group to 2025-09-24T16:14:20.020250+00:00, run_after=2025-09-25T16:14:20.020250+00:00
[2025-09-25T16:14:20.044+0000] {processor.py:179} INFO - Processing /home/airflow/.local/lib/python3.8/site-packages/airflow/example_dags/example_task_group.py took 0.100 seconds
[2025-09-25T16:14:50.155+0000] {processor.py:157} INFO - Started process (PID=523) to work on /home/airflow/.local/lib/python3.8/site-packages/airflow/example_dags/example_task_group.py
[2025-09-25T16:14:50.157+0000] {processor.py:829} INFO - Processing file /home/airflow/.local/lib/python3.8/site-packages/airflow/example_dags/example_task_group.py for tasks to queue
[2025-09-25T16:14:50.161+0000] {logging_mixin.py:154} INFO - [2025-09-25T16:14:50.160+0000] {dagbag.py:536} INFO - Filling up the DagBag from /home/airflow/.local/lib/python3.8/site-packages/airflow/example_dags/example_task_group.py
[2025-09-25T16:14:50.170+0000] {processor.py:839} INFO - DAG(s) dict_keys(['example_task_group']) retrieved from /home/airflow/.local/lib/python3.8/site-packages/airflow/example_dags/example_task_group.py
[2025-09-25T16:14:50.199+0000] {logging_mixin.py:154} INFO - [2025-09-25T16:14:50.199+0000] {dag.py:2941} INFO - Sync 1 DAGs
[2025-09-25T16:14:50.223+0000] {logging_mixin.py:154} INFO - [2025-09-25T16:14:50.223+0000] {dag.py:3722} INFO - Setting next_dagrun for example_task_group to 2025-09-24T16:14:50.223144+00:00, run_after=2025-09-25T16:14:50.223144+00:00
[2025-09-25T16:14:50.247+0000] {processor.py:179} INFO - Processing /home/airflow/.local/lib/python3.8/site-packages/airflow/example_dags/example_task_group.py took 0.096 seconds
[2025-09-25T16:15:20.682+0000] {processor.py:157} INFO - Started process (PID=577) to work on /home/airflow/.local/lib/python3.8/site-packages/airflow/example_dags/example_task_group.py
[2025-09-25T16:15:20.684+0000] {processor.py:829} INFO - Processing file /home/airflow/.local/lib/python3.8/site-packages/airflow/example_dags/example_task_group.py for tasks to queue
[2025-09-25T16:15:20.687+0000] {logging_mixin.py:154} INFO - [2025-09-25T16:15:20.687+0000] {dagbag.py:536} INFO - Filling up the DagBag from /home/airflow/.local/lib/python3.8/site-packages/airflow/example_dags/example_task_group.py
[2025-09-25T16:15:20.697+0000] {processor.py:839} INFO - DAG(s) dict_keys(['example_task_group']) retrieved from /home/airflow/.local/lib/python3.8/site-packages/airflow/example_dags/example_task_group.py
[2025-09-25T16:15:20.724+0000] {logging_mixin.py:154} INFO - [2025-09-25T16:15:20.724+0000] {dag.py:2941} INFO - Sync 1 DAGs
[2025-09-25T16:15:20.749+0000] {logging_mixin.py:154} INFO - [2025-09-25T16:15:20.749+0000] {dag.py:3722} INFO - Setting next_dagrun for example_task_group to 2025-09-24T16:15:20.749387+00:00, run_after=2025-09-25T16:15:20.749387+00:00
[2025-09-25T16:15:20.772+0000] {processor.py:179} INFO - Processing /home/airflow/.local/lib/python3.8/site-packages/airflow/example_dags/example_task_group.py took 0.094 seconds
[2025-09-25T16:15:51.017+0000] {processor.py:157} INFO - Started process (PID=631) to work on /home/airflow/.local/lib/python3.8/site-packages/airflow/example_dags/example_task_group.py
[2025-09-25T16:15:51.019+0000] {processor.py:829} INFO - Processing file /home/airflow/.local/lib/python3.8/site-packages/airflow/example_dags/example_task_group.py for tasks to queue
[2025-09-25T16:15:51.022+0000] {logging_mixin.py:154} INFO - [2025-09-25T16:15:51.022+0000] {dagbag.py:536} INFO - Filling up the DagBag from /home/airflow/.local/lib/python3.8/site-packages/airflow/example_dags/example_task_group.py
[2025-09-25T16:15:51.032+0000] {processor.py:839} INFO - DAG(s) dict_keys(['example_task_group']) retrieved from /home/airflow/.local/lib/python3.8/site-packages/airflow/example_dags/example_task_group.py
[2025-09-25T16:15:51.069+0000] {logging_mixin.py:154} INFO - [2025-09-25T16:15:51.068+0000] {dag.py:2941} INFO - Sync 1 DAGs
[2025-09-25T16:15:51.095+0000] {logging_mixin.py:154} INFO - [2025-09-25T16:15:51.094+0000] {dag.py:3722} INFO - Setting next_dagrun for example_task_group to 2025-09-24T16:15:51.094734+00:00, run_after=2025-09-25T16:15:51.094734+00:00
[2025-09-25T16:15:51.120+0000] {processor.py:179} INFO - Processing /home/airflow/.local/lib/python3.8/site-packages/airflow/example_dags/example_task_group.py took 0.107 seconds
[2025-09-25T16:16:21.307+0000] {processor.py:157} INFO - Started process (PID=685) to work on /home/airflow/.local/lib/python3.8/site-packages/airflow/example_dags/example_task_group.py
[2025-09-25T16:16:21.309+0000] {processor.py:829} INFO - Processing file /home/airflow/.local/lib/python3.8/site-packages/airflow/example_dags/example_task_group.py for tasks to queue
[2025-09-25T16:16:21.312+0000] {logging_mixin.py:154} INFO - [2025-09-25T16:16:21.311+0000] {dagbag.py:536} INFO - Filling up the DagBag from /home/airflow/.local/lib/python3.8/site-packages/airflow/example_dags/example_task_group.py
[2025-09-25T16:16:21.321+0000] {processor.py:839} INFO - DAG(s) dict_keys(['example_task_group']) retrieved from /home/airflow/.local/lib/python3.8/site-packages/airflow/example_dags/example_task_group.py
[2025-09-25T16:16:21.350+0000] {logging_mixin.py:154} INFO - [2025-09-25T16:16:21.350+0000] {dag.py:2941} INFO - Sync 1 DAGs
[2025-09-25T16:16:21.375+0000] {logging_mixin.py:154} INFO - [2025-09-25T16:16:21.375+0000] {dag.py:3722} INFO - Setting next_dagrun for example_task_group to 2025-09-24T16:16:21.375077+00:00, run_after=2025-09-25T16:16:21.375077+00:00
[2025-09-25T16:16:21.399+0000] {processor.py:179} INFO - Processing /home/airflow/.local/lib/python3.8/site-packages/airflow/example_dags/example_task_group.py took 0.096 seconds
[2025-09-25T16:16:51.661+0000] {processor.py:157} INFO - Started process (PID=739) to work on /home/airflow/.local/lib/python3.8/site-packages/airflow/example_dags/example_task_group.py
[2025-09-25T16:16:51.663+0000] {processor.py:829} INFO - Processing file /home/airflow/.local/lib/python3.8/site-packages/airflow/example_dags/example_task_group.py for tasks to queue
[2025-09-25T16:16:51.666+0000] {logging_mixin.py:154} INFO - [2025-09-25T16:16:51.666+0000] {dagbag.py:536} INFO - Filling up the DagBag from /home/airflow/.local/lib/python3.8/site-packages/airflow/example_dags/example_task_group.py
[2025-09-25T16:16:51.675+0000] {processor.py:839} INFO - DAG(s) dict_keys(['example_task_group']) retrieved from /home/airflow/.local/lib/python3.8/site-packages/airflow/example_dags/example_task_group.py
[2025-09-25T16:16:51.704+0000] {logging_mixin.py:154} INFO - [2025-09-25T16:16:51.704+0000] {dag.py:2941} INFO - Sync 1 DAGs
[2025-09-25T16:16:51.730+0000] {logging_mixin.py:154} INFO - [2025-09-25T16:16:51.729+0000] {dag.py:3722} INFO - Setting next_dagrun for example_task_group to 2025-09-24T16:16:51.729630+00:00, run_after=2025-09-25T16:16:51.729630+00:00
[2025-09-25T16:16:51.756+0000] {processor.py:179} INFO - Processing /home/airflow/.local/lib/python3.8/site-packages/airflow/example_dags/example_task_group.py took 0.100 seconds
[2025-09-25T16:17:22.383+0000] {processor.py:157} INFO - Started process (PID=793) to work on /home/airflow/.local/lib/python3.8/site-packages/airflow/example_dags/example_task_group.py
[2025-09-25T16:17:22.384+0000] {processor.py:829} INFO - Processing file /home/airflow/.local/lib/python3.8/site-packages/airflow/example_dags/example_task_group.py for tasks to queue
[2025-09-25T16:17:22.388+0000] {logging_mixin.py:154} INFO - [2025-09-25T16:17:22.387+0000] {dagbag.py:536} INFO - Filling up the DagBag from /home/airflow/.local/lib/python3.8/site-packages/airflow/example_dags/example_task_group.py
[2025-09-25T16:17:22.398+0000] {processor.py:839} INFO - DAG(s) dict_keys(['example_task_group']) retrieved from /home/airflow/.local/lib/python3.8/site-packages/airflow/example_dags/example_task_group.py
[2025-09-25T16:17:22.429+0000] {logging_mixin.py:154} INFO - [2025-09-25T16:17:22.429+0000] {dag.py:2941} INFO - Sync 1 DAGs
[2025-09-25T16:17:22.455+0000] {logging_mixin.py:154} INFO - [2025-09-25T16:17:22.455+0000] {dag.py:3722} INFO - Setting next_dagrun for example_task_group to 2025-09-24T16:17:22.454744+00:00, run_after=2025-09-25T16:17:22.454744+00:00
[2025-09-25T16:17:22.478+0000] {processor.py:179} INFO - Processing /home/airflow/.local/lib/python3.8/site-packages/airflow/example_dags/example_task_group.py took 0.100 seconds
[2025-09-25T16:17:53.392+0000] {processor.py:157} INFO - Started process (PID=847) to work on /home/airflow/.local/lib/python3.8/site-packages/airflow/example_dags/example_task_group.py
[2025-09-25T16:17:53.397+0000] {processor.py:829} INFO - Processing file /home/airflow/.local/lib/python3.8/site-packages/airflow/example_dags/example_task_group.py for tasks to queue
[2025-09-25T16:17:53.404+0000] {logging_mixin.py:154} INFO - [2025-09-25T16:17:53.403+0000] {dagbag.py:536} INFO - Filling up the DagBag from /home/airflow/.local/lib/python3.8/site-packages/airflow/example_dags/example_task_group.py
[2025-09-25T16:17:53.425+0000] {processor.py:839} INFO - DAG(s) dict_keys(['example_task_group']) retrieved from /home/airflow/.local/lib/python3.8/site-packages/airflow/example_dags/example_task_group.py
[2025-09-25T16:17:53.485+0000] {logging_mixin.py:154} INFO - [2025-09-25T16:17:53.484+0000] {dag.py:2941} INFO - Sync 1 DAGs
[2025-09-25T16:17:53.524+0000] {logging_mixin.py:154} INFO - [2025-09-25T16:17:53.523+0000] {dag.py:3722} INFO - Setting next_dagrun for example_task_group to 2025-09-24T16:17:53.523437+00:00, run_after=2025-09-25T16:17:53.523437+00:00
[2025-09-25T16:17:53.560+0000] {processor.py:179} INFO - Processing /home/airflow/.local/lib/python3.8/site-packages/airflow/example_dags/example_task_group.py took 0.179 seconds
