[2025-09-25T16:10:52.062+0000] {processor.py:157} INFO - Started process (PID=117) to work on /home/airflow/.local/lib/python3.8/site-packages/airflow/example_dags/example_trigger_controller_dag.py
[2025-09-25T16:10:52.065+0000] {processor.py:829} INFO - Processing file /home/airflow/.local/lib/python3.8/site-packages/airflow/example_dags/example_trigger_controller_dag.py for tasks to queue
[2025-09-25T16:10:52.070+0000] {logging_mixin.py:154} INFO - [2025-09-25T16:10:52.069+0000] {dagbag.py:536} INFO - Filling up the DagBag from /home/airflow/.local/lib/python3.8/site-packages/airflow/example_dags/example_trigger_controller_dag.py
[2025-09-25T16:10:52.087+0000] {processor.py:839} INFO - DAG(s) dict_keys(['example_trigger_controller_dag']) retrieved from /home/airflow/.local/lib/python3.8/site-packages/airflow/example_dags/example_trigger_controller_dag.py
[2025-09-25T16:10:52.130+0000] {logging_mixin.py:154} INFO - [2025-09-25T16:10:52.129+0000] {dag.py:2941} INFO - Sync 1 DAGs
[2025-09-25T16:10:52.163+0000] {logging_mixin.py:154} INFO - [2025-09-25T16:10:52.163+0000] {dag.py:3722} INFO - Setting next_dagrun for example_trigger_controller_dag to 2021-01-01T00:00:00+00:00, run_after=2021-01-01T00:00:00+00:00
[2025-09-25T16:10:52.197+0000] {processor.py:179} INFO - Processing /home/airflow/.local/lib/python3.8/site-packages/airflow/example_dags/example_trigger_controller_dag.py took 0.143 seconds
[2025-09-25T16:11:22.903+0000] {processor.py:157} INFO - Started process (PID=171) to work on /home/airflow/.local/lib/python3.8/site-packages/airflow/example_dags/example_trigger_controller_dag.py
[2025-09-25T16:11:22.906+0000] {processor.py:829} INFO - Processing file /home/airflow/.local/lib/python3.8/site-packages/airflow/example_dags/example_trigger_controller_dag.py for tasks to queue
[2025-09-25T16:11:22.915+0000] {logging_mixin.py:154} INFO - [2025-09-25T16:11:22.915+0000] {dagbag.py:536} INFO - Filling up the DagBag from /home/airflow/.local/lib/python3.8/site-packages/airflow/example_dags/example_trigger_controller_dag.py
[2025-09-25T16:11:22.933+0000] {processor.py:839} INFO - DAG(s) dict_keys(['example_trigger_controller_dag']) retrieved from /home/airflow/.local/lib/python3.8/site-packages/airflow/example_dags/example_trigger_controller_dag.py
[2025-09-25T16:11:22.990+0000] {logging_mixin.py:154} INFO - [2025-09-25T16:11:22.990+0000] {dag.py:2941} INFO - Sync 1 DAGs
[2025-09-25T16:11:23.051+0000] {logging_mixin.py:154} INFO - [2025-09-25T16:11:23.050+0000] {dag.py:3722} INFO - Setting next_dagrun for example_trigger_controller_dag to 2021-01-01T00:00:00+00:00, run_after=2021-01-01T00:00:00+00:00
[2025-09-25T16:11:23.100+0000] {processor.py:179} INFO - Processing /home/airflow/.local/lib/python3.8/site-packages/airflow/example_dags/example_trigger_controller_dag.py took 0.204 seconds
[2025-09-25T16:11:54.079+0000] {processor.py:157} INFO - Started process (PID=225) to work on /home/airflow/.local/lib/python3.8/site-packages/airflow/example_dags/example_trigger_controller_dag.py
[2025-09-25T16:11:54.081+0000] {processor.py:829} INFO - Processing file /home/airflow/.local/lib/python3.8/site-packages/airflow/example_dags/example_trigger_controller_dag.py for tasks to queue
[2025-09-25T16:11:54.088+0000] {logging_mixin.py:154} INFO - [2025-09-25T16:11:54.086+0000] {dagbag.py:536} INFO - Filling up the DagBag from /home/airflow/.local/lib/python3.8/site-packages/airflow/example_dags/example_trigger_controller_dag.py
[2025-09-25T16:11:54.096+0000] {processor.py:839} INFO - DAG(s) dict_keys(['example_trigger_controller_dag']) retrieved from /home/airflow/.local/lib/python3.8/site-packages/airflow/example_dags/example_trigger_controller_dag.py
[2025-09-25T16:11:54.127+0000] {logging_mixin.py:154} INFO - [2025-09-25T16:11:54.127+0000] {dag.py:2941} INFO - Sync 1 DAGs
[2025-09-25T16:11:54.158+0000] {logging_mixin.py:154} INFO - [2025-09-25T16:11:54.158+0000] {dag.py:3722} INFO - Setting next_dagrun for example_trigger_controller_dag to 2021-01-01T00:00:00+00:00, run_after=2021-01-01T00:00:00+00:00
[2025-09-25T16:11:54.191+0000] {processor.py:179} INFO - Processing /home/airflow/.local/lib/python3.8/site-packages/airflow/example_dags/example_trigger_controller_dag.py took 0.117 seconds
[2025-09-25T16:12:24.580+0000] {processor.py:157} INFO - Started process (PID=279) to work on /home/airflow/.local/lib/python3.8/site-packages/airflow/example_dags/example_trigger_controller_dag.py
[2025-09-25T16:12:24.582+0000] {processor.py:829} INFO - Processing file /home/airflow/.local/lib/python3.8/site-packages/airflow/example_dags/example_trigger_controller_dag.py for tasks to queue
[2025-09-25T16:12:24.587+0000] {logging_mixin.py:154} INFO - [2025-09-25T16:12:24.586+0000] {dagbag.py:536} INFO - Filling up the DagBag from /home/airflow/.local/lib/python3.8/site-packages/airflow/example_dags/example_trigger_controller_dag.py
[2025-09-25T16:12:24.593+0000] {processor.py:839} INFO - DAG(s) dict_keys(['example_trigger_controller_dag']) retrieved from /home/airflow/.local/lib/python3.8/site-packages/airflow/example_dags/example_trigger_controller_dag.py
[2025-09-25T16:12:24.622+0000] {logging_mixin.py:154} INFO - [2025-09-25T16:12:24.622+0000] {dag.py:2941} INFO - Sync 1 DAGs
[2025-09-25T16:12:24.649+0000] {logging_mixin.py:154} INFO - [2025-09-25T16:12:24.649+0000] {dag.py:3722} INFO - Setting next_dagrun for example_trigger_controller_dag to 2021-01-01T00:00:00+00:00, run_after=2021-01-01T00:00:00+00:00
[2025-09-25T16:12:24.671+0000] {processor.py:179} INFO - Processing /home/airflow/.local/lib/python3.8/site-packages/airflow/example_dags/example_trigger_controller_dag.py took 0.097 seconds
[2025-09-25T16:12:55.458+0000] {processor.py:157} INFO - Started process (PID=333) to work on /home/airflow/.local/lib/python3.8/site-packages/airflow/example_dags/example_trigger_controller_dag.py
[2025-09-25T16:12:55.460+0000] {processor.py:829} INFO - Processing file /home/airflow/.local/lib/python3.8/site-packages/airflow/example_dags/example_trigger_controller_dag.py for tasks to queue
[2025-09-25T16:12:55.463+0000] {logging_mixin.py:154} INFO - [2025-09-25T16:12:55.463+0000] {dagbag.py:536} INFO - Filling up the DagBag from /home/airflow/.local/lib/python3.8/site-packages/airflow/example_dags/example_trigger_controller_dag.py
[2025-09-25T16:12:55.469+0000] {processor.py:839} INFO - DAG(s) dict_keys(['example_trigger_controller_dag']) retrieved from /home/airflow/.local/lib/python3.8/site-packages/airflow/example_dags/example_trigger_controller_dag.py
[2025-09-25T16:12:55.497+0000] {logging_mixin.py:154} INFO - [2025-09-25T16:12:55.497+0000] {dag.py:2941} INFO - Sync 1 DAGs
[2025-09-25T16:12:55.521+0000] {logging_mixin.py:154} INFO - [2025-09-25T16:12:55.521+0000] {dag.py:3722} INFO - Setting next_dagrun for example_trigger_controller_dag to 2021-01-01T00:00:00+00:00, run_after=2021-01-01T00:00:00+00:00
[2025-09-25T16:12:55.550+0000] {processor.py:179} INFO - Processing /home/airflow/.local/lib/python3.8/site-packages/airflow/example_dags/example_trigger_controller_dag.py took 0.098 seconds
[2025-09-25T16:13:26.071+0000] {processor.py:157} INFO - Started process (PID=387) to work on /home/airflow/.local/lib/python3.8/site-packages/airflow/example_dags/example_trigger_controller_dag.py
[2025-09-25T16:13:26.072+0000] {processor.py:829} INFO - Processing file /home/airflow/.local/lib/python3.8/site-packages/airflow/example_dags/example_trigger_controller_dag.py for tasks to queue
[2025-09-25T16:13:26.077+0000] {logging_mixin.py:154} INFO - [2025-09-25T16:13:26.076+0000] {dagbag.py:536} INFO - Filling up the DagBag from /home/airflow/.local/lib/python3.8/site-packages/airflow/example_dags/example_trigger_controller_dag.py
[2025-09-25T16:13:26.082+0000] {processor.py:839} INFO - DAG(s) dict_keys(['example_trigger_controller_dag']) retrieved from /home/airflow/.local/lib/python3.8/site-packages/airflow/example_dags/example_trigger_controller_dag.py
[2025-09-25T16:13:26.111+0000] {logging_mixin.py:154} INFO - [2025-09-25T16:13:26.111+0000] {dag.py:2941} INFO - Sync 1 DAGs
[2025-09-25T16:13:26.138+0000] {logging_mixin.py:154} INFO - [2025-09-25T16:13:26.137+0000] {dag.py:3722} INFO - Setting next_dagrun for example_trigger_controller_dag to 2021-01-01T00:00:00+00:00, run_after=2021-01-01T00:00:00+00:00
[2025-09-25T16:13:26.162+0000] {processor.py:179} INFO - Processing /home/airflow/.local/lib/python3.8/site-packages/airflow/example_dags/example_trigger_controller_dag.py took 0.095 seconds
[2025-09-25T16:13:57.111+0000] {processor.py:157} INFO - Started process (PID=441) to work on /home/airflow/.local/lib/python3.8/site-packages/airflow/example_dags/example_trigger_controller_dag.py
[2025-09-25T16:13:57.112+0000] {processor.py:829} INFO - Processing file /home/airflow/.local/lib/python3.8/site-packages/airflow/example_dags/example_trigger_controller_dag.py for tasks to queue
[2025-09-25T16:13:57.116+0000] {logging_mixin.py:154} INFO - [2025-09-25T16:13:57.115+0000] {dagbag.py:536} INFO - Filling up the DagBag from /home/airflow/.local/lib/python3.8/site-packages/airflow/example_dags/example_trigger_controller_dag.py
[2025-09-25T16:13:57.121+0000] {processor.py:839} INFO - DAG(s) dict_keys(['example_trigger_controller_dag']) retrieved from /home/airflow/.local/lib/python3.8/site-packages/airflow/example_dags/example_trigger_controller_dag.py
[2025-09-25T16:13:57.150+0000] {logging_mixin.py:154} INFO - [2025-09-25T16:13:57.149+0000] {dag.py:2941} INFO - Sync 1 DAGs
[2025-09-25T16:13:57.179+0000] {logging_mixin.py:154} INFO - [2025-09-25T16:13:57.179+0000] {dag.py:3722} INFO - Setting next_dagrun for example_trigger_controller_dag to 2021-01-01T00:00:00+00:00, run_after=2021-01-01T00:00:00+00:00
[2025-09-25T16:13:57.214+0000] {processor.py:179} INFO - Processing /home/airflow/.local/lib/python3.8/site-packages/airflow/example_dags/example_trigger_controller_dag.py took 0.107 seconds
[2025-09-25T16:14:27.440+0000] {processor.py:157} INFO - Started process (PID=495) to work on /home/airflow/.local/lib/python3.8/site-packages/airflow/example_dags/example_trigger_controller_dag.py
[2025-09-25T16:14:27.441+0000] {processor.py:829} INFO - Processing file /home/airflow/.local/lib/python3.8/site-packages/airflow/example_dags/example_trigger_controller_dag.py for tasks to queue
[2025-09-25T16:14:27.445+0000] {logging_mixin.py:154} INFO - [2025-09-25T16:14:27.445+0000] {dagbag.py:536} INFO - Filling up the DagBag from /home/airflow/.local/lib/python3.8/site-packages/airflow/example_dags/example_trigger_controller_dag.py
[2025-09-25T16:14:27.450+0000] {processor.py:839} INFO - DAG(s) dict_keys(['example_trigger_controller_dag']) retrieved from /home/airflow/.local/lib/python3.8/site-packages/airflow/example_dags/example_trigger_controller_dag.py
[2025-09-25T16:14:27.483+0000] {logging_mixin.py:154} INFO - [2025-09-25T16:14:27.482+0000] {dag.py:2941} INFO - Sync 1 DAGs
[2025-09-25T16:14:27.512+0000] {logging_mixin.py:154} INFO - [2025-09-25T16:14:27.512+0000] {dag.py:3722} INFO - Setting next_dagrun for example_trigger_controller_dag to 2021-01-01T00:00:00+00:00, run_after=2021-01-01T00:00:00+00:00
[2025-09-25T16:14:27.539+0000] {processor.py:179} INFO - Processing /home/airflow/.local/lib/python3.8/site-packages/airflow/example_dags/example_trigger_controller_dag.py took 0.104 seconds
[2025-09-25T16:14:58.205+0000] {processor.py:157} INFO - Started process (PID=549) to work on /home/airflow/.local/lib/python3.8/site-packages/airflow/example_dags/example_trigger_controller_dag.py
[2025-09-25T16:14:58.207+0000] {processor.py:829} INFO - Processing file /home/airflow/.local/lib/python3.8/site-packages/airflow/example_dags/example_trigger_controller_dag.py for tasks to queue
[2025-09-25T16:14:58.211+0000] {logging_mixin.py:154} INFO - [2025-09-25T16:14:58.210+0000] {dagbag.py:536} INFO - Filling up the DagBag from /home/airflow/.local/lib/python3.8/site-packages/airflow/example_dags/example_trigger_controller_dag.py
[2025-09-25T16:14:58.218+0000] {processor.py:839} INFO - DAG(s) dict_keys(['example_trigger_controller_dag']) retrieved from /home/airflow/.local/lib/python3.8/site-packages/airflow/example_dags/example_trigger_controller_dag.py
[2025-09-25T16:14:58.253+0000] {logging_mixin.py:154} INFO - [2025-09-25T16:14:58.253+0000] {dag.py:2941} INFO - Sync 1 DAGs
[2025-09-25T16:14:58.289+0000] {logging_mixin.py:154} INFO - [2025-09-25T16:14:58.288+0000] {dag.py:3722} INFO - Setting next_dagrun for example_trigger_controller_dag to 2021-01-01T00:00:00+00:00, run_after=2021-01-01T00:00:00+00:00
[2025-09-25T16:14:58.326+0000] {processor.py:179} INFO - Processing /home/airflow/.local/lib/python3.8/site-packages/airflow/example_dags/example_trigger_controller_dag.py took 0.127 seconds
[2025-09-25T16:15:28.923+0000] {processor.py:157} INFO - Started process (PID=603) to work on /home/airflow/.local/lib/python3.8/site-packages/airflow/example_dags/example_trigger_controller_dag.py
[2025-09-25T16:15:28.925+0000] {processor.py:829} INFO - Processing file /home/airflow/.local/lib/python3.8/site-packages/airflow/example_dags/example_trigger_controller_dag.py for tasks to queue
[2025-09-25T16:15:28.930+0000] {logging_mixin.py:154} INFO - [2025-09-25T16:15:28.929+0000] {dagbag.py:536} INFO - Filling up the DagBag from /home/airflow/.local/lib/python3.8/site-packages/airflow/example_dags/example_trigger_controller_dag.py
[2025-09-25T16:15:28.936+0000] {processor.py:839} INFO - DAG(s) dict_keys(['example_trigger_controller_dag']) retrieved from /home/airflow/.local/lib/python3.8/site-packages/airflow/example_dags/example_trigger_controller_dag.py
[2025-09-25T16:15:28.963+0000] {logging_mixin.py:154} INFO - [2025-09-25T16:15:28.963+0000] {dag.py:2941} INFO - Sync 1 DAGs
[2025-09-25T16:15:28.993+0000] {logging_mixin.py:154} INFO - [2025-09-25T16:15:28.993+0000] {dag.py:3722} INFO - Setting next_dagrun for example_trigger_controller_dag to 2021-01-01T00:00:00+00:00, run_after=2021-01-01T00:00:00+00:00
[2025-09-25T16:15:29.019+0000] {processor.py:179} INFO - Processing /home/airflow/.local/lib/python3.8/site-packages/airflow/example_dags/example_trigger_controller_dag.py took 0.102 seconds
[2025-09-25T16:15:59.498+0000] {processor.py:157} INFO - Started process (PID=657) to work on /home/airflow/.local/lib/python3.8/site-packages/airflow/example_dags/example_trigger_controller_dag.py
[2025-09-25T16:15:59.500+0000] {processor.py:829} INFO - Processing file /home/airflow/.local/lib/python3.8/site-packages/airflow/example_dags/example_trigger_controller_dag.py for tasks to queue
[2025-09-25T16:15:59.504+0000] {logging_mixin.py:154} INFO - [2025-09-25T16:15:59.503+0000] {dagbag.py:536} INFO - Filling up the DagBag from /home/airflow/.local/lib/python3.8/site-packages/airflow/example_dags/example_trigger_controller_dag.py
[2025-09-25T16:15:59.509+0000] {processor.py:839} INFO - DAG(s) dict_keys(['example_trigger_controller_dag']) retrieved from /home/airflow/.local/lib/python3.8/site-packages/airflow/example_dags/example_trigger_controller_dag.py
[2025-09-25T16:15:59.543+0000] {logging_mixin.py:154} INFO - [2025-09-25T16:15:59.543+0000] {dag.py:2941} INFO - Sync 1 DAGs
[2025-09-25T16:15:59.618+0000] {logging_mixin.py:154} INFO - [2025-09-25T16:15:59.617+0000] {dag.py:3722} INFO - Setting next_dagrun for example_trigger_controller_dag to 2021-01-01T00:00:00+00:00, run_after=2021-01-01T00:00:00+00:00
[2025-09-25T16:15:59.689+0000] {processor.py:179} INFO - Processing /home/airflow/.local/lib/python3.8/site-packages/airflow/example_dags/example_trigger_controller_dag.py took 0.195 seconds
[2025-09-25T16:16:29.810+0000] {processor.py:157} INFO - Started process (PID=711) to work on /home/airflow/.local/lib/python3.8/site-packages/airflow/example_dags/example_trigger_controller_dag.py
[2025-09-25T16:16:29.811+0000] {processor.py:829} INFO - Processing file /home/airflow/.local/lib/python3.8/site-packages/airflow/example_dags/example_trigger_controller_dag.py for tasks to queue
[2025-09-25T16:16:29.814+0000] {logging_mixin.py:154} INFO - [2025-09-25T16:16:29.814+0000] {dagbag.py:536} INFO - Filling up the DagBag from /home/airflow/.local/lib/python3.8/site-packages/airflow/example_dags/example_trigger_controller_dag.py
[2025-09-25T16:16:29.821+0000] {processor.py:839} INFO - DAG(s) dict_keys(['example_trigger_controller_dag']) retrieved from /home/airflow/.local/lib/python3.8/site-packages/airflow/example_dags/example_trigger_controller_dag.py
[2025-09-25T16:16:29.851+0000] {logging_mixin.py:154} INFO - [2025-09-25T16:16:29.850+0000] {dag.py:2941} INFO - Sync 1 DAGs
[2025-09-25T16:16:29.881+0000] {logging_mixin.py:154} INFO - [2025-09-25T16:16:29.881+0000] {dag.py:3722} INFO - Setting next_dagrun for example_trigger_controller_dag to 2021-01-01T00:00:00+00:00, run_after=2021-01-01T00:00:00+00:00
[2025-09-25T16:16:29.913+0000] {processor.py:179} INFO - Processing /home/airflow/.local/lib/python3.8/site-packages/airflow/example_dags/example_trigger_controller_dag.py took 0.107 seconds
[2025-09-25T16:17:00.627+0000] {processor.py:157} INFO - Started process (PID=765) to work on /home/airflow/.local/lib/python3.8/site-packages/airflow/example_dags/example_trigger_controller_dag.py
[2025-09-25T16:17:00.629+0000] {processor.py:829} INFO - Processing file /home/airflow/.local/lib/python3.8/site-packages/airflow/example_dags/example_trigger_controller_dag.py for tasks to queue
[2025-09-25T16:17:00.633+0000] {logging_mixin.py:154} INFO - [2025-09-25T16:17:00.632+0000] {dagbag.py:536} INFO - Filling up the DagBag from /home/airflow/.local/lib/python3.8/site-packages/airflow/example_dags/example_trigger_controller_dag.py
[2025-09-25T16:17:00.641+0000] {processor.py:839} INFO - DAG(s) dict_keys(['example_trigger_controller_dag']) retrieved from /home/airflow/.local/lib/python3.8/site-packages/airflow/example_dags/example_trigger_controller_dag.py
[2025-09-25T16:17:00.691+0000] {logging_mixin.py:154} INFO - [2025-09-25T16:17:00.691+0000] {dag.py:2941} INFO - Sync 1 DAGs
[2025-09-25T16:17:00.731+0000] {logging_mixin.py:154} INFO - [2025-09-25T16:17:00.731+0000] {dag.py:3722} INFO - Setting next_dagrun for example_trigger_controller_dag to 2021-01-01T00:00:00+00:00, run_after=2021-01-01T00:00:00+00:00
[2025-09-25T16:17:00.764+0000] {processor.py:179} INFO - Processing /home/airflow/.local/lib/python3.8/site-packages/airflow/example_dags/example_trigger_controller_dag.py took 0.143 seconds
[2025-09-25T16:17:30.967+0000] {processor.py:157} INFO - Started process (PID=819) to work on /home/airflow/.local/lib/python3.8/site-packages/airflow/example_dags/example_trigger_controller_dag.py
[2025-09-25T16:17:30.968+0000] {processor.py:829} INFO - Processing file /home/airflow/.local/lib/python3.8/site-packages/airflow/example_dags/example_trigger_controller_dag.py for tasks to queue
[2025-09-25T16:17:30.973+0000] {logging_mixin.py:154} INFO - [2025-09-25T16:17:30.972+0000] {dagbag.py:536} INFO - Filling up the DagBag from /home/airflow/.local/lib/python3.8/site-packages/airflow/example_dags/example_trigger_controller_dag.py
[2025-09-25T16:17:30.979+0000] {processor.py:839} INFO - DAG(s) dict_keys(['example_trigger_controller_dag']) retrieved from /home/airflow/.local/lib/python3.8/site-packages/airflow/example_dags/example_trigger_controller_dag.py
[2025-09-25T16:17:31.007+0000] {logging_mixin.py:154} INFO - [2025-09-25T16:17:31.007+0000] {dag.py:2941} INFO - Sync 1 DAGs
[2025-09-25T16:17:31.035+0000] {logging_mixin.py:154} INFO - [2025-09-25T16:17:31.035+0000] {dag.py:3722} INFO - Setting next_dagrun for example_trigger_controller_dag to 2021-01-01T00:00:00+00:00, run_after=2021-01-01T00:00:00+00:00
[2025-09-25T16:17:31.063+0000] {processor.py:179} INFO - Processing /home/airflow/.local/lib/python3.8/site-packages/airflow/example_dags/example_trigger_controller_dag.py took 0.101 seconds
[2025-09-25T16:18:01.768+0000] {processor.py:157} INFO - Started process (PID=873) to work on /home/airflow/.local/lib/python3.8/site-packages/airflow/example_dags/example_trigger_controller_dag.py
[2025-09-25T16:18:01.769+0000] {processor.py:829} INFO - Processing file /home/airflow/.local/lib/python3.8/site-packages/airflow/example_dags/example_trigger_controller_dag.py for tasks to queue
[2025-09-25T16:18:01.773+0000] {logging_mixin.py:154} INFO - [2025-09-25T16:18:01.773+0000] {dagbag.py:536} INFO - Filling up the DagBag from /home/airflow/.local/lib/python3.8/site-packages/airflow/example_dags/example_trigger_controller_dag.py
[2025-09-25T16:18:01.782+0000] {processor.py:839} INFO - DAG(s) dict_keys(['example_trigger_controller_dag']) retrieved from /home/airflow/.local/lib/python3.8/site-packages/airflow/example_dags/example_trigger_controller_dag.py
[2025-09-25T16:18:01.837+0000] {logging_mixin.py:154} INFO - [2025-09-25T16:18:01.836+0000] {dag.py:2941} INFO - Sync 1 DAGs
[2025-09-25T16:18:01.873+0000] {logging_mixin.py:154} INFO - [2025-09-25T16:18:01.872+0000] {dag.py:3722} INFO - Setting next_dagrun for example_trigger_controller_dag to 2021-01-01T00:00:00+00:00, run_after=2021-01-01T00:00:00+00:00
[2025-09-25T16:18:01.905+0000] {processor.py:179} INFO - Processing /home/airflow/.local/lib/python3.8/site-packages/airflow/example_dags/example_trigger_controller_dag.py took 0.142 seconds
