[2025-09-25T16:10:50.590+0000] {processor.py:157} INFO - Started process (PID=109) to work on /home/airflow/.local/lib/python3.8/site-packages/airflow/example_dags/example_branch_operator.py
[2025-09-25T16:10:50.593+0000] {processor.py:829} INFO - Processing file /home/airflow/.local/lib/python3.8/site-packages/airflow/example_dags/example_branch_operator.py for tasks to queue
[2025-09-25T16:10:50.605+0000] {logging_mixin.py:154} INFO - [2025-09-25T16:10:50.600+0000] {dagbag.py:536} INFO - Filling up the DagBag from /home/airflow/.local/lib/python3.8/site-packages/airflow/example_dags/example_branch_operator.py
[2025-09-25T16:10:50.658+0000] {processor.py:839} INFO - DAG(s) dict_keys(['example_branch_operator']) retrieved from /home/airflow/.local/lib/python3.8/site-packages/airflow/example_dags/example_branch_operator.py
[2025-09-25T16:10:50.787+0000] {logging_mixin.py:154} INFO - [2025-09-25T16:10:50.786+0000] {dag.py:2941} INFO - Sync 1 DAGs
[2025-09-25T16:10:50.854+0000] {logging_mixin.py:154} INFO - [2025-09-25T16:10:50.854+0000] {dag.py:3722} INFO - Setting next_dagrun for example_branch_operator to 2025-09-24T00:00:00+00:00, run_after=2025-09-25T00:00:00+00:00
[2025-09-25T16:10:50.908+0000] {processor.py:179} INFO - Processing /home/airflow/.local/lib/python3.8/site-packages/airflow/example_dags/example_branch_operator.py took 0.326 seconds
[2025-09-25T16:11:21.735+0000] {processor.py:157} INFO - Started process (PID=163) to work on /home/airflow/.local/lib/python3.8/site-packages/airflow/example_dags/example_branch_operator.py
[2025-09-25T16:11:21.739+0000] {processor.py:829} INFO - Processing file /home/airflow/.local/lib/python3.8/site-packages/airflow/example_dags/example_branch_operator.py for tasks to queue
[2025-09-25T16:11:21.746+0000] {logging_mixin.py:154} INFO - [2025-09-25T16:11:21.745+0000] {dagbag.py:536} INFO - Filling up the DagBag from /home/airflow/.local/lib/python3.8/site-packages/airflow/example_dags/example_branch_operator.py
[2025-09-25T16:11:21.767+0000] {processor.py:839} INFO - DAG(s) dict_keys(['example_branch_operator']) retrieved from /home/airflow/.local/lib/python3.8/site-packages/airflow/example_dags/example_branch_operator.py
[2025-09-25T16:11:21.812+0000] {logging_mixin.py:154} INFO - [2025-09-25T16:11:21.812+0000] {dag.py:2941} INFO - Sync 1 DAGs
[2025-09-25T16:11:21.856+0000] {logging_mixin.py:154} INFO - [2025-09-25T16:11:21.856+0000] {dag.py:3722} INFO - Setting next_dagrun for example_branch_operator to 2025-09-24T00:00:00+00:00, run_after=2025-09-25T00:00:00+00:00
[2025-09-25T16:11:21.901+0000] {processor.py:179} INFO - Processing /home/airflow/.local/lib/python3.8/site-packages/airflow/example_dags/example_branch_operator.py took 0.173 seconds
[2025-09-25T16:11:52.384+0000] {processor.py:157} INFO - Started process (PID=217) to work on /home/airflow/.local/lib/python3.8/site-packages/airflow/example_dags/example_branch_operator.py
[2025-09-25T16:11:52.386+0000] {processor.py:829} INFO - Processing file /home/airflow/.local/lib/python3.8/site-packages/airflow/example_dags/example_branch_operator.py for tasks to queue
[2025-09-25T16:11:52.389+0000] {logging_mixin.py:154} INFO - [2025-09-25T16:11:52.389+0000] {dagbag.py:536} INFO - Filling up the DagBag from /home/airflow/.local/lib/python3.8/site-packages/airflow/example_dags/example_branch_operator.py
[2025-09-25T16:11:52.400+0000] {processor.py:839} INFO - DAG(s) dict_keys(['example_branch_operator']) retrieved from /home/airflow/.local/lib/python3.8/site-packages/airflow/example_dags/example_branch_operator.py
[2025-09-25T16:11:52.430+0000] {logging_mixin.py:154} INFO - [2025-09-25T16:11:52.429+0000] {dag.py:2941} INFO - Sync 1 DAGs
[2025-09-25T16:11:52.456+0000] {logging_mixin.py:154} INFO - [2025-09-25T16:11:52.455+0000] {dag.py:3722} INFO - Setting next_dagrun for example_branch_operator to 2025-09-24T00:00:00+00:00, run_after=2025-09-25T00:00:00+00:00
[2025-09-25T16:11:52.481+0000] {processor.py:179} INFO - Processing /home/airflow/.local/lib/python3.8/site-packages/airflow/example_dags/example_branch_operator.py took 0.101 seconds
[2025-09-25T16:12:23.080+0000] {processor.py:157} INFO - Started process (PID=271) to work on /home/airflow/.local/lib/python3.8/site-packages/airflow/example_dags/example_branch_operator.py
[2025-09-25T16:12:23.082+0000] {processor.py:829} INFO - Processing file /home/airflow/.local/lib/python3.8/site-packages/airflow/example_dags/example_branch_operator.py for tasks to queue
[2025-09-25T16:12:23.086+0000] {logging_mixin.py:154} INFO - [2025-09-25T16:12:23.086+0000] {dagbag.py:536} INFO - Filling up the DagBag from /home/airflow/.local/lib/python3.8/site-packages/airflow/example_dags/example_branch_operator.py
[2025-09-25T16:12:23.099+0000] {processor.py:839} INFO - DAG(s) dict_keys(['example_branch_operator']) retrieved from /home/airflow/.local/lib/python3.8/site-packages/airflow/example_dags/example_branch_operator.py
[2025-09-25T16:12:23.130+0000] {logging_mixin.py:154} INFO - [2025-09-25T16:12:23.130+0000] {dag.py:2941} INFO - Sync 1 DAGs
[2025-09-25T16:12:23.159+0000] {logging_mixin.py:154} INFO - [2025-09-25T16:12:23.158+0000] {dag.py:3722} INFO - Setting next_dagrun for example_branch_operator to 2025-09-24T00:00:00+00:00, run_after=2025-09-25T00:00:00+00:00
[2025-09-25T16:12:23.185+0000] {processor.py:179} INFO - Processing /home/airflow/.local/lib/python3.8/site-packages/airflow/example_dags/example_branch_operator.py took 0.110 seconds
[2025-09-25T16:12:53.852+0000] {processor.py:157} INFO - Started process (PID=325) to work on /home/airflow/.local/lib/python3.8/site-packages/airflow/example_dags/example_branch_operator.py
[2025-09-25T16:12:53.854+0000] {processor.py:829} INFO - Processing file /home/airflow/.local/lib/python3.8/site-packages/airflow/example_dags/example_branch_operator.py for tasks to queue
[2025-09-25T16:12:53.858+0000] {logging_mixin.py:154} INFO - [2025-09-25T16:12:53.858+0000] {dagbag.py:536} INFO - Filling up the DagBag from /home/airflow/.local/lib/python3.8/site-packages/airflow/example_dags/example_branch_operator.py
[2025-09-25T16:12:53.869+0000] {processor.py:839} INFO - DAG(s) dict_keys(['example_branch_operator']) retrieved from /home/airflow/.local/lib/python3.8/site-packages/airflow/example_dags/example_branch_operator.py
[2025-09-25T16:12:53.898+0000] {logging_mixin.py:154} INFO - [2025-09-25T16:12:53.898+0000] {dag.py:2941} INFO - Sync 1 DAGs
[2025-09-25T16:12:53.926+0000] {logging_mixin.py:154} INFO - [2025-09-25T16:12:53.926+0000] {dag.py:3722} INFO - Setting next_dagrun for example_branch_operator to 2025-09-24T00:00:00+00:00, run_after=2025-09-25T00:00:00+00:00
[2025-09-25T16:12:53.954+0000] {processor.py:179} INFO - Processing /home/airflow/.local/lib/python3.8/site-packages/airflow/example_dags/example_branch_operator.py took 0.107 seconds
[2025-09-25T16:13:24.475+0000] {processor.py:157} INFO - Started process (PID=379) to work on /home/airflow/.local/lib/python3.8/site-packages/airflow/example_dags/example_branch_operator.py
[2025-09-25T16:13:24.477+0000] {processor.py:829} INFO - Processing file /home/airflow/.local/lib/python3.8/site-packages/airflow/example_dags/example_branch_operator.py for tasks to queue
[2025-09-25T16:13:24.481+0000] {logging_mixin.py:154} INFO - [2025-09-25T16:13:24.481+0000] {dagbag.py:536} INFO - Filling up the DagBag from /home/airflow/.local/lib/python3.8/site-packages/airflow/example_dags/example_branch_operator.py
[2025-09-25T16:13:24.494+0000] {processor.py:839} INFO - DAG(s) dict_keys(['example_branch_operator']) retrieved from /home/airflow/.local/lib/python3.8/site-packages/airflow/example_dags/example_branch_operator.py
[2025-09-25T16:13:24.523+0000] {logging_mixin.py:154} INFO - [2025-09-25T16:13:24.523+0000] {dag.py:2941} INFO - Sync 1 DAGs
[2025-09-25T16:13:24.548+0000] {logging_mixin.py:154} INFO - [2025-09-25T16:13:24.548+0000] {dag.py:3722} INFO - Setting next_dagrun for example_branch_operator to 2025-09-24T00:00:00+00:00, run_after=2025-09-25T00:00:00+00:00
[2025-09-25T16:13:24.574+0000] {processor.py:179} INFO - Processing /home/airflow/.local/lib/python3.8/site-packages/airflow/example_dags/example_branch_operator.py took 0.103 seconds
[2025-09-25T16:13:55.482+0000] {processor.py:157} INFO - Started process (PID=433) to work on /home/airflow/.local/lib/python3.8/site-packages/airflow/example_dags/example_branch_operator.py
[2025-09-25T16:13:55.484+0000] {processor.py:829} INFO - Processing file /home/airflow/.local/lib/python3.8/site-packages/airflow/example_dags/example_branch_operator.py for tasks to queue
[2025-09-25T16:13:55.487+0000] {logging_mixin.py:154} INFO - [2025-09-25T16:13:55.487+0000] {dagbag.py:536} INFO - Filling up the DagBag from /home/airflow/.local/lib/python3.8/site-packages/airflow/example_dags/example_branch_operator.py
[2025-09-25T16:13:55.498+0000] {processor.py:839} INFO - DAG(s) dict_keys(['example_branch_operator']) retrieved from /home/airflow/.local/lib/python3.8/site-packages/airflow/example_dags/example_branch_operator.py
[2025-09-25T16:13:55.532+0000] {logging_mixin.py:154} INFO - [2025-09-25T16:13:55.531+0000] {dag.py:2941} INFO - Sync 1 DAGs
[2025-09-25T16:13:55.562+0000] {logging_mixin.py:154} INFO - [2025-09-25T16:13:55.562+0000] {dag.py:3722} INFO - Setting next_dagrun for example_branch_operator to 2025-09-24T00:00:00+00:00, run_after=2025-09-25T00:00:00+00:00
[2025-09-25T16:13:55.587+0000] {processor.py:179} INFO - Processing /home/airflow/.local/lib/python3.8/site-packages/airflow/example_dags/example_branch_operator.py took 0.109 seconds
[2025-09-25T16:14:25.758+0000] {processor.py:157} INFO - Started process (PID=487) to work on /home/airflow/.local/lib/python3.8/site-packages/airflow/example_dags/example_branch_operator.py
[2025-09-25T16:14:25.760+0000] {processor.py:829} INFO - Processing file /home/airflow/.local/lib/python3.8/site-packages/airflow/example_dags/example_branch_operator.py for tasks to queue
[2025-09-25T16:14:25.765+0000] {logging_mixin.py:154} INFO - [2025-09-25T16:14:25.764+0000] {dagbag.py:536} INFO - Filling up the DagBag from /home/airflow/.local/lib/python3.8/site-packages/airflow/example_dags/example_branch_operator.py
[2025-09-25T16:14:25.781+0000] {processor.py:839} INFO - DAG(s) dict_keys(['example_branch_operator']) retrieved from /home/airflow/.local/lib/python3.8/site-packages/airflow/example_dags/example_branch_operator.py
[2025-09-25T16:14:25.811+0000] {logging_mixin.py:154} INFO - [2025-09-25T16:14:25.811+0000] {dag.py:2941} INFO - Sync 1 DAGs
[2025-09-25T16:14:25.841+0000] {logging_mixin.py:154} INFO - [2025-09-25T16:14:25.841+0000] {dag.py:3722} INFO - Setting next_dagrun for example_branch_operator to 2025-09-24T00:00:00+00:00, run_after=2025-09-25T00:00:00+00:00
[2025-09-25T16:14:25.865+0000] {processor.py:179} INFO - Processing /home/airflow/.local/lib/python3.8/site-packages/airflow/example_dags/example_branch_operator.py took 0.115 seconds
[2025-09-25T16:14:56.552+0000] {processor.py:157} INFO - Started process (PID=541) to work on /home/airflow/.local/lib/python3.8/site-packages/airflow/example_dags/example_branch_operator.py
[2025-09-25T16:14:56.553+0000] {processor.py:829} INFO - Processing file /home/airflow/.local/lib/python3.8/site-packages/airflow/example_dags/example_branch_operator.py for tasks to queue
[2025-09-25T16:14:56.557+0000] {logging_mixin.py:154} INFO - [2025-09-25T16:14:56.557+0000] {dagbag.py:536} INFO - Filling up the DagBag from /home/airflow/.local/lib/python3.8/site-packages/airflow/example_dags/example_branch_operator.py
[2025-09-25T16:14:56.569+0000] {processor.py:839} INFO - DAG(s) dict_keys(['example_branch_operator']) retrieved from /home/airflow/.local/lib/python3.8/site-packages/airflow/example_dags/example_branch_operator.py
[2025-09-25T16:14:56.599+0000] {logging_mixin.py:154} INFO - [2025-09-25T16:14:56.599+0000] {dag.py:2941} INFO - Sync 1 DAGs
[2025-09-25T16:14:56.631+0000] {logging_mixin.py:154} INFO - [2025-09-25T16:14:56.631+0000] {dag.py:3722} INFO - Setting next_dagrun for example_branch_operator to 2025-09-24T00:00:00+00:00, run_after=2025-09-25T00:00:00+00:00
[2025-09-25T16:14:56.662+0000] {processor.py:179} INFO - Processing /home/airflow/.local/lib/python3.8/site-packages/airflow/example_dags/example_branch_operator.py took 0.115 seconds
[2025-09-25T16:15:27.231+0000] {processor.py:157} INFO - Started process (PID=595) to work on /home/airflow/.local/lib/python3.8/site-packages/airflow/example_dags/example_branch_operator.py
[2025-09-25T16:15:27.233+0000] {processor.py:829} INFO - Processing file /home/airflow/.local/lib/python3.8/site-packages/airflow/example_dags/example_branch_operator.py for tasks to queue
[2025-09-25T16:15:27.236+0000] {logging_mixin.py:154} INFO - [2025-09-25T16:15:27.235+0000] {dagbag.py:536} INFO - Filling up the DagBag from /home/airflow/.local/lib/python3.8/site-packages/airflow/example_dags/example_branch_operator.py
[2025-09-25T16:15:27.248+0000] {processor.py:839} INFO - DAG(s) dict_keys(['example_branch_operator']) retrieved from /home/airflow/.local/lib/python3.8/site-packages/airflow/example_dags/example_branch_operator.py
[2025-09-25T16:15:27.275+0000] {logging_mixin.py:154} INFO - [2025-09-25T16:15:27.275+0000] {dag.py:2941} INFO - Sync 1 DAGs
[2025-09-25T16:15:27.301+0000] {logging_mixin.py:154} INFO - [2025-09-25T16:15:27.301+0000] {dag.py:3722} INFO - Setting next_dagrun for example_branch_operator to 2025-09-24T00:00:00+00:00, run_after=2025-09-25T00:00:00+00:00
[2025-09-25T16:15:27.331+0000] {processor.py:179} INFO - Processing /home/airflow/.local/lib/python3.8/site-packages/airflow/example_dags/example_branch_operator.py took 0.104 seconds
[2025-09-25T16:15:57.593+0000] {processor.py:157} INFO - Started process (PID=649) to work on /home/airflow/.local/lib/python3.8/site-packages/airflow/example_dags/example_branch_operator.py
[2025-09-25T16:15:57.595+0000] {processor.py:829} INFO - Processing file /home/airflow/.local/lib/python3.8/site-packages/airflow/example_dags/example_branch_operator.py for tasks to queue
[2025-09-25T16:15:57.598+0000] {logging_mixin.py:154} INFO - [2025-09-25T16:15:57.598+0000] {dagbag.py:536} INFO - Filling up the DagBag from /home/airflow/.local/lib/python3.8/site-packages/airflow/example_dags/example_branch_operator.py
[2025-09-25T16:15:57.613+0000] {processor.py:839} INFO - DAG(s) dict_keys(['example_branch_operator']) retrieved from /home/airflow/.local/lib/python3.8/site-packages/airflow/example_dags/example_branch_operator.py
[2025-09-25T16:15:57.648+0000] {logging_mixin.py:154} INFO - [2025-09-25T16:15:57.647+0000] {dag.py:2941} INFO - Sync 1 DAGs
[2025-09-25T16:15:57.697+0000] {logging_mixin.py:154} INFO - [2025-09-25T16:15:57.697+0000] {dag.py:3722} INFO - Setting next_dagrun for example_branch_operator to 2025-09-24T00:00:00+00:00, run_after=2025-09-25T00:00:00+00:00
[2025-09-25T16:15:57.802+0000] {processor.py:179} INFO - Processing /home/airflow/.local/lib/python3.8/site-packages/airflow/example_dags/example_branch_operator.py took 0.213 seconds
[2025-09-25T16:16:27.948+0000] {processor.py:157} INFO - Started process (PID=703) to work on /home/airflow/.local/lib/python3.8/site-packages/airflow/example_dags/example_branch_operator.py
[2025-09-25T16:16:27.950+0000] {processor.py:829} INFO - Processing file /home/airflow/.local/lib/python3.8/site-packages/airflow/example_dags/example_branch_operator.py for tasks to queue
[2025-09-25T16:16:27.955+0000] {logging_mixin.py:154} INFO - [2025-09-25T16:16:27.954+0000] {dagbag.py:536} INFO - Filling up the DagBag from /home/airflow/.local/lib/python3.8/site-packages/airflow/example_dags/example_branch_operator.py
[2025-09-25T16:16:27.972+0000] {processor.py:839} INFO - DAG(s) dict_keys(['example_branch_operator']) retrieved from /home/airflow/.local/lib/python3.8/site-packages/airflow/example_dags/example_branch_operator.py
[2025-09-25T16:16:28.004+0000] {logging_mixin.py:154} INFO - [2025-09-25T16:16:28.004+0000] {dag.py:2941} INFO - Sync 1 DAGs
[2025-09-25T16:16:28.035+0000] {logging_mixin.py:154} INFO - [2025-09-25T16:16:28.035+0000] {dag.py:3722} INFO - Setting next_dagrun for example_branch_operator to 2025-09-24T00:00:00+00:00, run_after=2025-09-25T00:00:00+00:00
[2025-09-25T16:16:28.065+0000] {processor.py:179} INFO - Processing /home/airflow/.local/lib/python3.8/site-packages/airflow/example_dags/example_branch_operator.py took 0.125 seconds
[2025-09-25T16:16:58.129+0000] {processor.py:157} INFO - Started process (PID=757) to work on /home/airflow/.local/lib/python3.8/site-packages/airflow/example_dags/example_branch_operator.py
[2025-09-25T16:16:58.130+0000] {processor.py:829} INFO - Processing file /home/airflow/.local/lib/python3.8/site-packages/airflow/example_dags/example_branch_operator.py for tasks to queue
[2025-09-25T16:16:58.134+0000] {logging_mixin.py:154} INFO - [2025-09-25T16:16:58.133+0000] {dagbag.py:536} INFO - Filling up the DagBag from /home/airflow/.local/lib/python3.8/site-packages/airflow/example_dags/example_branch_operator.py
[2025-09-25T16:16:58.146+0000] {processor.py:839} INFO - DAG(s) dict_keys(['example_branch_operator']) retrieved from /home/airflow/.local/lib/python3.8/site-packages/airflow/example_dags/example_branch_operator.py
[2025-09-25T16:16:58.173+0000] {logging_mixin.py:154} INFO - [2025-09-25T16:16:58.172+0000] {dag.py:2941} INFO - Sync 1 DAGs
[2025-09-25T16:16:58.202+0000] {logging_mixin.py:154} INFO - [2025-09-25T16:16:58.201+0000] {dag.py:3722} INFO - Setting next_dagrun for example_branch_operator to 2025-09-24T00:00:00+00:00, run_after=2025-09-25T00:00:00+00:00
[2025-09-25T16:16:58.226+0000] {processor.py:179} INFO - Processing /home/airflow/.local/lib/python3.8/site-packages/airflow/example_dags/example_branch_operator.py took 0.103 seconds
[2025-09-25T16:17:29.200+0000] {processor.py:157} INFO - Started process (PID=811) to work on /home/airflow/.local/lib/python3.8/site-packages/airflow/example_dags/example_branch_operator.py
[2025-09-25T16:17:29.201+0000] {processor.py:829} INFO - Processing file /home/airflow/.local/lib/python3.8/site-packages/airflow/example_dags/example_branch_operator.py for tasks to queue
[2025-09-25T16:17:29.205+0000] {logging_mixin.py:154} INFO - [2025-09-25T16:17:29.204+0000] {dagbag.py:536} INFO - Filling up the DagBag from /home/airflow/.local/lib/python3.8/site-packages/airflow/example_dags/example_branch_operator.py
[2025-09-25T16:17:29.216+0000] {processor.py:839} INFO - DAG(s) dict_keys(['example_branch_operator']) retrieved from /home/airflow/.local/lib/python3.8/site-packages/airflow/example_dags/example_branch_operator.py
[2025-09-25T16:17:29.249+0000] {logging_mixin.py:154} INFO - [2025-09-25T16:17:29.248+0000] {dag.py:2941} INFO - Sync 1 DAGs
[2025-09-25T16:17:29.279+0000] {logging_mixin.py:154} INFO - [2025-09-25T16:17:29.279+0000] {dag.py:3722} INFO - Setting next_dagrun for example_branch_operator to 2025-09-24T00:00:00+00:00, run_after=2025-09-25T00:00:00+00:00
[2025-09-25T16:17:29.303+0000] {processor.py:179} INFO - Processing /home/airflow/.local/lib/python3.8/site-packages/airflow/example_dags/example_branch_operator.py took 0.108 seconds
[2025-09-25T16:17:59.917+0000] {processor.py:157} INFO - Started process (PID=865) to work on /home/airflow/.local/lib/python3.8/site-packages/airflow/example_dags/example_branch_operator.py
[2025-09-25T16:17:59.919+0000] {processor.py:829} INFO - Processing file /home/airflow/.local/lib/python3.8/site-packages/airflow/example_dags/example_branch_operator.py for tasks to queue
[2025-09-25T16:17:59.923+0000] {logging_mixin.py:154} INFO - [2025-09-25T16:17:59.922+0000] {dagbag.py:536} INFO - Filling up the DagBag from /home/airflow/.local/lib/python3.8/site-packages/airflow/example_dags/example_branch_operator.py
[2025-09-25T16:17:59.936+0000] {processor.py:839} INFO - DAG(s) dict_keys(['example_branch_operator']) retrieved from /home/airflow/.local/lib/python3.8/site-packages/airflow/example_dags/example_branch_operator.py
[2025-09-25T16:17:59.974+0000] {logging_mixin.py:154} INFO - [2025-09-25T16:17:59.974+0000] {dag.py:2941} INFO - Sync 1 DAGs
[2025-09-25T16:18:00.020+0000] {logging_mixin.py:154} INFO - [2025-09-25T16:18:00.020+0000] {dag.py:3722} INFO - Setting next_dagrun for example_branch_operator to 2025-09-24T00:00:00+00:00, run_after=2025-09-25T00:00:00+00:00
[2025-09-25T16:18:00.060+0000] {processor.py:179} INFO - Processing /home/airflow/.local/lib/python3.8/site-packages/airflow/example_dags/example_branch_operator.py took 0.150 seconds
