[2025-09-25T16:10:48.293+0000] {processor.py:157} INFO - Started process (PID=101) to work on /home/airflow/.local/lib/python3.8/site-packages/airflow/example_dags/tutorial_dag.py
[2025-09-25T16:10:48.307+0000] {processor.py:829} INFO - Processing file /home/airflow/.local/lib/python3.8/site-packages/airflow/example_dags/tutorial_dag.py for tasks to queue
[2025-09-25T16:10:48.329+0000] {logging_mixin.py:154} INFO - [2025-09-25T16:10:48.328+0000] {dagbag.py:536} INFO - Filling up the DagBag from /home/airflow/.local/lib/python3.8/site-packages/airflow/example_dags/tutorial_dag.py
[2025-09-25T16:10:48.369+0000] {processor.py:839} INFO - DAG(s) dict_keys(['tutorial_dag']) retrieved from /home/airflow/.local/lib/python3.8/site-packages/airflow/example_dags/tutorial_dag.py
[2025-09-25T16:10:48.613+0000] {logging_mixin.py:154} INFO - [2025-09-25T16:10:48.613+0000] {dag.py:2941} INFO - Sync 1 DAGs
[2025-09-25T16:10:48.670+0000] {logging_mixin.py:154} INFO - [2025-09-25T16:10:48.670+0000] {dag.py:3722} INFO - Setting next_dagrun for tutorial_dag to None, run_after=None
[2025-09-25T16:10:48.756+0000] {processor.py:179} INFO - Processing /home/airflow/.local/lib/python3.8/site-packages/airflow/example_dags/tutorial_dag.py took 0.516 seconds
[2025-09-25T16:11:19.614+0000] {processor.py:157} INFO - Started process (PID=155) to work on /home/airflow/.local/lib/python3.8/site-packages/airflow/example_dags/tutorial_dag.py
[2025-09-25T16:11:19.616+0000] {processor.py:829} INFO - Processing file /home/airflow/.local/lib/python3.8/site-packages/airflow/example_dags/tutorial_dag.py for tasks to queue
[2025-09-25T16:11:19.624+0000] {logging_mixin.py:154} INFO - [2025-09-25T16:11:19.622+0000] {dagbag.py:536} INFO - Filling up the DagBag from /home/airflow/.local/lib/python3.8/site-packages/airflow/example_dags/tutorial_dag.py
[2025-09-25T16:11:19.649+0000] {processor.py:839} INFO - DAG(s) dict_keys(['tutorial_dag']) retrieved from /home/airflow/.local/lib/python3.8/site-packages/airflow/example_dags/tutorial_dag.py
[2025-09-25T16:11:19.723+0000] {logging_mixin.py:154} INFO - [2025-09-25T16:11:19.722+0000] {dag.py:2941} INFO - Sync 1 DAGs
[2025-09-25T16:11:19.777+0000] {logging_mixin.py:154} INFO - [2025-09-25T16:11:19.777+0000] {dag.py:3722} INFO - Setting next_dagrun for tutorial_dag to None, run_after=None
[2025-09-25T16:11:19.839+0000] {processor.py:179} INFO - Processing /home/airflow/.local/lib/python3.8/site-packages/airflow/example_dags/tutorial_dag.py took 0.241 seconds
[2025-09-25T16:11:50.758+0000] {processor.py:157} INFO - Started process (PID=209) to work on /home/airflow/.local/lib/python3.8/site-packages/airflow/example_dags/tutorial_dag.py
[2025-09-25T16:11:50.760+0000] {processor.py:829} INFO - Processing file /home/airflow/.local/lib/python3.8/site-packages/airflow/example_dags/tutorial_dag.py for tasks to queue
[2025-09-25T16:11:50.763+0000] {logging_mixin.py:154} INFO - [2025-09-25T16:11:50.763+0000] {dagbag.py:536} INFO - Filling up the DagBag from /home/airflow/.local/lib/python3.8/site-packages/airflow/example_dags/tutorial_dag.py
[2025-09-25T16:11:50.771+0000] {processor.py:839} INFO - DAG(s) dict_keys(['tutorial_dag']) retrieved from /home/airflow/.local/lib/python3.8/site-packages/airflow/example_dags/tutorial_dag.py
[2025-09-25T16:11:50.798+0000] {logging_mixin.py:154} INFO - [2025-09-25T16:11:50.798+0000] {dag.py:2941} INFO - Sync 1 DAGs
[2025-09-25T16:11:50.813+0000] {logging_mixin.py:154} INFO - [2025-09-25T16:11:50.813+0000] {dag.py:3722} INFO - Setting next_dagrun for tutorial_dag to None, run_after=None
[2025-09-25T16:11:50.838+0000] {processor.py:179} INFO - Processing /home/airflow/.local/lib/python3.8/site-packages/airflow/example_dags/tutorial_dag.py took 0.084 seconds
[2025-09-25T16:12:21.416+0000] {processor.py:157} INFO - Started process (PID=263) to work on /home/airflow/.local/lib/python3.8/site-packages/airflow/example_dags/tutorial_dag.py
[2025-09-25T16:12:21.418+0000] {processor.py:829} INFO - Processing file /home/airflow/.local/lib/python3.8/site-packages/airflow/example_dags/tutorial_dag.py for tasks to queue
[2025-09-25T16:12:21.422+0000] {logging_mixin.py:154} INFO - [2025-09-25T16:12:21.421+0000] {dagbag.py:536} INFO - Filling up the DagBag from /home/airflow/.local/lib/python3.8/site-packages/airflow/example_dags/tutorial_dag.py
[2025-09-25T16:12:21.429+0000] {processor.py:839} INFO - DAG(s) dict_keys(['tutorial_dag']) retrieved from /home/airflow/.local/lib/python3.8/site-packages/airflow/example_dags/tutorial_dag.py
[2025-09-25T16:12:21.459+0000] {logging_mixin.py:154} INFO - [2025-09-25T16:12:21.459+0000] {dag.py:2941} INFO - Sync 1 DAGs
[2025-09-25T16:12:21.477+0000] {logging_mixin.py:154} INFO - [2025-09-25T16:12:21.477+0000] {dag.py:3722} INFO - Setting next_dagrun for tutorial_dag to None, run_after=None
[2025-09-25T16:12:21.505+0000] {processor.py:179} INFO - Processing /home/airflow/.local/lib/python3.8/site-packages/airflow/example_dags/tutorial_dag.py took 0.094 seconds
[2025-09-25T16:12:52.325+0000] {processor.py:157} INFO - Started process (PID=317) to work on /home/airflow/.local/lib/python3.8/site-packages/airflow/example_dags/tutorial_dag.py
[2025-09-25T16:12:52.327+0000] {processor.py:829} INFO - Processing file /home/airflow/.local/lib/python3.8/site-packages/airflow/example_dags/tutorial_dag.py for tasks to queue
[2025-09-25T16:12:52.331+0000] {logging_mixin.py:154} INFO - [2025-09-25T16:12:52.330+0000] {dagbag.py:536} INFO - Filling up the DagBag from /home/airflow/.local/lib/python3.8/site-packages/airflow/example_dags/tutorial_dag.py
[2025-09-25T16:12:52.341+0000] {processor.py:839} INFO - DAG(s) dict_keys(['tutorial_dag']) retrieved from /home/airflow/.local/lib/python3.8/site-packages/airflow/example_dags/tutorial_dag.py
[2025-09-25T16:12:52.373+0000] {logging_mixin.py:154} INFO - [2025-09-25T16:12:52.372+0000] {dag.py:2941} INFO - Sync 1 DAGs
[2025-09-25T16:12:52.387+0000] {logging_mixin.py:154} INFO - [2025-09-25T16:12:52.387+0000] {dag.py:3722} INFO - Setting next_dagrun for tutorial_dag to None, run_after=None
[2025-09-25T16:12:52.412+0000] {processor.py:179} INFO - Processing /home/airflow/.local/lib/python3.8/site-packages/airflow/example_dags/tutorial_dag.py took 0.091 seconds
[2025-09-25T16:13:22.711+0000] {processor.py:157} INFO - Started process (PID=371) to work on /home/airflow/.local/lib/python3.8/site-packages/airflow/example_dags/tutorial_dag.py
[2025-09-25T16:13:22.713+0000] {processor.py:829} INFO - Processing file /home/airflow/.local/lib/python3.8/site-packages/airflow/example_dags/tutorial_dag.py for tasks to queue
[2025-09-25T16:13:22.716+0000] {logging_mixin.py:154} INFO - [2025-09-25T16:13:22.716+0000] {dagbag.py:536} INFO - Filling up the DagBag from /home/airflow/.local/lib/python3.8/site-packages/airflow/example_dags/tutorial_dag.py
[2025-09-25T16:13:22.723+0000] {processor.py:839} INFO - DAG(s) dict_keys(['tutorial_dag']) retrieved from /home/airflow/.local/lib/python3.8/site-packages/airflow/example_dags/tutorial_dag.py
[2025-09-25T16:13:22.757+0000] {logging_mixin.py:154} INFO - [2025-09-25T16:13:22.757+0000] {dag.py:2941} INFO - Sync 1 DAGs
[2025-09-25T16:13:22.776+0000] {logging_mixin.py:154} INFO - [2025-09-25T16:13:22.776+0000] {dag.py:3722} INFO - Setting next_dagrun for tutorial_dag to None, run_after=None
[2025-09-25T16:13:22.804+0000] {processor.py:179} INFO - Processing /home/airflow/.local/lib/python3.8/site-packages/airflow/example_dags/tutorial_dag.py took 0.098 seconds
[2025-09-25T16:13:52.879+0000] {processor.py:157} INFO - Started process (PID=425) to work on /home/airflow/.local/lib/python3.8/site-packages/airflow/example_dags/tutorial_dag.py
[2025-09-25T16:13:52.881+0000] {processor.py:829} INFO - Processing file /home/airflow/.local/lib/python3.8/site-packages/airflow/example_dags/tutorial_dag.py for tasks to queue
[2025-09-25T16:13:52.885+0000] {logging_mixin.py:154} INFO - [2025-09-25T16:13:52.884+0000] {dagbag.py:536} INFO - Filling up the DagBag from /home/airflow/.local/lib/python3.8/site-packages/airflow/example_dags/tutorial_dag.py
[2025-09-25T16:13:52.893+0000] {processor.py:839} INFO - DAG(s) dict_keys(['tutorial_dag']) retrieved from /home/airflow/.local/lib/python3.8/site-packages/airflow/example_dags/tutorial_dag.py
[2025-09-25T16:13:52.926+0000] {logging_mixin.py:154} INFO - [2025-09-25T16:13:52.926+0000] {dag.py:2941} INFO - Sync 1 DAGs
[2025-09-25T16:13:52.944+0000] {logging_mixin.py:154} INFO - [2025-09-25T16:13:52.944+0000] {dag.py:3722} INFO - Setting next_dagrun for tutorial_dag to None, run_after=None
[2025-09-25T16:13:52.970+0000] {processor.py:179} INFO - Processing /home/airflow/.local/lib/python3.8/site-packages/airflow/example_dags/tutorial_dag.py took 0.095 seconds
[2025-09-25T16:14:23.068+0000] {processor.py:157} INFO - Started process (PID=479) to work on /home/airflow/.local/lib/python3.8/site-packages/airflow/example_dags/tutorial_dag.py
[2025-09-25T16:14:23.070+0000] {processor.py:829} INFO - Processing file /home/airflow/.local/lib/python3.8/site-packages/airflow/example_dags/tutorial_dag.py for tasks to queue
[2025-09-25T16:14:23.073+0000] {logging_mixin.py:154} INFO - [2025-09-25T16:14:23.073+0000] {dagbag.py:536} INFO - Filling up the DagBag from /home/airflow/.local/lib/python3.8/site-packages/airflow/example_dags/tutorial_dag.py
[2025-09-25T16:14:23.081+0000] {processor.py:839} INFO - DAG(s) dict_keys(['tutorial_dag']) retrieved from /home/airflow/.local/lib/python3.8/site-packages/airflow/example_dags/tutorial_dag.py
[2025-09-25T16:14:23.108+0000] {logging_mixin.py:154} INFO - [2025-09-25T16:14:23.108+0000] {dag.py:2941} INFO - Sync 1 DAGs
[2025-09-25T16:14:23.124+0000] {logging_mixin.py:154} INFO - [2025-09-25T16:14:23.124+0000] {dag.py:3722} INFO - Setting next_dagrun for tutorial_dag to None, run_after=None
[2025-09-25T16:14:23.149+0000] {processor.py:179} INFO - Processing /home/airflow/.local/lib/python3.8/site-packages/airflow/example_dags/tutorial_dag.py took 0.086 seconds
[2025-09-25T16:14:53.968+0000] {processor.py:157} INFO - Started process (PID=533) to work on /home/airflow/.local/lib/python3.8/site-packages/airflow/example_dags/tutorial_dag.py
[2025-09-25T16:14:53.970+0000] {processor.py:829} INFO - Processing file /home/airflow/.local/lib/python3.8/site-packages/airflow/example_dags/tutorial_dag.py for tasks to queue
[2025-09-25T16:14:53.973+0000] {logging_mixin.py:154} INFO - [2025-09-25T16:14:53.973+0000] {dagbag.py:536} INFO - Filling up the DagBag from /home/airflow/.local/lib/python3.8/site-packages/airflow/example_dags/tutorial_dag.py
[2025-09-25T16:14:53.982+0000] {processor.py:839} INFO - DAG(s) dict_keys(['tutorial_dag']) retrieved from /home/airflow/.local/lib/python3.8/site-packages/airflow/example_dags/tutorial_dag.py
[2025-09-25T16:14:54.014+0000] {logging_mixin.py:154} INFO - [2025-09-25T16:14:54.014+0000] {dag.py:2941} INFO - Sync 1 DAGs
[2025-09-25T16:14:54.032+0000] {logging_mixin.py:154} INFO - [2025-09-25T16:14:54.032+0000] {dag.py:3722} INFO - Setting next_dagrun for tutorial_dag to None, run_after=None
[2025-09-25T16:14:54.066+0000] {processor.py:179} INFO - Processing /home/airflow/.local/lib/python3.8/site-packages/airflow/example_dags/tutorial_dag.py took 0.102 seconds
[2025-09-25T16:15:24.634+0000] {processor.py:157} INFO - Started process (PID=587) to work on /home/airflow/.local/lib/python3.8/site-packages/airflow/example_dags/tutorial_dag.py
[2025-09-25T16:15:24.636+0000] {processor.py:829} INFO - Processing file /home/airflow/.local/lib/python3.8/site-packages/airflow/example_dags/tutorial_dag.py for tasks to queue
[2025-09-25T16:15:24.639+0000] {logging_mixin.py:154} INFO - [2025-09-25T16:15:24.638+0000] {dagbag.py:536} INFO - Filling up the DagBag from /home/airflow/.local/lib/python3.8/site-packages/airflow/example_dags/tutorial_dag.py
[2025-09-25T16:15:24.647+0000] {processor.py:839} INFO - DAG(s) dict_keys(['tutorial_dag']) retrieved from /home/airflow/.local/lib/python3.8/site-packages/airflow/example_dags/tutorial_dag.py
[2025-09-25T16:15:24.679+0000] {logging_mixin.py:154} INFO - [2025-09-25T16:15:24.679+0000] {dag.py:2941} INFO - Sync 1 DAGs
[2025-09-25T16:15:24.694+0000] {logging_mixin.py:154} INFO - [2025-09-25T16:15:24.694+0000] {dag.py:3722} INFO - Setting next_dagrun for tutorial_dag to None, run_after=None
[2025-09-25T16:15:24.727+0000] {processor.py:179} INFO - Processing /home/airflow/.local/lib/python3.8/site-packages/airflow/example_dags/tutorial_dag.py took 0.097 seconds
[2025-09-25T16:15:54.968+0000] {processor.py:157} INFO - Started process (PID=641) to work on /home/airflow/.local/lib/python3.8/site-packages/airflow/example_dags/tutorial_dag.py
[2025-09-25T16:15:54.970+0000] {processor.py:829} INFO - Processing file /home/airflow/.local/lib/python3.8/site-packages/airflow/example_dags/tutorial_dag.py for tasks to queue
[2025-09-25T16:15:54.975+0000] {logging_mixin.py:154} INFO - [2025-09-25T16:15:54.974+0000] {dagbag.py:536} INFO - Filling up the DagBag from /home/airflow/.local/lib/python3.8/site-packages/airflow/example_dags/tutorial_dag.py
[2025-09-25T16:15:54.985+0000] {processor.py:839} INFO - DAG(s) dict_keys(['tutorial_dag']) retrieved from /home/airflow/.local/lib/python3.8/site-packages/airflow/example_dags/tutorial_dag.py
[2025-09-25T16:15:55.018+0000] {logging_mixin.py:154} INFO - [2025-09-25T16:15:55.017+0000] {dag.py:2941} INFO - Sync 1 DAGs
[2025-09-25T16:15:55.033+0000] {logging_mixin.py:154} INFO - [2025-09-25T16:15:55.033+0000] {dag.py:3722} INFO - Setting next_dagrun for tutorial_dag to None, run_after=None
[2025-09-25T16:15:55.061+0000] {processor.py:179} INFO - Processing /home/airflow/.local/lib/python3.8/site-packages/airflow/example_dags/tutorial_dag.py took 0.100 seconds
[2025-09-25T16:16:25.167+0000] {processor.py:157} INFO - Started process (PID=695) to work on /home/airflow/.local/lib/python3.8/site-packages/airflow/example_dags/tutorial_dag.py
[2025-09-25T16:16:25.169+0000] {processor.py:829} INFO - Processing file /home/airflow/.local/lib/python3.8/site-packages/airflow/example_dags/tutorial_dag.py for tasks to queue
[2025-09-25T16:16:25.172+0000] {logging_mixin.py:154} INFO - [2025-09-25T16:16:25.171+0000] {dagbag.py:536} INFO - Filling up the DagBag from /home/airflow/.local/lib/python3.8/site-packages/airflow/example_dags/tutorial_dag.py
[2025-09-25T16:16:25.179+0000] {processor.py:839} INFO - DAG(s) dict_keys(['tutorial_dag']) retrieved from /home/airflow/.local/lib/python3.8/site-packages/airflow/example_dags/tutorial_dag.py
[2025-09-25T16:16:25.208+0000] {logging_mixin.py:154} INFO - [2025-09-25T16:16:25.207+0000] {dag.py:2941} INFO - Sync 1 DAGs
[2025-09-25T16:16:25.224+0000] {logging_mixin.py:154} INFO - [2025-09-25T16:16:25.224+0000] {dag.py:3722} INFO - Setting next_dagrun for tutorial_dag to None, run_after=None
[2025-09-25T16:16:25.250+0000] {processor.py:179} INFO - Processing /home/airflow/.local/lib/python3.8/site-packages/airflow/example_dags/tutorial_dag.py took 0.087 seconds
[2025-09-25T16:16:55.371+0000] {processor.py:157} INFO - Started process (PID=749) to work on /home/airflow/.local/lib/python3.8/site-packages/airflow/example_dags/tutorial_dag.py
[2025-09-25T16:16:55.372+0000] {processor.py:829} INFO - Processing file /home/airflow/.local/lib/python3.8/site-packages/airflow/example_dags/tutorial_dag.py for tasks to queue
[2025-09-25T16:16:55.377+0000] {logging_mixin.py:154} INFO - [2025-09-25T16:16:55.376+0000] {dagbag.py:536} INFO - Filling up the DagBag from /home/airflow/.local/lib/python3.8/site-packages/airflow/example_dags/tutorial_dag.py
[2025-09-25T16:16:55.386+0000] {processor.py:839} INFO - DAG(s) dict_keys(['tutorial_dag']) retrieved from /home/airflow/.local/lib/python3.8/site-packages/airflow/example_dags/tutorial_dag.py
[2025-09-25T16:16:55.421+0000] {logging_mixin.py:154} INFO - [2025-09-25T16:16:55.420+0000] {dag.py:2941} INFO - Sync 1 DAGs
[2025-09-25T16:16:55.438+0000] {logging_mixin.py:154} INFO - [2025-09-25T16:16:55.438+0000] {dag.py:3722} INFO - Setting next_dagrun for tutorial_dag to None, run_after=None
[2025-09-25T16:16:55.465+0000] {processor.py:179} INFO - Processing /home/airflow/.local/lib/python3.8/site-packages/airflow/example_dags/tutorial_dag.py took 0.099 seconds
[2025-09-25T16:17:26.161+0000] {processor.py:157} INFO - Started process (PID=803) to work on /home/airflow/.local/lib/python3.8/site-packages/airflow/example_dags/tutorial_dag.py
[2025-09-25T16:17:26.163+0000] {processor.py:829} INFO - Processing file /home/airflow/.local/lib/python3.8/site-packages/airflow/example_dags/tutorial_dag.py for tasks to queue
[2025-09-25T16:17:26.166+0000] {logging_mixin.py:154} INFO - [2025-09-25T16:17:26.165+0000] {dagbag.py:536} INFO - Filling up the DagBag from /home/airflow/.local/lib/python3.8/site-packages/airflow/example_dags/tutorial_dag.py
[2025-09-25T16:17:26.173+0000] {processor.py:839} INFO - DAG(s) dict_keys(['tutorial_dag']) retrieved from /home/airflow/.local/lib/python3.8/site-packages/airflow/example_dags/tutorial_dag.py
[2025-09-25T16:17:26.201+0000] {logging_mixin.py:154} INFO - [2025-09-25T16:17:26.201+0000] {dag.py:2941} INFO - Sync 1 DAGs
[2025-09-25T16:17:26.216+0000] {logging_mixin.py:154} INFO - [2025-09-25T16:17:26.216+0000] {dag.py:3722} INFO - Setting next_dagrun for tutorial_dag to None, run_after=None
[2025-09-25T16:17:26.240+0000] {processor.py:179} INFO - Processing /home/airflow/.local/lib/python3.8/site-packages/airflow/example_dags/tutorial_dag.py took 0.083 seconds
[2025-09-25T16:17:57.008+0000] {processor.py:157} INFO - Started process (PID=857) to work on /home/airflow/.local/lib/python3.8/site-packages/airflow/example_dags/tutorial_dag.py
[2025-09-25T16:17:57.011+0000] {processor.py:829} INFO - Processing file /home/airflow/.local/lib/python3.8/site-packages/airflow/example_dags/tutorial_dag.py for tasks to queue
[2025-09-25T16:17:57.015+0000] {logging_mixin.py:154} INFO - [2025-09-25T16:17:57.015+0000] {dagbag.py:536} INFO - Filling up the DagBag from /home/airflow/.local/lib/python3.8/site-packages/airflow/example_dags/tutorial_dag.py
[2025-09-25T16:17:57.022+0000] {processor.py:839} INFO - DAG(s) dict_keys(['tutorial_dag']) retrieved from /home/airflow/.local/lib/python3.8/site-packages/airflow/example_dags/tutorial_dag.py
[2025-09-25T16:17:57.054+0000] {logging_mixin.py:154} INFO - [2025-09-25T16:17:57.054+0000] {dag.py:2941} INFO - Sync 1 DAGs
[2025-09-25T16:17:57.073+0000] {logging_mixin.py:154} INFO - [2025-09-25T16:17:57.072+0000] {dag.py:3722} INFO - Setting next_dagrun for tutorial_dag to None, run_after=None
[2025-09-25T16:17:57.103+0000] {processor.py:179} INFO - Processing /home/airflow/.local/lib/python3.8/site-packages/airflow/example_dags/tutorial_dag.py took 0.100 seconds
