[2025-09-25T16:10:49.381+0000] {processor.py:157} INFO - Started process (PID=105) to work on /home/airflow/.local/lib/python3.8/site-packages/airflow/example_dags/tutorial_taskflow_api.py
[2025-09-25T16:10:49.385+0000] {processor.py:829} INFO - Processing file /home/airflow/.local/lib/python3.8/site-packages/airflow/example_dags/tutorial_taskflow_api.py for tasks to queue
[2025-09-25T16:10:49.399+0000] {logging_mixin.py:154} INFO - [2025-09-25T16:10:49.397+0000] {dagbag.py:536} INFO - Filling up the DagBag from /home/airflow/.local/lib/python3.8/site-packages/airflow/example_dags/tutorial_taskflow_api.py
[2025-09-25T16:10:49.445+0000] {processor.py:839} INFO - DAG(s) dict_keys(['tutorial_taskflow_api']) retrieved from /home/airflow/.local/lib/python3.8/site-packages/airflow/example_dags/tutorial_taskflow_api.py
[2025-09-25T16:10:49.574+0000] {logging_mixin.py:154} INFO - [2025-09-25T16:10:49.574+0000] {dag.py:2941} INFO - Sync 1 DAGs
[2025-09-25T16:10:49.640+0000] {logging_mixin.py:154} INFO - [2025-09-25T16:10:49.639+0000] {dag.py:3722} INFO - Setting next_dagrun for tutorial_taskflow_api to None, run_after=None
[2025-09-25T16:10:49.719+0000] {processor.py:179} INFO - Processing /home/airflow/.local/lib/python3.8/site-packages/airflow/example_dags/tutorial_taskflow_api.py took 0.355 seconds
[2025-09-25T16:11:20.195+0000] {processor.py:157} INFO - Started process (PID=159) to work on /home/airflow/.local/lib/python3.8/site-packages/airflow/example_dags/tutorial_taskflow_api.py
[2025-09-25T16:11:20.197+0000] {processor.py:829} INFO - Processing file /home/airflow/.local/lib/python3.8/site-packages/airflow/example_dags/tutorial_taskflow_api.py for tasks to queue
[2025-09-25T16:11:20.202+0000] {logging_mixin.py:154} INFO - [2025-09-25T16:11:20.201+0000] {dagbag.py:536} INFO - Filling up the DagBag from /home/airflow/.local/lib/python3.8/site-packages/airflow/example_dags/tutorial_taskflow_api.py
[2025-09-25T16:11:20.219+0000] {processor.py:839} INFO - DAG(s) dict_keys(['tutorial_taskflow_api']) retrieved from /home/airflow/.local/lib/python3.8/site-packages/airflow/example_dags/tutorial_taskflow_api.py
[2025-09-25T16:11:20.278+0000] {logging_mixin.py:154} INFO - [2025-09-25T16:11:20.278+0000] {dag.py:2941} INFO - Sync 1 DAGs
[2025-09-25T16:11:20.322+0000] {logging_mixin.py:154} INFO - [2025-09-25T16:11:20.321+0000] {dag.py:3722} INFO - Setting next_dagrun for tutorial_taskflow_api to None, run_after=None
[2025-09-25T16:11:20.386+0000] {processor.py:179} INFO - Processing /home/airflow/.local/lib/python3.8/site-packages/airflow/example_dags/tutorial_taskflow_api.py took 0.198 seconds
[2025-09-25T16:11:51.053+0000] {processor.py:157} INFO - Started process (PID=213) to work on /home/airflow/.local/lib/python3.8/site-packages/airflow/example_dags/tutorial_taskflow_api.py
[2025-09-25T16:11:51.055+0000] {processor.py:829} INFO - Processing file /home/airflow/.local/lib/python3.8/site-packages/airflow/example_dags/tutorial_taskflow_api.py for tasks to queue
[2025-09-25T16:11:51.060+0000] {logging_mixin.py:154} INFO - [2025-09-25T16:11:51.059+0000] {dagbag.py:536} INFO - Filling up the DagBag from /home/airflow/.local/lib/python3.8/site-packages/airflow/example_dags/tutorial_taskflow_api.py
[2025-09-25T16:11:51.069+0000] {processor.py:839} INFO - DAG(s) dict_keys(['tutorial_taskflow_api']) retrieved from /home/airflow/.local/lib/python3.8/site-packages/airflow/example_dags/tutorial_taskflow_api.py
[2025-09-25T16:11:51.103+0000] {logging_mixin.py:154} INFO - [2025-09-25T16:11:51.102+0000] {dag.py:2941} INFO - Sync 1 DAGs
[2025-09-25T16:11:51.122+0000] {logging_mixin.py:154} INFO - [2025-09-25T16:11:51.122+0000] {dag.py:3722} INFO - Setting next_dagrun for tutorial_taskflow_api to None, run_after=None
[2025-09-25T16:11:51.163+0000] {processor.py:179} INFO - Processing /home/airflow/.local/lib/python3.8/site-packages/airflow/example_dags/tutorial_taskflow_api.py took 0.115 seconds
[2025-09-25T16:12:21.758+0000] {processor.py:157} INFO - Started process (PID=267) to work on /home/airflow/.local/lib/python3.8/site-packages/airflow/example_dags/tutorial_taskflow_api.py
[2025-09-25T16:12:21.760+0000] {processor.py:829} INFO - Processing file /home/airflow/.local/lib/python3.8/site-packages/airflow/example_dags/tutorial_taskflow_api.py for tasks to queue
[2025-09-25T16:12:21.765+0000] {logging_mixin.py:154} INFO - [2025-09-25T16:12:21.764+0000] {dagbag.py:536} INFO - Filling up the DagBag from /home/airflow/.local/lib/python3.8/site-packages/airflow/example_dags/tutorial_taskflow_api.py
[2025-09-25T16:12:21.774+0000] {processor.py:839} INFO - DAG(s) dict_keys(['tutorial_taskflow_api']) retrieved from /home/airflow/.local/lib/python3.8/site-packages/airflow/example_dags/tutorial_taskflow_api.py
[2025-09-25T16:12:21.806+0000] {logging_mixin.py:154} INFO - [2025-09-25T16:12:21.806+0000] {dag.py:2941} INFO - Sync 1 DAGs
[2025-09-25T16:12:21.823+0000] {logging_mixin.py:154} INFO - [2025-09-25T16:12:21.823+0000] {dag.py:3722} INFO - Setting next_dagrun for tutorial_taskflow_api to None, run_after=None
[2025-09-25T16:12:21.850+0000] {processor.py:179} INFO - Processing /home/airflow/.local/lib/python3.8/site-packages/airflow/example_dags/tutorial_taskflow_api.py took 0.098 seconds
[2025-09-25T16:12:52.584+0000] {processor.py:157} INFO - Started process (PID=321) to work on /home/airflow/.local/lib/python3.8/site-packages/airflow/example_dags/tutorial_taskflow_api.py
[2025-09-25T16:12:52.586+0000] {processor.py:829} INFO - Processing file /home/airflow/.local/lib/python3.8/site-packages/airflow/example_dags/tutorial_taskflow_api.py for tasks to queue
[2025-09-25T16:12:52.589+0000] {logging_mixin.py:154} INFO - [2025-09-25T16:12:52.589+0000] {dagbag.py:536} INFO - Filling up the DagBag from /home/airflow/.local/lib/python3.8/site-packages/airflow/example_dags/tutorial_taskflow_api.py
[2025-09-25T16:12:52.597+0000] {processor.py:839} INFO - DAG(s) dict_keys(['tutorial_taskflow_api']) retrieved from /home/airflow/.local/lib/python3.8/site-packages/airflow/example_dags/tutorial_taskflow_api.py
[2025-09-25T16:12:52.623+0000] {logging_mixin.py:154} INFO - [2025-09-25T16:12:52.623+0000] {dag.py:2941} INFO - Sync 1 DAGs
[2025-09-25T16:12:52.638+0000] {logging_mixin.py:154} INFO - [2025-09-25T16:12:52.638+0000] {dag.py:3722} INFO - Setting next_dagrun for tutorial_taskflow_api to None, run_after=None
[2025-09-25T16:12:52.664+0000] {processor.py:179} INFO - Processing /home/airflow/.local/lib/python3.8/site-packages/airflow/example_dags/tutorial_taskflow_api.py took 0.085 seconds
[2025-09-25T16:13:23.173+0000] {processor.py:157} INFO - Started process (PID=375) to work on /home/airflow/.local/lib/python3.8/site-packages/airflow/example_dags/tutorial_taskflow_api.py
[2025-09-25T16:13:23.175+0000] {processor.py:829} INFO - Processing file /home/airflow/.local/lib/python3.8/site-packages/airflow/example_dags/tutorial_taskflow_api.py for tasks to queue
[2025-09-25T16:13:23.180+0000] {logging_mixin.py:154} INFO - [2025-09-25T16:13:23.180+0000] {dagbag.py:536} INFO - Filling up the DagBag from /home/airflow/.local/lib/python3.8/site-packages/airflow/example_dags/tutorial_taskflow_api.py
[2025-09-25T16:13:23.189+0000] {processor.py:839} INFO - DAG(s) dict_keys(['tutorial_taskflow_api']) retrieved from /home/airflow/.local/lib/python3.8/site-packages/airflow/example_dags/tutorial_taskflow_api.py
[2025-09-25T16:13:23.226+0000] {logging_mixin.py:154} INFO - [2025-09-25T16:13:23.226+0000] {dag.py:2941} INFO - Sync 1 DAGs
[2025-09-25T16:13:23.249+0000] {logging_mixin.py:154} INFO - [2025-09-25T16:13:23.249+0000] {dag.py:3722} INFO - Setting next_dagrun for tutorial_taskflow_api to None, run_after=None
[2025-09-25T16:13:23.281+0000] {processor.py:179} INFO - Processing /home/airflow/.local/lib/python3.8/site-packages/airflow/example_dags/tutorial_taskflow_api.py took 0.112 seconds
[2025-09-25T16:13:54.187+0000] {processor.py:157} INFO - Started process (PID=429) to work on /home/airflow/.local/lib/python3.8/site-packages/airflow/example_dags/tutorial_taskflow_api.py
[2025-09-25T16:13:54.189+0000] {processor.py:829} INFO - Processing file /home/airflow/.local/lib/python3.8/site-packages/airflow/example_dags/tutorial_taskflow_api.py for tasks to queue
[2025-09-25T16:13:54.193+0000] {logging_mixin.py:154} INFO - [2025-09-25T16:13:54.193+0000] {dagbag.py:536} INFO - Filling up the DagBag from /home/airflow/.local/lib/python3.8/site-packages/airflow/example_dags/tutorial_taskflow_api.py
[2025-09-25T16:13:54.202+0000] {processor.py:839} INFO - DAG(s) dict_keys(['tutorial_taskflow_api']) retrieved from /home/airflow/.local/lib/python3.8/site-packages/airflow/example_dags/tutorial_taskflow_api.py
[2025-09-25T16:13:54.232+0000] {logging_mixin.py:154} INFO - [2025-09-25T16:13:54.232+0000] {dag.py:2941} INFO - Sync 1 DAGs
[2025-09-25T16:13:54.250+0000] {logging_mixin.py:154} INFO - [2025-09-25T16:13:54.250+0000] {dag.py:3722} INFO - Setting next_dagrun for tutorial_taskflow_api to None, run_after=None
[2025-09-25T16:13:54.277+0000] {processor.py:179} INFO - Processing /home/airflow/.local/lib/python3.8/site-packages/airflow/example_dags/tutorial_taskflow_api.py took 0.097 seconds
[2025-09-25T16:14:24.366+0000] {processor.py:157} INFO - Started process (PID=483) to work on /home/airflow/.local/lib/python3.8/site-packages/airflow/example_dags/tutorial_taskflow_api.py
[2025-09-25T16:14:24.368+0000] {processor.py:829} INFO - Processing file /home/airflow/.local/lib/python3.8/site-packages/airflow/example_dags/tutorial_taskflow_api.py for tasks to queue
[2025-09-25T16:14:24.373+0000] {logging_mixin.py:154} INFO - [2025-09-25T16:14:24.372+0000] {dagbag.py:536} INFO - Filling up the DagBag from /home/airflow/.local/lib/python3.8/site-packages/airflow/example_dags/tutorial_taskflow_api.py
[2025-09-25T16:14:24.386+0000] {processor.py:839} INFO - DAG(s) dict_keys(['tutorial_taskflow_api']) retrieved from /home/airflow/.local/lib/python3.8/site-packages/airflow/example_dags/tutorial_taskflow_api.py
[2025-09-25T16:14:24.428+0000] {logging_mixin.py:154} INFO - [2025-09-25T16:14:24.427+0000] {dag.py:2941} INFO - Sync 1 DAGs
[2025-09-25T16:14:24.452+0000] {logging_mixin.py:154} INFO - [2025-09-25T16:14:24.452+0000] {dag.py:3722} INFO - Setting next_dagrun for tutorial_taskflow_api to None, run_after=None
[2025-09-25T16:14:24.490+0000] {processor.py:179} INFO - Processing /home/airflow/.local/lib/python3.8/site-packages/airflow/example_dags/tutorial_taskflow_api.py took 0.130 seconds
[2025-09-25T16:14:55.265+0000] {processor.py:157} INFO - Started process (PID=537) to work on /home/airflow/.local/lib/python3.8/site-packages/airflow/example_dags/tutorial_taskflow_api.py
[2025-09-25T16:14:55.267+0000] {processor.py:829} INFO - Processing file /home/airflow/.local/lib/python3.8/site-packages/airflow/example_dags/tutorial_taskflow_api.py for tasks to queue
[2025-09-25T16:14:55.271+0000] {logging_mixin.py:154} INFO - [2025-09-25T16:14:55.271+0000] {dagbag.py:536} INFO - Filling up the DagBag from /home/airflow/.local/lib/python3.8/site-packages/airflow/example_dags/tutorial_taskflow_api.py
[2025-09-25T16:14:55.280+0000] {processor.py:839} INFO - DAG(s) dict_keys(['tutorial_taskflow_api']) retrieved from /home/airflow/.local/lib/python3.8/site-packages/airflow/example_dags/tutorial_taskflow_api.py
[2025-09-25T16:14:55.305+0000] {logging_mixin.py:154} INFO - [2025-09-25T16:14:55.304+0000] {dag.py:2941} INFO - Sync 1 DAGs
[2025-09-25T16:14:55.320+0000] {logging_mixin.py:154} INFO - [2025-09-25T16:14:55.320+0000] {dag.py:3722} INFO - Setting next_dagrun for tutorial_taskflow_api to None, run_after=None
[2025-09-25T16:14:55.348+0000] {processor.py:179} INFO - Processing /home/airflow/.local/lib/python3.8/site-packages/airflow/example_dags/tutorial_taskflow_api.py took 0.087 seconds
[2025-09-25T16:15:25.958+0000] {processor.py:157} INFO - Started process (PID=591) to work on /home/airflow/.local/lib/python3.8/site-packages/airflow/example_dags/tutorial_taskflow_api.py
[2025-09-25T16:15:25.960+0000] {processor.py:829} INFO - Processing file /home/airflow/.local/lib/python3.8/site-packages/airflow/example_dags/tutorial_taskflow_api.py for tasks to queue
[2025-09-25T16:15:25.963+0000] {logging_mixin.py:154} INFO - [2025-09-25T16:15:25.963+0000] {dagbag.py:536} INFO - Filling up the DagBag from /home/airflow/.local/lib/python3.8/site-packages/airflow/example_dags/tutorial_taskflow_api.py
[2025-09-25T16:15:25.971+0000] {processor.py:839} INFO - DAG(s) dict_keys(['tutorial_taskflow_api']) retrieved from /home/airflow/.local/lib/python3.8/site-packages/airflow/example_dags/tutorial_taskflow_api.py
[2025-09-25T16:15:26.000+0000] {logging_mixin.py:154} INFO - [2025-09-25T16:15:26.000+0000] {dag.py:2941} INFO - Sync 1 DAGs
[2025-09-25T16:15:26.015+0000] {logging_mixin.py:154} INFO - [2025-09-25T16:15:26.014+0000] {dag.py:3722} INFO - Setting next_dagrun for tutorial_taskflow_api to None, run_after=None
[2025-09-25T16:15:26.042+0000] {processor.py:179} INFO - Processing /home/airflow/.local/lib/python3.8/site-packages/airflow/example_dags/tutorial_taskflow_api.py took 0.089 seconds
[2025-09-25T16:15:56.280+0000] {processor.py:157} INFO - Started process (PID=645) to work on /home/airflow/.local/lib/python3.8/site-packages/airflow/example_dags/tutorial_taskflow_api.py
[2025-09-25T16:15:56.282+0000] {processor.py:829} INFO - Processing file /home/airflow/.local/lib/python3.8/site-packages/airflow/example_dags/tutorial_taskflow_api.py for tasks to queue
[2025-09-25T16:15:56.286+0000] {logging_mixin.py:154} INFO - [2025-09-25T16:15:56.285+0000] {dagbag.py:536} INFO - Filling up the DagBag from /home/airflow/.local/lib/python3.8/site-packages/airflow/example_dags/tutorial_taskflow_api.py
[2025-09-25T16:15:56.293+0000] {processor.py:839} INFO - DAG(s) dict_keys(['tutorial_taskflow_api']) retrieved from /home/airflow/.local/lib/python3.8/site-packages/airflow/example_dags/tutorial_taskflow_api.py
[2025-09-25T16:15:56.318+0000] {logging_mixin.py:154} INFO - [2025-09-25T16:15:56.318+0000] {dag.py:2941} INFO - Sync 1 DAGs
[2025-09-25T16:15:56.337+0000] {logging_mixin.py:154} INFO - [2025-09-25T16:15:56.337+0000] {dag.py:3722} INFO - Setting next_dagrun for tutorial_taskflow_api to None, run_after=None
[2025-09-25T16:15:56.363+0000] {processor.py:179} INFO - Processing /home/airflow/.local/lib/python3.8/site-packages/airflow/example_dags/tutorial_taskflow_api.py took 0.087 seconds
[2025-09-25T16:16:26.443+0000] {processor.py:157} INFO - Started process (PID=699) to work on /home/airflow/.local/lib/python3.8/site-packages/airflow/example_dags/tutorial_taskflow_api.py
[2025-09-25T16:16:26.445+0000] {processor.py:829} INFO - Processing file /home/airflow/.local/lib/python3.8/site-packages/airflow/example_dags/tutorial_taskflow_api.py for tasks to queue
[2025-09-25T16:16:26.450+0000] {logging_mixin.py:154} INFO - [2025-09-25T16:16:26.449+0000] {dagbag.py:536} INFO - Filling up the DagBag from /home/airflow/.local/lib/python3.8/site-packages/airflow/example_dags/tutorial_taskflow_api.py
[2025-09-25T16:16:26.458+0000] {processor.py:839} INFO - DAG(s) dict_keys(['tutorial_taskflow_api']) retrieved from /home/airflow/.local/lib/python3.8/site-packages/airflow/example_dags/tutorial_taskflow_api.py
[2025-09-25T16:16:26.496+0000] {logging_mixin.py:154} INFO - [2025-09-25T16:16:26.495+0000] {dag.py:2941} INFO - Sync 1 DAGs
[2025-09-25T16:16:26.518+0000] {logging_mixin.py:154} INFO - [2025-09-25T16:16:26.518+0000] {dag.py:3722} INFO - Setting next_dagrun for tutorial_taskflow_api to None, run_after=None
[2025-09-25T16:16:26.557+0000] {processor.py:179} INFO - Processing /home/airflow/.local/lib/python3.8/site-packages/airflow/example_dags/tutorial_taskflow_api.py took 0.119 seconds
[2025-09-25T16:16:56.808+0000] {processor.py:157} INFO - Started process (PID=753) to work on /home/airflow/.local/lib/python3.8/site-packages/airflow/example_dags/tutorial_taskflow_api.py
[2025-09-25T16:16:56.810+0000] {processor.py:829} INFO - Processing file /home/airflow/.local/lib/python3.8/site-packages/airflow/example_dags/tutorial_taskflow_api.py for tasks to queue
[2025-09-25T16:16:56.815+0000] {logging_mixin.py:154} INFO - [2025-09-25T16:16:56.814+0000] {dagbag.py:536} INFO - Filling up the DagBag from /home/airflow/.local/lib/python3.8/site-packages/airflow/example_dags/tutorial_taskflow_api.py
[2025-09-25T16:16:56.823+0000] {processor.py:839} INFO - DAG(s) dict_keys(['tutorial_taskflow_api']) retrieved from /home/airflow/.local/lib/python3.8/site-packages/airflow/example_dags/tutorial_taskflow_api.py
[2025-09-25T16:16:56.849+0000] {logging_mixin.py:154} INFO - [2025-09-25T16:16:56.849+0000] {dag.py:2941} INFO - Sync 1 DAGs
[2025-09-25T16:16:56.866+0000] {logging_mixin.py:154} INFO - [2025-09-25T16:16:56.866+0000] {dag.py:3722} INFO - Setting next_dagrun for tutorial_taskflow_api to None, run_after=None
[2025-09-25T16:16:56.900+0000] {processor.py:179} INFO - Processing /home/airflow/.local/lib/python3.8/site-packages/airflow/example_dags/tutorial_taskflow_api.py took 0.097 seconds
[2025-09-25T16:17:27.744+0000] {processor.py:157} INFO - Started process (PID=807) to work on /home/airflow/.local/lib/python3.8/site-packages/airflow/example_dags/tutorial_taskflow_api.py
[2025-09-25T16:17:27.747+0000] {processor.py:829} INFO - Processing file /home/airflow/.local/lib/python3.8/site-packages/airflow/example_dags/tutorial_taskflow_api.py for tasks to queue
[2025-09-25T16:17:27.767+0000] {logging_mixin.py:154} INFO - [2025-09-25T16:17:27.767+0000] {dagbag.py:536} INFO - Filling up the DagBag from /home/airflow/.local/lib/python3.8/site-packages/airflow/example_dags/tutorial_taskflow_api.py
[2025-09-25T16:17:27.799+0000] {processor.py:839} INFO - DAG(s) dict_keys(['tutorial_taskflow_api']) retrieved from /home/airflow/.local/lib/python3.8/site-packages/airflow/example_dags/tutorial_taskflow_api.py
[2025-09-25T16:17:27.894+0000] {logging_mixin.py:154} INFO - [2025-09-25T16:17:27.894+0000] {dag.py:2941} INFO - Sync 1 DAGs
[2025-09-25T16:17:27.941+0000] {logging_mixin.py:154} INFO - [2025-09-25T16:17:27.941+0000] {dag.py:3722} INFO - Setting next_dagrun for tutorial_taskflow_api to None, run_after=None
[2025-09-25T16:17:27.990+0000] {processor.py:179} INFO - Processing /home/airflow/.local/lib/python3.8/site-packages/airflow/example_dags/tutorial_taskflow_api.py took 0.265 seconds
[2025-09-25T16:17:58.609+0000] {processor.py:157} INFO - Started process (PID=861) to work on /home/airflow/.local/lib/python3.8/site-packages/airflow/example_dags/tutorial_taskflow_api.py
[2025-09-25T16:17:58.610+0000] {processor.py:829} INFO - Processing file /home/airflow/.local/lib/python3.8/site-packages/airflow/example_dags/tutorial_taskflow_api.py for tasks to queue
[2025-09-25T16:17:58.615+0000] {logging_mixin.py:154} INFO - [2025-09-25T16:17:58.614+0000] {dagbag.py:536} INFO - Filling up the DagBag from /home/airflow/.local/lib/python3.8/site-packages/airflow/example_dags/tutorial_taskflow_api.py
[2025-09-25T16:17:58.624+0000] {processor.py:839} INFO - DAG(s) dict_keys(['tutorial_taskflow_api']) retrieved from /home/airflow/.local/lib/python3.8/site-packages/airflow/example_dags/tutorial_taskflow_api.py
[2025-09-25T16:17:58.656+0000] {logging_mixin.py:154} INFO - [2025-09-25T16:17:58.656+0000] {dag.py:2941} INFO - Sync 1 DAGs
[2025-09-25T16:17:58.671+0000] {logging_mixin.py:154} INFO - [2025-09-25T16:17:58.671+0000] {dag.py:3722} INFO - Setting next_dagrun for tutorial_taskflow_api to None, run_after=None
[2025-09-25T16:17:58.708+0000] {processor.py:179} INFO - Processing /home/airflow/.local/lib/python3.8/site-packages/airflow/example_dags/tutorial_taskflow_api.py took 0.104 seconds
