[2025-09-25T16:10:47.747+0000] {processor.py:157} INFO - Started process (PID=100) to work on /home/airflow/.local/lib/python3.8/site-packages/airflow/example_dags/tutorial.py
[2025-09-25T16:10:47.754+0000] {processor.py:829} INFO - Processing file /home/airflow/.local/lib/python3.8/site-packages/airflow/example_dags/tutorial.py for tasks to queue
[2025-09-25T16:10:47.768+0000] {logging_mixin.py:154} INFO - [2025-09-25T16:10:47.762+0000] {dagbag.py:536} INFO - Filling up the DagBag from /home/airflow/.local/lib/python3.8/site-packages/airflow/example_dags/tutorial.py
[2025-09-25T16:10:47.821+0000] {processor.py:839} INFO - DAG(s) dict_keys(['tutorial']) retrieved from /home/airflow/.local/lib/python3.8/site-packages/airflow/example_dags/tutorial.py
[2025-09-25T16:10:48.040+0000] {logging_mixin.py:154} INFO - [2025-09-25T16:10:48.039+0000] {dag.py:2941} INFO - Sync 1 DAGs
[2025-09-25T16:10:48.149+0000] {logging_mixin.py:154} INFO - [2025-09-25T16:10:48.149+0000] {dag.py:3722} INFO - Setting next_dagrun for tutorial to 2025-09-24T16:10:48.148683+00:00, run_after=2025-09-25T16:10:48.148683+00:00
[2025-09-25T16:10:48.251+0000] {processor.py:179} INFO - Processing /home/airflow/.local/lib/python3.8/site-packages/airflow/example_dags/tutorial.py took 0.534 seconds
[2025-09-25T16:11:18.471+0000] {processor.py:157} INFO - Started process (PID=154) to work on /home/airflow/.local/lib/python3.8/site-packages/airflow/example_dags/tutorial.py
[2025-09-25T16:11:18.473+0000] {processor.py:829} INFO - Processing file /home/airflow/.local/lib/python3.8/site-packages/airflow/example_dags/tutorial.py for tasks to queue
[2025-09-25T16:11:18.478+0000] {logging_mixin.py:154} INFO - [2025-09-25T16:11:18.477+0000] {dagbag.py:536} INFO - Filling up the DagBag from /home/airflow/.local/lib/python3.8/site-packages/airflow/example_dags/tutorial.py
[2025-09-25T16:11:18.487+0000] {processor.py:839} INFO - DAG(s) dict_keys(['tutorial']) retrieved from /home/airflow/.local/lib/python3.8/site-packages/airflow/example_dags/tutorial.py
[2025-09-25T16:11:18.520+0000] {logging_mixin.py:154} INFO - [2025-09-25T16:11:18.520+0000] {dag.py:2941} INFO - Sync 1 DAGs
[2025-09-25T16:11:18.551+0000] {logging_mixin.py:154} INFO - [2025-09-25T16:11:18.551+0000] {dag.py:3722} INFO - Setting next_dagrun for tutorial to 2025-09-24T16:11:18.551101+00:00, run_after=2025-09-25T16:11:18.551101+00:00
[2025-09-25T16:11:18.585+0000] {processor.py:179} INFO - Processing /home/airflow/.local/lib/python3.8/site-packages/airflow/example_dags/tutorial.py took 0.119 seconds
[2025-09-25T16:11:48.639+0000] {processor.py:157} INFO - Started process (PID=208) to work on /home/airflow/.local/lib/python3.8/site-packages/airflow/example_dags/tutorial.py
[2025-09-25T16:11:48.641+0000] {processor.py:829} INFO - Processing file /home/airflow/.local/lib/python3.8/site-packages/airflow/example_dags/tutorial.py for tasks to queue
[2025-09-25T16:11:48.645+0000] {logging_mixin.py:154} INFO - [2025-09-25T16:11:48.644+0000] {dagbag.py:536} INFO - Filling up the DagBag from /home/airflow/.local/lib/python3.8/site-packages/airflow/example_dags/tutorial.py
[2025-09-25T16:11:48.653+0000] {processor.py:839} INFO - DAG(s) dict_keys(['tutorial']) retrieved from /home/airflow/.local/lib/python3.8/site-packages/airflow/example_dags/tutorial.py
[2025-09-25T16:11:48.685+0000] {logging_mixin.py:154} INFO - [2025-09-25T16:11:48.685+0000] {dag.py:2941} INFO - Sync 1 DAGs
[2025-09-25T16:11:48.716+0000] {logging_mixin.py:154} INFO - [2025-09-25T16:11:48.716+0000] {dag.py:3722} INFO - Setting next_dagrun for tutorial to 2025-09-24T16:11:48.715942+00:00, run_after=2025-09-25T16:11:48.715942+00:00
[2025-09-25T16:11:48.747+0000] {processor.py:179} INFO - Processing /home/airflow/.local/lib/python3.8/site-packages/airflow/example_dags/tutorial.py took 0.113 seconds
[2025-09-25T16:12:19.301+0000] {processor.py:157} INFO - Started process (PID=262) to work on /home/airflow/.local/lib/python3.8/site-packages/airflow/example_dags/tutorial.py
[2025-09-25T16:12:19.303+0000] {processor.py:829} INFO - Processing file /home/airflow/.local/lib/python3.8/site-packages/airflow/example_dags/tutorial.py for tasks to queue
[2025-09-25T16:12:19.307+0000] {logging_mixin.py:154} INFO - [2025-09-25T16:12:19.307+0000] {dagbag.py:536} INFO - Filling up the DagBag from /home/airflow/.local/lib/python3.8/site-packages/airflow/example_dags/tutorial.py
[2025-09-25T16:12:19.317+0000] {processor.py:839} INFO - DAG(s) dict_keys(['tutorial']) retrieved from /home/airflow/.local/lib/python3.8/site-packages/airflow/example_dags/tutorial.py
[2025-09-25T16:12:19.345+0000] {logging_mixin.py:154} INFO - [2025-09-25T16:12:19.345+0000] {dag.py:2941} INFO - Sync 1 DAGs
[2025-09-25T16:12:19.373+0000] {logging_mixin.py:154} INFO - [2025-09-25T16:12:19.372+0000] {dag.py:3722} INFO - Setting next_dagrun for tutorial to 2025-09-24T16:12:19.372324+00:00, run_after=2025-09-25T16:12:19.372324+00:00
[2025-09-25T16:12:19.418+0000] {processor.py:179} INFO - Processing /home/airflow/.local/lib/python3.8/site-packages/airflow/example_dags/tutorial.py took 0.132 seconds
[2025-09-25T16:12:50.266+0000] {processor.py:157} INFO - Started process (PID=316) to work on /home/airflow/.local/lib/python3.8/site-packages/airflow/example_dags/tutorial.py
[2025-09-25T16:12:50.268+0000] {processor.py:829} INFO - Processing file /home/airflow/.local/lib/python3.8/site-packages/airflow/example_dags/tutorial.py for tasks to queue
[2025-09-25T16:12:50.272+0000] {logging_mixin.py:154} INFO - [2025-09-25T16:12:50.271+0000] {dagbag.py:536} INFO - Filling up the DagBag from /home/airflow/.local/lib/python3.8/site-packages/airflow/example_dags/tutorial.py
[2025-09-25T16:12:50.281+0000] {processor.py:839} INFO - DAG(s) dict_keys(['tutorial']) retrieved from /home/airflow/.local/lib/python3.8/site-packages/airflow/example_dags/tutorial.py
[2025-09-25T16:12:50.310+0000] {logging_mixin.py:154} INFO - [2025-09-25T16:12:50.310+0000] {dag.py:2941} INFO - Sync 1 DAGs
[2025-09-25T16:12:50.337+0000] {logging_mixin.py:154} INFO - [2025-09-25T16:12:50.336+0000] {dag.py:3722} INFO - Setting next_dagrun for tutorial to 2025-09-24T16:12:50.336374+00:00, run_after=2025-09-25T16:12:50.336374+00:00
[2025-09-25T16:12:50.365+0000] {processor.py:179} INFO - Processing /home/airflow/.local/lib/python3.8/site-packages/airflow/example_dags/tutorial.py took 0.104 seconds
[2025-09-25T16:13:20.528+0000] {processor.py:157} INFO - Started process (PID=370) to work on /home/airflow/.local/lib/python3.8/site-packages/airflow/example_dags/tutorial.py
[2025-09-25T16:13:20.530+0000] {processor.py:829} INFO - Processing file /home/airflow/.local/lib/python3.8/site-packages/airflow/example_dags/tutorial.py for tasks to queue
[2025-09-25T16:13:20.533+0000] {logging_mixin.py:154} INFO - [2025-09-25T16:13:20.533+0000] {dagbag.py:536} INFO - Filling up the DagBag from /home/airflow/.local/lib/python3.8/site-packages/airflow/example_dags/tutorial.py
[2025-09-25T16:13:20.541+0000] {processor.py:839} INFO - DAG(s) dict_keys(['tutorial']) retrieved from /home/airflow/.local/lib/python3.8/site-packages/airflow/example_dags/tutorial.py
[2025-09-25T16:13:20.573+0000] {logging_mixin.py:154} INFO - [2025-09-25T16:13:20.573+0000] {dag.py:2941} INFO - Sync 1 DAGs
[2025-09-25T16:13:20.604+0000] {logging_mixin.py:154} INFO - [2025-09-25T16:13:20.604+0000] {dag.py:3722} INFO - Setting next_dagrun for tutorial to 2025-09-24T16:13:20.604150+00:00, run_after=2025-09-25T16:13:20.604150+00:00
[2025-09-25T16:13:20.639+0000] {processor.py:179} INFO - Processing /home/airflow/.local/lib/python3.8/site-packages/airflow/example_dags/tutorial.py took 0.116 seconds
[2025-09-25T16:13:51.698+0000] {processor.py:157} INFO - Started process (PID=424) to work on /home/airflow/.local/lib/python3.8/site-packages/airflow/example_dags/tutorial.py
[2025-09-25T16:13:51.700+0000] {processor.py:829} INFO - Processing file /home/airflow/.local/lib/python3.8/site-packages/airflow/example_dags/tutorial.py for tasks to queue
[2025-09-25T16:13:51.705+0000] {logging_mixin.py:154} INFO - [2025-09-25T16:13:51.704+0000] {dagbag.py:536} INFO - Filling up the DagBag from /home/airflow/.local/lib/python3.8/site-packages/airflow/example_dags/tutorial.py
[2025-09-25T16:13:51.716+0000] {processor.py:839} INFO - DAG(s) dict_keys(['tutorial']) retrieved from /home/airflow/.local/lib/python3.8/site-packages/airflow/example_dags/tutorial.py
[2025-09-25T16:13:51.754+0000] {logging_mixin.py:154} INFO - [2025-09-25T16:13:51.753+0000] {dag.py:2941} INFO - Sync 1 DAGs
[2025-09-25T16:13:51.789+0000] {logging_mixin.py:154} INFO - [2025-09-25T16:13:51.789+0000] {dag.py:3722} INFO - Setting next_dagrun for tutorial to 2025-09-24T16:13:51.789117+00:00, run_after=2025-09-25T16:13:51.789117+00:00
[2025-09-25T16:13:51.818+0000] {processor.py:179} INFO - Processing /home/airflow/.local/lib/python3.8/site-packages/airflow/example_dags/tutorial.py took 0.126 seconds
[2025-09-25T16:14:21.905+0000] {processor.py:157} INFO - Started process (PID=478) to work on /home/airflow/.local/lib/python3.8/site-packages/airflow/example_dags/tutorial.py
[2025-09-25T16:14:21.906+0000] {processor.py:829} INFO - Processing file /home/airflow/.local/lib/python3.8/site-packages/airflow/example_dags/tutorial.py for tasks to queue
[2025-09-25T16:14:21.909+0000] {logging_mixin.py:154} INFO - [2025-09-25T16:14:21.909+0000] {dagbag.py:536} INFO - Filling up the DagBag from /home/airflow/.local/lib/python3.8/site-packages/airflow/example_dags/tutorial.py
[2025-09-25T16:14:21.917+0000] {processor.py:839} INFO - DAG(s) dict_keys(['tutorial']) retrieved from /home/airflow/.local/lib/python3.8/site-packages/airflow/example_dags/tutorial.py
[2025-09-25T16:14:21.948+0000] {logging_mixin.py:154} INFO - [2025-09-25T16:14:21.947+0000] {dag.py:2941} INFO - Sync 1 DAGs
[2025-09-25T16:14:21.978+0000] {logging_mixin.py:154} INFO - [2025-09-25T16:14:21.978+0000] {dag.py:3722} INFO - Setting next_dagrun for tutorial to 2025-09-24T16:14:21.977619+00:00, run_after=2025-09-25T16:14:21.977619+00:00
[2025-09-25T16:14:22.008+0000] {processor.py:179} INFO - Processing /home/airflow/.local/lib/python3.8/site-packages/airflow/example_dags/tutorial.py took 0.108 seconds
[2025-09-25T16:14:52.917+0000] {processor.py:157} INFO - Started process (PID=532) to work on /home/airflow/.local/lib/python3.8/site-packages/airflow/example_dags/tutorial.py
[2025-09-25T16:14:52.919+0000] {processor.py:829} INFO - Processing file /home/airflow/.local/lib/python3.8/site-packages/airflow/example_dags/tutorial.py for tasks to queue
[2025-09-25T16:14:52.925+0000] {logging_mixin.py:154} INFO - [2025-09-25T16:14:52.924+0000] {dagbag.py:536} INFO - Filling up the DagBag from /home/airflow/.local/lib/python3.8/site-packages/airflow/example_dags/tutorial.py
[2025-09-25T16:14:52.935+0000] {processor.py:839} INFO - DAG(s) dict_keys(['tutorial']) retrieved from /home/airflow/.local/lib/python3.8/site-packages/airflow/example_dags/tutorial.py
[2025-09-25T16:14:52.961+0000] {logging_mixin.py:154} INFO - [2025-09-25T16:14:52.961+0000] {dag.py:2941} INFO - Sync 1 DAGs
[2025-09-25T16:14:52.988+0000] {logging_mixin.py:154} INFO - [2025-09-25T16:14:52.987+0000] {dag.py:3722} INFO - Setting next_dagrun for tutorial to 2025-09-24T16:14:52.987597+00:00, run_after=2025-09-25T16:14:52.987597+00:00
[2025-09-25T16:14:53.012+0000] {processor.py:179} INFO - Processing /home/airflow/.local/lib/python3.8/site-packages/airflow/example_dags/tutorial.py took 0.102 seconds
[2025-09-25T16:15:23.583+0000] {processor.py:157} INFO - Started process (PID=586) to work on /home/airflow/.local/lib/python3.8/site-packages/airflow/example_dags/tutorial.py
[2025-09-25T16:15:23.586+0000] {processor.py:829} INFO - Processing file /home/airflow/.local/lib/python3.8/site-packages/airflow/example_dags/tutorial.py for tasks to queue
[2025-09-25T16:15:23.590+0000] {logging_mixin.py:154} INFO - [2025-09-25T16:15:23.589+0000] {dagbag.py:536} INFO - Filling up the DagBag from /home/airflow/.local/lib/python3.8/site-packages/airflow/example_dags/tutorial.py
[2025-09-25T16:15:23.599+0000] {processor.py:839} INFO - DAG(s) dict_keys(['tutorial']) retrieved from /home/airflow/.local/lib/python3.8/site-packages/airflow/example_dags/tutorial.py
[2025-09-25T16:15:23.627+0000] {logging_mixin.py:154} INFO - [2025-09-25T16:15:23.627+0000] {dag.py:2941} INFO - Sync 1 DAGs
[2025-09-25T16:15:23.655+0000] {logging_mixin.py:154} INFO - [2025-09-25T16:15:23.654+0000] {dag.py:3722} INFO - Setting next_dagrun for tutorial to 2025-09-24T16:15:23.654601+00:00, run_after=2025-09-25T16:15:23.654601+00:00
[2025-09-25T16:15:23.681+0000] {processor.py:179} INFO - Processing /home/airflow/.local/lib/python3.8/site-packages/airflow/example_dags/tutorial.py took 0.102 seconds
[2025-09-25T16:15:53.793+0000] {processor.py:157} INFO - Started process (PID=640) to work on /home/airflow/.local/lib/python3.8/site-packages/airflow/example_dags/tutorial.py
[2025-09-25T16:15:53.794+0000] {processor.py:829} INFO - Processing file /home/airflow/.local/lib/python3.8/site-packages/airflow/example_dags/tutorial.py for tasks to queue
[2025-09-25T16:15:53.798+0000] {logging_mixin.py:154} INFO - [2025-09-25T16:15:53.797+0000] {dagbag.py:536} INFO - Filling up the DagBag from /home/airflow/.local/lib/python3.8/site-packages/airflow/example_dags/tutorial.py
[2025-09-25T16:15:53.805+0000] {processor.py:839} INFO - DAG(s) dict_keys(['tutorial']) retrieved from /home/airflow/.local/lib/python3.8/site-packages/airflow/example_dags/tutorial.py
[2025-09-25T16:15:53.837+0000] {logging_mixin.py:154} INFO - [2025-09-25T16:15:53.837+0000] {dag.py:2941} INFO - Sync 1 DAGs
[2025-09-25T16:15:53.866+0000] {logging_mixin.py:154} INFO - [2025-09-25T16:15:53.866+0000] {dag.py:3722} INFO - Setting next_dagrun for tutorial to 2025-09-24T16:15:53.866158+00:00, run_after=2025-09-25T16:15:53.866158+00:00
[2025-09-25T16:15:53.894+0000] {processor.py:179} INFO - Processing /home/airflow/.local/lib/python3.8/site-packages/airflow/example_dags/tutorial.py took 0.105 seconds
[2025-09-25T16:16:23.999+0000] {processor.py:157} INFO - Started process (PID=693) to work on /home/airflow/.local/lib/python3.8/site-packages/airflow/example_dags/tutorial.py
[2025-09-25T16:16:24.001+0000] {processor.py:829} INFO - Processing file /home/airflow/.local/lib/python3.8/site-packages/airflow/example_dags/tutorial.py for tasks to queue
[2025-09-25T16:16:24.005+0000] {logging_mixin.py:154} INFO - [2025-09-25T16:16:24.004+0000] {dagbag.py:536} INFO - Filling up the DagBag from /home/airflow/.local/lib/python3.8/site-packages/airflow/example_dags/tutorial.py
[2025-09-25T16:16:24.013+0000] {processor.py:839} INFO - DAG(s) dict_keys(['tutorial']) retrieved from /home/airflow/.local/lib/python3.8/site-packages/airflow/example_dags/tutorial.py
[2025-09-25T16:16:24.048+0000] {logging_mixin.py:154} INFO - [2025-09-25T16:16:24.048+0000] {dag.py:2941} INFO - Sync 1 DAGs
[2025-09-25T16:16:24.079+0000] {logging_mixin.py:154} INFO - [2025-09-25T16:16:24.079+0000] {dag.py:3722} INFO - Setting next_dagrun for tutorial to 2025-09-24T16:16:24.079242+00:00, run_after=2025-09-25T16:16:24.079242+00:00
[2025-09-25T16:16:24.107+0000] {processor.py:179} INFO - Processing /home/airflow/.local/lib/python3.8/site-packages/airflow/example_dags/tutorial.py took 0.112 seconds
[2025-09-25T16:16:54.228+0000] {processor.py:157} INFO - Started process (PID=747) to work on /home/airflow/.local/lib/python3.8/site-packages/airflow/example_dags/tutorial.py
[2025-09-25T16:16:54.230+0000] {processor.py:829} INFO - Processing file /home/airflow/.local/lib/python3.8/site-packages/airflow/example_dags/tutorial.py for tasks to queue
[2025-09-25T16:16:54.235+0000] {logging_mixin.py:154} INFO - [2025-09-25T16:16:54.235+0000] {dagbag.py:536} INFO - Filling up the DagBag from /home/airflow/.local/lib/python3.8/site-packages/airflow/example_dags/tutorial.py
[2025-09-25T16:16:54.241+0000] {processor.py:839} INFO - DAG(s) dict_keys(['tutorial']) retrieved from /home/airflow/.local/lib/python3.8/site-packages/airflow/example_dags/tutorial.py
[2025-09-25T16:16:54.269+0000] {logging_mixin.py:154} INFO - [2025-09-25T16:16:54.269+0000] {dag.py:2941} INFO - Sync 1 DAGs
[2025-09-25T16:16:54.296+0000] {logging_mixin.py:154} INFO - [2025-09-25T16:16:54.296+0000] {dag.py:3722} INFO - Setting next_dagrun for tutorial to 2025-09-24T16:16:54.296276+00:00, run_after=2025-09-25T16:16:54.296276+00:00
[2025-09-25T16:16:54.320+0000] {processor.py:179} INFO - Processing /home/airflow/.local/lib/python3.8/site-packages/airflow/example_dags/tutorial.py took 0.101 seconds
[2025-09-25T16:17:25.035+0000] {processor.py:157} INFO - Started process (PID=801) to work on /home/airflow/.local/lib/python3.8/site-packages/airflow/example_dags/tutorial.py
[2025-09-25T16:17:25.037+0000] {processor.py:829} INFO - Processing file /home/airflow/.local/lib/python3.8/site-packages/airflow/example_dags/tutorial.py for tasks to queue
[2025-09-25T16:17:25.041+0000] {logging_mixin.py:154} INFO - [2025-09-25T16:17:25.040+0000] {dagbag.py:536} INFO - Filling up the DagBag from /home/airflow/.local/lib/python3.8/site-packages/airflow/example_dags/tutorial.py
[2025-09-25T16:17:25.051+0000] {processor.py:839} INFO - DAG(s) dict_keys(['tutorial']) retrieved from /home/airflow/.local/lib/python3.8/site-packages/airflow/example_dags/tutorial.py
[2025-09-25T16:17:25.083+0000] {logging_mixin.py:154} INFO - [2025-09-25T16:17:25.083+0000] {dag.py:2941} INFO - Sync 1 DAGs
[2025-09-25T16:17:25.112+0000] {logging_mixin.py:154} INFO - [2025-09-25T16:17:25.112+0000] {dag.py:3722} INFO - Setting next_dagrun for tutorial to 2025-09-24T16:17:25.111766+00:00, run_after=2025-09-25T16:17:25.111766+00:00
[2025-09-25T16:17:25.138+0000] {processor.py:179} INFO - Processing /home/airflow/.local/lib/python3.8/site-packages/airflow/example_dags/tutorial.py took 0.109 seconds
[2025-09-25T16:17:55.886+0000] {processor.py:157} INFO - Started process (PID=855) to work on /home/airflow/.local/lib/python3.8/site-packages/airflow/example_dags/tutorial.py
[2025-09-25T16:17:55.887+0000] {processor.py:829} INFO - Processing file /home/airflow/.local/lib/python3.8/site-packages/airflow/example_dags/tutorial.py for tasks to queue
[2025-09-25T16:17:55.892+0000] {logging_mixin.py:154} INFO - [2025-09-25T16:17:55.891+0000] {dagbag.py:536} INFO - Filling up the DagBag from /home/airflow/.local/lib/python3.8/site-packages/airflow/example_dags/tutorial.py
[2025-09-25T16:17:55.902+0000] {processor.py:839} INFO - DAG(s) dict_keys(['tutorial']) retrieved from /home/airflow/.local/lib/python3.8/site-packages/airflow/example_dags/tutorial.py
[2025-09-25T16:17:55.934+0000] {logging_mixin.py:154} INFO - [2025-09-25T16:17:55.934+0000] {dag.py:2941} INFO - Sync 1 DAGs
[2025-09-25T16:17:55.963+0000] {logging_mixin.py:154} INFO - [2025-09-25T16:17:55.963+0000] {dag.py:3722} INFO - Setting next_dagrun for tutorial to 2025-09-24T16:17:55.963264+00:00, run_after=2025-09-25T16:17:55.963264+00:00
[2025-09-25T16:17:55.987+0000] {processor.py:179} INFO - Processing /home/airflow/.local/lib/python3.8/site-packages/airflow/example_dags/tutorial.py took 0.106 seconds
